18:24:59 **** Incremental Build of configuration Debug for project stm32LORA ****
make -j8 all 
arm-none-eabi-gcc "../Core/Src/main.c" -mcpu=cortex-m4 -std=gnu11 -g3 -DDEBUG -DUSE_HAL_DRIVER -DSTM32L432xx -c -I../Core/Inc -I../Drivers/STM32L4xx_HAL_Driver/Inc -I../Drivers/STM32L4xx_HAL_Driver/Inc/Legacy -I../Drivers/CMSIS/Device/ST/STM32L4xx/Include -I../Drivers/CMSIS/Include -I"C:/Users/salma/OneDrive/Desktop/Capstone/Code/stm32-hal-rfm95-master" -O0 -ffunction-sections -fdata-sections -Wall -fstack-usage -fcyclomatic-complexity -MMD -MP -MF"Core/Src/main.d" -MT"Core/Src/main.o" --specs=nano.specs -mfpu=fpv4-sp-d16 -mfloat-abi=hard -mthumb -o "Core/Src/main.o"
../Core/Src/main.c: In function 'main':
../Core/Src/main.c:95:3: warning: implicit declaration of function 'LoRa_Init' [-Wimplicit-function-declaration]
   95 |   LoRa_Init();
      |   ^~~~~~~~~
../Core/Src/main.c:135:13: warning: implicit declaration of function 'LoRa_SendData' [-Wimplicit-function-declaration]
  135 |             LoRa_SendData(dataToSend, sizeof(dataToSend));
      |             ^~~~~~~~~~~~~
../Core/Src/main.c: At top level:
../Core/Src/main.c:145:6: warning: conflicting types for 'LoRa_Init'; have 'void()'
  145 | void LoRa_Init() {
      |      ^~~~~~~~~
../Core/Src/main.c:95:3: note: previous implicit declaration of 'LoRa_Init' with type 'void()'
   95 |   LoRa_Init();
      |   ^~~~~~~~~
../Core/Src/main.c: In function 'LoRa_Init':
../Core/Src/main.c:27:29: warning: passing argument 2 of 'HAL_SPI_Transmit' makes pointer from integer without a cast [-Wint-conversion]
   27 | #define REG_OP_MODE         0x01
      |                             ^
      |                             |
      |                             int
../Core/Src/main.c:151:36: note: in expansion of macro 'REG_OP_MODE'
  151 |           HAL_SPI_Transmit(&hspi1, REG_OP_MODE | 0x80, 1, HAL_MAX_DELAY);  // Set write command
      |                                    ^~~~~~~~~~~
In file included from ../Core/Inc/stm32l4xx_hal_conf.h:430,
                 from ../Drivers/STM32L4xx_HAL_Driver/Inc/stm32l4xx_hal.h:29,
                 from ../Core/Inc/main.h:30,
                 from ../Core/Src/main.c:20:
../Drivers/STM32L4xx_HAL_Driver/Inc/stm32l4xx_hal_spi.h:792:70: note: expected 'uint8_t *' {aka 'unsigned char *'} but argument is of type 'int'
  792 | HAL_StatusTypeDef HAL_SPI_Transmit(SPI_HandleTypeDef *hspi, uint8_t *pData, uint16_t Size, uint32_t Timeout);
      |                                                             ~~~~~~~~~^~~~~
../Core/Src/main.c:152:36: warning: passing argument 2 of 'HAL_SPI_Transmit' makes pointer from integer without a cast [-Wint-conversion]
  152 |           HAL_SPI_Transmit(&hspi1, 0x80, 1, HAL_MAX_DELAY);  // Set sleep mode
      |                                    ^~~~
      |                                    |
      |                                    int
In file included from ../Core/Inc/stm32l4xx_hal_conf.h:430,
                 from ../Drivers/STM32L4xx_HAL_Driver/Inc/stm32l4xx_hal.h:29,
                 from ../Core/Inc/main.h:30,
                 from ../Core/Src/main.c:20:
../Drivers/STM32L4xx_HAL_Driver/Inc/stm32l4xx_hal_spi.h:792:70: note: expected 'uint8_t *' {aka 'unsigned char *'} but argument is of type 'int'
  792 | HAL_StatusTypeDef HAL_SPI_Transmit(SPI_HandleTypeDef *hspi, uint8_t *pData, uint16_t Size, uint32_t Timeout);
      |                                                             ~~~~~~~~~^~~~~
../Core/Src/main.c:27:29: warning: passing argument 2 of 'HAL_SPI_Transmit' makes pointer from integer without a cast [-Wint-conversion]
   27 | #define REG_OP_MODE         0x01
      |                             ^
      |                             |
      |                             int
../Core/Src/main.c:157:36: note: in expansion of macro 'REG_OP_MODE'
  157 |           HAL_SPI_Transmit(&hspi1, REG_OP_MODE | 0x80, 1, HAL_MAX_DELAY);  // Set write command
      |                                    ^~~~~~~~~~~
In file included from ../Core/Inc/stm32l4xx_hal_conf.h:430,
                 from ../Drivers/STM32L4xx_HAL_Driver/Inc/stm32l4xx_hal.h:29,
                 from ../Core/Inc/main.h:30,
                 from ../Core/Src/main.c:20:
../Drivers/STM32L4xx_HAL_Driver/Inc/stm32l4xx_hal_spi.h:792:70: note: expected 'uint8_t *' {aka 'unsigned char *'} but argument is of type 'int'
  792 | HAL_StatusTypeDef HAL_SPI_Transmit(SPI_HandleTypeDef *hspi, uint8_t *pData, uint16_t Size, uint32_t Timeout);
      |                                                             ~~~~~~~~~^~~~~
../Core/Src/main.c:158:36: warning: passing argument 2 of 'HAL_SPI_Transmit' makes pointer from integer without a cast [-Wint-conversion]
  158 |           HAL_SPI_Transmit(&hspi1, 0x81, 1, HAL_MAX_DELAY);  // Set standby mode
      |                                    ^~~~
      |                                    |
      |                                    int
In file included from ../Core/Inc/stm32l4xx_hal_conf.h:430,
                 from ../Drivers/STM32L4xx_HAL_Driver/Inc/stm32l4xx_hal.h:29,
                 from ../Core/Inc/main.h:30,
                 from ../Core/Src/main.c:20:
../Drivers/STM32L4xx_HAL_Driver/Inc/stm32l4xx_hal_spi.h:792:70: note: expected 'uint8_t *' {aka 'unsigned char *'} but argument is of type 'int'
  792 | HAL_StatusTypeDef HAL_SPI_Transmit(SPI_HandleTypeDef *hspi, uint8_t *pData, uint16_t Size, uint32_t Timeout);
      |                                                             ~~~~~~~~~^~~~~
../Core/Src/main.c:28:29: warning: passing argument 2 of 'HAL_SPI_Transmit' makes pointer from integer without a cast [-Wint-conversion]
   28 | #define REG_FRF_MSB         0x06
      |                             ^
      |                             |
      |                             int
../Core/Src/main.c:166:36: note: in expansion of macro 'REG_FRF_MSB'
  166 |           HAL_SPI_Transmit(&hspi1, REG_FRF_MSB | 0x80, 1, HAL_MAX_DELAY);  // Set write command
      |                                    ^~~~~~~~~~~
In file included from ../Core/Inc/stm32l4xx_hal_conf.h:430,
                 from ../Drivers/STM32L4xx_HAL_Driver/Inc/stm32l4xx_hal.h:29,
                 from ../Core/Inc/main.h:30,
                 from ../Core/Src/main.c:20:
../Drivers/STM32L4xx_HAL_Driver/Inc/stm32l4xx_hal_spi.h:792:70: note: expected 'uint8_t *' {aka 'unsigned char *'} but argument is of type 'int'
  792 | HAL_StatusTypeDef HAL_SPI_Transmit(SPI_HandleTypeDef *hspi, uint8_t *pData, uint16_t Size, uint32_t Timeout);
      |                                                             ~~~~~~~~~^~~~~
../Core/Src/main.c:167:48: warning: passing argument 2 of 'HAL_SPI_Transmit' makes pointer from integer without a cast [-Wint-conversion]
  167 |           HAL_SPI_Transmit(&hspi1, (frf >> 16) & 0xFF, 1, HAL_MAX_DELAY);
      |                                    ~~~~~~~~~~~~^~~~~~
      |                                                |
      |                                                long unsigned int
In file included from ../Core/Inc/stm32l4xx_hal_conf.h:430,
                 from ../Drivers/STM32L4xx_HAL_Driver/Inc/stm32l4xx_hal.h:29,
                 from ../Core/Inc/main.h:30,
                 from ../Core/Src/main.c:20:
../Drivers/STM32L4xx_HAL_Driver/Inc/stm32l4xx_hal_spi.h:792:70: note: expected 'uint8_t *' {aka 'unsigned char *'} but argument is of type 'long unsigned int'
  792 | HAL_StatusTypeDef HAL_SPI_Transmit(SPI_HandleTypeDef *hspi, uint8_t *pData, uint16_t Size, uint32_t Timeout);
      |                                                             ~~~~~~~~~^~~~~
../Core/Src/main.c:168:47: warning: passing argument 2 of 'HAL_SPI_Transmit' makes pointer from integer without a cast [-Wint-conversion]
  168 |           HAL_SPI_Transmit(&hspi1, (frf >> 8) & 0xFF, 1, HAL_MAX_DELAY);
      |                                    ~~~~~~~~~~~^~~~~~
      |                                               |
      |                                               long unsigned int
In file included from ../Core/Inc/stm32l4xx_hal_conf.h:430,
                 from ../Drivers/STM32L4xx_HAL_Driver/Inc/stm32l4xx_hal.h:29,
                 from ../Core/Inc/main.h:30,
                 from ../Core/Src/main.c:20:
../Drivers/STM32L4xx_HAL_Driver/Inc/stm32l4xx_hal_spi.h:792:70: note: expected 'uint8_t *' {aka 'unsigned char *'} but argument is of type 'long unsigned int'
  792 | HAL_StatusTypeDef HAL_SPI_Transmit(SPI_HandleTypeDef *hspi, uint8_t *pData, uint16_t Size, uint32_t Timeout);
      |                                                             ~~~~~~~~~^~~~~
../Core/Src/main.c:169:40: warning: passing argument 2 of 'HAL_SPI_Transmit' makes pointer from integer without a cast [-Wint-conversion]
  169 |           HAL_SPI_Transmit(&hspi1, frf & 0xFF, 1, HAL_MAX_DELAY);
      |                                    ~~~~^~~~~~
      |                                        |
      |                                        long unsigned int
In file included from ../Core/Inc/stm32l4xx_hal_conf.h:430,
                 from ../Drivers/STM32L4xx_HAL_Driver/Inc/stm32l4xx_hal.h:29,
                 from ../Core/Inc/main.h:30,
                 from ../Core/Src/main.c:20:
../Drivers/STM32L4xx_HAL_Driver/Inc/stm32l4xx_hal_spi.h:792:70: note: expected 'uint8_t *' {aka 'unsigned char *'} but argument is of type 'long unsigned int'
  792 | HAL_StatusTypeDef HAL_SPI_Transmit(SPI_HandleTypeDef *hspi, uint8_t *pData, uint16_t Size, uint32_t Timeout);
      |                                                             ~~~~~~~~~^~~~~
../Core/Src/main.c:32:29: warning: passing argument 2 of 'HAL_SPI_Transmit' makes pointer from integer without a cast [-Wint-conversion]
   32 | #define REG_LORA_CONFIG_1   0x1D
      |                             ^
      |                             |
      |                             int
../Core/Src/main.c:174:36: note: in expansion of macro 'REG_LORA_CONFIG_1'
  174 |           HAL_SPI_Transmit(&hspi1, REG_LORA_CONFIG_1 | 0x80, 1, HAL_MAX_DELAY);  // Set write command
      |                                    ^~~~~~~~~~~~~~~~~
In file included from ../Core/Inc/stm32l4xx_hal_conf.h:430,
                 from ../Drivers/STM32L4xx_HAL_Driver/Inc/stm32l4xx_hal.h:29,
                 from ../Core/Inc/main.h:30,
                 from ../Core/Src/main.c:20:
../Drivers/STM32L4xx_HAL_Driver/Inc/stm32l4xx_hal_spi.h:792:70: note: expected 'uint8_t *' {aka 'unsigned char *'} but argument is of type 'int'
  792 | HAL_StatusTypeDef HAL_SPI_Transmit(SPI_HandleTypeDef *hspi, uint8_t *pData, uint16_t Size, uint32_t Timeout);
      |                                                             ~~~~~~~~~^~~~~
../Core/Src/main.c:175:36: warning: passing argument 2 of 'HAL_SPI_Transmit' makes pointer from integer without a cast [-Wint-conversion]
  175 |           HAL_SPI_Transmit(&hspi1, 0x72, 1, HAL_MAX_DELAY);  // SF = 7, BW = 125kHz
      |                                    ^~~~
      |                                    |
      |                                    int
In file included from ../Core/Inc/stm32l4xx_hal_conf.h:430,
                 from ../Drivers/STM32L4xx_HAL_Driver/Inc/stm32l4xx_hal.h:29,
                 from ../Core/Inc/main.h:30,
                 from ../Core/Src/main.c:20:
../Drivers/STM32L4xx_HAL_Driver/Inc/stm32l4xx_hal_spi.h:792:70: note: expected 'uint8_t *' {aka 'unsigned char *'} but argument is of type 'int'
  792 | HAL_StatusTypeDef HAL_SPI_Transmit(SPI_HandleTypeDef *hspi, uint8_t *pData, uint16_t Size, uint32_t Timeout);
      |                                                             ~~~~~~~~~^~~~~
../Core/Src/main.c:31:29: warning: passing argument 2 of 'HAL_SPI_Transmit' makes pointer from integer without a cast [-Wint-conversion]
   31 | #define REG_PA_CONFIG       0x09
      |                             ^
      |                             |
      |                             int
../Core/Src/main.c:180:36: note: in expansion of macro 'REG_PA_CONFIG'
  180 |           HAL_SPI_Transmit(&hspi1, REG_PA_CONFIG | 0x80, 1, HAL_MAX_DELAY);  // Set write command
      |                                    ^~~~~~~~~~~~~
In file included from ../Core/Inc/stm32l4xx_hal_conf.h:430,
                 from ../Drivers/STM32L4xx_HAL_Driver/Inc/stm32l4xx_hal.h:29,
                 from ../Core/Inc/main.h:30,
                 from ../Core/Src/main.c:20:
../Drivers/STM32L4xx_HAL_Driver/Inc/stm32l4xx_hal_spi.h:792:70: note: expected 'uint8_t *' {aka 'unsigned char *'} but argument is of type 'int'
  792 | HAL_StatusTypeDef HAL_SPI_Transmit(SPI_HandleTypeDef *hspi, uint8_t *pData, uint16_t Size, uint32_t Timeout);
      |                                                             ~~~~~~~~~^~~~~
../Core/Src/main.c:181:36: warning: passing argument 2 of 'HAL_SPI_Transmit' makes pointer from integer without a cast [-Wint-conversion]
  181 |           HAL_SPI_Transmit(&hspi1, 0x8F, 1, HAL_MAX_DELAY);  // Set PA max power
      |                                    ^~~~
      |                                    |
      |                                    int
In file included from ../Core/Inc/stm32l4xx_hal_conf.h:430,
                 from ../Drivers/STM32L4xx_HAL_Driver/Inc/stm32l4xx_hal.h:29,
                 from ../Core/Inc/main.h:30,
                 from ../Core/Src/main.c:20:
../Drivers/STM32L4xx_HAL_Driver/Inc/stm32l4xx_hal_spi.h:792:70: note: expected 'uint8_t *' {aka 'unsigned char *'} but argument is of type 'int'
  792 | HAL_StatusTypeDef HAL_SPI_Transmit(SPI_HandleTypeDef *hspi, uint8_t *pData, uint16_t Size, uint32_t Timeout);
      |                                                             ~~~~~~~~~^~~~~
../Core/Src/main.c: At top level:
../Core/Src/main.c:188:6: warning: conflicting types for 'LoRa_SendData'; have 'void(uint8_t *, uint16_t)' {aka 'void(unsigned char *, short unsigned int)'}
  188 | void LoRa_SendData(uint8_t *data, uint16_t size) {
      |      ^~~~~~~~~~~~~
../Core/Src/main.c:135:13: note: previous implicit declaration of 'LoRa_SendData' with type 'void(uint8_t *, uint16_t)' {aka 'void(unsigned char *, short unsigned int)'}
  135 |             LoRa_SendData(dataToSend, sizeof(dataToSend));
      |             ^~~~~~~~~~~~~
../Core/Src/main.c: In function 'LoRa_SendData':
../Core/Src/main.c:27:29: warning: passing argument 2 of 'HAL_SPI_Transmit' makes pointer from integer without a cast [-Wint-conversion]
   27 | #define REG_OP_MODE         0x01
      |                             ^
      |                             |
      |                             int
../Core/Src/main.c:195:36: note: in expansion of macro 'REG_OP_MODE'
  195 |           HAL_SPI_Transmit(&hspi1, REG_OP_MODE | 0x80, 1, HAL_MAX_DELAY);  // Set write command
      |                                    ^~~~~~~~~~~
In file included from ../Core/Inc/stm32l4xx_hal_conf.h:430,
                 from ../Drivers/STM32L4xx_HAL_Driver/Inc/stm32l4xx_hal.h:29,
                 from ../Core/Inc/main.h:30,
                 from ../Core/Src/main.c:20:
../Drivers/STM32L4xx_HAL_Driver/Inc/stm32l4xx_hal_spi.h:792:70: note: expected 'uint8_t *' {aka 'unsigned char *'} but argument is of type 'int'
  792 | HAL_StatusTypeDef HAL_SPI_Transmit(SPI_HandleTypeDef *hspi, uint8_t *pData, uint16_t Size, uint32_t Timeout);
      |                                                             ~~~~~~~~~^~~~~
../Core/Src/main.c:196:36: warning: passing argument 2 of 'HAL_SPI_Transmit' makes pointer from integer without a cast [-Wint-conversion]
  196 |           HAL_SPI_Transmit(&hspi1, 0x81, 1, HAL_MAX_DELAY);  // Set standby mode
      |                                    ^~~~
      |                                    |
      |                                    int
In file included from ../Core/Inc/stm32l4xx_hal_conf.h:430,
                 from ../Drivers/STM32L4xx_HAL_Driver/Inc/stm32l4xx_hal.h:29,
                 from ../Core/Inc/main.h:30,
                 from ../Core/Src/main.c:20:
../Drivers/STM32L4xx_HAL_Driver/Inc/stm32l4xx_hal_spi.h:792:70: note: expected 'uint8_t *' {aka 'unsigned char *'} but argument is of type 'int'
  792 | HAL_StatusTypeDef HAL_SPI_Transmit(SPI_HandleTypeDef *hspi, uint8_t *pData, uint16_t Size, uint32_t Timeout);
      |                                                             ~~~~~~~~~^~~~~
../Core/Src/main.c:33:29: warning: passing argument 2 of 'HAL_SPI_Transmit' makes pointer from integer without a cast [-Wint-conversion]
   33 | #define REG_FIFO_ADDR_PTR   0x0D
      |                             ^
      |                             |
      |                             int
../Core/Src/main.c:201:36: note: in expansion of macro 'REG_FIFO_ADDR_PTR'
  201 |           HAL_SPI_Transmit(&hspi1, REG_FIFO_ADDR_PTR | 0x80, 1, HAL_MAX_DELAY);  // Set write command
      |                                    ^~~~~~~~~~~~~~~~~
In file included from ../Core/Inc/stm32l4xx_hal_conf.h:430,
                 from ../Drivers/STM32L4xx_HAL_Driver/Inc/stm32l4xx_hal.h:29,
                 from ../Core/Inc/main.h:30,
                 from ../Core/Src/main.c:20:
../Drivers/STM32L4xx_HAL_Driver/Inc/stm32l4xx_hal_spi.h:792:70: note: expected 'uint8_t *' {aka 'unsigned char *'} but argument is of type 'int'
  792 | HAL_StatusTypeDef HAL_SPI_Transmit(SPI_HandleTypeDef *hspi, uint8_t *pData, uint16_t Size, uint32_t Timeout);
      |                                                             ~~~~~~~~~^~~~~
../Core/Src/main.c:202:36: warning: passing argument 2 of 'HAL_SPI_Transmit' makes pointer from integer without a cast [-Wint-conversion]
  202 |           HAL_SPI_Transmit(&hspi1, 0x80, 1, HAL_MAX_DELAY);  // Set FIFO address pointer to 0
      |                                    ^~~~
      |                                    |
      |                                    int
In file included from ../Core/Inc/stm32l4xx_hal_conf.h:430,
                 from ../Drivers/STM32L4xx_HAL_Driver/Inc/stm32l4xx_hal.h:29,
                 from ../Core/Inc/main.h:30,
                 from ../Core/Src/main.c:20:
../Drivers/STM32L4xx_HAL_Driver/Inc/stm32l4xx_hal_spi.h:792:70: note: expected 'uint8_t *' {aka 'unsigned char *'} but argument is of type 'int'
  792 | HAL_StatusTypeDef HAL_SPI_Transmit(SPI_HandleTypeDef *hspi, uint8_t *pData, uint16_t Size, uint32_t Timeout);
      |                                                             ~~~~~~~~~^~~~~
../Core/Src/main.c:26:29: warning: passing argument 2 of 'HAL_SPI_Transmit' makes pointer from integer without a cast [-Wint-conversion]
   26 | #define REG_FIFO            0x00
      |                             ^
      |                             |
      |                             int
../Core/Src/main.c:207:36: note: in expansion of macro 'REG_FIFO'
  207 |           HAL_SPI_Transmit(&hspi1, REG_FIFO | 0x80, 1, HAL_MAX_DELAY);  // Set write command
      |                                    ^~~~~~~~
In file included from ../Core/Inc/stm32l4xx_hal_conf.h:430,
                 from ../Drivers/STM32L4xx_HAL_Driver/Inc/stm32l4xx_hal.h:29,
                 from ../Core/Inc/main.h:30,
                 from ../Core/Src/main.c:20:
../Drivers/STM32L4xx_HAL_Driver/Inc/stm32l4xx_hal_spi.h:792:70: note: expected 'uint8_t *' {aka 'unsigned char *'} but argument is of type 'int'
  792 | HAL_StatusTypeDef HAL_SPI_Transmit(SPI_HandleTypeDef *hspi, uint8_t *pData, uint16_t Size, uint32_t Timeout);
      |                                                             ~~~~~~~~~^~~~~
../Core/Src/main.c:210:42: warning: passing argument 2 of 'HAL_SPI_Transmit' makes pointer from integer without a cast [-Wint-conversion]
  210 |             HAL_SPI_Transmit(&hspi1, data[i], 1, HAL_MAX_DELAY);
      |                                      ~~~~^~~
      |                                          |
      |                                          uint8_t {aka unsigned char}
In file included from ../Core/Inc/stm32l4xx_hal_conf.h:430,
                 from ../Drivers/STM32L4xx_HAL_Driver/Inc/stm32l4xx_hal.h:29,
                 from ../Core/Inc/main.h:30,
                 from ../Core/Src/main.c:20:
../Drivers/STM32L4xx_HAL_Driver/Inc/stm32l4xx_hal_spi.h:792:70: note: expected 'uint8_t *' {aka 'unsigned char *'} but argument is of type 'uint8_t' {aka 'unsigned char'}
  792 | HAL_StatusTypeDef HAL_SPI_Transmit(SPI_HandleTypeDef *hspi, uint8_t *pData, uint16_t Size, uint32_t Timeout);
      |                                                             ~~~~~~~~~^~~~~
../Core/Src/main.c:215:13: warning: implicit declaration of function 'USART2_SendString' [-Wimplicit-function-declaration]
  215 |             USART2_SendString(hex);
      |             ^~~~~~~~~~~~~~~~~
../Core/Src/main.c:27:29: warning: passing argument 2 of 'HAL_SPI_Transmit' makes pointer from integer without a cast [-Wint-conversion]
   27 | #define REG_OP_MODE         0x01
      |                             ^
      |                             |
      |                             int
../Core/Src/main.c:225:36: note: in expansion of macro 'REG_OP_MODE'
  225 |           HAL_SPI_Transmit(&hspi1, REG_OP_MODE | 0x80, 1, HAL_MAX_DELAY);  // Set write command
      |                                    ^~~~~~~~~~~
In file included from ../Core/Inc/stm32l4xx_hal_conf.h:430,
                 from ../Drivers/STM32L4xx_HAL_Driver/Inc/stm32l4xx_hal.h:29,
                 from ../Core/Inc/main.h:30,
                 from ../Core/Src/main.c:20:
../Drivers/STM32L4xx_HAL_Driver/Inc/stm32l4xx_hal_spi.h:792:70: note: expected 'uint8_t *' {aka 'unsigned char *'} but argument is of type 'int'
  792 | HAL_StatusTypeDef HAL_SPI_Transmit(SPI_HandleTypeDef *hspi, uint8_t *pData, uint16_t Size, uint32_t Timeout);
      |                                                             ~~~~~~~~~^~~~~
../Core/Src/main.c:226:36: warning: passing argument 2 of 'HAL_SPI_Transmit' makes pointer from integer without a cast [-Wint-conversion]
  226 |           HAL_SPI_Transmit(&hspi1, 0x83, 1, HAL_MAX_DELAY);  // Set transmit mode
      |                                    ^~~~
      |                                    |
      |                                    int
In file included from ../Core/Inc/stm32l4xx_hal_conf.h:430,
                 from ../Drivers/STM32L4xx_HAL_Driver/Inc/stm32l4xx_hal.h:29,
                 from ../Core/Inc/main.h:30,
                 from ../Core/Src/main.c:20:
../Drivers/STM32L4xx_HAL_Driver/Inc/stm32l4xx_hal_spi.h:792:70: note: expected 'uint8_t *' {aka 'unsigned char *'} but argument is of type 'int'
  792 | HAL_StatusTypeDef HAL_SPI_Transmit(SPI_HandleTypeDef *hspi, uint8_t *pData, uint16_t Size, uint32_t Timeout);
      |                                                             ~~~~~~~~~^~~~~
../Core/Src/main.c: At top level:
../Core/Src/main.c:236:6: warning: conflicting types for 'USART2_SendString'; have 'void(char *)'
  236 | void USART2_SendString(char *str) {
      |      ^~~~~~~~~~~~~~~~~
../Core/Src/main.c:215:13: note: previous implicit declaration of 'USART2_SendString' with type 'void(char *)'
  215 |             USART2_SendString(hex);
      |             ^~~~~~~~~~~~~~~~~
arm-none-eabi-gcc -o "stm32LORA.elf" @"objects.list"   -mcpu=cortex-m4 -T"C:\Users\salma\OneDrive\Desktop\Capstone\Code\LORA\STM32L432KCUX_FLASH.ld" --specs=nosys.specs -Wl,-Map="stm32LORA.map" -Wl,--gc-sections -static --specs=nano.specs -mfpu=fpv4-sp-d16 -mfloat-abi=hard -mthumb -Wl,--start-group -lc -lm -Wl,--end-group
Finished building target: stm32LORA.elf
 
arm-none-eabi-size  stm32LORA.elf 
arm-none-eabi-objdump -h -S stm32LORA.elf  > "stm32LORA.list"
   text	   data	    bss	    dec	    hex	filename
  16768	    100	   2084	  18952	   4a08	stm32LORA.elf
Finished building: default.size.stdout
 
Finished building: stm32LORA.list
 

18:25:01 Build Finished. 0 errors, 26 warnings. (took 1s.249ms)

