2024-01-23 22:32:09,166 [INFO] Activator:176 - 


2024-01-23 22:32:09,169 [INFO] Activator:177 - !SESSION log4j initialized
2024-01-23 22:32:13,422 [INFO] LogOutputStream:77 - [STDOUT_REDIRECT] 
2024-01-23 22:32:33,155 [INFO] ApplicationProperties:184 - Using Application install path: C:\ST\STM32CubeIDE_1.14.0\STM32CubeIDE\plugins\com.st.stm32cube.common.mx_6.10.0.202311202037
2024-01-23 22:32:33,187 [INFO] DbMcusXml:78 - Set database path to: C:\ST\STM32CubeIDE_1.14.0\STM32CubeIDE\plugins\com.st.stm32cube.common.mx_6.10.0.202311202037\\db\/mcu/
2024-01-23 22:32:33,188 [INFO] ApiDb:274 - Set plugin database path to: C:\ST\STM32CubeIDE_1.14.0\STM32CubeIDE\plugins\com.st.stm32cube.common.mx_6.10.0.202311202037\\db\/plugins/boardmanager/
2024-01-23 22:32:33,189 [WARN] ApiDb:259 - Overriding images path with different value:  => C:\ST\STM32CubeIDE_1.14.0\STM32CubeIDE\plugins\com.st.stm32cube.common.mx_6.10.0.202311202037\\db\/plugins/mcufinder/images/
2024-01-23 22:32:33,200 [INFO] ApiDb:250 - Set database path to: C:\Users\salma\.stmcufinder\plugins\mcufinder//mcu/
2024-01-23 22:32:33,202 [INFO] DbMcusAds:125 - Set database path to: C:\Users\salma\.stmcufinder\plugins\mcufinder//mcu/
2024-01-23 22:32:33,313 [INFO] CrossReferenceDbSqlite:203 - Set database path to: C:\Users\salma\.stmcufinder\plugins\mcufinder//mcu/cs/
2024-01-23 22:32:33,511 [INFO] RulesReader:64 - Compatibility file has been processed (297 Rules)
2024-01-23 22:32:33,658 [INFO] DbMcusXml:78 - Set database path to: C:\ST\STM32CubeIDE_1.14.0\STM32CubeIDE\plugins\com.st.stm32cube.common.mx_6.10.0.202311202037\\db\/mcu/
2024-01-23 22:32:33,658 [INFO] ApiDb:274 - Set plugin database path to: C:\ST\STM32CubeIDE_1.14.0\STM32CubeIDE\plugins\com.st.stm32cube.common.mx_6.10.0.202311202037\\db\/plugins/boardmanager/
2024-01-23 22:32:33,658 [INFO] ApiDb:261 - Set plugin images path to: C:\ST\STM32CubeIDE_1.14.0\STM32CubeIDE\plugins\com.st.stm32cube.common.mx_6.10.0.202311202037\\db\/plugins/mcufinder/images/
2024-01-23 22:32:33,659 [WARN] DbFile:41 - Overriding database path with different value: C:\Users\salma\.stmcufinder\plugins\mcufinder/ => C:\Users\salma\.stmcufinder\plugins\mcufinder
2024-01-23 22:32:33,659 [INFO] ApiDb:250 - Set database path to: C:\Users\salma\.stmcufinder\plugins\mcufinder//mcu/
2024-01-23 22:32:33,659 [WARN] DbFile:41 - Overriding database path with different value: C:\Users\salma\.stmcufinder\plugins\mcufinder/ => C:\Users\salma\.stmcufinder\plugins\mcufinder
2024-01-23 22:32:33,659 [INFO] DbMcusAds:125 - Set database path to: C:\Users\salma\.stmcufinder\plugins\mcufinder//mcu/
2024-01-23 22:32:33,659 [WARN] DbFile:41 - Overriding database path with different value: C:\Users\salma\.stmcufinder\plugins\mcufinder/ => C:\Users\salma\.stmcufinder\plugins\mcufinder
2024-01-23 22:32:33,660 [WARN] DbFile:41 - Overriding database path with different value: C:\Users\salma\.stmcufinder\plugins\mcufinder/ => C:\Users\salma\.stmcufinder\plugins\mcufinder
2024-01-23 22:32:33,660 [INFO] CrossReferenceDbSqlite:203 - Set database path to: C:\Users\salma\.stmcufinder\plugins\mcufinder//mcu/cs/
2024-01-23 22:32:33,791 [INFO] MainPanel:264 - HeapMemory: 268435456
2024-01-23 22:32:33,948 [INFO] DbMcusXml:78 - Set database path to: C:\ST\STM32CubeIDE_1.14.0\STM32CubeIDE\plugins\com.st.stm32cube.common.mx_6.10.0.202311202037\\db\/mcu/
2024-01-23 22:32:33,948 [INFO] ApiDb:274 - Set plugin database path to: C:\ST\STM32CubeIDE_1.14.0\STM32CubeIDE\plugins\com.st.stm32cube.common.mx_6.10.0.202311202037\\db\/plugins/boardmanager/
2024-01-23 22:32:33,948 [INFO] ApiDb:261 - Set plugin images path to: C:\ST\STM32CubeIDE_1.14.0\STM32CubeIDE\plugins\com.st.stm32cube.common.mx_6.10.0.202311202037\\db\/plugins/mcufinder/images/
2024-01-23 22:32:33,948 [WARN] DbFile:41 - Overriding database path with different value: C:\Users\salma\.stmcufinder\plugins\mcufinder/ => C:\Users\salma\.stmcufinder\plugins\mcufinder
2024-01-23 22:32:33,949 [INFO] ApiDb:250 - Set database path to: C:\Users\salma\.stmcufinder\plugins\mcufinder//mcu/
2024-01-23 22:32:33,949 [WARN] DbFile:41 - Overriding database path with different value: C:\Users\salma\.stmcufinder\plugins\mcufinder/ => C:\Users\salma\.stmcufinder\plugins\mcufinder
2024-01-23 22:32:33,949 [INFO] DbMcusAds:125 - Set database path to: C:\Users\salma\.stmcufinder\plugins\mcufinder//mcu/
2024-01-23 22:32:33,949 [WARN] DbFile:41 - Overriding database path with different value: C:\Users\salma\.stmcufinder\plugins\mcufinder/ => C:\Users\salma\.stmcufinder\plugins\mcufinder
2024-01-23 22:32:33,949 [WARN] DbFile:41 - Overriding database path with different value: C:\Users\salma\.stmcufinder\plugins\mcufinder/ => C:\Users\salma\.stmcufinder\plugins\mcufinder
2024-01-23 22:32:33,949 [INFO] CrossReferenceDbSqlite:203 - Set database path to: C:\Users\salma\.stmcufinder\plugins\mcufinder//mcu/cs/
2024-01-23 22:32:33,978 [INFO] ApplicationProperties:184 - Using Application install path: C:\ST\STM32CubeIDE_1.14.0\STM32CubeIDE\plugins\com.st.stm32cube.common.mx_6.10.0.202311202037
2024-01-23 22:32:33,982 [INFO] PluginManage:196 - Search for loadable plugins [exclusion list=, ]
2024-01-23 22:32:33,984 [INFO] PluginManage:310 - Check plugin analytics
2024-01-23 22:32:34,419 [INFO] AnalyticsPlugin:253 - Accepted Software Licenses: 
2024-01-23 22:32:34,419 [INFO] AnalyticsPlugin:255 - Accepted CMSIS Pack Licenses: 
2024-01-23 22:32:34,420 [INFO] AnalyticsPlugin:257 - Accepted Firmware Licenses: FW.L4.1.18.0
2024-01-23 22:32:34,425 [INFO] PluginManage:359 - Loaded plugin analytics (category:tool,tabindex:-1)
2024-01-23 22:32:34,426 [INFO] PluginManage:310 - Check plugin cadmodel
2024-01-23 22:32:34,435 [INFO] CADModel:105 - Init CAD model plugin
2024-01-23 22:32:34,435 [INFO] PluginManage:359 - Loaded plugin cadmodel (category:power,tabindex:5)
2024-01-23 22:32:34,435 [INFO] PluginManage:310 - Check plugin clock
2024-01-23 22:32:34,456 [INFO] PluginManage:359 - Loaded plugin clock (category:base,tabindex:2)
2024-01-23 22:32:34,456 [INFO] PluginManage:310 - Check plugin ddr
2024-01-23 22:32:34,460 [INFO] PluginManage:359 - Loaded plugin ddr (category:tool,tabindex:6)
2024-01-23 22:32:34,460 [INFO] PluginManage:310 - Check plugin filemanager
2024-01-23 22:32:34,689 [INFO] PluginManage:359 - Loaded plugin filemanager (category:base,tabindex:10)
2024-01-23 22:32:34,689 [INFO] PluginManage:310 - Check plugin ipmanager
2024-01-23 22:32:34,701 [INFO] PluginManage:359 - Loaded plugin ipmanager (category:base,tabindex:5)
2024-01-23 22:32:34,701 [INFO] PluginManage:310 - Check plugin lpbam
2024-01-23 22:32:34,713 [INFO] PluginManage:359 - Loaded plugin lpbam (category:base,tabindex:0)
2024-01-23 22:32:34,714 [INFO] PluginManage:310 - Check plugin memorymap
2024-01-23 22:32:34,739 [INFO] PluginManage:359 - Loaded plugin memorymap (category:base,tabindex:4)
2024-01-23 22:32:34,739 [INFO] PluginManage:310 - Check plugin pinoutandconfiguration
2024-01-23 22:32:34,750 [INFO] PluginManage:359 - Loaded plugin pinoutandconfiguration (category:base,tabindex:1)
2024-01-23 22:32:34,750 [INFO] PluginManage:310 - Check plugin pinoutconfig
2024-01-23 22:32:34,936 [WARN] SupportedApi:132 - Cannot load RTOS API schema: s4s-elt-must-match.1: The content of 'definitions' must match (annotation?, (simpleType | complexType)?, (unique | key | keyref)*)). A problem was found starting at: attribute.
2024-01-23 22:32:35,174 [INFO] PluginManage:359 - Loaded plugin pinoutconfig (category:base,tabindex:0)
2024-01-23 22:32:35,174 [INFO] PluginManage:310 - Check plugin power
2024-01-23 22:32:35,191 [INFO] PluginManage:359 - Loaded plugin power (category:power,tabindex:4)
2024-01-23 22:32:35,191 [INFO] PluginManage:310 - Check plugin projectmanager
2024-01-23 22:32:35,217 [INFO] PluginManage:359 - Loaded plugin projectmanager (category:projectmanager,tabindex:3)
2024-01-23 22:32:35,217 [INFO] PluginManage:310 - Check plugin thirdparty
2024-01-23 22:32:35,450 [INFO] PluginManage:359 - Loaded plugin thirdparty (category:base,tabindex:-1)
2024-01-23 22:32:35,450 [INFO] PluginManage:310 - Check plugin tools
2024-01-23 22:32:35,450 [WARN] IntegrityCheckThread:84 - waiting for thirdparty lock release [integrity check]
2024-01-23 22:32:35,452 [INFO] IntegrityCheckThread:86 - entering critical section [integrity check]
2024-01-23 22:32:35,453 [INFO] ThirdPartyUpdaterWithRetryManager:70 - Updater plugin not ready yet. [1/15]
2024-01-23 22:32:35,456 [INFO] PluginManage:359 - Loaded plugin tools (category:base,tabindex:7)
2024-01-23 22:32:35,457 [INFO] PluginManage:310 - Check plugin tutovideos
2024-01-23 22:32:35,746 [INFO] PluginManage:359 - Loaded plugin tutovideos (category:base,tabindex:-1)
2024-01-23 22:32:35,747 [INFO] PluginManage:310 - Check plugin updater
2024-01-23 22:32:35,764 [INFO] PluginManage:359 - Loaded plugin updater (category:base,tabindex:12)
2024-01-23 22:32:35,764 [INFO] PluginManage:310 - Check plugin userauth
2024-01-23 22:32:35,774 [INFO] UserAuth:114 - Init User Auth plugin
2024-01-23 22:32:35,774 [INFO] PluginManage:359 - Loaded plugin userauth (category:base,tabindex:14)
2024-01-23 22:32:35,775 [INFO] PluginManage:283 - PluginManage : Loaded plugins [17]
2024-01-23 22:32:36,130 [INFO] PinOutPanel:1499 - setPackage(No Configuration,No Configuration)
2024-01-23 22:32:36,248 [INFO] CADModel:165 - CPN selected for project level
2024-01-23 22:32:36,248 [INFO] CADModel:114 - Register for checkConnection events
2024-01-23 22:32:36,280 [INFO] IPUIPlugin:80 - create IPUIPlugin
2024-01-23 22:32:36,280 [INFO] PluginManager:220 - loadIPPluginJar : add adc
2024-01-23 22:32:36,286 [INFO] IPUIPlugin:80 - create IPUIPlugin
2024-01-23 22:32:36,286 [INFO] PluginManager:220 - loadIPPluginJar : add aes
2024-01-23 22:32:36,292 [INFO] IPUIPlugin:80 - create IPUIPlugin
2024-01-23 22:32:36,292 [INFO] PluginManager:220 - loadIPPluginJar : add can
2024-01-23 22:32:36,295 [INFO] IPUIPlugin:80 - create IPUIPlugin
2024-01-23 22:32:36,296 [INFO] PluginManager:220 - loadIPPluginJar : add comp
2024-01-23 22:32:36,302 [INFO] IPUIPlugin:80 - create IPUIPlugin
2024-01-23 22:32:36,303 [INFO] PluginManager:220 - loadIPPluginJar : add cryp
2024-01-23 22:32:36,309 [INFO] IPUIPlugin:80 - create IPUIPlugin
2024-01-23 22:32:36,310 [INFO] PluginManager:220 - loadIPPluginJar : add dfsdm
2024-01-23 22:32:36,321 [INFO] IPUIPlugin:80 - create IPUIPlugin
2024-01-23 22:32:36,322 [INFO] PluginManager:220 - loadIPPluginJar : add dma
2024-01-23 22:32:36,327 [INFO] IPUIPlugin:80 - create IPUIPlugin
2024-01-23 22:32:36,328 [INFO] PluginManager:220 - loadIPPluginJar : add dma3
2024-01-23 22:32:36,331 [INFO] IPUIPlugin:80 - create IPUIPlugin
2024-01-23 22:32:36,331 [INFO] PluginManager:220 - loadIPPluginJar : add fatfs
2024-01-23 22:32:36,341 [INFO] IPUIPlugin:80 - create IPUIPlugin
2024-01-23 22:32:36,341 [INFO] PluginManager:220 - loadIPPluginJar : add fmc
2024-01-23 22:32:36,350 [INFO] IPUIPlugin:80 - create IPUIPlugin
2024-01-23 22:32:36,350 [INFO] PluginManager:220 - loadIPPluginJar : add freertos
2024-01-23 22:32:36,353 [INFO] IPUIPlugin:80 - create IPUIPlugin
2024-01-23 22:32:36,353 [INFO] PluginManager:220 - loadIPPluginJar : add genericplugin
2024-01-23 22:32:36,357 [INFO] IPUIPlugin:80 - create IPUIPlugin
2024-01-23 22:32:36,358 [INFO] PluginManager:220 - loadIPPluginJar : add gfxmmu
2024-01-23 22:32:36,366 [INFO] IPUIPlugin:80 - create IPUIPlugin
2024-01-23 22:32:36,367 [INFO] PluginManager:220 - loadIPPluginJar : add gic
2024-01-23 22:32:36,373 [INFO] IPUIPlugin:80 - create IPUIPlugin
2024-01-23 22:32:36,373 [INFO] PluginManager:220 - loadIPPluginJar : add gpio
2024-01-23 22:32:36,380 [INFO] IPUIPlugin:80 - create IPUIPlugin
2024-01-23 22:32:36,381 [INFO] PluginManager:220 - loadIPPluginJar : add gtzc
2024-01-23 22:32:36,385 [INFO] IPUIPlugin:80 - create IPUIPlugin
2024-01-23 22:32:36,385 [INFO] PluginManager:220 - loadIPPluginJar : add hash
2024-01-23 22:32:36,390 [INFO] IPUIPlugin:80 - create IPUIPlugin
2024-01-23 22:32:36,390 [INFO] PluginManager:220 - loadIPPluginJar : add i2c
2024-01-23 22:32:36,394 [INFO] IPUIPlugin:80 - create IPUIPlugin
2024-01-23 22:32:36,394 [INFO] PluginManager:220 - loadIPPluginJar : add i2s
2024-01-23 22:32:36,399 [INFO] IPUIPlugin:80 - create IPUIPlugin
2024-01-23 22:32:36,400 [INFO] PluginManager:220 - loadIPPluginJar : add i3c
2024-01-23 22:32:36,407 [INFO] IPUIPlugin:80 - create IPUIPlugin
2024-01-23 22:32:36,407 [INFO] PluginManager:220 - loadIPPluginJar : add ipddr
2024-01-23 22:32:36,420 [INFO] IPUIPlugin:80 - create IPUIPlugin
2024-01-23 22:32:36,420 [INFO] PluginManager:220 - loadIPPluginJar : add linkedlist
2024-01-23 22:32:36,425 [INFO] IPUIPlugin:80 - create IPUIPlugin
2024-01-23 22:32:36,426 [INFO] PluginManager:220 - loadIPPluginJar : add lorawan
2024-01-23 22:32:36,428 [INFO] IPUIPlugin:80 - create IPUIPlugin
2024-01-23 22:32:36,429 [INFO] PluginManager:220 - loadIPPluginJar : add ltdc
2024-01-23 22:32:36,438 [INFO] IPUIPlugin:80 - create IPUIPlugin
2024-01-23 22:32:36,438 [INFO] PluginManager:220 - loadIPPluginJar : add mdma
2024-01-23 22:32:36,446 [INFO] IPUIPlugin:80 - create IPUIPlugin
2024-01-23 22:32:36,447 [INFO] PluginManager:220 - loadIPPluginJar : add nvic
2024-01-23 22:32:36,454 [INFO] IPUIPlugin:80 - create IPUIPlugin
2024-01-23 22:32:36,454 [INFO] PluginManager:220 - loadIPPluginJar : add opamp
2024-01-23 22:32:36,462 [INFO] IPUIPlugin:80 - create IPUIPlugin
2024-01-23 22:32:36,462 [INFO] PluginManager:220 - loadIPPluginJar : add openamp
2024-01-23 22:32:36,469 [INFO] IPUIPlugin:80 - create IPUIPlugin
2024-01-23 22:32:36,470 [INFO] PluginManager:220 - loadIPPluginJar : add pdm2pcm
2024-01-23 22:32:36,485 [INFO] IPUIPlugin:80 - create IPUIPlugin
2024-01-23 22:32:36,490 [INFO] PluginManager:220 - loadIPPluginJar : add plateformsettings
2024-01-23 22:32:36,492 [INFO] IPUIPlugin:80 - create IPUIPlugin
2024-01-23 22:32:36,492 [INFO] PluginManager:220 - loadIPPluginJar : add quadspi
2024-01-23 22:32:36,500 [INFO] IPUIPlugin:80 - create IPUIPlugin
2024-01-23 22:32:36,500 [INFO] PluginManager:220 - loadIPPluginJar : add resmgrutility
2024-01-23 22:32:36,505 [INFO] IPUIPlugin:80 - create IPUIPlugin
2024-01-23 22:32:36,505 [INFO] PluginManager:220 - loadIPPluginJar : add sai
2024-01-23 22:32:36,511 [INFO] IPUIPlugin:80 - create IPUIPlugin
2024-01-23 22:32:36,511 [INFO] PluginManager:220 - loadIPPluginJar : add spi
2024-01-23 22:32:36,520 [INFO] IPUIPlugin:80 - create IPUIPlugin
2024-01-23 22:32:36,521 [INFO] PluginManager:220 - loadIPPluginJar : add stm32_wpan
2024-01-23 22:32:36,524 [INFO] IPUIPlugin:80 - create IPUIPlugin
2024-01-23 22:32:36,524 [INFO] PluginManager:220 - loadIPPluginJar : add tim
2024-01-23 22:32:36,531 [INFO] IPUIPlugin:80 - create IPUIPlugin
2024-01-23 22:32:36,531 [INFO] PluginManager:220 - loadIPPluginJar : add touchsensing
2024-01-23 22:32:36,534 [INFO] IPUIPlugin:80 - create IPUIPlugin
2024-01-23 22:32:36,534 [INFO] PluginManager:220 - loadIPPluginJar : add tracer_emb
2024-01-23 22:32:36,538 [INFO] IPUIPlugin:80 - create IPUIPlugin
2024-01-23 22:32:36,539 [INFO] PluginManager:220 - loadIPPluginJar : add ts
2024-01-23 22:32:36,544 [INFO] IPUIPlugin:80 - create IPUIPlugin
2024-01-23 22:32:36,544 [INFO] PluginManager:220 - loadIPPluginJar : add tsc
2024-01-23 22:32:36,551 [INFO] IPUIPlugin:80 - create IPUIPlugin
2024-01-23 22:32:36,552 [INFO] PluginManager:220 - loadIPPluginJar : add ucpd
2024-01-23 22:32:36,559 [INFO] IPUIPlugin:80 - create IPUIPlugin
2024-01-23 22:32:36,559 [INFO] PluginManager:220 - loadIPPluginJar : add usart
2024-01-23 22:32:36,567 [INFO] IPUIPlugin:80 - create IPUIPlugin
2024-01-23 22:32:36,567 [INFO] PluginManager:220 - loadIPPluginJar : add usbx
2024-01-23 22:32:36,783 [INFO] CADModel:165 - CPN selected for project level
2024-01-23 22:32:36,783 [INFO] CADModel:114 - Register for checkConnection events
2024-01-23 22:32:36,783 [FATAL] Updater:308 - Updater called before beeing initialized
2024-01-23 22:32:36,783 [ERROR] CADModel:125 - Updater not yet initialized, retry later 
2024-01-23 22:32:37,197 [INFO] CADModel:165 - CPN selected for project level
2024-01-23 22:32:37,197 [INFO] CADModel:114 - Register for checkConnection events
2024-01-23 22:32:37,197 [FATAL] Updater:308 - Updater called before beeing initialized
2024-01-23 22:32:37,198 [ERROR] CADModel:125 - Updater not yet initialized, retry later 
2024-01-23 22:32:37,205 [FATAL] Updater:308 - Updater called before beeing initialized
2024-01-23 22:32:37,545 [FATAL] Updater:308 - Updater called before beeing initialized
2024-01-23 22:32:37,556 [INFO] DbMcusAds:53 - JSON generation date=Wed Nov 29 04:52:27 CST 2023 (1701255147200)
2024-01-23 22:32:37,557 [FATAL] Updater:308 - Updater called before beeing initialized
2024-01-23 22:32:37,650 [WARN] DetailPanel:346 - Failed to get advertising image, set to default
2024-01-23 22:32:37,908 [FATAL] Updater:308 - Updater called before beeing initialized
2024-01-23 22:32:37,915 [FATAL] Updater:308 - Updater called before beeing initialized
2024-01-23 22:32:37,916 [FATAL] Updater:308 - Updater called before beeing initialized
2024-01-23 22:32:37,916 [WARN] DetailPanel:346 - Failed to get advertising image, set to default
2024-01-23 22:32:37,918 [FATAL] Updater:308 - Updater called before beeing initialized
2024-01-23 22:32:38,081 [ERROR] Updater:1120 - MainUpdater not yet initialized. External WinMGr cannot be set.
