2024-02-16 02:46:39,536 [ERROR] ConfigurationRetriever:142 - IOException on connection: Read timed out
2024-02-16 02:46:45,310 [ERROR] LogOutputStream:75 - [STDERR_REDIRECT] 
2024-02-16 02:46:45,312 [ERROR] LogOutputStream:75 - [STDERR_REDIRECT] 
2024-02-16 08:38:46,538 [INFO] Activator:176 - 


2024-02-16 08:38:46,541 [INFO] Activator:177 - !SESSION log4j initialized
2024-02-16 08:38:57,388 [INFO] LogOutputStream:77 - [STDOUT_REDIRECT] 
2024-02-16 08:39:01,332 [INFO] ApplicationProperties:184 - Using Application install path: C:\ST\STM32CubeIDE_1.14.0\STM32CubeIDE\plugins\com.st.stm32cube.common.mx_6.10.0.202311202037
2024-02-16 08:39:01,367 [INFO] DbMcusXml:78 - Set database path to: C:\ST\STM32CubeIDE_1.14.0\STM32CubeIDE\plugins\com.st.stm32cube.common.mx_6.10.0.202311202037\\db\/mcu/
2024-02-16 08:39:01,368 [INFO] ApiDb:274 - Set plugin database path to: C:\ST\STM32CubeIDE_1.14.0\STM32CubeIDE\plugins\com.st.stm32cube.common.mx_6.10.0.202311202037\\db\/plugins/boardmanager/
2024-02-16 08:39:01,368 [WARN] ApiDb:259 - Overriding images path with different value:  => C:\ST\STM32CubeIDE_1.14.0\STM32CubeIDE\plugins\com.st.stm32cube.common.mx_6.10.0.202311202037\\db\/plugins/mcufinder/images/
2024-02-16 08:39:01,382 [INFO] ApiDb:250 - Set database path to: C:\Users\salma\.stmcufinder\plugins\mcufinder//mcu/
2024-02-16 08:39:01,384 [INFO] DbMcusAds:125 - Set database path to: C:\Users\salma\.stmcufinder\plugins\mcufinder//mcu/
2024-02-16 08:39:01,387 [INFO] CrossReferenceDbSqlite:203 - Set database path to: C:\Users\salma\.stmcufinder\plugins\mcufinder//mcu/cs/
2024-02-16 08:39:01,584 [INFO] RulesReader:64 - Compatibility file has been processed (297 Rules)
2024-02-16 08:39:01,755 [INFO] DbMcusXml:78 - Set database path to: C:\ST\STM32CubeIDE_1.14.0\STM32CubeIDE\plugins\com.st.stm32cube.common.mx_6.10.0.202311202037\\db\/mcu/
2024-02-16 08:39:01,755 [INFO] ApiDb:274 - Set plugin database path to: C:\ST\STM32CubeIDE_1.14.0\STM32CubeIDE\plugins\com.st.stm32cube.common.mx_6.10.0.202311202037\\db\/plugins/boardmanager/
2024-02-16 08:39:01,756 [INFO] ApiDb:261 - Set plugin images path to: C:\ST\STM32CubeIDE_1.14.0\STM32CubeIDE\plugins\com.st.stm32cube.common.mx_6.10.0.202311202037\\db\/plugins/mcufinder/images/
2024-02-16 08:39:01,756 [WARN] DbFile:41 - Overriding database path with different value: C:\Users\salma\.stmcufinder\plugins\mcufinder/ => C:\Users\salma\.stmcufinder\plugins\mcufinder
2024-02-16 08:39:01,757 [INFO] ApiDb:250 - Set database path to: C:\Users\salma\.stmcufinder\plugins\mcufinder//mcu/
2024-02-16 08:39:01,757 [WARN] DbFile:41 - Overriding database path with different value: C:\Users\salma\.stmcufinder\plugins\mcufinder/ => C:\Users\salma\.stmcufinder\plugins\mcufinder
2024-02-16 08:39:01,757 [INFO] DbMcusAds:125 - Set database path to: C:\Users\salma\.stmcufinder\plugins\mcufinder//mcu/
2024-02-16 08:39:01,757 [WARN] DbFile:41 - Overriding database path with different value: C:\Users\salma\.stmcufinder\plugins\mcufinder/ => C:\Users\salma\.stmcufinder\plugins\mcufinder
2024-02-16 08:39:01,759 [WARN] DbFile:41 - Overriding database path with different value: C:\Users\salma\.stmcufinder\plugins\mcufinder/ => C:\Users\salma\.stmcufinder\plugins\mcufinder
2024-02-16 08:39:01,759 [INFO] CrossReferenceDbSqlite:203 - Set database path to: C:\Users\salma\.stmcufinder\plugins\mcufinder//mcu/cs/
2024-02-16 08:39:01,923 [INFO] MainPanel:264 - HeapMemory: 268435456
2024-02-16 08:39:02,234 [INFO] DbMcusXml:78 - Set database path to: C:\ST\STM32CubeIDE_1.14.0\STM32CubeIDE\plugins\com.st.stm32cube.common.mx_6.10.0.202311202037\\db\/mcu/
2024-02-16 08:39:02,235 [INFO] ApiDb:274 - Set plugin database path to: C:\ST\STM32CubeIDE_1.14.0\STM32CubeIDE\plugins\com.st.stm32cube.common.mx_6.10.0.202311202037\\db\/plugins/boardmanager/
2024-02-16 08:39:02,235 [INFO] ApiDb:261 - Set plugin images path to: C:\ST\STM32CubeIDE_1.14.0\STM32CubeIDE\plugins\com.st.stm32cube.common.mx_6.10.0.202311202037\\db\/plugins/mcufinder/images/
2024-02-16 08:39:02,236 [WARN] DbFile:41 - Overriding database path with different value: C:\Users\salma\.stmcufinder\plugins\mcufinder/ => C:\Users\salma\.stmcufinder\plugins\mcufinder
2024-02-16 08:39:02,237 [INFO] ApiDb:250 - Set database path to: C:\Users\salma\.stmcufinder\plugins\mcufinder//mcu/
2024-02-16 08:39:02,237 [WARN] DbFile:41 - Overriding database path with different value: C:\Users\salma\.stmcufinder\plugins\mcufinder/ => C:\Users\salma\.stmcufinder\plugins\mcufinder
2024-02-16 08:39:02,238 [INFO] DbMcusAds:125 - Set database path to: C:\Users\salma\.stmcufinder\plugins\mcufinder//mcu/
2024-02-16 08:39:02,238 [WARN] DbFile:41 - Overriding database path with different value: C:\Users\salma\.stmcufinder\plugins\mcufinder/ => C:\Users\salma\.stmcufinder\plugins\mcufinder
2024-02-16 08:39:02,239 [WARN] DbFile:41 - Overriding database path with different value: C:\Users\salma\.stmcufinder\plugins\mcufinder/ => C:\Users\salma\.stmcufinder\plugins\mcufinder
2024-02-16 08:39:02,239 [INFO] CrossReferenceDbSqlite:203 - Set database path to: C:\Users\salma\.stmcufinder\plugins\mcufinder//mcu/cs/
2024-02-16 08:39:02,303 [INFO] ApplicationProperties:184 - Using Application install path: C:\ST\STM32CubeIDE_1.14.0\STM32CubeIDE\plugins\com.st.stm32cube.common.mx_6.10.0.202311202037
2024-02-16 08:39:02,307 [INFO] PluginManage:196 - Search for loadable plugins [exclusion list=, ]
2024-02-16 08:39:02,310 [INFO] PluginManage:310 - Check plugin analytics
2024-02-16 08:39:03,093 [INFO] AnalyticsPlugin:253 - Accepted Software Licenses: 
2024-02-16 08:39:03,094 [INFO] AnalyticsPlugin:255 - Accepted CMSIS Pack Licenses: 
2024-02-16 08:39:03,095 [INFO] AnalyticsPlugin:257 - Accepted Firmware Licenses: FW.L4.1.18.0
2024-02-16 08:39:03,104 [INFO] PluginManage:359 - Loaded plugin analytics (category:tool,tabindex:-1)
2024-02-16 08:39:03,105 [INFO] PluginManage:310 - Check plugin cadmodel
2024-02-16 08:39:03,132 [INFO] CADModel:105 - Init CAD model plugin
2024-02-16 08:39:03,133 [INFO] PluginManage:359 - Loaded plugin cadmodel (category:power,tabindex:5)
2024-02-16 08:39:03,134 [INFO] PluginManage:310 - Check plugin clock
2024-02-16 08:39:03,185 [INFO] PluginManage:359 - Loaded plugin clock (category:base,tabindex:2)
2024-02-16 08:39:03,186 [INFO] PluginManage:310 - Check plugin ddr
2024-02-16 08:39:03,195 [INFO] PluginManage:359 - Loaded plugin ddr (category:tool,tabindex:6)
2024-02-16 08:39:03,196 [INFO] PluginManage:310 - Check plugin filemanager
2024-02-16 08:39:03,633 [INFO] PluginManage:359 - Loaded plugin filemanager (category:base,tabindex:10)
2024-02-16 08:39:03,634 [INFO] PluginManage:310 - Check plugin ipmanager
2024-02-16 08:39:03,651 [INFO] PluginManage:359 - Loaded plugin ipmanager (category:base,tabindex:5)
2024-02-16 08:39:03,652 [INFO] PluginManage:310 - Check plugin lpbam
2024-02-16 08:39:03,693 [INFO] PluginManage:359 - Loaded plugin lpbam (category:base,tabindex:0)
2024-02-16 08:39:03,693 [INFO] PluginManage:310 - Check plugin memorymap
2024-02-16 08:39:03,743 [INFO] PluginManage:359 - Loaded plugin memorymap (category:base,tabindex:4)
2024-02-16 08:39:03,744 [INFO] PluginManage:310 - Check plugin pinoutandconfiguration
2024-02-16 08:39:03,779 [INFO] PluginManage:359 - Loaded plugin pinoutandconfiguration (category:base,tabindex:1)
2024-02-16 08:39:03,779 [INFO] PluginManage:310 - Check plugin pinoutconfig
2024-02-16 08:39:04,050 [WARN] SupportedApi:132 - Cannot load RTOS API schema: s4s-elt-must-match.1: The content of 'definitions' must match (annotation?, (simpleType | complexType)?, (unique | key | keyref)*)). A problem was found starting at: attribute.
2024-02-16 08:39:04,464 [INFO] PluginManage:359 - Loaded plugin pinoutconfig (category:base,tabindex:0)
2024-02-16 08:39:04,466 [INFO] PluginManage:310 - Check plugin power
2024-02-16 08:39:04,526 [INFO] PluginManage:359 - Loaded plugin power (category:power,tabindex:4)
2024-02-16 08:39:04,527 [INFO] PluginManage:310 - Check plugin projectmanager
2024-02-16 08:39:04,587 [INFO] PluginManage:359 - Loaded plugin projectmanager (category:projectmanager,tabindex:3)
2024-02-16 08:39:04,587 [INFO] PluginManage:310 - Check plugin thirdparty
2024-02-16 08:39:05,192 [INFO] PluginManage:359 - Loaded plugin thirdparty (category:base,tabindex:-1)
2024-02-16 08:39:05,193 [INFO] PluginManage:310 - Check plugin tools
2024-02-16 08:39:05,197 [WARN] IntegrityCheckThread:84 - waiting for thirdparty lock release [integrity check]
2024-02-16 08:39:05,199 [INFO] IntegrityCheckThread:86 - entering critical section [integrity check]
2024-02-16 08:39:05,200 [INFO] ThirdPartyUpdaterWithRetryManager:70 - Updater plugin not ready yet. [1/15]
2024-02-16 08:39:05,260 [INFO] PluginManage:359 - Loaded plugin tools (category:base,tabindex:7)
2024-02-16 08:39:05,260 [INFO] PluginManage:310 - Check plugin tutovideos
2024-02-16 08:39:05,648 [INFO] PluginManage:359 - Loaded plugin tutovideos (category:base,tabindex:-1)
2024-02-16 08:39:05,648 [INFO] PluginManage:310 - Check plugin updater
2024-02-16 08:39:05,666 [INFO] PluginManage:359 - Loaded plugin updater (category:base,tabindex:12)
2024-02-16 08:39:05,666 [INFO] PluginManage:310 - Check plugin userauth
2024-02-16 08:39:05,676 [INFO] UserAuth:114 - Init User Auth plugin
2024-02-16 08:39:05,676 [INFO] PluginManage:359 - Loaded plugin userauth (category:base,tabindex:14)
2024-02-16 08:39:05,678 [INFO] PluginManage:283 - PluginManage : Loaded plugins [17]
2024-02-16 08:39:06,029 [INFO] PinOutPanel:1499 - setPackage(No Configuration,No Configuration)
2024-02-16 08:39:06,150 [INFO] CADModel:165 - CPN selected for project level
2024-02-16 08:39:06,151 [INFO] CADModel:114 - Register for checkConnection events
2024-02-16 08:39:06,191 [INFO] IPUIPlugin:80 - create IPUIPlugin
2024-02-16 08:39:06,191 [INFO] PluginManager:220 - loadIPPluginJar : add adc
2024-02-16 08:39:06,240 [INFO] IPUIPlugin:80 - create IPUIPlugin
2024-02-16 08:39:06,240 [INFO] PluginManager:220 - loadIPPluginJar : add aes
2024-02-16 08:39:06,306 [INFO] IPUIPlugin:80 - create IPUIPlugin
2024-02-16 08:39:06,307 [INFO] PluginManager:220 - loadIPPluginJar : add can
2024-02-16 08:39:06,335 [INFO] IPUIPlugin:80 - create IPUIPlugin
2024-02-16 08:39:06,335 [INFO] PluginManager:220 - loadIPPluginJar : add comp
2024-02-16 08:39:06,381 [INFO] IPUIPlugin:80 - create IPUIPlugin
2024-02-16 08:39:06,381 [INFO] PluginManager:220 - loadIPPluginJar : add cryp
2024-02-16 08:39:06,427 [INFO] IPUIPlugin:80 - create IPUIPlugin
2024-02-16 08:39:06,427 [INFO] PluginManager:220 - loadIPPluginJar : add dfsdm
2024-02-16 08:39:06,447 [INFO] IPUIPlugin:80 - create IPUIPlugin
2024-02-16 08:39:06,448 [INFO] PluginManager:220 - loadIPPluginJar : add dma
2024-02-16 08:39:06,514 [INFO] IPUIPlugin:80 - create IPUIPlugin
2024-02-16 08:39:06,515 [INFO] PluginManager:220 - loadIPPluginJar : add dma3
2024-02-16 08:39:06,546 [INFO] IPUIPlugin:80 - create IPUIPlugin
2024-02-16 08:39:06,547 [INFO] PluginManager:220 - loadIPPluginJar : add fatfs
2024-02-16 08:39:06,626 [INFO] IPUIPlugin:80 - create IPUIPlugin
2024-02-16 08:39:06,626 [INFO] PluginManager:220 - loadIPPluginJar : add fmc
2024-02-16 08:39:06,649 [INFO] IPUIPlugin:80 - create IPUIPlugin
2024-02-16 08:39:06,650 [INFO] PluginManager:220 - loadIPPluginJar : add freertos
2024-02-16 08:39:06,682 [INFO] IPUIPlugin:80 - create IPUIPlugin
2024-02-16 08:39:06,683 [INFO] PluginManager:220 - loadIPPluginJar : add genericplugin
2024-02-16 08:39:06,842 [INFO] IPUIPlugin:80 - create IPUIPlugin
2024-02-16 08:39:06,843 [INFO] PluginManager:220 - loadIPPluginJar : add gfxmmu
2024-02-16 08:39:07,056 [INFO] IPUIPlugin:80 - create IPUIPlugin
2024-02-16 08:39:07,056 [INFO] PluginManager:220 - loadIPPluginJar : add gic
2024-02-16 08:39:07,063 [INFO] IPUIPlugin:80 - create IPUIPlugin
2024-02-16 08:39:07,063 [INFO] PluginManager:220 - loadIPPluginJar : add gpio
2024-02-16 08:39:07,200 [INFO] IPUIPlugin:80 - create IPUIPlugin
2024-02-16 08:39:07,200 [INFO] PluginManager:220 - loadIPPluginJar : add gtzc
2024-02-16 08:39:07,260 [INFO] IPUIPlugin:80 - create IPUIPlugin
2024-02-16 08:39:07,263 [INFO] PluginManager:220 - loadIPPluginJar : add hash
2024-02-16 08:39:07,354 [INFO] IPUIPlugin:80 - create IPUIPlugin
2024-02-16 08:39:07,354 [INFO] PluginManager:220 - loadIPPluginJar : add i2c
2024-02-16 08:39:07,414 [INFO] IPUIPlugin:80 - create IPUIPlugin
2024-02-16 08:39:07,414 [INFO] PluginManager:220 - loadIPPluginJar : add i2s
2024-02-16 08:39:07,478 [INFO] IPUIPlugin:80 - create IPUIPlugin
2024-02-16 08:39:07,478 [INFO] PluginManager:220 - loadIPPluginJar : add i3c
2024-02-16 08:39:07,637 [INFO] IPUIPlugin:80 - create IPUIPlugin
2024-02-16 08:39:07,637 [INFO] PluginManager:220 - loadIPPluginJar : add ipddr
2024-02-16 08:39:07,797 [INFO] IPUIPlugin:80 - create IPUIPlugin
2024-02-16 08:39:07,797 [INFO] PluginManager:220 - loadIPPluginJar : add linkedlist
2024-02-16 08:39:07,855 [INFO] IPUIPlugin:80 - create IPUIPlugin
2024-02-16 08:39:07,855 [INFO] PluginManager:220 - loadIPPluginJar : add lorawan
2024-02-16 08:39:07,920 [INFO] IPUIPlugin:80 - create IPUIPlugin
2024-02-16 08:39:07,920 [INFO] PluginManager:220 - loadIPPluginJar : add ltdc
2024-02-16 08:39:07,940 [INFO] IPUIPlugin:80 - create IPUIPlugin
2024-02-16 08:39:07,940 [INFO] PluginManager:220 - loadIPPluginJar : add mdma
2024-02-16 08:39:07,964 [INFO] IPUIPlugin:80 - create IPUIPlugin
2024-02-16 08:39:07,964 [INFO] PluginManager:220 - loadIPPluginJar : add nvic
2024-02-16 08:39:08,026 [INFO] IPUIPlugin:80 - create IPUIPlugin
2024-02-16 08:39:08,026 [INFO] PluginManager:220 - loadIPPluginJar : add opamp
2024-02-16 08:39:08,121 [INFO] IPUIPlugin:80 - create IPUIPlugin
2024-02-16 08:39:08,121 [INFO] PluginManager:220 - loadIPPluginJar : add openamp
2024-02-16 08:39:08,184 [INFO] IPUIPlugin:80 - create IPUIPlugin
2024-02-16 08:39:08,184 [INFO] PluginManager:220 - loadIPPluginJar : add pdm2pcm
2024-02-16 08:39:08,201 [INFO] IPUIPlugin:80 - create IPUIPlugin
2024-02-16 08:39:08,215 [INFO] ThirdPartyUpdaterWithRetryManager:70 - Updater plugin not ready yet. [2/15]
2024-02-16 08:39:08,215 [INFO] PluginManager:220 - loadIPPluginJar : add plateformsettings
2024-02-16 08:39:08,257 [INFO] IPUIPlugin:80 - create IPUIPlugin
2024-02-16 08:39:08,257 [INFO] PluginManager:220 - loadIPPluginJar : add quadspi
2024-02-16 08:39:08,274 [INFO] IPUIPlugin:80 - create IPUIPlugin
2024-02-16 08:39:08,274 [INFO] PluginManager:220 - loadIPPluginJar : add resmgrutility
2024-02-16 08:39:08,352 [INFO] IPUIPlugin:80 - create IPUIPlugin
2024-02-16 08:39:08,352 [INFO] PluginManager:220 - loadIPPluginJar : add sai
2024-02-16 08:39:08,403 [INFO] IPUIPlugin:80 - create IPUIPlugin
2024-02-16 08:39:08,403 [INFO] PluginManager:220 - loadIPPluginJar : add spi
2024-02-16 08:39:08,510 [INFO] IPUIPlugin:80 - create IPUIPlugin
2024-02-16 08:39:08,510 [INFO] PluginManager:220 - loadIPPluginJar : add stm32_wpan
2024-02-16 08:39:08,538 [INFO] IPUIPlugin:80 - create IPUIPlugin
2024-02-16 08:39:08,538 [INFO] PluginManager:220 - loadIPPluginJar : add tim
2024-02-16 08:39:08,633 [INFO] IPUIPlugin:80 - create IPUIPlugin
2024-02-16 08:39:08,633 [INFO] PluginManager:220 - loadIPPluginJar : add touchsensing
2024-02-16 08:39:08,665 [INFO] IPUIPlugin:80 - create IPUIPlugin
2024-02-16 08:39:08,665 [INFO] PluginManager:220 - loadIPPluginJar : add tracer_emb
2024-02-16 08:39:08,709 [INFO] IPUIPlugin:80 - create IPUIPlugin
2024-02-16 08:39:08,709 [INFO] PluginManager:220 - loadIPPluginJar : add ts
2024-02-16 08:39:08,746 [INFO] IPUIPlugin:80 - create IPUIPlugin
2024-02-16 08:39:08,746 [INFO] PluginManager:220 - loadIPPluginJar : add tsc
2024-02-16 08:39:08,787 [INFO] IPUIPlugin:80 - create IPUIPlugin
2024-02-16 08:39:08,787 [INFO] PluginManager:220 - loadIPPluginJar : add ucpd
2024-02-16 08:39:08,861 [INFO] IPUIPlugin:80 - create IPUIPlugin
2024-02-16 08:39:08,861 [INFO] PluginManager:220 - loadIPPluginJar : add usart
2024-02-16 08:39:08,933 [INFO] IPUIPlugin:80 - create IPUIPlugin
2024-02-16 08:39:08,933 [INFO] PluginManager:220 - loadIPPluginJar : add usbx
2024-02-16 08:39:09,125 [INFO] CADModel:165 - CPN selected for project level
2024-02-16 08:39:09,125 [INFO] CADModel:114 - Register for checkConnection events
2024-02-16 08:39:09,125 [FATAL] Updater:308 - Updater called before beeing initialized
2024-02-16 08:39:09,125 [ERROR] CADModel:125 - Updater not yet initialized, retry later 
2024-02-16 08:39:09,419 [INFO] CADModel:165 - CPN selected for project level
2024-02-16 08:39:09,419 [INFO] CADModel:114 - Register for checkConnection events
2024-02-16 08:39:09,419 [FATAL] Updater:308 - Updater called before beeing initialized
2024-02-16 08:39:09,419 [ERROR] CADModel:125 - Updater not yet initialized, retry later 
2024-02-16 08:39:09,425 [FATAL] Updater:308 - Updater called before beeing initialized
2024-02-16 08:39:09,607 [FATAL] Updater:308 - Updater called before beeing initialized
2024-02-16 08:39:09,623 [INFO] DbMcusAds:53 - JSON generation date=Wed Nov 29 04:52:27 CST 2023 (1701255147200)
2024-02-16 08:39:09,623 [FATAL] Updater:308 - Updater called before beeing initialized
2024-02-16 08:39:09,742 [WARN] DetailPanel:346 - Failed to get advertising image, set to default
2024-02-16 08:39:09,877 [FATAL] Updater:308 - Updater called before beeing initialized
2024-02-16 08:39:09,877 [FATAL] Updater:308 - Updater called before beeing initialized
2024-02-16 08:39:09,877 [FATAL] Updater:308 - Updater called before beeing initialized
2024-02-16 08:39:09,877 [WARN] DetailPanel:346 - Failed to get advertising image, set to default
2024-02-16 08:39:09,877 [FATAL] Updater:308 - Updater called before beeing initialized
2024-02-16 08:39:10,021 [ERROR] Updater:1120 - MainUpdater not yet initialized. External WinMGr cannot be set.
2024-02-16 08:39:10,037 [INFO] Updater:1056 - Updater Version found : 6.10.0
2024-02-16 08:39:10,071 [INFO] ApplicationProperties:184 - Using Application install path: C:\ST\STM32CubeIDE_1.14.0\STM32CubeIDE\plugins\com.st.stm32cube.common.mx_6.10.0.202311202037
2024-02-16 08:39:11,223 [INFO] ThirdPartyUpdaterWithRetryManager:70 - Updater plugin not ready yet. [3/15]
2024-02-16 08:39:11,722 [ERROR] LogOutputStream:75 - [STDERR_REDIRECT] Feb 16, 2024 8:39:11 AM java.util.prefs.WindowsPreferences <init>
2024-02-16 08:39:11,722 [ERROR] LogOutputStream:75 - [STDERR_REDIRECT] WARNING: Could not open/create prefs root node Software\JavaSoft\Prefs at root 0xffffffff80000002. Windows RegCreateKeyEx(...) returned error code 5.
2024-02-16 08:39:11,722 [ERROR] LogOutputStream:75 - [STDERR_REDIRECT] 
2024-02-16 08:39:12,292 [INFO] MainUpdater:2873 - connection check result : 10
2024-02-16 08:39:12,292 [INFO] MainUpdater:290 - Updater Check For Update Now.
2024-02-16 08:39:12,292 [INFO] MicroXplorer:498 - Change Database Version : DB.6.0.100
2024-02-16 08:39:12,326 [INFO] McuFinderGlobals:63 - Set McuFinder mode to 2 (CubeIDE integrated)
2024-02-16 08:39:12,698 [INFO] CheckServerUpdateThread:120 - End of CheckServer Thread
2024-02-16 08:39:13,105 [INFO] UserAuth:404 - Internet connection configuration mode: 1
2024-02-16 08:39:13,139 [INFO] JxBrowserEngine:152 - Initiate JxBrowser Engine with user profile folder
2024-02-16 08:39:14,467 [WARN] PackLoader:240 - Cannot read IP mode file for STMicroelectronics.X-CUBE-SMBUS.2.1.0
2024-02-16 08:39:14,494 [WARN] PackLoader:240 - Cannot read IP mode file for STMicroelectronics.X-CUBE-TOUCHGFX.4.23.0
2024-02-16 08:39:14,559 [WARN] PackLoader:240 - Cannot read IP mode file for STMicroelectronics.X-CUBE-AZRTOS-F7.1.1.0
2024-02-16 08:39:14,592 [WARN] PackLoader:240 - Cannot read IP mode file for STMicroelectronics.FP-SNS-MOTENV1.4.3.2
2024-02-16 08:39:14,609 [WARN] PackLoader:240 - Cannot read IP mode file for STMicroelectronics.FP-SNS-FLIGHT1.5.0.2
2024-02-16 08:39:14,640 [WARN] PackLoader:240 - Cannot read IP mode file for STMicroelectronics.X-CUBE-DISPLAY.3.0.0
2024-02-16 08:39:14,671 [WARN] PackLoader:240 - Cannot read IP mode file for STMicroelectronics.X-CUBE-BLE1.7.0.0
2024-02-16 08:39:14,687 [WARN] PackLoader:240 - Cannot read IP mode file for emotas.I-CUBE-CANOPEN.1.3.0
2024-02-16 08:39:14,713 [WARN] PackLoader:240 - Cannot read IP mode file for STMicroelectronics.FP-SNS-SMARTAG2.1.2.0
2024-02-16 08:39:14,734 [INFO] LogOutputStream:77 - [STDOUT_REDIRECT] 1 : Invalid condition id : UX_CORESTACK_Condition cause : null
2024-02-16 08:39:14,734 [INFO] LogOutputStream:77 - [STDOUT_REDIRECT] 1 : Invalid condition id : UX_CORESTACK_Condition cause : null
2024-02-16 08:39:14,750 [INFO] LogOutputStream:77 - [STDOUT_REDIRECT] 1 : Invalid condition id : UX_CORESTACK_Condition cause : null
2024-02-16 08:39:14,750 [INFO] LogOutputStream:77 - [STDOUT_REDIRECT] 1 : Invalid condition id : UX_CORESTACK_Condition cause : null
2024-02-16 08:39:14,750 [INFO] LogOutputStream:77 - [STDOUT_REDIRECT] 1 : Invalid condition id : UX_CORESTACK_Condition cause : null
2024-02-16 08:39:14,750 [WARN] PackLoader:240 - Cannot read IP mode file for STMicroelectronics.X-CUBE-AZRTOS-WL.2.0.0
2024-02-16 08:39:14,781 [WARN] PackLoader:240 - Cannot read IP mode file for WES.I-CUBE-Cesium.1.3.0
2024-02-16 08:39:14,799 [WARN] PackLoader:240 - Cannot read IP mode file for STMicroelectronics.X-CUBE-BLE2.3.3.0
2024-02-16 08:39:14,829 [WARN] PackLoader:240 - Cannot read IP mode file for STMicroelectronics.X-CUBE-ALGOBUILD.1.3.0
2024-02-16 08:39:14,873 [WARN] PackLoader:240 - Cannot read IP mode file for STMicroelectronics.X-CUBE-AZRTOS-G0.1.1.0
2024-02-16 08:39:14,892 [WARN] PackLoader:240 - Cannot read IP mode file for STMicroelectronics.X-CUBE-NFC4.3.0.0
2024-02-16 08:39:14,925 [WARN] PackLoader:240 - Cannot read IP mode file for STMicroelectronics.X-CUBE-BLEMGR.3.0.0
2024-02-16 08:39:14,941 [WARN] PackLoader:240 - Cannot read IP mode file for STMicroelectronics.FP-ATR-SIGFOX1.3.2.0
2024-02-16 08:39:14,961 [WARN] PackLoader:240 - Cannot read IP mode file for STMicroelectronics.X-CUBE-EEPRMA1.5.1.0
2024-02-16 08:39:15,025 [WARN] PackLoader:240 - Cannot read IP mode file for SEGGER.I-CUBE-embOS.1.3.1
2024-02-16 08:39:15,089 [WARN] PackLoader:240 - Cannot read IP mode file for STMicroelectronics.X-CUBE-GNSS1.6.0.0
2024-02-16 08:39:15,135 [WARN] PackLoader:240 - Cannot read IP mode file for STMicroelectronics.X-CUBE-AZRTOS-F4.1.1.0
2024-02-16 08:39:15,167 [WARN] PackLoader:240 - Cannot read IP mode file for wolfSSL.I-CUBE-wolfSSL.5.6.6
2024-02-16 08:39:15,199 [WARN] PackLoader:240 - Cannot read IP mode file for STMicroelectronics.X-CUBE-AZRTOS-L5.2.0.0
2024-02-16 08:39:15,230 [WARN] PackLoader:240 - Cannot read IP mode file for STMicroelectronics.X-CUBE-EEPRMA1.4.2.0
2024-02-16 08:39:15,246 [WARN] PackLoader:240 - Cannot read IP mode file for ITTIA_DB.I-CUBE-ITTIADB.8.8.0
2024-02-16 08:39:15,261 [WARN] PackLoader:240 - Cannot read IP mode file for STMicroelectronics.X-CUBE-NFC7.1.0.1
2024-02-16 08:39:15,292 [WARN] PackLoader:240 - Cannot read IP mode file for STMicroelectronics.X-CUBE-NFC6.3.0.0
2024-02-16 08:39:15,308 [WARN] PackLoader:240 - Cannot read IP mode file for STMicroelectronics.X-CUBE-AI.8.1.0
2024-02-16 08:39:15,361 [WARN] ConditionMgr:438 - getConditionDescription Invalid condition id : LAN8742 Phy interface Condition cause : null
2024-02-16 08:39:15,361 [WARN] PackLoader:240 - Cannot read IP mode file for STMicroelectronics.X-CUBE-AZRTOS-L4.2.0.0
2024-02-16 08:39:15,361 [WARN] ConditionMgr:1039 - genDependencies : Invalid condition id : LAN8742 Phy interface Condition cause : null
2024-02-16 08:39:15,361 [WARN] ConditionMgr:1039 - genDependencies : Invalid condition id : LAN8742 Phy interface Condition cause : null
2024-02-16 08:39:15,361 [WARN] ConditionMgr:1039 - genDependencies : Invalid condition id : LAN8742 Phy interface Condition cause : null
2024-02-16 08:39:15,387 [WARN] PackLoader:240 - Cannot read IP mode file for STMicroelectronics.X-CUBE-SFXS2LP1.4.0.0
2024-02-16 08:39:15,418 [WARN] ConditionMgr:438 - getConditionDescription Invalid condition id : UX DEVICE CLASS RTOS Condition cause : null
2024-02-16 08:39:15,418 [WARN] ConditionMgr:438 - getConditionDescription Invalid condition id : UX DEVICE CLASS RTOS Condition cause : null
2024-02-16 08:39:15,433 [WARN] PackLoader:240 - Cannot read IP mode file for STMicroelectronics.X-CUBE-AZRTOS-WB.2.0.0
2024-02-16 08:39:15,433 [WARN] ConditionMgr:1039 - genDependencies : Invalid condition id : UX DEVICE CLASS RTOS Condition cause : null
2024-02-16 08:39:15,433 [WARN] ConditionMgr:1039 - genDependencies : Invalid condition id : UX DEVICE CLASS RTOS Condition cause : null
2024-02-16 08:39:15,433 [WARN] ConditionMgr:1039 - genDependencies : Invalid condition id : UX DEVICE CLASS RTOS Condition cause : null
2024-02-16 08:39:15,433 [WARN] ConditionMgr:1039 - genDependencies : Invalid condition id : UX DEVICE CLASS RTOS Condition cause : null
2024-02-16 08:39:15,433 [WARN] ConditionMgr:1039 - genDependencies : Invalid condition id : UX DEVICE CLASS RTOS Condition cause : null
2024-02-16 08:39:15,481 [WARN] PackLoader:240 - Cannot read IP mode file for STMicroelectronics.X-CUBE-SUBG2.5.0.0
2024-02-16 08:39:15,528 [WARN] PackLoader:240 - Cannot read IP mode file for STMicroelectronics.X-CUBE-AZRTOS-G4.2.0.0
2024-02-16 08:39:15,575 [WARN] PackLoader:240 - Cannot read IP mode file for Infineon.AIROC-Wi-Fi-Bluetooth-STM32.1.5.1
2024-02-16 08:39:15,591 [WARN] PackLoader:240 - Cannot read IP mode file for STMicroelectronics.FP-SNS-MOTENVWB1.1.3.1
2024-02-16 08:39:15,654 [WARN] PackLoader:240 - Cannot read IP mode file for STMicroelectronics.X-CUBE-ISPU.2.0.0
2024-02-16 08:39:15,749 [WARN] PackLoader:240 - Cannot read IP mode file for STMicroelectronics.X-CUBE-MEMS1.10.0.0
2024-02-16 08:39:15,937 [WARN] PackLoader:240 - Cannot read IP mode file for STMicroelectronics.X-CUBE-FREERTOS.1.1.0
2024-02-16 08:39:15,969 [WARN] PackLoader:240 - Cannot read IP mode file for portGmbH.I-Cube-SoM-uGOAL.1.1.0
2024-02-16 08:39:16,000 [WARN] PackLoader:240 - Cannot read IP mode file for STMicroelectronics.X-CUBE-ALS.1.0.1
2024-02-16 08:39:16,016 [WARN] PackLoader:240 - Cannot read IP mode file for STMicroelectronics.FP-ATR-ASTRA1.2.0.0
2024-02-16 08:39:16,047 [WARN] PackLoader:240 - Cannot read IP mode file for STMicroelectronics.X-CUBE-TOF1.3.4.0
2024-02-16 08:39:16,104 [WARN] PackLoader:240 - Cannot read IP mode file for STMicroelectronics.X-CUBE-AZRTOS-H7.3.2.0
2024-02-16 08:39:16,104 [INFO] ThirdParty:978 - Integrity check success = true
2024-02-16 08:39:16,104 [INFO] IntegrityCheckThread:100 - exiting critical section [integrity check]
2024-02-16 08:39:16,104 [INFO] IntegrityCheckThread:103 - End integrity checks thread
2024-02-16 08:39:17,833 [INFO] WebApp:161 - Instantiating new browser for Auth
2024-02-16 08:39:18,819 [INFO] WebApp:780 - Register for checkConnection events
2024-02-16 08:39:18,819 [INFO] WebApp:414 - Apply proxy settings
2024-02-16 08:39:18,819 [INFO] WebApp:499 - Chromium requires no authentication
2024-02-16 08:39:18,835 [INFO] WebApp:442 - Direct internet connection detected
2024-02-16 08:39:19,157 [INFO] WebApp:192 - Starting web application
2024-02-16 08:39:19,157 [INFO] WebApp:544 - Web application path used C:\ST\STM32CubeIDE_1.14.0\STM32CubeIDE\plugins\com.st.stm32cube.common.mx_6.10.0.202311202037\db\plugins\mcufinder\reactClient1\index.html
2024-02-16 08:39:40,491 [ERROR] LogOutputStream:75 - [STDERR_REDIRECT] SLF4J: Failed to load class "org.slf4j.impl.StaticLoggerBinder".
2024-02-16 08:39:40,492 [ERROR] LogOutputStream:75 - [STDERR_REDIRECT] SLF4J: Defaulting to no-operation (NOP) logger implementation
2024-02-16 08:39:40,494 [ERROR] LogOutputStream:75 - [STDERR_REDIRECT] SLF4J: See http://www.slf4j.org/codes.html#StaticLoggerBinder for further details.
2024-02-16 11:47:16,826 [INFO] WebApp:354 - JxBrowser engine has been closed 
2024-02-16 11:47:22,437 [ERROR] LogOutputStream:75 - [STDERR_REDIRECT] [Fatal Error] :1:1: Premature end of file.
2024-02-16 11:47:22,440 [ERROR] LogOutputStream:75 - [STDERR_REDIRECT] 
2024-02-16 11:47:23,424 [ERROR] LogOutputStream:75 - [STDERR_REDIRECT] [Fatal Error] :1:1: Premature end of file.
2024-02-16 11:47:23,424 [ERROR] LogOutputStream:75 - [STDERR_REDIRECT] 
2024-02-16 11:47:24,425 [ERROR] LogOutputStream:75 - [STDERR_REDIRECT] [Fatal Error] :1:1: Premature end of file.
2024-02-16 11:47:24,425 [ERROR] LogOutputStream:75 - [STDERR_REDIRECT] 
2024-02-16 11:47:25,429 [ERROR] LogOutputStream:75 - [STDERR_REDIRECT] [Fatal Error] :1:1: Premature end of file.
2024-02-16 11:47:25,429 [ERROR] LogOutputStream:75 - [STDERR_REDIRECT] 
2024-02-16 11:47:26,426 [ERROR] LogOutputStream:75 - [STDERR_REDIRECT] [Fatal Error] :1:1: Premature end of file.
2024-02-16 11:47:26,426 [ERROR] LogOutputStream:75 - [STDERR_REDIRECT] 
2024-02-16 11:47:27,424 [ERROR] LogOutputStream:75 - [STDERR_REDIRECT] [Fatal Error] :1:1: Premature end of file.
2024-02-16 11:47:27,424 [ERROR] LogOutputStream:75 - [STDERR_REDIRECT] 
2024-02-16 11:47:28,427 [ERROR] LogOutputStream:75 - [STDERR_REDIRECT] [Fatal Error] :1:1: Premature end of file.
2024-02-16 11:47:28,427 [ERROR] LogOutputStream:75 - [STDERR_REDIRECT] 
2024-02-16 11:47:29,423 [ERROR] LogOutputStream:75 - [STDERR_REDIRECT] [Fatal Error] :1:1: Premature end of file.
2024-02-16 11:47:29,423 [ERROR] LogOutputStream:75 - [STDERR_REDIRECT] 
2024-02-16 11:47:30,423 [ERROR] LogOutputStream:75 - [STDERR_REDIRECT] [Fatal Error] :1:1: Premature end of file.
2024-02-16 11:47:30,423 [ERROR] LogOutputStream:75 - [STDERR_REDIRECT] 
2024-02-16 11:47:31,422 [ERROR] LogOutputStream:75 - [STDERR_REDIRECT] [Fatal Error] :1:1: Premature end of file.
2024-02-16 11:47:31,422 [ERROR] LogOutputStream:75 - [STDERR_REDIRECT] 
2024-02-16 11:47:32,425 [ERROR] LogOutputStream:75 - [STDERR_REDIRECT] [Fatal Error] :1:1: Premature end of file.
2024-02-16 11:47:32,425 [ERROR] LogOutputStream:75 - [STDERR_REDIRECT] 
2024-02-16 11:47:33,433 [ERROR] LogOutputStream:75 - [STDERR_REDIRECT] [Fatal Error] :1:1: Premature end of file.
2024-02-16 11:47:33,433 [ERROR] LogOutputStream:75 - [STDERR_REDIRECT] 
2024-02-16 11:47:34,425 [ERROR] LogOutputStream:75 - [STDERR_REDIRECT] [Fatal Error] :1:1: Premature end of file.
2024-02-16 11:47:34,425 [ERROR] LogOutputStream:75 - [STDERR_REDIRECT] 
2024-02-16 11:47:35,421 [ERROR] LogOutputStream:75 - [STDERR_REDIRECT] [Fatal Error] :1:1: Premature end of file.
2024-02-16 11:47:35,421 [ERROR] LogOutputStream:75 - [STDERR_REDIRECT] 
2024-02-16 11:47:36,425 [ERROR] LogOutputStream:75 - [STDERR_REDIRECT] [Fatal Error] :1:1: Premature end of file.
2024-02-16 11:47:36,425 [ERROR] LogOutputStream:75 - [STDERR_REDIRECT] 
2024-02-16 11:47:37,434 [ERROR] LogOutputStream:75 - [STDERR_REDIRECT] [Fatal Error] :1:1: Premature end of file.
2024-02-16 11:47:37,434 [ERROR] LogOutputStream:75 - [STDERR_REDIRECT] 
2024-02-16 11:47:38,425 [ERROR] LogOutputStream:75 - [STDERR_REDIRECT] [Fatal Error] :1:1: Premature end of file.
2024-02-16 11:47:38,425 [ERROR] LogOutputStream:75 - [STDERR_REDIRECT] 
2024-02-16 11:47:39,422 [ERROR] LogOutputStream:75 - [STDERR_REDIRECT] [Fatal Error] :1:1: Premature end of file.
2024-02-16 11:47:39,422 [ERROR] LogOutputStream:75 - [STDERR_REDIRECT] 
2024-02-16 11:47:40,425 [ERROR] LogOutputStream:75 - [STDERR_REDIRECT] [Fatal Error] :1:1: Premature end of file.
2024-02-16 11:47:40,425 [ERROR] LogOutputStream:75 - [STDERR_REDIRECT] 
2024-02-16 11:47:41,434 [ERROR] LogOutputStream:75 - [STDERR_REDIRECT] [Fatal Error] :1:1: Premature end of file.
2024-02-16 11:47:41,434 [ERROR] LogOutputStream:75 - [STDERR_REDIRECT] 
2024-02-16 11:47:42,425 [ERROR] LogOutputStream:75 - [STDERR_REDIRECT] [Fatal Error] :1:1: Premature end of file.
2024-02-16 11:47:42,425 [ERROR] LogOutputStream:75 - [STDERR_REDIRECT] 
2024-02-16 11:47:43,433 [ERROR] LogOutputStream:75 - [STDERR_REDIRECT] [Fatal Error] :1:1: Premature end of file.
2024-02-16 11:47:43,433 [ERROR] LogOutputStream:75 - [STDERR_REDIRECT] 
2024-02-16 11:47:44,425 [ERROR] LogOutputStream:75 - [STDERR_REDIRECT] [Fatal Error] :1:1: Premature end of file.
2024-02-16 11:47:44,425 [ERROR] LogOutputStream:75 - [STDERR_REDIRECT] 
2024-02-16 11:47:45,422 [ERROR] LogOutputStream:75 - [STDERR_REDIRECT] [Fatal Error] :1:1: Premature end of file.
2024-02-16 11:47:45,423 [ERROR] LogOutputStream:75 - [STDERR_REDIRECT] 
2024-02-16 11:47:46,423 [ERROR] LogOutputStream:75 - [STDERR_REDIRECT] [Fatal Error] :1:1: Premature end of file.
2024-02-16 11:47:46,424 [ERROR] LogOutputStream:75 - [STDERR_REDIRECT] 
2024-02-16 11:47:47,423 [ERROR] LogOutputStream:75 - [STDERR_REDIRECT] [Fatal Error] :1:1: Premature end of file.
2024-02-16 11:47:47,423 [ERROR] LogOutputStream:75 - [STDERR_REDIRECT] 
2024-02-16 11:47:48,421 [ERROR] LogOutputStream:75 - [STDERR_REDIRECT] [Fatal Error] :1:1: Premature end of file.
2024-02-16 11:47:48,422 [ERROR] LogOutputStream:75 - [STDERR_REDIRECT] 
2024-02-16 11:47:49,433 [ERROR] LogOutputStream:75 - [STDERR_REDIRECT] [Fatal Error] :1:1: Premature end of file.
2024-02-16 11:47:49,433 [ERROR] LogOutputStream:75 - [STDERR_REDIRECT] 
2024-02-16 11:47:50,424 [ERROR] LogOutputStream:75 - [STDERR_REDIRECT] [Fatal Error] :1:1: Premature end of file.
2024-02-16 11:47:50,424 [ERROR] LogOutputStream:75 - [STDERR_REDIRECT] 
2024-02-16 11:47:51,423 [ERROR] LogOutputStream:75 - [STDERR_REDIRECT] [Fatal Error] :1:1: Premature end of file.
2024-02-16 11:47:51,423 [ERROR] LogOutputStream:75 - [STDERR_REDIRECT] 
2024-02-16 11:47:52,421 [ERROR] LogOutputStream:75 - [STDERR_REDIRECT] [Fatal Error] :1:1: Premature end of file.
2024-02-16 11:47:52,421 [ERROR] LogOutputStream:75 - [STDERR_REDIRECT] 
2024-02-16 11:47:53,424 [ERROR] LogOutputStream:75 - [STDERR_REDIRECT] [Fatal Error] :1:1: Premature end of file.
2024-02-16 11:47:53,424 [ERROR] LogOutputStream:75 - [STDERR_REDIRECT] 
2024-02-16 11:47:54,422 [ERROR] LogOutputStream:75 - [STDERR_REDIRECT] [Fatal Error] :1:1: Premature end of file.
2024-02-16 11:47:54,423 [ERROR] LogOutputStream:75 - [STDERR_REDIRECT] 
2024-02-16 11:47:55,423 [ERROR] LogOutputStream:75 - [STDERR_REDIRECT] [Fatal Error] :1:1: Premature end of file.
2024-02-16 11:47:55,423 [ERROR] LogOutputStream:75 - [STDERR_REDIRECT] 
2024-02-16 11:47:56,422 [ERROR] LogOutputStream:75 - [STDERR_REDIRECT] [Fatal Error] :1:1: Premature end of file.
2024-02-16 11:47:56,423 [ERROR] LogOutputStream:75 - [STDERR_REDIRECT] 
2024-02-16 11:47:57,424 [ERROR] LogOutputStream:75 - [STDERR_REDIRECT] [Fatal Error] :1:1: Premature end of file.
2024-02-16 11:47:57,424 [ERROR] LogOutputStream:75 - [STDERR_REDIRECT] 
2024-02-16 11:47:58,422 [ERROR] LogOutputStream:75 - [STDERR_REDIRECT] [Fatal Error] :1:1: Premature end of file.
2024-02-16 11:47:58,422 [ERROR] LogOutputStream:75 - [STDERR_REDIRECT] 
2024-02-16 11:47:59,421 [ERROR] LogOutputStream:75 - [STDERR_REDIRECT] [Fatal Error] :1:1: Premature end of file.
2024-02-16 11:47:59,421 [ERROR] LogOutputStream:75 - [STDERR_REDIRECT] 
2024-02-16 11:48:00,425 [ERROR] LogOutputStream:75 - [STDERR_REDIRECT] [Fatal Error] :1:1: Premature end of file.
2024-02-16 11:48:00,426 [ERROR] LogOutputStream:75 - [STDERR_REDIRECT] 
2024-02-16 11:48:01,421 [ERROR] LogOutputStream:75 - [STDERR_REDIRECT] [Fatal Error] :1:1: Premature end of file.
2024-02-16 11:48:01,422 [ERROR] LogOutputStream:75 - [STDERR_REDIRECT] 
2024-02-16 11:48:02,422 [ERROR] LogOutputStream:75 - [STDERR_REDIRECT] [Fatal Error] :1:1: Premature end of file.
2024-02-16 11:48:02,423 [ERROR] LogOutputStream:75 - [STDERR_REDIRECT] 
2024-02-16 11:48:03,423 [ERROR] LogOutputStream:75 - [STDERR_REDIRECT] [Fatal Error] :1:1: Premature end of file.
2024-02-16 11:48:03,423 [ERROR] LogOutputStream:75 - [STDERR_REDIRECT] 
2024-02-16 11:48:04,423 [ERROR] LogOutputStream:75 - [STDERR_REDIRECT] [Fatal Error] :1:1: Premature end of file.
2024-02-16 11:48:04,423 [ERROR] LogOutputStream:75 - [STDERR_REDIRECT] 
2024-02-16 11:48:05,423 [ERROR] LogOutputStream:75 - [STDERR_REDIRECT] [Fatal Error] :1:1: Premature end of file.
2024-02-16 11:48:05,423 [ERROR] LogOutputStream:75 - [STDERR_REDIRECT] 
2024-02-16 11:48:06,423 [ERROR] LogOutputStream:75 - [STDERR_REDIRECT] [Fatal Error] :1:1: Premature end of file.
2024-02-16 11:48:06,423 [ERROR] LogOutputStream:75 - [STDERR_REDIRECT] 
2024-02-16 11:48:07,422 [ERROR] LogOutputStream:75 - [STDERR_REDIRECT] [Fatal Error] :1:1: Premature end of file.
2024-02-16 11:48:07,422 [ERROR] LogOutputStream:75 - [STDERR_REDIRECT] 
2024-02-16 11:48:08,422 [ERROR] LogOutputStream:75 - [STDERR_REDIRECT] [Fatal Error] :1:1: Premature end of file.
2024-02-16 11:48:08,422 [ERROR] LogOutputStream:75 - [STDERR_REDIRECT] 
2024-02-16 11:48:09,423 [ERROR] LogOutputStream:75 - [STDERR_REDIRECT] [Fatal Error] :1:1: Premature end of file.
2024-02-16 11:48:09,423 [ERROR] LogOutputStream:75 - [STDERR_REDIRECT] 
2024-02-16 11:48:10,423 [ERROR] LogOutputStream:75 - [STDERR_REDIRECT] [Fatal Error] :1:1: Premature end of file.
2024-02-16 11:48:10,423 [ERROR] LogOutputStream:75 - [STDERR_REDIRECT] 
2024-02-16 11:48:11,422 [ERROR] LogOutputStream:75 - [STDERR_REDIRECT] [Fatal Error] :1:1: Premature end of file.
2024-02-16 11:48:11,423 [ERROR] LogOutputStream:75 - [STDERR_REDIRECT] 
2024-02-16 11:48:12,423 [ERROR] LogOutputStream:75 - [STDERR_REDIRECT] [Fatal Error] :1:1: Premature end of file.
2024-02-16 11:48:12,424 [ERROR] LogOutputStream:75 - [STDERR_REDIRECT] 
2024-02-16 11:48:13,423 [ERROR] LogOutputStream:75 - [STDERR_REDIRECT] [Fatal Error] :1:1: Premature end of file.
2024-02-16 11:48:13,423 [ERROR] LogOutputStream:75 - [STDERR_REDIRECT] 
2024-02-16 11:48:14,422 [ERROR] LogOutputStream:75 - [STDERR_REDIRECT] [Fatal Error] :1:1: Premature end of file.
2024-02-16 11:48:14,422 [ERROR] LogOutputStream:75 - [STDERR_REDIRECT] 
2024-02-16 11:48:15,423 [ERROR] LogOutputStream:75 - [STDERR_REDIRECT] [Fatal Error] :1:1: Premature end of file.
2024-02-16 11:48:15,423 [ERROR] LogOutputStream:75 - [STDERR_REDIRECT] 
2024-02-16 11:48:16,422 [ERROR] LogOutputStream:75 - [STDERR_REDIRECT] [Fatal Error] :1:1: Premature end of file.
2024-02-16 11:48:16,422 [ERROR] LogOutputStream:75 - [STDERR_REDIRECT] 
2024-02-16 11:48:17,423 [ERROR] LogOutputStream:75 - [STDERR_REDIRECT] [Fatal Error] :1:1: Premature end of file.
2024-02-16 11:48:17,423 [ERROR] LogOutputStream:75 - [STDERR_REDIRECT] 
2024-02-16 11:48:18,422 [ERROR] LogOutputStream:75 - [STDERR_REDIRECT] [Fatal Error] :1:1: Premature end of file.
2024-02-16 11:48:18,423 [ERROR] LogOutputStream:75 - [STDERR_REDIRECT] 
2024-02-16 11:48:19,423 [ERROR] LogOutputStream:75 - [STDERR_REDIRECT] [Fatal Error] :1:1: Premature end of file.
2024-02-16 11:48:19,423 [ERROR] LogOutputStream:75 - [STDERR_REDIRECT] 
2024-02-16 11:48:20,422 [ERROR] LogOutputStream:75 - [STDERR_REDIRECT] [Fatal Error] :1:1: Premature end of file.
2024-02-16 11:48:20,423 [ERROR] LogOutputStream:75 - [STDERR_REDIRECT] 
