2024-02-15 16:21:33,733 [INFO] Activator:176 - 


2024-02-15 16:21:33,741 [INFO] Activator:177 - !SESSION log4j initialized
2024-02-15 16:21:41,957 [INFO] LogOutputStream:77 - [STDOUT_REDIRECT] 
2024-02-15 16:21:45,221 [INFO] ApplicationProperties:184 - Using Application install path: C:\ST\STM32CubeIDE_1.14.0\STM32CubeIDE\plugins\com.st.stm32cube.common.mx_6.10.0.202311202037
2024-02-15 16:21:45,251 [INFO] DbMcusXml:78 - Set database path to: C:\ST\STM32CubeIDE_1.14.0\STM32CubeIDE\plugins\com.st.stm32cube.common.mx_6.10.0.202311202037\\db\/mcu/
2024-02-15 16:21:45,251 [INFO] ApiDb:274 - Set plugin database path to: C:\ST\STM32CubeIDE_1.14.0\STM32CubeIDE\plugins\com.st.stm32cube.common.mx_6.10.0.202311202037\\db\/plugins/boardmanager/
2024-02-15 16:21:45,252 [WARN] ApiDb:259 - Overriding images path with different value:  => C:\ST\STM32CubeIDE_1.14.0\STM32CubeIDE\plugins\com.st.stm32cube.common.mx_6.10.0.202311202037\\db\/plugins/mcufinder/images/
2024-02-15 16:21:45,268 [INFO] ApiDb:250 - Set database path to: C:\Users\salma\.stmcufinder\plugins\mcufinder//mcu/
2024-02-15 16:21:45,270 [INFO] DbMcusAds:125 - Set database path to: C:\Users\salma\.stmcufinder\plugins\mcufinder//mcu/
2024-02-15 16:21:45,274 [INFO] CrossReferenceDbSqlite:203 - Set database path to: C:\Users\salma\.stmcufinder\plugins\mcufinder//mcu/cs/
2024-02-15 16:21:45,489 [INFO] RulesReader:64 - Compatibility file has been processed (297 Rules)
2024-02-15 16:21:45,644 [INFO] DbMcusXml:78 - Set database path to: C:\ST\STM32CubeIDE_1.14.0\STM32CubeIDE\plugins\com.st.stm32cube.common.mx_6.10.0.202311202037\\db\/mcu/
2024-02-15 16:21:45,644 [INFO] ApiDb:274 - Set plugin database path to: C:\ST\STM32CubeIDE_1.14.0\STM32CubeIDE\plugins\com.st.stm32cube.common.mx_6.10.0.202311202037\\db\/plugins/boardmanager/
2024-02-15 16:21:45,644 [INFO] ApiDb:261 - Set plugin images path to: C:\ST\STM32CubeIDE_1.14.0\STM32CubeIDE\plugins\com.st.stm32cube.common.mx_6.10.0.202311202037\\db\/plugins/mcufinder/images/
2024-02-15 16:21:45,645 [WARN] DbFile:41 - Overriding database path with different value: C:\Users\salma\.stmcufinder\plugins\mcufinder/ => C:\Users\salma\.stmcufinder\plugins\mcufinder
2024-02-15 16:21:45,645 [INFO] ApiDb:250 - Set database path to: C:\Users\salma\.stmcufinder\plugins\mcufinder//mcu/
2024-02-15 16:21:45,645 [WARN] DbFile:41 - Overriding database path with different value: C:\Users\salma\.stmcufinder\plugins\mcufinder/ => C:\Users\salma\.stmcufinder\plugins\mcufinder
2024-02-15 16:21:45,645 [INFO] DbMcusAds:125 - Set database path to: C:\Users\salma\.stmcufinder\plugins\mcufinder//mcu/
2024-02-15 16:21:45,646 [WARN] DbFile:41 - Overriding database path with different value: C:\Users\salma\.stmcufinder\plugins\mcufinder/ => C:\Users\salma\.stmcufinder\plugins\mcufinder
2024-02-15 16:21:45,646 [WARN] DbFile:41 - Overriding database path with different value: C:\Users\salma\.stmcufinder\plugins\mcufinder/ => C:\Users\salma\.stmcufinder\plugins\mcufinder
2024-02-15 16:21:45,646 [INFO] CrossReferenceDbSqlite:203 - Set database path to: C:\Users\salma\.stmcufinder\plugins\mcufinder//mcu/cs/
2024-02-15 16:21:45,784 [INFO] MainPanel:264 - HeapMemory: 268435456
2024-02-15 16:21:45,927 [INFO] DbMcusXml:78 - Set database path to: C:\ST\STM32CubeIDE_1.14.0\STM32CubeIDE\plugins\com.st.stm32cube.common.mx_6.10.0.202311202037\\db\/mcu/
2024-02-15 16:21:45,927 [INFO] ApiDb:274 - Set plugin database path to: C:\ST\STM32CubeIDE_1.14.0\STM32CubeIDE\plugins\com.st.stm32cube.common.mx_6.10.0.202311202037\\db\/plugins/boardmanager/
2024-02-15 16:21:45,927 [INFO] ApiDb:261 - Set plugin images path to: C:\ST\STM32CubeIDE_1.14.0\STM32CubeIDE\plugins\com.st.stm32cube.common.mx_6.10.0.202311202037\\db\/plugins/mcufinder/images/
2024-02-15 16:21:45,927 [WARN] DbFile:41 - Overriding database path with different value: C:\Users\salma\.stmcufinder\plugins\mcufinder/ => C:\Users\salma\.stmcufinder\plugins\mcufinder
2024-02-15 16:21:45,927 [INFO] ApiDb:250 - Set database path to: C:\Users\salma\.stmcufinder\plugins\mcufinder//mcu/
2024-02-15 16:21:45,927 [WARN] DbFile:41 - Overriding database path with different value: C:\Users\salma\.stmcufinder\plugins\mcufinder/ => C:\Users\salma\.stmcufinder\plugins\mcufinder
2024-02-15 16:21:45,927 [INFO] DbMcusAds:125 - Set database path to: C:\Users\salma\.stmcufinder\plugins\mcufinder//mcu/
2024-02-15 16:21:45,927 [WARN] DbFile:41 - Overriding database path with different value: C:\Users\salma\.stmcufinder\plugins\mcufinder/ => C:\Users\salma\.stmcufinder\plugins\mcufinder
2024-02-15 16:21:45,927 [WARN] DbFile:41 - Overriding database path with different value: C:\Users\salma\.stmcufinder\plugins\mcufinder/ => C:\Users\salma\.stmcufinder\plugins\mcufinder
2024-02-15 16:21:45,928 [INFO] CrossReferenceDbSqlite:203 - Set database path to: C:\Users\salma\.stmcufinder\plugins\mcufinder//mcu/cs/
2024-02-15 16:21:45,953 [INFO] ApplicationProperties:184 - Using Application install path: C:\ST\STM32CubeIDE_1.14.0\STM32CubeIDE\plugins\com.st.stm32cube.common.mx_6.10.0.202311202037
2024-02-15 16:21:45,956 [INFO] PluginManage:196 - Search for loadable plugins [exclusion list=, ]
2024-02-15 16:21:45,958 [INFO] PluginManage:310 - Check plugin analytics
2024-02-15 16:21:46,277 [INFO] AnalyticsPlugin:253 - Accepted Software Licenses: 
2024-02-15 16:21:46,277 [INFO] AnalyticsPlugin:255 - Accepted CMSIS Pack Licenses: 
2024-02-15 16:21:46,278 [INFO] AnalyticsPlugin:257 - Accepted Firmware Licenses: FW.L4.1.18.0
2024-02-15 16:21:46,284 [INFO] PluginManage:359 - Loaded plugin analytics (category:tool,tabindex:-1)
2024-02-15 16:21:46,284 [INFO] PluginManage:310 - Check plugin cadmodel
2024-02-15 16:21:46,304 [INFO] CADModel:105 - Init CAD model plugin
2024-02-15 16:21:46,304 [INFO] PluginManage:359 - Loaded plugin cadmodel (category:power,tabindex:5)
2024-02-15 16:21:46,305 [INFO] PluginManage:310 - Check plugin clock
2024-02-15 16:21:46,333 [INFO] PluginManage:359 - Loaded plugin clock (category:base,tabindex:2)
2024-02-15 16:21:46,333 [INFO] PluginManage:310 - Check plugin ddr
2024-02-15 16:21:46,337 [INFO] PluginManage:359 - Loaded plugin ddr (category:tool,tabindex:6)
2024-02-15 16:21:46,337 [INFO] PluginManage:310 - Check plugin filemanager
2024-02-15 16:21:46,521 [INFO] PluginManage:359 - Loaded plugin filemanager (category:base,tabindex:10)
2024-02-15 16:21:46,521 [INFO] PluginManage:310 - Check plugin ipmanager
2024-02-15 16:21:46,530 [INFO] PluginManage:359 - Loaded plugin ipmanager (category:base,tabindex:5)
2024-02-15 16:21:46,530 [INFO] PluginManage:310 - Check plugin lpbam
2024-02-15 16:21:46,552 [INFO] PluginManage:359 - Loaded plugin lpbam (category:base,tabindex:0)
2024-02-15 16:21:46,552 [INFO] PluginManage:310 - Check plugin memorymap
2024-02-15 16:21:46,580 [INFO] PluginManage:359 - Loaded plugin memorymap (category:base,tabindex:4)
2024-02-15 16:21:46,580 [INFO] PluginManage:310 - Check plugin pinoutandconfiguration
2024-02-15 16:21:46,599 [INFO] PluginManage:359 - Loaded plugin pinoutandconfiguration (category:base,tabindex:1)
2024-02-15 16:21:46,599 [INFO] PluginManage:310 - Check plugin pinoutconfig
2024-02-15 16:21:46,723 [WARN] SupportedApi:132 - Cannot load RTOS API schema: s4s-elt-must-match.1: The content of 'definitions' must match (annotation?, (simpleType | complexType)?, (unique | key | keyref)*)). A problem was found starting at: attribute.
2024-02-15 16:21:46,920 [INFO] PluginManage:359 - Loaded plugin pinoutconfig (category:base,tabindex:0)
2024-02-15 16:21:46,920 [INFO] PluginManage:310 - Check plugin power
2024-02-15 16:21:46,948 [INFO] PluginManage:359 - Loaded plugin power (category:power,tabindex:4)
2024-02-15 16:21:46,948 [INFO] PluginManage:310 - Check plugin projectmanager
2024-02-15 16:21:46,972 [INFO] PluginManage:359 - Loaded plugin projectmanager (category:projectmanager,tabindex:3)
2024-02-15 16:21:46,974 [INFO] PluginManage:310 - Check plugin thirdparty
2024-02-15 16:21:47,412 [INFO] PluginManage:359 - Loaded plugin thirdparty (category:base,tabindex:-1)
2024-02-15 16:21:47,412 [WARN] IntegrityCheckThread:84 - waiting for thirdparty lock release [integrity check]
2024-02-15 16:21:47,412 [INFO] PluginManage:310 - Check plugin tools
2024-02-15 16:21:47,412 [INFO] IntegrityCheckThread:86 - entering critical section [integrity check]
2024-02-15 16:21:47,413 [INFO] ThirdPartyUpdaterWithRetryManager:70 - Updater plugin not ready yet. [1/15]
2024-02-15 16:21:47,454 [INFO] PluginManage:359 - Loaded plugin tools (category:base,tabindex:7)
2024-02-15 16:21:47,454 [INFO] PluginManage:310 - Check plugin tutovideos
2024-02-15 16:21:47,707 [INFO] PluginManage:359 - Loaded plugin tutovideos (category:base,tabindex:-1)
2024-02-15 16:21:47,707 [INFO] PluginManage:310 - Check plugin updater
2024-02-15 16:21:47,723 [INFO] PluginManage:359 - Loaded plugin updater (category:base,tabindex:12)
2024-02-15 16:21:47,723 [INFO] PluginManage:310 - Check plugin userauth
2024-02-15 16:21:47,731 [INFO] UserAuth:114 - Init User Auth plugin
2024-02-15 16:21:47,731 [INFO] PluginManage:359 - Loaded plugin userauth (category:base,tabindex:14)
2024-02-15 16:21:47,732 [INFO] PluginManage:283 - PluginManage : Loaded plugins [17]
2024-02-15 16:21:48,015 [INFO] PinOutPanel:1499 - setPackage(No Configuration,No Configuration)
2024-02-15 16:21:48,110 [INFO] CADModel:165 - CPN selected for project level
2024-02-15 16:21:48,110 [INFO] CADModel:114 - Register for checkConnection events
2024-02-15 16:21:48,142 [INFO] IPUIPlugin:80 - create IPUIPlugin
2024-02-15 16:21:48,142 [INFO] PluginManager:220 - loadIPPluginJar : add adc
2024-02-15 16:21:48,178 [INFO] IPUIPlugin:80 - create IPUIPlugin
2024-02-15 16:21:48,178 [INFO] PluginManager:220 - loadIPPluginJar : add aes
2024-02-15 16:21:48,224 [INFO] IPUIPlugin:80 - create IPUIPlugin
2024-02-15 16:21:48,224 [INFO] PluginManager:220 - loadIPPluginJar : add can
2024-02-15 16:21:48,246 [INFO] IPUIPlugin:80 - create IPUIPlugin
2024-02-15 16:21:48,246 [INFO] PluginManager:220 - loadIPPluginJar : add comp
2024-02-15 16:21:48,281 [INFO] IPUIPlugin:80 - create IPUIPlugin
2024-02-15 16:21:48,281 [INFO] PluginManager:220 - loadIPPluginJar : add cryp
2024-02-15 16:21:48,311 [INFO] IPUIPlugin:80 - create IPUIPlugin
2024-02-15 16:21:48,311 [INFO] PluginManager:220 - loadIPPluginJar : add dfsdm
2024-02-15 16:21:48,328 [INFO] IPUIPlugin:80 - create IPUIPlugin
2024-02-15 16:21:48,329 [INFO] PluginManager:220 - loadIPPluginJar : add dma
2024-02-15 16:21:48,378 [INFO] IPUIPlugin:80 - create IPUIPlugin
2024-02-15 16:21:48,379 [INFO] PluginManager:220 - loadIPPluginJar : add dma3
2024-02-15 16:21:48,399 [INFO] IPUIPlugin:80 - create IPUIPlugin
2024-02-15 16:21:48,399 [INFO] PluginManager:220 - loadIPPluginJar : add fatfs
2024-02-15 16:21:48,446 [INFO] IPUIPlugin:80 - create IPUIPlugin
2024-02-15 16:21:48,446 [INFO] PluginManager:220 - loadIPPluginJar : add fmc
2024-02-15 16:21:48,462 [INFO] IPUIPlugin:80 - create IPUIPlugin
2024-02-15 16:21:48,462 [INFO] PluginManager:220 - loadIPPluginJar : add freertos
2024-02-15 16:21:48,482 [INFO] IPUIPlugin:80 - create IPUIPlugin
2024-02-15 16:21:48,482 [INFO] PluginManager:220 - loadIPPluginJar : add genericplugin
2024-02-15 16:21:48,576 [INFO] IPUIPlugin:80 - create IPUIPlugin
2024-02-15 16:21:48,577 [INFO] PluginManager:220 - loadIPPluginJar : add gfxmmu
2024-02-15 16:21:48,709 [INFO] IPUIPlugin:80 - create IPUIPlugin
2024-02-15 16:21:48,710 [INFO] PluginManager:220 - loadIPPluginJar : add gic
2024-02-15 16:21:48,724 [INFO] IPUIPlugin:80 - create IPUIPlugin
2024-02-15 16:21:48,725 [INFO] PluginManager:220 - loadIPPluginJar : add gpio
2024-02-15 16:21:48,814 [INFO] IPUIPlugin:80 - create IPUIPlugin
2024-02-15 16:21:48,814 [INFO] PluginManager:220 - loadIPPluginJar : add gtzc
2024-02-15 16:21:48,847 [INFO] IPUIPlugin:80 - create IPUIPlugin
2024-02-15 16:21:48,848 [INFO] PluginManager:220 - loadIPPluginJar : add hash
2024-02-15 16:21:48,901 [INFO] IPUIPlugin:80 - create IPUIPlugin
2024-02-15 16:21:48,901 [INFO] PluginManager:220 - loadIPPluginJar : add i2c
2024-02-15 16:21:48,939 [INFO] IPUIPlugin:80 - create IPUIPlugin
2024-02-15 16:21:48,940 [INFO] PluginManager:220 - loadIPPluginJar : add i2s
2024-02-15 16:21:48,980 [INFO] IPUIPlugin:80 - create IPUIPlugin
2024-02-15 16:21:48,981 [INFO] PluginManager:220 - loadIPPluginJar : add i3c
2024-02-15 16:21:49,081 [INFO] IPUIPlugin:80 - create IPUIPlugin
2024-02-15 16:21:49,081 [INFO] PluginManager:220 - loadIPPluginJar : add ipddr
2024-02-15 16:21:49,176 [INFO] IPUIPlugin:80 - create IPUIPlugin
2024-02-15 16:21:49,176 [INFO] PluginManager:220 - loadIPPluginJar : add linkedlist
2024-02-15 16:21:49,215 [INFO] IPUIPlugin:80 - create IPUIPlugin
2024-02-15 16:21:49,215 [INFO] PluginManager:220 - loadIPPluginJar : add lorawan
2024-02-15 16:21:49,252 [INFO] IPUIPlugin:80 - create IPUIPlugin
2024-02-15 16:21:49,253 [INFO] PluginManager:220 - loadIPPluginJar : add ltdc
2024-02-15 16:21:49,267 [INFO] IPUIPlugin:80 - create IPUIPlugin
2024-02-15 16:21:49,267 [INFO] PluginManager:220 - loadIPPluginJar : add mdma
2024-02-15 16:21:49,281 [INFO] IPUIPlugin:80 - create IPUIPlugin
2024-02-15 16:21:49,281 [INFO] PluginManager:220 - loadIPPluginJar : add nvic
2024-02-15 16:21:49,318 [INFO] IPUIPlugin:80 - create IPUIPlugin
2024-02-15 16:21:49,318 [INFO] PluginManager:220 - loadIPPluginJar : add opamp
2024-02-15 16:21:49,382 [INFO] IPUIPlugin:80 - create IPUIPlugin
2024-02-15 16:21:49,382 [INFO] PluginManager:220 - loadIPPluginJar : add openamp
2024-02-15 16:21:49,427 [INFO] IPUIPlugin:80 - create IPUIPlugin
2024-02-15 16:21:49,427 [INFO] PluginManager:220 - loadIPPluginJar : add pdm2pcm
2024-02-15 16:21:49,446 [INFO] IPUIPlugin:80 - create IPUIPlugin
2024-02-15 16:21:49,449 [INFO] PluginManager:220 - loadIPPluginJar : add plateformsettings
2024-02-15 16:21:49,473 [INFO] IPUIPlugin:80 - create IPUIPlugin
2024-02-15 16:21:49,473 [INFO] PluginManager:220 - loadIPPluginJar : add quadspi
2024-02-15 16:21:49,485 [INFO] IPUIPlugin:80 - create IPUIPlugin
2024-02-15 16:21:49,485 [INFO] PluginManager:220 - loadIPPluginJar : add resmgrutility
2024-02-15 16:21:49,534 [INFO] IPUIPlugin:80 - create IPUIPlugin
2024-02-15 16:21:49,534 [INFO] PluginManager:220 - loadIPPluginJar : add sai
2024-02-15 16:21:49,572 [INFO] IPUIPlugin:80 - create IPUIPlugin
2024-02-15 16:21:49,572 [INFO] PluginManager:220 - loadIPPluginJar : add spi
2024-02-15 16:21:49,639 [INFO] IPUIPlugin:80 - create IPUIPlugin
2024-02-15 16:21:49,639 [INFO] PluginManager:220 - loadIPPluginJar : add stm32_wpan
2024-02-15 16:21:49,663 [INFO] IPUIPlugin:80 - create IPUIPlugin
2024-02-15 16:21:49,663 [INFO] PluginManager:220 - loadIPPluginJar : add tim
2024-02-15 16:21:49,720 [INFO] IPUIPlugin:80 - create IPUIPlugin
2024-02-15 16:21:49,721 [INFO] PluginManager:220 - loadIPPluginJar : add touchsensing
2024-02-15 16:21:49,743 [INFO] IPUIPlugin:80 - create IPUIPlugin
2024-02-15 16:21:49,743 [INFO] PluginManager:220 - loadIPPluginJar : add tracer_emb
2024-02-15 16:21:49,766 [INFO] IPUIPlugin:80 - create IPUIPlugin
2024-02-15 16:21:49,767 [INFO] PluginManager:220 - loadIPPluginJar : add ts
2024-02-15 16:21:49,788 [INFO] IPUIPlugin:80 - create IPUIPlugin
2024-02-15 16:21:49,788 [INFO] PluginManager:220 - loadIPPluginJar : add tsc
2024-02-15 16:21:49,810 [INFO] IPUIPlugin:80 - create IPUIPlugin
2024-02-15 16:21:49,810 [INFO] PluginManager:220 - loadIPPluginJar : add ucpd
2024-02-15 16:21:49,852 [INFO] IPUIPlugin:80 - create IPUIPlugin
2024-02-15 16:21:49,852 [INFO] PluginManager:220 - loadIPPluginJar : add usart
2024-02-15 16:21:49,895 [INFO] IPUIPlugin:80 - create IPUIPlugin
2024-02-15 16:21:49,895 [INFO] PluginManager:220 - loadIPPluginJar : add usbx
2024-02-15 16:21:50,030 [INFO] CADModel:165 - CPN selected for project level
2024-02-15 16:21:50,031 [INFO] CADModel:114 - Register for checkConnection events
2024-02-15 16:21:50,031 [FATAL] Updater:308 - Updater called before beeing initialized
2024-02-15 16:21:50,031 [ERROR] CADModel:125 - Updater not yet initialized, retry later 
2024-02-15 16:21:50,222 [INFO] CADModel:165 - CPN selected for project level
2024-02-15 16:21:50,222 [INFO] CADModel:114 - Register for checkConnection events
2024-02-15 16:21:50,222 [FATAL] Updater:308 - Updater called before beeing initialized
2024-02-15 16:21:50,222 [ERROR] CADModel:125 - Updater not yet initialized, retry later 
2024-02-15 16:21:50,226 [FATAL] Updater:308 - Updater called before beeing initialized
2024-02-15 16:21:50,364 [FATAL] Updater:308 - Updater called before beeing initialized
2024-02-15 16:21:50,373 [INFO] DbMcusAds:53 - JSON generation date=Wed Nov 29 04:52:27 CST 2023 (1701255147200)
2024-02-15 16:21:50,374 [FATAL] Updater:308 - Updater called before beeing initialized
2024-02-15 16:21:50,416 [INFO] ThirdPartyUpdaterWithRetryManager:70 - Updater plugin not ready yet. [2/15]
2024-02-15 16:21:50,453 [WARN] DetailPanel:346 - Failed to get advertising image, set to default
2024-02-15 16:21:50,549 [FATAL] Updater:308 - Updater called before beeing initialized
2024-02-15 16:21:50,553 [FATAL] Updater:308 - Updater called before beeing initialized
2024-02-15 16:21:50,553 [FATAL] Updater:308 - Updater called before beeing initialized
2024-02-15 16:21:50,553 [WARN] DetailPanel:346 - Failed to get advertising image, set to default
2024-02-15 16:21:50,554 [FATAL] Updater:308 - Updater called before beeing initialized
2024-02-15 16:21:50,627 [ERROR] Updater:1120 - MainUpdater not yet initialized. External WinMGr cannot be set.
2024-02-15 16:21:50,638 [INFO] Updater:1056 - Updater Version found : 6.10.0
2024-02-15 16:21:50,665 [INFO] ApplicationProperties:184 - Using Application install path: C:\ST\STM32CubeIDE_1.14.0\STM32CubeIDE\plugins\com.st.stm32cube.common.mx_6.10.0.202311202037
2024-02-15 16:21:52,249 [ERROR] LogOutputStream:75 - [STDERR_REDIRECT] Feb 15, 2024 4:21:52 PM java.util.prefs.WindowsPreferences <init>
2024-02-15 16:21:52,250 [ERROR] LogOutputStream:75 - [STDERR_REDIRECT] WARNING: Could not open/create prefs root node Software\JavaSoft\Prefs at root 0xffffffff80000002. Windows RegCreateKeyEx(...) returned error code 5.
2024-02-15 16:21:52,250 [ERROR] LogOutputStream:75 - [STDERR_REDIRECT] 
2024-02-15 16:21:52,704 [INFO] MainUpdater:2873 - connection check result : 10
2024-02-15 16:21:52,705 [INFO] MainUpdater:3567 - Updater definition file requires update
2024-02-15 16:21:52,707 [INFO] MainUpdater:290 - Updater Check For Update Now.
2024-02-15 16:21:52,707 [INFO] MicroXplorer:498 - Change Database Version : DB.6.0.100
2024-02-15 16:21:52,740 [INFO] McuFinderGlobals:63 - Set McuFinder mode to 2 (CubeIDE integrated)
2024-02-15 16:21:52,903 [INFO] ServerAccessManage:473 - Download File updaters.zip
2024-02-15 16:21:53,078 [INFO] FileExtend:240 - Unzip File : updaters.zip
2024-02-15 16:21:53,078 [INFO] FileExtend:255 - Standard Zip Deflate
2024-02-15 16:21:53,194 [INFO] UserAuth:404 - Internet connection configuration mode: 1
2024-02-15 16:21:53,239 [INFO] JxBrowserEngine:152 - Initiate JxBrowser Engine with user profile folder
2024-02-15 16:21:53,417 [WARN] MainUpdater:1194 - Updater busy. Cannot search thirdparties
2024-02-15 16:21:53,418 [INFO] ThirdPartyUpdaterWithRetryManager:96 - Updater plugin is busy. [1/15]
2024-02-15 16:21:53,687 [INFO] ServerAccessManage:473 - Download File PacksControlFlags.xml
2024-02-15 16:21:53,849 [INFO] ServerAccessManage:473 - Download File cubemx.pidx
2024-02-15 16:21:54,037 [INFO] LoadServerUpdatesThread:375 - End of LoadServerUpdate Thread
2024-02-15 16:21:54,277 [INFO] CheckServerUpdateThread:120 - End of CheckServer Thread
2024-02-15 16:21:56,820 [WARN] PackLoader:240 - Cannot read IP mode file for STMicroelectronics.X-CUBE-SMBUS.2.1.0
2024-02-15 16:21:56,875 [WARN] PackLoader:240 - Cannot read IP mode file for STMicroelectronics.X-CUBE-TOUCHGFX.4.23.0
2024-02-15 16:21:56,949 [WARN] PackLoader:240 - Cannot read IP mode file for STMicroelectronics.X-CUBE-AZRTOS-F7.1.1.0
2024-02-15 16:21:56,983 [WARN] PackLoader:240 - Cannot read IP mode file for STMicroelectronics.FP-SNS-MOTENV1.4.3.2
2024-02-15 16:21:57,040 [WARN] PackLoader:240 - Cannot read IP mode file for STMicroelectronics.FP-SNS-FLIGHT1.5.0.2
2024-02-15 16:21:57,072 [WARN] PackLoader:240 - Cannot read IP mode file for STMicroelectronics.X-CUBE-DISPLAY.3.0.0
2024-02-15 16:21:57,138 [WARN] PackLoader:240 - Cannot read IP mode file for STMicroelectronics.X-CUBE-BLE1.7.0.0
2024-02-15 16:21:57,168 [WARN] PackLoader:240 - Cannot read IP mode file for emotas.I-CUBE-CANOPEN.1.3.0
2024-02-15 16:21:57,193 [WARN] PackLoader:240 - Cannot read IP mode file for STMicroelectronics.FP-SNS-SMARTAG2.1.2.0
2024-02-15 16:21:57,231 [INFO] LogOutputStream:77 - [STDOUT_REDIRECT] 1 : Invalid condition id : UX_CORESTACK_Condition cause : null
2024-02-15 16:21:57,232 [INFO] LogOutputStream:77 - [STDOUT_REDIRECT] 1 : Invalid condition id : UX_CORESTACK_Condition cause : null
2024-02-15 16:21:57,234 [INFO] LogOutputStream:77 - [STDOUT_REDIRECT] 1 : Invalid condition id : UX_CORESTACK_Condition cause : null
2024-02-15 16:21:57,236 [INFO] LogOutputStream:77 - [STDOUT_REDIRECT] 1 : Invalid condition id : UX_CORESTACK_Condition cause : null
2024-02-15 16:21:57,238 [INFO] LogOutputStream:77 - [STDOUT_REDIRECT] 1 : Invalid condition id : UX_CORESTACK_Condition cause : null
2024-02-15 16:21:57,248 [WARN] PackLoader:240 - Cannot read IP mode file for STMicroelectronics.X-CUBE-AZRTOS-WL.2.0.0
2024-02-15 16:21:57,266 [INFO] WebApp:161 - Instantiating new browser for Auth
2024-02-15 16:21:57,277 [WARN] PackLoader:240 - Cannot read IP mode file for WES.I-CUBE-Cesium.1.3.0
2024-02-15 16:21:57,362 [WARN] PackLoader:240 - Cannot read IP mode file for STMicroelectronics.X-CUBE-BLE2.3.3.0
2024-02-15 16:21:57,396 [WARN] PackLoader:240 - Cannot read IP mode file for STMicroelectronics.X-CUBE-ALGOBUILD.1.3.0
2024-02-15 16:21:57,447 [WARN] PackLoader:240 - Cannot read IP mode file for STMicroelectronics.X-CUBE-AZRTOS-G0.1.1.0
2024-02-15 16:21:57,500 [WARN] PackLoader:240 - Cannot read IP mode file for STMicroelectronics.X-CUBE-NFC4.3.0.0
2024-02-15 16:21:57,540 [WARN] PackLoader:240 - Cannot read IP mode file for STMicroelectronics.X-CUBE-BLEMGR.3.0.0
2024-02-15 16:21:57,568 [WARN] PackLoader:240 - Cannot read IP mode file for STMicroelectronics.FP-ATR-SIGFOX1.3.2.0
2024-02-15 16:21:57,593 [WARN] PackLoader:240 - Cannot read IP mode file for STMicroelectronics.X-CUBE-EEPRMA1.5.1.0
2024-02-15 16:21:57,659 [WARN] PackLoader:240 - Cannot read IP mode file for SEGGER.I-CUBE-embOS.1.3.1
2024-02-15 16:21:57,746 [WARN] PackLoader:240 - Cannot read IP mode file for STMicroelectronics.X-CUBE-GNSS1.6.0.0
2024-02-15 16:21:57,787 [WARN] PackLoader:240 - Cannot read IP mode file for STMicroelectronics.X-CUBE-AZRTOS-F4.1.1.0
2024-02-15 16:21:57,810 [WARN] PackLoader:240 - Cannot read IP mode file for wolfSSL.I-CUBE-wolfSSL.5.6.6
2024-02-15 16:21:57,859 [WARN] PackLoader:240 - Cannot read IP mode file for STMicroelectronics.X-CUBE-AZRTOS-L5.2.0.0
2024-02-15 16:21:57,887 [WARN] PackLoader:240 - Cannot read IP mode file for STMicroelectronics.X-CUBE-EEPRMA1.4.2.0
2024-02-15 16:21:57,911 [WARN] PackLoader:240 - Cannot read IP mode file for ITTIA_DB.I-CUBE-ITTIADB.8.8.0
2024-02-15 16:21:57,933 [WARN] PackLoader:240 - Cannot read IP mode file for STMicroelectronics.X-CUBE-NFC7.1.0.1
2024-02-15 16:21:57,958 [WARN] PackLoader:240 - Cannot read IP mode file for STMicroelectronics.X-CUBE-NFC6.3.0.0
2024-02-15 16:21:57,981 [WARN] PackLoader:240 - Cannot read IP mode file for STMicroelectronics.X-CUBE-AI.8.1.0
2024-02-15 16:21:58,023 [WARN] ConditionMgr:438 - getConditionDescription Invalid condition id : LAN8742 Phy interface Condition cause : null
2024-02-15 16:21:58,024 [WARN] PackLoader:240 - Cannot read IP mode file for STMicroelectronics.X-CUBE-AZRTOS-L4.2.0.0
2024-02-15 16:21:58,026 [WARN] ConditionMgr:1039 - genDependencies : Invalid condition id : LAN8742 Phy interface Condition cause : null
2024-02-15 16:21:58,027 [WARN] ConditionMgr:1039 - genDependencies : Invalid condition id : LAN8742 Phy interface Condition cause : null
2024-02-15 16:21:58,029 [WARN] ConditionMgr:1039 - genDependencies : Invalid condition id : LAN8742 Phy interface Condition cause : null
2024-02-15 16:21:58,050 [WARN] PackLoader:240 - Cannot read IP mode file for STMicroelectronics.X-CUBE-SFXS2LP1.4.0.0
2024-02-15 16:21:58,082 [WARN] ConditionMgr:438 - getConditionDescription Invalid condition id : UX DEVICE CLASS RTOS Condition cause : null
2024-02-15 16:21:58,083 [WARN] ConditionMgr:438 - getConditionDescription Invalid condition id : UX DEVICE CLASS RTOS Condition cause : null
2024-02-15 16:21:58,086 [WARN] PackLoader:240 - Cannot read IP mode file for STMicroelectronics.X-CUBE-AZRTOS-WB.2.0.0
2024-02-15 16:21:58,086 [WARN] ConditionMgr:1039 - genDependencies : Invalid condition id : UX DEVICE CLASS RTOS Condition cause : null
2024-02-15 16:21:58,087 [WARN] ConditionMgr:1039 - genDependencies : Invalid condition id : UX DEVICE CLASS RTOS Condition cause : null
2024-02-15 16:21:58,087 [WARN] ConditionMgr:1039 - genDependencies : Invalid condition id : UX DEVICE CLASS RTOS Condition cause : null
2024-02-15 16:21:58,088 [WARN] ConditionMgr:1039 - genDependencies : Invalid condition id : UX DEVICE CLASS RTOS Condition cause : null
2024-02-15 16:21:58,088 [WARN] ConditionMgr:1039 - genDependencies : Invalid condition id : UX DEVICE CLASS RTOS Condition cause : null
2024-02-15 16:21:58,118 [WARN] PackLoader:240 - Cannot read IP mode file for STMicroelectronics.X-CUBE-SUBG2.5.0.0
2024-02-15 16:21:58,167 [WARN] PackLoader:240 - Cannot read IP mode file for STMicroelectronics.X-CUBE-AZRTOS-G4.2.0.0
2024-02-15 16:21:58,205 [WARN] PackLoader:240 - Cannot read IP mode file for Infineon.AIROC-Wi-Fi-Bluetooth-STM32.1.5.1
2024-02-15 16:21:58,236 [WARN] PackLoader:240 - Cannot read IP mode file for STMicroelectronics.FP-SNS-MOTENVWB1.1.3.1
2024-02-15 16:21:58,258 [WARN] PackLoader:240 - Cannot read IP mode file for STMicroelectronics.X-CUBE-ISPU.2.0.0
2024-02-15 16:21:58,358 [WARN] PackLoader:240 - Cannot read IP mode file for STMicroelectronics.X-CUBE-MEMS1.10.0.0
2024-02-15 16:21:58,499 [WARN] PackLoader:240 - Cannot read IP mode file for STMicroelectronics.X-CUBE-FREERTOS.1.1.0
2024-02-15 16:21:58,518 [WARN] PackLoader:240 - Cannot read IP mode file for portGmbH.I-Cube-SoM-uGOAL.1.1.0
2024-02-15 16:21:58,537 [WARN] PackLoader:240 - Cannot read IP mode file for STMicroelectronics.X-CUBE-ALS.1.0.1
2024-02-15 16:21:58,558 [WARN] PackLoader:240 - Cannot read IP mode file for STMicroelectronics.FP-ATR-ASTRA1.2.0.0
2024-02-15 16:21:58,584 [WARN] PackLoader:240 - Cannot read IP mode file for STMicroelectronics.X-CUBE-TOF1.3.4.0
2024-02-15 16:21:58,588 [INFO] WebApp:780 - Register for checkConnection events
2024-02-15 16:21:58,589 [INFO] WebApp:414 - Apply proxy settings
2024-02-15 16:21:58,589 [INFO] WebApp:499 - Chromium requires no authentication
2024-02-15 16:21:58,606 [INFO] WebApp:442 - Direct internet connection detected
2024-02-15 16:21:58,627 [WARN] PackLoader:240 - Cannot read IP mode file for STMicroelectronics.X-CUBE-AZRTOS-H7.3.2.0
2024-02-15 16:21:58,630 [INFO] ThirdParty:978 - Integrity check success = true
2024-02-15 16:21:58,630 [INFO] IntegrityCheckThread:100 - exiting critical section [integrity check]
2024-02-15 16:21:58,630 [INFO] IntegrityCheckThread:103 - End integrity checks thread
2024-02-15 16:21:58,961 [INFO] WebApp:192 - Starting web application
2024-02-15 16:21:58,962 [INFO] WebApp:544 - Web application path used C:\ST\STM32CubeIDE_1.14.0\STM32CubeIDE\plugins\com.st.stm32cube.common.mx_6.10.0.202311202037\db\plugins\mcufinder\reactClient1\index.html
2024-02-15 16:22:20,138 [ERROR] LogOutputStream:75 - [STDERR_REDIRECT] SLF4J: Failed to load class "org.slf4j.impl.StaticLoggerBinder".
2024-02-15 16:22:20,139 [ERROR] LogOutputStream:75 - [STDERR_REDIRECT] SLF4J: Defaulting to no-operation (NOP) logger implementation
2024-02-15 16:22:20,139 [ERROR] LogOutputStream:75 - [STDERR_REDIRECT] SLF4J: See http://www.slf4j.org/codes.html#StaticLoggerBinder for further details.
2024-02-15 17:32:43,731 [ERROR] LogOutputStream:75 - [STDERR_REDIRECT] 
2024-02-15 20:04:33,402 [INFO] Activator:176 - 


2024-02-15 20:04:33,406 [INFO] Activator:177 - !SESSION log4j initialized
2024-02-15 20:04:41,491 [INFO] LogOutputStream:77 - [STDOUT_REDIRECT] 
2024-02-15 20:04:43,134 [INFO] ApplicationProperties:184 - Using Application install path: C:\ST\STM32CubeIDE_1.14.0\STM32CubeIDE\plugins\com.st.stm32cube.common.mx_6.10.0.202311202037
2024-02-15 20:04:43,173 [INFO] DbMcusXml:78 - Set database path to: C:\ST\STM32CubeIDE_1.14.0\STM32CubeIDE\plugins\com.st.stm32cube.common.mx_6.10.0.202311202037\\db\/mcu/
2024-02-15 20:04:43,173 [INFO] ApiDb:274 - Set plugin database path to: C:\ST\STM32CubeIDE_1.14.0\STM32CubeIDE\plugins\com.st.stm32cube.common.mx_6.10.0.202311202037\\db\/plugins/boardmanager/
2024-02-15 20:04:43,174 [WARN] ApiDb:259 - Overriding images path with different value:  => C:\ST\STM32CubeIDE_1.14.0\STM32CubeIDE\plugins\com.st.stm32cube.common.mx_6.10.0.202311202037\\db\/plugins/mcufinder/images/
2024-02-15 20:04:43,186 [INFO] ApiDb:250 - Set database path to: C:\Users\salma\.stmcufinder\plugins\mcufinder//mcu/
2024-02-15 20:04:43,188 [INFO] DbMcusAds:125 - Set database path to: C:\Users\salma\.stmcufinder\plugins\mcufinder//mcu/
2024-02-15 20:04:43,193 [INFO] CrossReferenceDbSqlite:203 - Set database path to: C:\Users\salma\.stmcufinder\plugins\mcufinder//mcu/cs/
2024-02-15 20:04:43,356 [INFO] RulesReader:64 - Compatibility file has been processed (297 Rules)
2024-02-15 20:04:43,493 [INFO] DbMcusXml:78 - Set database path to: C:\ST\STM32CubeIDE_1.14.0\STM32CubeIDE\plugins\com.st.stm32cube.common.mx_6.10.0.202311202037\\db\/mcu/
2024-02-15 20:04:43,493 [INFO] ApiDb:274 - Set plugin database path to: C:\ST\STM32CubeIDE_1.14.0\STM32CubeIDE\plugins\com.st.stm32cube.common.mx_6.10.0.202311202037\\db\/plugins/boardmanager/
2024-02-15 20:04:43,494 [INFO] ApiDb:261 - Set plugin images path to: C:\ST\STM32CubeIDE_1.14.0\STM32CubeIDE\plugins\com.st.stm32cube.common.mx_6.10.0.202311202037\\db\/plugins/mcufinder/images/
2024-02-15 20:04:43,494 [WARN] DbFile:41 - Overriding database path with different value: C:\Users\salma\.stmcufinder\plugins\mcufinder/ => C:\Users\salma\.stmcufinder\plugins\mcufinder
2024-02-15 20:04:43,494 [INFO] ApiDb:250 - Set database path to: C:\Users\salma\.stmcufinder\plugins\mcufinder//mcu/
2024-02-15 20:04:43,494 [WARN] DbFile:41 - Overriding database path with different value: C:\Users\salma\.stmcufinder\plugins\mcufinder/ => C:\Users\salma\.stmcufinder\plugins\mcufinder
2024-02-15 20:04:43,494 [INFO] DbMcusAds:125 - Set database path to: C:\Users\salma\.stmcufinder\plugins\mcufinder//mcu/
2024-02-15 20:04:43,496 [WARN] DbFile:41 - Overriding database path with different value: C:\Users\salma\.stmcufinder\plugins\mcufinder/ => C:\Users\salma\.stmcufinder\plugins\mcufinder
2024-02-15 20:04:43,496 [WARN] DbFile:41 - Overriding database path with different value: C:\Users\salma\.stmcufinder\plugins\mcufinder/ => C:\Users\salma\.stmcufinder\plugins\mcufinder
2024-02-15 20:04:43,496 [INFO] CrossReferenceDbSqlite:203 - Set database path to: C:\Users\salma\.stmcufinder\plugins\mcufinder//mcu/cs/
2024-02-15 20:04:43,623 [INFO] MainPanel:264 - HeapMemory: 268435456
2024-02-15 20:04:43,772 [INFO] DbMcusXml:78 - Set database path to: C:\ST\STM32CubeIDE_1.14.0\STM32CubeIDE\plugins\com.st.stm32cube.common.mx_6.10.0.202311202037\\db\/mcu/
2024-02-15 20:04:43,772 [INFO] ApiDb:274 - Set plugin database path to: C:\ST\STM32CubeIDE_1.14.0\STM32CubeIDE\plugins\com.st.stm32cube.common.mx_6.10.0.202311202037\\db\/plugins/boardmanager/
2024-02-15 20:04:43,772 [INFO] ApiDb:261 - Set plugin images path to: C:\ST\STM32CubeIDE_1.14.0\STM32CubeIDE\plugins\com.st.stm32cube.common.mx_6.10.0.202311202037\\db\/plugins/mcufinder/images/
2024-02-15 20:04:43,773 [WARN] DbFile:41 - Overriding database path with different value: C:\Users\salma\.stmcufinder\plugins\mcufinder/ => C:\Users\salma\.stmcufinder\plugins\mcufinder
2024-02-15 20:04:43,773 [INFO] ApiDb:250 - Set database path to: C:\Users\salma\.stmcufinder\plugins\mcufinder//mcu/
2024-02-15 20:04:43,773 [WARN] DbFile:41 - Overriding database path with different value: C:\Users\salma\.stmcufinder\plugins\mcufinder/ => C:\Users\salma\.stmcufinder\plugins\mcufinder
2024-02-15 20:04:43,773 [INFO] DbMcusAds:125 - Set database path to: C:\Users\salma\.stmcufinder\plugins\mcufinder//mcu/
2024-02-15 20:04:43,773 [WARN] DbFile:41 - Overriding database path with different value: C:\Users\salma\.stmcufinder\plugins\mcufinder/ => C:\Users\salma\.stmcufinder\plugins\mcufinder
2024-02-15 20:04:43,773 [WARN] DbFile:41 - Overriding database path with different value: C:\Users\salma\.stmcufinder\plugins\mcufinder/ => C:\Users\salma\.stmcufinder\plugins\mcufinder
2024-02-15 20:04:43,774 [INFO] CrossReferenceDbSqlite:203 - Set database path to: C:\Users\salma\.stmcufinder\plugins\mcufinder//mcu/cs/
2024-02-15 20:04:43,802 [INFO] ApplicationProperties:184 - Using Application install path: C:\ST\STM32CubeIDE_1.14.0\STM32CubeIDE\plugins\com.st.stm32cube.common.mx_6.10.0.202311202037
2024-02-15 20:04:43,805 [INFO] PluginManage:196 - Search for loadable plugins [exclusion list=, ]
2024-02-15 20:04:43,807 [INFO] PluginManage:310 - Check plugin analytics
2024-02-15 20:04:44,133 [INFO] AnalyticsPlugin:253 - Accepted Software Licenses: 
2024-02-15 20:04:44,134 [INFO] AnalyticsPlugin:255 - Accepted CMSIS Pack Licenses: 
2024-02-15 20:04:44,134 [INFO] AnalyticsPlugin:257 - Accepted Firmware Licenses: FW.L4.1.18.0
2024-02-15 20:04:44,141 [INFO] PluginManage:359 - Loaded plugin analytics (category:tool,tabindex:-1)
2024-02-15 20:04:44,141 [INFO] PluginManage:310 - Check plugin cadmodel
2024-02-15 20:04:44,151 [INFO] CADModel:105 - Init CAD model plugin
2024-02-15 20:04:44,153 [INFO] PluginManage:359 - Loaded plugin cadmodel (category:power,tabindex:5)
2024-02-15 20:04:44,153 [INFO] PluginManage:310 - Check plugin clock
2024-02-15 20:04:44,178 [INFO] PluginManage:359 - Loaded plugin clock (category:base,tabindex:2)
2024-02-15 20:04:44,179 [INFO] PluginManage:310 - Check plugin ddr
2024-02-15 20:04:44,182 [INFO] PluginManage:359 - Loaded plugin ddr (category:tool,tabindex:6)
2024-02-15 20:04:44,184 [INFO] PluginManage:310 - Check plugin filemanager
2024-02-15 20:04:44,419 [INFO] PluginManage:359 - Loaded plugin filemanager (category:base,tabindex:10)
2024-02-15 20:04:44,419 [INFO] PluginManage:310 - Check plugin ipmanager
2024-02-15 20:04:44,431 [INFO] PluginManage:359 - Loaded plugin ipmanager (category:base,tabindex:5)
2024-02-15 20:04:44,432 [INFO] PluginManage:310 - Check plugin lpbam
2024-02-15 20:04:44,446 [INFO] PluginManage:359 - Loaded plugin lpbam (category:base,tabindex:0)
2024-02-15 20:04:44,446 [INFO] PluginManage:310 - Check plugin memorymap
2024-02-15 20:04:44,470 [INFO] PluginManage:359 - Loaded plugin memorymap (category:base,tabindex:4)
2024-02-15 20:04:44,470 [INFO] PluginManage:310 - Check plugin pinoutandconfiguration
2024-02-15 20:04:44,482 [INFO] PluginManage:359 - Loaded plugin pinoutandconfiguration (category:base,tabindex:1)
2024-02-15 20:04:44,483 [INFO] PluginManage:310 - Check plugin pinoutconfig
2024-02-15 20:04:44,620 [WARN] SupportedApi:132 - Cannot load RTOS API schema: s4s-elt-must-match.1: The content of 'definitions' must match (annotation?, (simpleType | complexType)?, (unique | key | keyref)*)). A problem was found starting at: attribute.
2024-02-15 20:04:44,826 [INFO] PluginManage:359 - Loaded plugin pinoutconfig (category:base,tabindex:0)
2024-02-15 20:04:44,826 [INFO] PluginManage:310 - Check plugin power
2024-02-15 20:04:44,846 [INFO] PluginManage:359 - Loaded plugin power (category:power,tabindex:4)
2024-02-15 20:04:44,847 [INFO] PluginManage:310 - Check plugin projectmanager
2024-02-15 20:04:44,877 [INFO] PluginManage:359 - Loaded plugin projectmanager (category:projectmanager,tabindex:3)
2024-02-15 20:04:44,877 [INFO] PluginManage:310 - Check plugin thirdparty
2024-02-15 20:04:45,114 [WARN] IntegrityCheckThread:84 - waiting for thirdparty lock release [integrity check]
2024-02-15 20:04:45,114 [INFO] PluginManage:359 - Loaded plugin thirdparty (category:base,tabindex:-1)
2024-02-15 20:04:45,114 [INFO] IntegrityCheckThread:86 - entering critical section [integrity check]
2024-02-15 20:04:45,114 [INFO] PluginManage:310 - Check plugin tools
2024-02-15 20:04:45,115 [INFO] ThirdPartyUpdaterWithRetryManager:70 - Updater plugin not ready yet. [1/15]
2024-02-15 20:04:45,120 [INFO] PluginManage:359 - Loaded plugin tools (category:base,tabindex:7)
2024-02-15 20:04:45,120 [INFO] PluginManage:310 - Check plugin tutovideos
2024-02-15 20:04:45,453 [INFO] PluginManage:359 - Loaded plugin tutovideos (category:base,tabindex:-1)
2024-02-15 20:04:45,453 [INFO] PluginManage:310 - Check plugin updater
2024-02-15 20:04:45,472 [INFO] PluginManage:359 - Loaded plugin updater (category:base,tabindex:12)
2024-02-15 20:04:45,472 [INFO] PluginManage:310 - Check plugin userauth
2024-02-15 20:04:45,481 [INFO] UserAuth:114 - Init User Auth plugin
2024-02-15 20:04:45,481 [INFO] PluginManage:359 - Loaded plugin userauth (category:base,tabindex:14)
2024-02-15 20:04:45,481 [INFO] PluginManage:283 - PluginManage : Loaded plugins [17]
2024-02-15 20:04:45,830 [INFO] PinOutPanel:1499 - setPackage(No Configuration,No Configuration)
2024-02-15 20:04:45,939 [INFO] CADModel:165 - CPN selected for project level
2024-02-15 20:04:45,939 [INFO] CADModel:114 - Register for checkConnection events
2024-02-15 20:04:45,966 [INFO] IPUIPlugin:80 - create IPUIPlugin
2024-02-15 20:04:45,966 [INFO] PluginManager:220 - loadIPPluginJar : add adc
2024-02-15 20:04:45,970 [INFO] IPUIPlugin:80 - create IPUIPlugin
2024-02-15 20:04:45,970 [INFO] PluginManager:220 - loadIPPluginJar : add aes
2024-02-15 20:04:45,974 [INFO] IPUIPlugin:80 - create IPUIPlugin
2024-02-15 20:04:45,975 [INFO] PluginManager:220 - loadIPPluginJar : add can
2024-02-15 20:04:45,978 [INFO] IPUIPlugin:80 - create IPUIPlugin
2024-02-15 20:04:45,978 [INFO] PluginManager:220 - loadIPPluginJar : add comp
2024-02-15 20:04:45,981 [INFO] IPUIPlugin:80 - create IPUIPlugin
2024-02-15 20:04:45,982 [INFO] PluginManager:220 - loadIPPluginJar : add cryp
2024-02-15 20:04:45,985 [INFO] IPUIPlugin:80 - create IPUIPlugin
2024-02-15 20:04:45,986 [INFO] PluginManager:220 - loadIPPluginJar : add dfsdm
2024-02-15 20:04:45,995 [INFO] IPUIPlugin:80 - create IPUIPlugin
2024-02-15 20:04:45,996 [INFO] PluginManager:220 - loadIPPluginJar : add dma
2024-02-15 20:04:46,001 [INFO] IPUIPlugin:80 - create IPUIPlugin
2024-02-15 20:04:46,001 [INFO] PluginManager:220 - loadIPPluginJar : add dma3
2024-02-15 20:04:46,004 [INFO] IPUIPlugin:80 - create IPUIPlugin
2024-02-15 20:04:46,004 [INFO] PluginManager:220 - loadIPPluginJar : add fatfs
2024-02-15 20:04:46,011 [INFO] IPUIPlugin:80 - create IPUIPlugin
2024-02-15 20:04:46,011 [INFO] PluginManager:220 - loadIPPluginJar : add fmc
2024-02-15 20:04:46,020 [INFO] IPUIPlugin:80 - create IPUIPlugin
2024-02-15 20:04:46,021 [INFO] PluginManager:220 - loadIPPluginJar : add freertos
2024-02-15 20:04:46,024 [INFO] IPUIPlugin:80 - create IPUIPlugin
2024-02-15 20:04:46,024 [INFO] PluginManager:220 - loadIPPluginJar : add genericplugin
2024-02-15 20:04:46,030 [INFO] IPUIPlugin:80 - create IPUIPlugin
2024-02-15 20:04:46,030 [INFO] PluginManager:220 - loadIPPluginJar : add gfxmmu
2024-02-15 20:04:46,039 [INFO] IPUIPlugin:80 - create IPUIPlugin
2024-02-15 20:04:46,039 [INFO] PluginManager:220 - loadIPPluginJar : add gic
2024-02-15 20:04:46,047 [INFO] IPUIPlugin:80 - create IPUIPlugin
2024-02-15 20:04:46,047 [INFO] PluginManager:220 - loadIPPluginJar : add gpio
2024-02-15 20:04:46,051 [INFO] IPUIPlugin:80 - create IPUIPlugin
2024-02-15 20:04:46,052 [INFO] PluginManager:220 - loadIPPluginJar : add gtzc
2024-02-15 20:04:46,057 [INFO] IPUIPlugin:80 - create IPUIPlugin
2024-02-15 20:04:46,058 [INFO] PluginManager:220 - loadIPPluginJar : add hash
2024-02-15 20:04:46,061 [INFO] IPUIPlugin:80 - create IPUIPlugin
2024-02-15 20:04:46,063 [INFO] PluginManager:220 - loadIPPluginJar : add i2c
2024-02-15 20:04:46,067 [INFO] IPUIPlugin:80 - create IPUIPlugin
2024-02-15 20:04:46,067 [INFO] PluginManager:220 - loadIPPluginJar : add i2s
2024-02-15 20:04:46,071 [INFO] IPUIPlugin:80 - create IPUIPlugin
2024-02-15 20:04:46,071 [INFO] PluginManager:220 - loadIPPluginJar : add i3c
2024-02-15 20:04:46,076 [INFO] IPUIPlugin:80 - create IPUIPlugin
2024-02-15 20:04:46,076 [INFO] PluginManager:220 - loadIPPluginJar : add ipddr
2024-02-15 20:04:46,089 [INFO] IPUIPlugin:80 - create IPUIPlugin
2024-02-15 20:04:46,089 [INFO] PluginManager:220 - loadIPPluginJar : add linkedlist
2024-02-15 20:04:46,094 [INFO] IPUIPlugin:80 - create IPUIPlugin
2024-02-15 20:04:46,094 [INFO] PluginManager:220 - loadIPPluginJar : add lorawan
2024-02-15 20:04:46,098 [INFO] IPUIPlugin:80 - create IPUIPlugin
2024-02-15 20:04:46,098 [INFO] PluginManager:220 - loadIPPluginJar : add ltdc
2024-02-15 20:04:46,110 [INFO] IPUIPlugin:80 - create IPUIPlugin
2024-02-15 20:04:46,111 [INFO] PluginManager:220 - loadIPPluginJar : add mdma
2024-02-15 20:04:46,117 [INFO] IPUIPlugin:80 - create IPUIPlugin
2024-02-15 20:04:46,117 [INFO] PluginManager:220 - loadIPPluginJar : add nvic
2024-02-15 20:04:46,124 [INFO] IPUIPlugin:80 - create IPUIPlugin
2024-02-15 20:04:46,124 [INFO] PluginManager:220 - loadIPPluginJar : add opamp
2024-02-15 20:04:46,131 [INFO] IPUIPlugin:80 - create IPUIPlugin
2024-02-15 20:04:46,132 [INFO] PluginManager:220 - loadIPPluginJar : add openamp
2024-02-15 20:04:46,139 [INFO] IPUIPlugin:80 - create IPUIPlugin
2024-02-15 20:04:46,139 [INFO] PluginManager:220 - loadIPPluginJar : add pdm2pcm
2024-02-15 20:04:46,152 [INFO] IPUIPlugin:80 - create IPUIPlugin
2024-02-15 20:04:46,156 [INFO] PluginManager:220 - loadIPPluginJar : add plateformsettings
2024-02-15 20:04:46,160 [INFO] IPUIPlugin:80 - create IPUIPlugin
2024-02-15 20:04:46,160 [INFO] PluginManager:220 - loadIPPluginJar : add quadspi
2024-02-15 20:04:46,168 [INFO] IPUIPlugin:80 - create IPUIPlugin
2024-02-15 20:04:46,168 [INFO] PluginManager:220 - loadIPPluginJar : add resmgrutility
2024-02-15 20:04:46,174 [INFO] IPUIPlugin:80 - create IPUIPlugin
2024-02-15 20:04:46,174 [INFO] PluginManager:220 - loadIPPluginJar : add sai
2024-02-15 20:04:46,180 [INFO] IPUIPlugin:80 - create IPUIPlugin
2024-02-15 20:04:46,180 [INFO] PluginManager:220 - loadIPPluginJar : add spi
2024-02-15 20:04:46,190 [INFO] IPUIPlugin:80 - create IPUIPlugin
2024-02-15 20:04:46,190 [INFO] PluginManager:220 - loadIPPluginJar : add stm32_wpan
2024-02-15 20:04:46,193 [INFO] IPUIPlugin:80 - create IPUIPlugin
2024-02-15 20:04:46,193 [INFO] PluginManager:220 - loadIPPluginJar : add tim
2024-02-15 20:04:46,199 [INFO] IPUIPlugin:80 - create IPUIPlugin
2024-02-15 20:04:46,199 [INFO] PluginManager:220 - loadIPPluginJar : add touchsensing
2024-02-15 20:04:46,203 [INFO] IPUIPlugin:80 - create IPUIPlugin
2024-02-15 20:04:46,203 [INFO] PluginManager:220 - loadIPPluginJar : add tracer_emb
2024-02-15 20:04:46,207 [INFO] IPUIPlugin:80 - create IPUIPlugin
2024-02-15 20:04:46,208 [INFO] PluginManager:220 - loadIPPluginJar : add ts
2024-02-15 20:04:46,211 [INFO] IPUIPlugin:80 - create IPUIPlugin
2024-02-15 20:04:46,211 [INFO] PluginManager:220 - loadIPPluginJar : add tsc
2024-02-15 20:04:46,215 [INFO] IPUIPlugin:80 - create IPUIPlugin
2024-02-15 20:04:46,216 [INFO] PluginManager:220 - loadIPPluginJar : add ucpd
2024-02-15 20:04:46,220 [INFO] IPUIPlugin:80 - create IPUIPlugin
2024-02-15 20:04:46,221 [INFO] PluginManager:220 - loadIPPluginJar : add usart
2024-02-15 20:04:46,227 [INFO] IPUIPlugin:80 - create IPUIPlugin
2024-02-15 20:04:46,227 [INFO] PluginManager:220 - loadIPPluginJar : add usbx
2024-02-15 20:04:46,428 [INFO] CADModel:165 - CPN selected for project level
2024-02-15 20:04:46,428 [INFO] CADModel:114 - Register for checkConnection events
2024-02-15 20:04:46,430 [FATAL] Updater:308 - Updater called before beeing initialized
2024-02-15 20:04:46,430 [ERROR] CADModel:125 - Updater not yet initialized, retry later 
2024-02-15 20:04:46,683 [INFO] CADModel:165 - CPN selected for project level
2024-02-15 20:04:46,683 [INFO] CADModel:114 - Register for checkConnection events
2024-02-15 20:04:46,685 [FATAL] Updater:308 - Updater called before beeing initialized
2024-02-15 20:04:46,685 [ERROR] CADModel:125 - Updater not yet initialized, retry later 
2024-02-15 20:04:46,691 [FATAL] Updater:308 - Updater called before beeing initialized
2024-02-15 20:04:46,879 [FATAL] Updater:308 - Updater called before beeing initialized
2024-02-15 20:04:46,884 [INFO] DbMcusAds:53 - JSON generation date=Wed Nov 29 04:52:27 CST 2023 (1701255147200)
2024-02-15 20:04:46,884 [FATAL] Updater:308 - Updater called before beeing initialized
2024-02-15 20:04:46,933 [WARN] DetailPanel:346 - Failed to get advertising image, set to default
2024-02-15 20:04:47,039 [FATAL] Updater:308 - Updater called before beeing initialized
2024-02-15 20:04:47,041 [FATAL] Updater:308 - Updater called before beeing initialized
2024-02-15 20:04:47,041 [FATAL] Updater:308 - Updater called before beeing initialized
2024-02-15 20:04:47,041 [WARN] DetailPanel:346 - Failed to get advertising image, set to default
2024-02-15 20:04:47,043 [FATAL] Updater:308 - Updater called before beeing initialized
2024-02-15 20:04:47,123 [ERROR] Updater:1120 - MainUpdater not yet initialized. External WinMGr cannot be set.
2024-02-15 20:04:47,127 [INFO] Updater:1056 - Updater Version found : 6.10.0
2024-02-15 20:04:47,160 [INFO] ApplicationProperties:184 - Using Application install path: C:\ST\STM32CubeIDE_1.14.0\STM32CubeIDE\plugins\com.st.stm32cube.common.mx_6.10.0.202311202037
2024-02-15 20:04:48,116 [INFO] ThirdPartyUpdaterWithRetryManager:70 - Updater plugin not ready yet. [2/15]
2024-02-15 20:04:48,754 [ERROR] LogOutputStream:75 - [STDERR_REDIRECT] Feb 15, 2024 8:04:48 PM java.util.prefs.WindowsPreferences <init>
2024-02-15 20:04:48,756 [ERROR] LogOutputStream:75 - [STDERR_REDIRECT] WARNING: Could not open/create prefs root node Software\JavaSoft\Prefs at root 0xffffffff80000002. Windows RegCreateKeyEx(...) returned error code 5.
2024-02-15 20:04:48,757 [ERROR] LogOutputStream:75 - [STDERR_REDIRECT] 
2024-02-15 20:04:49,369 [INFO] MainUpdater:2873 - connection check result : 10
2024-02-15 20:04:49,370 [INFO] MainUpdater:290 - Updater Check For Update Now.
2024-02-15 20:04:49,371 [INFO] MicroXplorer:498 - Change Database Version : DB.6.0.100
2024-02-15 20:04:49,390 [INFO] McuFinderGlobals:63 - Set McuFinder mode to 2 (CubeIDE integrated)
2024-02-15 20:04:49,658 [INFO] CheckServerUpdateThread:120 - End of CheckServer Thread
2024-02-15 20:04:49,829 [INFO] UserAuth:404 - Internet connection configuration mode: 1
2024-02-15 20:04:49,861 [INFO] JxBrowserEngine:152 - Initiate JxBrowser Engine with user profile folder
2024-02-15 20:04:51,495 [WARN] PackLoader:240 - Cannot read IP mode file for STMicroelectronics.X-CUBE-SMBUS.2.1.0
2024-02-15 20:04:51,512 [WARN] PackLoader:240 - Cannot read IP mode file for STMicroelectronics.X-CUBE-TOUCHGFX.4.23.0
2024-02-15 20:04:51,569 [WARN] PackLoader:240 - Cannot read IP mode file for STMicroelectronics.X-CUBE-AZRTOS-F7.1.1.0
2024-02-15 20:04:51,588 [WARN] PackLoader:240 - Cannot read IP mode file for STMicroelectronics.FP-SNS-MOTENV1.4.3.2
2024-02-15 20:04:51,600 [WARN] PackLoader:240 - Cannot read IP mode file for STMicroelectronics.FP-SNS-FLIGHT1.5.0.2
2024-02-15 20:04:51,616 [WARN] PackLoader:240 - Cannot read IP mode file for STMicroelectronics.X-CUBE-DISPLAY.3.0.0
2024-02-15 20:04:51,630 [INFO] WebApp:161 - Instantiating new browser for Auth
2024-02-15 20:04:51,644 [WARN] PackLoader:240 - Cannot read IP mode file for STMicroelectronics.X-CUBE-BLE1.7.0.0
2024-02-15 20:04:51,656 [WARN] PackLoader:240 - Cannot read IP mode file for emotas.I-CUBE-CANOPEN.1.3.0
2024-02-15 20:04:51,667 [WARN] PackLoader:240 - Cannot read IP mode file for STMicroelectronics.FP-SNS-SMARTAG2.1.2.0
2024-02-15 20:04:51,692 [INFO] LogOutputStream:77 - [STDOUT_REDIRECT] 1 : Invalid condition id : UX_CORESTACK_Condition cause : null
2024-02-15 20:04:51,693 [INFO] LogOutputStream:77 - [STDOUT_REDIRECT] 1 : Invalid condition id : UX_CORESTACK_Condition cause : null
2024-02-15 20:04:51,695 [INFO] LogOutputStream:77 - [STDOUT_REDIRECT] 1 : Invalid condition id : UX_CORESTACK_Condition cause : null
2024-02-15 20:04:51,698 [INFO] LogOutputStream:77 - [STDOUT_REDIRECT] 1 : Invalid condition id : UX_CORESTACK_Condition cause : null
2024-02-15 20:04:51,700 [INFO] LogOutputStream:77 - [STDOUT_REDIRECT] 1 : Invalid condition id : UX_CORESTACK_Condition cause : null
2024-02-15 20:04:51,709 [WARN] PackLoader:240 - Cannot read IP mode file for STMicroelectronics.X-CUBE-AZRTOS-WL.2.0.0
2024-02-15 20:04:51,730 [WARN] PackLoader:240 - Cannot read IP mode file for WES.I-CUBE-Cesium.1.3.0
2024-02-15 20:04:51,754 [WARN] PackLoader:240 - Cannot read IP mode file for STMicroelectronics.X-CUBE-BLE2.3.3.0
2024-02-15 20:04:51,767 [WARN] PackLoader:240 - Cannot read IP mode file for STMicroelectronics.X-CUBE-ALGOBUILD.1.3.0
2024-02-15 20:04:51,802 [WARN] PackLoader:240 - Cannot read IP mode file for STMicroelectronics.X-CUBE-AZRTOS-G0.1.1.0
2024-02-15 20:04:51,818 [WARN] PackLoader:240 - Cannot read IP mode file for STMicroelectronics.X-CUBE-NFC4.3.0.0
2024-02-15 20:04:51,839 [WARN] PackLoader:240 - Cannot read IP mode file for STMicroelectronics.X-CUBE-BLEMGR.3.0.0
2024-02-15 20:04:51,851 [WARN] PackLoader:240 - Cannot read IP mode file for STMicroelectronics.FP-ATR-SIGFOX1.3.2.0
2024-02-15 20:04:51,863 [WARN] PackLoader:240 - Cannot read IP mode file for STMicroelectronics.X-CUBE-EEPRMA1.5.1.0
2024-02-15 20:04:51,909 [WARN] PackLoader:240 - Cannot read IP mode file for SEGGER.I-CUBE-embOS.1.3.1
2024-02-15 20:04:51,972 [WARN] PackLoader:240 - Cannot read IP mode file for STMicroelectronics.X-CUBE-GNSS1.6.0.0
2024-02-15 20:04:52,002 [WARN] PackLoader:240 - Cannot read IP mode file for STMicroelectronics.X-CUBE-AZRTOS-F4.1.1.0
2024-02-15 20:04:52,015 [WARN] PackLoader:240 - Cannot read IP mode file for wolfSSL.I-CUBE-wolfSSL.5.6.6
2024-02-15 20:04:52,050 [WARN] PackLoader:240 - Cannot read IP mode file for STMicroelectronics.X-CUBE-AZRTOS-L5.2.0.0
2024-02-15 20:04:52,063 [WARN] PackLoader:240 - Cannot read IP mode file for STMicroelectronics.X-CUBE-EEPRMA1.4.2.0
2024-02-15 20:04:52,073 [WARN] PackLoader:240 - Cannot read IP mode file for ITTIA_DB.I-CUBE-ITTIADB.8.8.0
2024-02-15 20:04:52,082 [WARN] PackLoader:240 - Cannot read IP mode file for STMicroelectronics.X-CUBE-NFC7.1.0.1
2024-02-15 20:04:52,111 [WARN] PackLoader:240 - Cannot read IP mode file for STMicroelectronics.X-CUBE-NFC6.3.0.0
2024-02-15 20:04:52,124 [WARN] PackLoader:240 - Cannot read IP mode file for STMicroelectronics.X-CUBE-AI.8.1.0
2024-02-15 20:04:52,168 [WARN] ConditionMgr:438 - getConditionDescription Invalid condition id : LAN8742 Phy interface Condition cause : null
2024-02-15 20:04:52,169 [WARN] PackLoader:240 - Cannot read IP mode file for STMicroelectronics.X-CUBE-AZRTOS-L4.2.0.0
2024-02-15 20:04:52,171 [WARN] ConditionMgr:1039 - genDependencies : Invalid condition id : LAN8742 Phy interface Condition cause : null
2024-02-15 20:04:52,172 [WARN] ConditionMgr:1039 - genDependencies : Invalid condition id : LAN8742 Phy interface Condition cause : null
2024-02-15 20:04:52,173 [WARN] ConditionMgr:1039 - genDependencies : Invalid condition id : LAN8742 Phy interface Condition cause : null
2024-02-15 20:04:52,198 [WARN] PackLoader:240 - Cannot read IP mode file for STMicroelectronics.X-CUBE-SFXS2LP1.4.0.0
2024-02-15 20:04:52,271 [WARN] ConditionMgr:438 - getConditionDescription Invalid condition id : UX DEVICE CLASS RTOS Condition cause : null
2024-02-15 20:04:52,272 [WARN] ConditionMgr:438 - getConditionDescription Invalid condition id : UX DEVICE CLASS RTOS Condition cause : null
2024-02-15 20:04:52,278 [WARN] PackLoader:240 - Cannot read IP mode file for STMicroelectronics.X-CUBE-AZRTOS-WB.2.0.0
2024-02-15 20:04:52,280 [WARN] ConditionMgr:1039 - genDependencies : Invalid condition id : UX DEVICE CLASS RTOS Condition cause : null
2024-02-15 20:04:52,280 [WARN] ConditionMgr:1039 - genDependencies : Invalid condition id : UX DEVICE CLASS RTOS Condition cause : null
2024-02-15 20:04:52,282 [WARN] ConditionMgr:1039 - genDependencies : Invalid condition id : UX DEVICE CLASS RTOS Condition cause : null
2024-02-15 20:04:52,283 [WARN] ConditionMgr:1039 - genDependencies : Invalid condition id : UX DEVICE CLASS RTOS Condition cause : null
2024-02-15 20:04:52,284 [WARN] ConditionMgr:1039 - genDependencies : Invalid condition id : UX DEVICE CLASS RTOS Condition cause : null
2024-02-15 20:04:52,309 [WARN] PackLoader:240 - Cannot read IP mode file for STMicroelectronics.X-CUBE-SUBG2.5.0.0
2024-02-15 20:04:52,366 [WARN] PackLoader:240 - Cannot read IP mode file for STMicroelectronics.X-CUBE-AZRTOS-G4.2.0.0
2024-02-15 20:04:52,394 [WARN] PackLoader:240 - Cannot read IP mode file for Infineon.AIROC-Wi-Fi-Bluetooth-STM32.1.5.1
2024-02-15 20:04:52,407 [WARN] PackLoader:240 - Cannot read IP mode file for STMicroelectronics.FP-SNS-MOTENVWB1.1.3.1
2024-02-15 20:04:52,416 [WARN] PackLoader:240 - Cannot read IP mode file for STMicroelectronics.X-CUBE-ISPU.2.0.0
2024-02-15 20:04:52,480 [WARN] PackLoader:240 - Cannot read IP mode file for STMicroelectronics.X-CUBE-MEMS1.10.0.0
2024-02-15 20:04:52,731 [WARN] PackLoader:240 - Cannot read IP mode file for STMicroelectronics.X-CUBE-FREERTOS.1.1.0
2024-02-15 20:04:52,738 [WARN] PackLoader:240 - Cannot read IP mode file for portGmbH.I-Cube-SoM-uGOAL.1.1.0
2024-02-15 20:04:52,745 [WARN] PackLoader:240 - Cannot read IP mode file for STMicroelectronics.X-CUBE-ALS.1.0.1
2024-02-15 20:04:52,752 [WARN] PackLoader:240 - Cannot read IP mode file for STMicroelectronics.FP-ATR-ASTRA1.2.0.0
2024-02-15 20:04:52,767 [WARN] PackLoader:240 - Cannot read IP mode file for STMicroelectronics.X-CUBE-TOF1.3.4.0
2024-02-15 20:04:52,807 [WARN] PackLoader:240 - Cannot read IP mode file for STMicroelectronics.X-CUBE-AZRTOS-H7.3.2.0
2024-02-15 20:04:52,812 [INFO] ThirdParty:978 - Integrity check success = true
2024-02-15 20:04:52,812 [INFO] IntegrityCheckThread:100 - exiting critical section [integrity check]
2024-02-15 20:04:52,812 [INFO] IntegrityCheckThread:103 - End integrity checks thread
2024-02-15 20:04:53,360 [INFO] WebApp:780 - Register for checkConnection events
2024-02-15 20:04:53,361 [INFO] WebApp:414 - Apply proxy settings
2024-02-15 20:04:53,361 [INFO] WebApp:499 - Chromium requires no authentication
2024-02-15 20:04:53,376 [INFO] WebApp:442 - Direct internet connection detected
2024-02-15 20:04:53,656 [INFO] WebApp:192 - Starting web application
2024-02-15 20:04:53,657 [INFO] WebApp:544 - Web application path used C:\ST\STM32CubeIDE_1.14.0\STM32CubeIDE\plugins\com.st.stm32cube.common.mx_6.10.0.202311202037\db\plugins\mcufinder\reactClient1\index.html
2024-02-15 20:05:15,100 [ERROR] LogOutputStream:75 - [STDERR_REDIRECT] SLF4J: Failed to load class "org.slf4j.impl.StaticLoggerBinder".
2024-02-15 20:05:15,102 [ERROR] LogOutputStream:75 - [STDERR_REDIRECT] SLF4J: Defaulting to no-operation (NOP) logger implementation
2024-02-15 20:05:15,103 [ERROR] LogOutputStream:75 - [STDERR_REDIRECT] SLF4J: See http://www.slf4j.org/codes.html#StaticLoggerBinder for further details.
