2024-01-23 22:57:15,381 [INFO] Activator:176 - 


2024-01-23 22:57:15,392 [INFO] Activator:177 - !SESSION log4j initialized
2024-01-23 22:57:19,428 [INFO] LogOutputStream:77 - [STDOUT_REDIRECT] 
2024-01-23 22:57:22,092 [INFO] ApplicationProperties:184 - Using Application install path: C:\ST\STM32CubeIDE_1.14.0\STM32CubeIDE\plugins\com.st.stm32cube.common.mx_6.10.0.202311202037
2024-01-23 22:57:22,116 [INFO] DbMcusXml:78 - Set database path to: C:\ST\STM32CubeIDE_1.14.0\STM32CubeIDE\plugins\com.st.stm32cube.common.mx_6.10.0.202311202037\\db\/mcu/
2024-01-23 22:57:22,117 [INFO] ApiDb:274 - Set plugin database path to: C:\ST\STM32CubeIDE_1.14.0\STM32CubeIDE\plugins\com.st.stm32cube.common.mx_6.10.0.202311202037\\db\/plugins/boardmanager/
2024-01-23 22:57:22,117 [WARN] ApiDb:259 - Overriding images path with different value:  => C:\ST\STM32CubeIDE_1.14.0\STM32CubeIDE\plugins\com.st.stm32cube.common.mx_6.10.0.202311202037\\db\/plugins/mcufinder/images/
2024-01-23 22:57:22,123 [INFO] ApiDb:250 - Set database path to: C:\Users\salma\.stmcufinder\plugins\mcufinder//mcu/
2024-01-23 22:57:22,124 [INFO] DbMcusAds:125 - Set database path to: C:\Users\salma\.stmcufinder\plugins\mcufinder//mcu/
2024-01-23 22:57:22,127 [INFO] CrossReferenceDbSqlite:203 - Set database path to: C:\Users\salma\.stmcufinder\plugins\mcufinder//mcu/cs/
2024-01-23 22:57:22,287 [INFO] RulesReader:64 - Compatibility file has been processed (297 Rules)
2024-01-23 22:57:22,409 [INFO] DbMcusXml:78 - Set database path to: C:\ST\STM32CubeIDE_1.14.0\STM32CubeIDE\plugins\com.st.stm32cube.common.mx_6.10.0.202311202037\\db\/mcu/
2024-01-23 22:57:22,409 [INFO] ApiDb:274 - Set plugin database path to: C:\ST\STM32CubeIDE_1.14.0\STM32CubeIDE\plugins\com.st.stm32cube.common.mx_6.10.0.202311202037\\db\/plugins/boardmanager/
2024-01-23 22:57:22,409 [INFO] ApiDb:261 - Set plugin images path to: C:\ST\STM32CubeIDE_1.14.0\STM32CubeIDE\plugins\com.st.stm32cube.common.mx_6.10.0.202311202037\\db\/plugins/mcufinder/images/
2024-01-23 22:57:22,410 [WARN] DbFile:41 - Overriding database path with different value: C:\Users\salma\.stmcufinder\plugins\mcufinder/ => C:\Users\salma\.stmcufinder\plugins\mcufinder
2024-01-23 22:57:22,410 [INFO] ApiDb:250 - Set database path to: C:\Users\salma\.stmcufinder\plugins\mcufinder//mcu/
2024-01-23 22:57:22,410 [WARN] DbFile:41 - Overriding database path with different value: C:\Users\salma\.stmcufinder\plugins\mcufinder/ => C:\Users\salma\.stmcufinder\plugins\mcufinder
2024-01-23 22:57:22,410 [INFO] DbMcusAds:125 - Set database path to: C:\Users\salma\.stmcufinder\plugins\mcufinder//mcu/
2024-01-23 22:57:22,411 [WARN] DbFile:41 - Overriding database path with different value: C:\Users\salma\.stmcufinder\plugins\mcufinder/ => C:\Users\salma\.stmcufinder\plugins\mcufinder
2024-01-23 22:57:22,411 [WARN] DbFile:41 - Overriding database path with different value: C:\Users\salma\.stmcufinder\plugins\mcufinder/ => C:\Users\salma\.stmcufinder\plugins\mcufinder
2024-01-23 22:57:22,411 [INFO] CrossReferenceDbSqlite:203 - Set database path to: C:\Users\salma\.stmcufinder\plugins\mcufinder//mcu/cs/
2024-01-23 22:57:22,531 [INFO] MainPanel:264 - HeapMemory: 268435456
2024-01-23 22:57:22,686 [INFO] DbMcusXml:78 - Set database path to: C:\ST\STM32CubeIDE_1.14.0\STM32CubeIDE\plugins\com.st.stm32cube.common.mx_6.10.0.202311202037\\db\/mcu/
2024-01-23 22:57:22,686 [INFO] ApiDb:274 - Set plugin database path to: C:\ST\STM32CubeIDE_1.14.0\STM32CubeIDE\plugins\com.st.stm32cube.common.mx_6.10.0.202311202037\\db\/plugins/boardmanager/
2024-01-23 22:57:22,686 [INFO] ApiDb:261 - Set plugin images path to: C:\ST\STM32CubeIDE_1.14.0\STM32CubeIDE\plugins\com.st.stm32cube.common.mx_6.10.0.202311202037\\db\/plugins/mcufinder/images/
2024-01-23 22:57:22,686 [WARN] DbFile:41 - Overriding database path with different value: C:\Users\salma\.stmcufinder\plugins\mcufinder/ => C:\Users\salma\.stmcufinder\plugins\mcufinder
2024-01-23 22:57:22,686 [INFO] ApiDb:250 - Set database path to: C:\Users\salma\.stmcufinder\plugins\mcufinder//mcu/
2024-01-23 22:57:22,687 [WARN] DbFile:41 - Overriding database path with different value: C:\Users\salma\.stmcufinder\plugins\mcufinder/ => C:\Users\salma\.stmcufinder\plugins\mcufinder
2024-01-23 22:57:22,687 [INFO] DbMcusAds:125 - Set database path to: C:\Users\salma\.stmcufinder\plugins\mcufinder//mcu/
2024-01-23 22:57:22,687 [WARN] DbFile:41 - Overriding database path with different value: C:\Users\salma\.stmcufinder\plugins\mcufinder/ => C:\Users\salma\.stmcufinder\plugins\mcufinder
2024-01-23 22:57:22,687 [WARN] DbFile:41 - Overriding database path with different value: C:\Users\salma\.stmcufinder\plugins\mcufinder/ => C:\Users\salma\.stmcufinder\plugins\mcufinder
2024-01-23 22:57:22,687 [INFO] CrossReferenceDbSqlite:203 - Set database path to: C:\Users\salma\.stmcufinder\plugins\mcufinder//mcu/cs/
2024-01-23 22:57:22,716 [INFO] ApplicationProperties:184 - Using Application install path: C:\ST\STM32CubeIDE_1.14.0\STM32CubeIDE\plugins\com.st.stm32cube.common.mx_6.10.0.202311202037
2024-01-23 22:57:22,719 [INFO] PluginManage:196 - Search for loadable plugins [exclusion list=, ]
2024-01-23 22:57:22,721 [INFO] PluginManage:310 - Check plugin analytics
2024-01-23 22:57:23,028 [INFO] AnalyticsPlugin:253 - Accepted Software Licenses: 
2024-01-23 22:57:23,028 [INFO] AnalyticsPlugin:255 - Accepted CMSIS Pack Licenses: 
2024-01-23 22:57:23,029 [INFO] AnalyticsPlugin:257 - Accepted Firmware Licenses: FW.L4.1.18.0
2024-01-23 22:57:23,036 [INFO] PluginManage:359 - Loaded plugin analytics (category:tool,tabindex:-1)
2024-01-23 22:57:23,036 [INFO] PluginManage:310 - Check plugin cadmodel
2024-01-23 22:57:23,043 [INFO] CADModel:105 - Init CAD model plugin
2024-01-23 22:57:23,043 [INFO] PluginManage:359 - Loaded plugin cadmodel (category:power,tabindex:5)
2024-01-23 22:57:23,044 [INFO] PluginManage:310 - Check plugin clock
2024-01-23 22:57:23,062 [INFO] PluginManage:359 - Loaded plugin clock (category:base,tabindex:2)
2024-01-23 22:57:23,063 [INFO] PluginManage:310 - Check plugin ddr
2024-01-23 22:57:23,067 [INFO] PluginManage:359 - Loaded plugin ddr (category:tool,tabindex:6)
2024-01-23 22:57:23,068 [INFO] PluginManage:310 - Check plugin filemanager
2024-01-23 22:57:23,281 [INFO] PluginManage:359 - Loaded plugin filemanager (category:base,tabindex:10)
2024-01-23 22:57:23,281 [INFO] PluginManage:310 - Check plugin ipmanager
2024-01-23 22:57:23,291 [INFO] PluginManage:359 - Loaded plugin ipmanager (category:base,tabindex:5)
2024-01-23 22:57:23,292 [INFO] PluginManage:310 - Check plugin lpbam
2024-01-23 22:57:23,302 [INFO] PluginManage:359 - Loaded plugin lpbam (category:base,tabindex:0)
2024-01-23 22:57:23,302 [INFO] PluginManage:310 - Check plugin memorymap
2024-01-23 22:57:23,324 [INFO] PluginManage:359 - Loaded plugin memorymap (category:base,tabindex:4)
2024-01-23 22:57:23,324 [INFO] PluginManage:310 - Check plugin pinoutandconfiguration
2024-01-23 22:57:23,332 [INFO] PluginManage:359 - Loaded plugin pinoutandconfiguration (category:base,tabindex:1)
2024-01-23 22:57:23,333 [INFO] PluginManage:310 - Check plugin pinoutconfig
2024-01-23 22:57:23,479 [WARN] SupportedApi:132 - Cannot load RTOS API schema: s4s-elt-must-match.1: The content of 'definitions' must match (annotation?, (simpleType | complexType)?, (unique | key | keyref)*)). A problem was found starting at: attribute.
2024-01-23 22:57:23,719 [INFO] PluginManage:359 - Loaded plugin pinoutconfig (category:base,tabindex:0)
2024-01-23 22:57:23,719 [INFO] PluginManage:310 - Check plugin power
2024-01-23 22:57:23,734 [INFO] PluginManage:359 - Loaded plugin power (category:power,tabindex:4)
2024-01-23 22:57:23,734 [INFO] PluginManage:310 - Check plugin projectmanager
2024-01-23 22:57:23,754 [INFO] PluginManage:359 - Loaded plugin projectmanager (category:projectmanager,tabindex:3)
2024-01-23 22:57:23,754 [INFO] PluginManage:310 - Check plugin thirdparty
2024-01-23 22:57:23,991 [INFO] PluginManage:359 - Loaded plugin thirdparty (category:base,tabindex:-1)
2024-01-23 22:57:23,991 [WARN] IntegrityCheckThread:84 - waiting for thirdparty lock release [integrity check]
2024-01-23 22:57:23,991 [INFO] PluginManage:310 - Check plugin tools
2024-01-23 22:57:23,991 [INFO] IntegrityCheckThread:86 - entering critical section [integrity check]
2024-01-23 22:57:23,992 [INFO] ThirdPartyUpdaterWithRetryManager:70 - Updater plugin not ready yet. [1/15]
2024-01-23 22:57:23,995 [INFO] PluginManage:359 - Loaded plugin tools (category:base,tabindex:7)
2024-01-23 22:57:23,997 [INFO] PluginManage:310 - Check plugin tutovideos
2024-01-23 22:57:24,287 [INFO] PluginManage:359 - Loaded plugin tutovideos (category:base,tabindex:-1)
2024-01-23 22:57:24,289 [INFO] PluginManage:310 - Check plugin updater
2024-01-23 22:57:24,305 [INFO] PluginManage:359 - Loaded plugin updater (category:base,tabindex:12)
2024-01-23 22:57:24,305 [INFO] PluginManage:310 - Check plugin userauth
2024-01-23 22:57:24,313 [INFO] UserAuth:114 - Init User Auth plugin
2024-01-23 22:57:24,313 [INFO] PluginManage:359 - Loaded plugin userauth (category:base,tabindex:14)
2024-01-23 22:57:24,314 [INFO] PluginManage:283 - PluginManage : Loaded plugins [17]
2024-01-23 22:57:24,625 [INFO] PinOutPanel:1499 - setPackage(No Configuration,No Configuration)
2024-01-23 22:57:24,731 [INFO] CADModel:165 - CPN selected for project level
2024-01-23 22:57:24,731 [INFO] CADModel:114 - Register for checkConnection events
2024-01-23 22:57:24,752 [INFO] IPUIPlugin:80 - create IPUIPlugin
2024-01-23 22:57:24,752 [INFO] PluginManager:220 - loadIPPluginJar : add adc
2024-01-23 22:57:24,755 [INFO] IPUIPlugin:80 - create IPUIPlugin
2024-01-23 22:57:24,755 [INFO] PluginManager:220 - loadIPPluginJar : add aes
2024-01-23 22:57:24,758 [INFO] IPUIPlugin:80 - create IPUIPlugin
2024-01-23 22:57:24,760 [INFO] PluginManager:220 - loadIPPluginJar : add can
2024-01-23 22:57:24,761 [INFO] IPUIPlugin:80 - create IPUIPlugin
2024-01-23 22:57:24,761 [INFO] PluginManager:220 - loadIPPluginJar : add comp
2024-01-23 22:57:24,764 [INFO] IPUIPlugin:80 - create IPUIPlugin
2024-01-23 22:57:24,765 [INFO] PluginManager:220 - loadIPPluginJar : add cryp
2024-01-23 22:57:24,767 [INFO] IPUIPlugin:80 - create IPUIPlugin
2024-01-23 22:57:24,767 [INFO] PluginManager:220 - loadIPPluginJar : add dfsdm
2024-01-23 22:57:24,776 [INFO] IPUIPlugin:80 - create IPUIPlugin
2024-01-23 22:57:24,776 [INFO] PluginManager:220 - loadIPPluginJar : add dma
2024-01-23 22:57:24,781 [INFO] IPUIPlugin:80 - create IPUIPlugin
2024-01-23 22:57:24,781 [INFO] PluginManager:220 - loadIPPluginJar : add dma3
2024-01-23 22:57:24,784 [INFO] IPUIPlugin:80 - create IPUIPlugin
2024-01-23 22:57:24,784 [INFO] PluginManager:220 - loadIPPluginJar : add fatfs
2024-01-23 22:57:24,790 [INFO] IPUIPlugin:80 - create IPUIPlugin
2024-01-23 22:57:24,790 [INFO] PluginManager:220 - loadIPPluginJar : add fmc
2024-01-23 22:57:24,796 [INFO] IPUIPlugin:80 - create IPUIPlugin
2024-01-23 22:57:24,798 [INFO] PluginManager:220 - loadIPPluginJar : add freertos
2024-01-23 22:57:24,800 [INFO] IPUIPlugin:80 - create IPUIPlugin
2024-01-23 22:57:24,800 [INFO] PluginManager:220 - loadIPPluginJar : add genericplugin
2024-01-23 22:57:24,804 [INFO] IPUIPlugin:80 - create IPUIPlugin
2024-01-23 22:57:24,804 [INFO] PluginManager:220 - loadIPPluginJar : add gfxmmu
2024-01-23 22:57:24,811 [INFO] IPUIPlugin:80 - create IPUIPlugin
2024-01-23 22:57:24,812 [INFO] PluginManager:220 - loadIPPluginJar : add gic
2024-01-23 22:57:24,817 [INFO] IPUIPlugin:80 - create IPUIPlugin
2024-01-23 22:57:24,817 [INFO] PluginManager:220 - loadIPPluginJar : add gpio
2024-01-23 22:57:24,821 [INFO] IPUIPlugin:80 - create IPUIPlugin
2024-01-23 22:57:24,821 [INFO] PluginManager:220 - loadIPPluginJar : add gtzc
2024-01-23 22:57:24,825 [INFO] IPUIPlugin:80 - create IPUIPlugin
2024-01-23 22:57:24,825 [INFO] PluginManager:220 - loadIPPluginJar : add hash
2024-01-23 22:57:24,829 [INFO] IPUIPlugin:80 - create IPUIPlugin
2024-01-23 22:57:24,829 [INFO] PluginManager:220 - loadIPPluginJar : add i2c
2024-01-23 22:57:24,833 [INFO] IPUIPlugin:80 - create IPUIPlugin
2024-01-23 22:57:24,833 [INFO] PluginManager:220 - loadIPPluginJar : add i2s
2024-01-23 22:57:24,838 [INFO] IPUIPlugin:80 - create IPUIPlugin
2024-01-23 22:57:24,838 [INFO] PluginManager:220 - loadIPPluginJar : add i3c
2024-01-23 22:57:24,843 [INFO] IPUIPlugin:80 - create IPUIPlugin
2024-01-23 22:57:24,843 [INFO] PluginManager:220 - loadIPPluginJar : add ipddr
2024-01-23 22:57:24,852 [INFO] IPUIPlugin:80 - create IPUIPlugin
2024-01-23 22:57:24,852 [INFO] PluginManager:220 - loadIPPluginJar : add linkedlist
2024-01-23 22:57:24,856 [INFO] IPUIPlugin:80 - create IPUIPlugin
2024-01-23 22:57:24,857 [INFO] PluginManager:220 - loadIPPluginJar : add lorawan
2024-01-23 22:57:24,858 [INFO] IPUIPlugin:80 - create IPUIPlugin
2024-01-23 22:57:24,858 [INFO] PluginManager:220 - loadIPPluginJar : add ltdc
2024-01-23 22:57:24,867 [INFO] IPUIPlugin:80 - create IPUIPlugin
2024-01-23 22:57:24,867 [INFO] PluginManager:220 - loadIPPluginJar : add mdma
2024-01-23 22:57:24,873 [INFO] IPUIPlugin:80 - create IPUIPlugin
2024-01-23 22:57:24,874 [INFO] PluginManager:220 - loadIPPluginJar : add nvic
2024-01-23 22:57:24,878 [INFO] IPUIPlugin:80 - create IPUIPlugin
2024-01-23 22:57:24,878 [INFO] PluginManager:220 - loadIPPluginJar : add opamp
2024-01-23 22:57:24,882 [INFO] IPUIPlugin:80 - create IPUIPlugin
2024-01-23 22:57:24,882 [INFO] PluginManager:220 - loadIPPluginJar : add openamp
2024-01-23 22:57:24,886 [INFO] IPUIPlugin:80 - create IPUIPlugin
2024-01-23 22:57:24,886 [INFO] PluginManager:220 - loadIPPluginJar : add pdm2pcm
2024-01-23 22:57:24,895 [INFO] IPUIPlugin:80 - create IPUIPlugin
2024-01-23 22:57:24,899 [INFO] PluginManager:220 - loadIPPluginJar : add plateformsettings
2024-01-23 22:57:24,901 [INFO] IPUIPlugin:80 - create IPUIPlugin
2024-01-23 22:57:24,901 [INFO] PluginManager:220 - loadIPPluginJar : add quadspi
2024-01-23 22:57:24,905 [INFO] IPUIPlugin:80 - create IPUIPlugin
2024-01-23 22:57:24,905 [INFO] PluginManager:220 - loadIPPluginJar : add resmgrutility
2024-01-23 22:57:24,909 [INFO] IPUIPlugin:80 - create IPUIPlugin
2024-01-23 22:57:24,909 [INFO] PluginManager:220 - loadIPPluginJar : add sai
2024-01-23 22:57:24,913 [INFO] IPUIPlugin:80 - create IPUIPlugin
2024-01-23 22:57:24,913 [INFO] PluginManager:220 - loadIPPluginJar : add spi
2024-01-23 22:57:24,920 [INFO] IPUIPlugin:80 - create IPUIPlugin
2024-01-23 22:57:24,921 [INFO] PluginManager:220 - loadIPPluginJar : add stm32_wpan
2024-01-23 22:57:24,923 [INFO] IPUIPlugin:80 - create IPUIPlugin
2024-01-23 22:57:24,923 [INFO] PluginManager:220 - loadIPPluginJar : add tim
2024-01-23 22:57:24,927 [INFO] IPUIPlugin:80 - create IPUIPlugin
2024-01-23 22:57:24,928 [INFO] PluginManager:220 - loadIPPluginJar : add touchsensing
2024-01-23 22:57:24,930 [INFO] IPUIPlugin:80 - create IPUIPlugin
2024-01-23 22:57:24,930 [INFO] PluginManager:220 - loadIPPluginJar : add tracer_emb
2024-01-23 22:57:24,932 [INFO] IPUIPlugin:80 - create IPUIPlugin
2024-01-23 22:57:24,933 [INFO] PluginManager:220 - loadIPPluginJar : add ts
2024-01-23 22:57:24,934 [INFO] IPUIPlugin:80 - create IPUIPlugin
2024-01-23 22:57:24,935 [INFO] PluginManager:220 - loadIPPluginJar : add tsc
2024-01-23 22:57:24,937 [INFO] IPUIPlugin:80 - create IPUIPlugin
2024-01-23 22:57:24,938 [INFO] PluginManager:220 - loadIPPluginJar : add ucpd
2024-01-23 22:57:24,942 [INFO] IPUIPlugin:80 - create IPUIPlugin
2024-01-23 22:57:24,942 [INFO] PluginManager:220 - loadIPPluginJar : add usart
2024-01-23 22:57:24,946 [INFO] IPUIPlugin:80 - create IPUIPlugin
2024-01-23 22:57:24,948 [INFO] PluginManager:220 - loadIPPluginJar : add usbx
2024-01-23 22:57:25,117 [INFO] CADModel:165 - CPN selected for project level
2024-01-23 22:57:25,117 [INFO] CADModel:114 - Register for checkConnection events
2024-01-23 22:57:25,117 [FATAL] Updater:308 - Updater called before beeing initialized
2024-01-23 22:57:25,117 [ERROR] CADModel:125 - Updater not yet initialized, retry later 
2024-01-23 22:57:25,335 [INFO] CADModel:165 - CPN selected for project level
2024-01-23 22:57:25,335 [INFO] CADModel:114 - Register for checkConnection events
2024-01-23 22:57:25,335 [FATAL] Updater:308 - Updater called before beeing initialized
2024-01-23 22:57:25,335 [ERROR] CADModel:125 - Updater not yet initialized, retry later 
2024-01-23 22:57:25,338 [FATAL] Updater:308 - Updater called before beeing initialized
2024-01-23 22:57:25,471 [FATAL] Updater:308 - Updater called before beeing initialized
2024-01-23 22:57:25,476 [INFO] DbMcusAds:53 - JSON generation date=Wed Nov 29 04:52:27 CST 2023 (1701255147200)
2024-01-23 22:57:25,476 [FATAL] Updater:308 - Updater called before beeing initialized
2024-01-23 22:57:25,516 [WARN] DetailPanel:346 - Failed to get advertising image, set to default
2024-01-23 22:57:25,616 [FATAL] Updater:308 - Updater called before beeing initialized
2024-01-23 22:57:25,619 [FATAL] Updater:308 - Updater called before beeing initialized
2024-01-23 22:57:25,619 [FATAL] Updater:308 - Updater called before beeing initialized
2024-01-23 22:57:25,619 [WARN] DetailPanel:346 - Failed to get advertising image, set to default
2024-01-23 22:57:25,620 [FATAL] Updater:308 - Updater called before beeing initialized
2024-01-23 22:57:25,672 [ERROR] Updater:1120 - MainUpdater not yet initialized. External WinMGr cannot be set.
2024-01-23 22:57:25,675 [INFO] Updater:1056 - Updater Version found : 6.10.0
2024-01-23 22:57:25,696 [INFO] ApplicationProperties:184 - Using Application install path: C:\ST\STM32CubeIDE_1.14.0\STM32CubeIDE\plugins\com.st.stm32cube.common.mx_6.10.0.202311202037
2024-01-23 22:57:26,995 [INFO] ThirdPartyUpdaterWithRetryManager:70 - Updater plugin not ready yet. [2/15]
2024-01-23 22:57:27,275 [ERROR] LogOutputStream:75 - [STDERR_REDIRECT] Jan 23, 2024 10:57:27 PM java.util.prefs.WindowsPreferences <init>
2024-01-23 22:57:27,278 [ERROR] LogOutputStream:75 - [STDERR_REDIRECT] WARNING: Could not open/create prefs root node Software\JavaSoft\Prefs at root 0xffffffff80000002. Windows RegCreateKeyEx(...) returned error code 5.
2024-01-23 22:57:27,279 [ERROR] LogOutputStream:75 - [STDERR_REDIRECT] 
2024-01-23 22:57:27,675 [INFO] McuFinderGlobals:63 - Set McuFinder mode to 2 (CubeIDE integrated)
2024-01-23 22:57:27,943 [INFO] MainUpdater:2873 - connection check result : 10
2024-01-23 22:57:27,945 [INFO] MainUpdater:290 - Updater Check For Update Now.
2024-01-23 22:57:27,945 [INFO] MicroXplorer:498 - Change Database Version : DB.6.0.100
2024-01-23 22:57:28,001 [INFO] McuFinderGlobals:63 - Set McuFinder mode to 2 (CubeIDE integrated)
2024-01-23 22:57:28,234 [INFO] CheckServerUpdateThread:120 - End of CheckServer Thread
2024-01-23 22:57:28,360 [INFO] UserAuth:404 - Internet connection configuration mode: 1
2024-01-23 22:57:28,405 [INFO] MainUpdater:2873 - connection check result : 10
2024-01-23 22:57:28,411 [INFO] JxBrowserEngine:152 - Initiate JxBrowser Engine with user profile folder
2024-01-23 22:57:29,540 [INFO] ApiDb:581 - Connected to CubeFinder SQLite database (C:\Users\salma\.stmcufinder\plugins\mcufinder\mcu\cube-finder-db.db)
2024-01-23 22:57:29,652 [INFO] ApiDb:668 - CubeFinder database Data Model version=2.1
2024-01-23 22:57:29,653 [INFO] ApiDb:669 - CubeFinder database Configuration version=3.0.39
2024-01-23 22:57:29,653 [INFO] ApiDb:670 - CubeFinder database generation date=2023-12-08 (1702028721)
2024-01-23 22:57:29,654 [INFO] ApiDb:671 - CubeFinder database FW Pack versions=[FP-ATR-ASTRA1_V2.0.0, FP-SNS-FLIGHT1_V5.0.1, FP-SNS-FLIGHT1_V5.0.2, FP-SNS-MOTENV1_V4.3.1, FP-SNS-MOTENV1_V4.3.2, FP-SNS-MOTENVWB1_V1.3.1, FP-SNS-SMARTAG2_V1.2.0, STM32Cube_FW_C0_V1.1.0, STM32Cube_FW_F4_V1.28.0, STM32Cube_FW_F7_V1.17.0, STM32Cube_FW_G0_V1.6.1, STM32Cube_FW_G4_V1.5.1, STM32Cube_FW_H5_V0.5.1, STM32Cube_FW_H5_V1.1.1, STM32Cube_FW_H5_V1.2.0RC2, STM32Cube_FW_H7_V1.11.0, STM32Cube_FW_L0_V1.12.2, STM32Cube_FW_L5_V1.5.0, STM32Cube_FW_U5_V1.3.0RC4, STM32Cube_FW_U5_V1.4.0, STM32Cube_FW_WBA_V1.0.0RC1, STM32Cube_FW_WBA_V1.1.0RC1, STM32Cube_FW_WBA_V1.2.0, STM32Cube_FW_WBA_V1.2.0RC2, STM32Cube_FW_WB_V1.15.0RC1, STM32Cube_FW_WB_V1.16.0, STM32Cube_FW_WB_V1.16.0RC2, STM32Cube_FW_WB_V1.18.0, STM32Cube_FW_WL_V1.3.0, X-CUBE-ALGOBUILD_V1.3.0, X-CUBE-ALS_V1.0.1, X-CUBE-AZRTOS-F4_V1.1.0, X-CUBE-AZRTOS-F7_V1.1.0, X-CUBE-AZRTOS-G0_V1.1.0, X-CUBE-AZRTOS-G4_V2.0.0, X-CUBE-AZRTOS-H7_V3.1.0, X-CUBE-AZRTOS-L4_V1.0.0, X-CUBE-AZRTOS-L4_V2.0.0, X-CUBE-AZRTOS-L5_V1.1.0, X-CUBE-AZRTOS-WB_V2.0.0, X-CUBE-AZRTOS-WL_V2.0.0, X-CUBE-BLE1_V7.0.0, X-CUBE-BLE2_V3.3.0, X-CUBE-BLEMGR_V3.0.0, X-CUBE-EEPRMA1_V4.1.0, X-CUBE-EEPRMA1_V4.2.0, X-CUBE-FREERTOS_V1.1.0, X-CUBE-GNSS1_V6.0.0, X-CUBE-MEMS1_V10.0.0, X-CUBE-MEMS1_V9.1.0, X-CUBE-MEMS1_V9.4.0, X-CUBE-MEMS1_V9.6.0, X-CUBE-NFC4_V3.0.0, X-CUBE-NFC7_V1.0.1, X-CUBE-SFXS2LP1_V4.0.0, X-CUBE-SUBG2_V5.0.0, X-CUBE-TOF1_V3.4.0]
2024-01-23 22:57:29,654 [INFO] WebApp:161 - Instantiating new browser for Auth
2024-01-23 22:57:29,876 [INFO] DbBoardsSqlite:226 - include board P-NUCLEO-WB55-NUCLEO as a kit item of type 'Nucleo-64'
2024-01-23 22:57:29,877 [INFO] DbBoardsSqlite:226 - include board P-NUCLEO-WB55-USBDONGLE as a kit item of type 'Nucleo USB Dongle'
2024-01-23 22:57:29,879 [INFO] DbBoardsSqlite:226 - include board STEVAL-IDP005V1 as a kit item of type 'Evaluation Board'
2024-01-23 22:57:29,881 [INFO] DbBoardsSqlite:226 - include board STEVAL-IDP005V2 as a kit item of type 'Evaluation Board'
2024-01-23 22:57:30,035 [INFO] ApiDb:240 - Found 371 in-development CPN: [B-G473E-ZEST1S, B-WB1M-WPAN1, B-WL5M-SUBG1, NUCLEO-C031C6, NUCLEO-H503RB, NUCLEO-H563ZI, NUCLEO-U545RE-Q, NUCLEO-U5A5ZJ-Q, NUCLEO-WBA52CG, NUCLEO-WBA55CG, STEVAL-MKBOXPRO, STEVAL-PROTEUS1, STEVAL-STWINBX1, STM320518-EVAL, STM32C0116-DK, STM32C011D6Y3TR, STM32C011D6Y6TR, STM32C011F4P3, STM32C011F4P6, STM32C011F4U3, STM32C011F4U6TR, STM32C011F6P3, STM32C011F6P6, STM32C011F6U3, STM32C011F6U6TR, STM32C011J4M3, STM32C011J4M6, STM32C011J6M3, STM32C011J6M6, STM32C0316-DK, STM32C031C4T3, STM32C031C4T6, STM32C031C4U3, STM32C031C4U6, STM32C031C6T3, STM32C031C6T6, STM32C031C6U3, STM32C031C6U6, STM32C031F4P3, STM32C031F4P6, STM32C031F6P3, STM32C031F6P6, STM32C031G4U3, STM32C031G4U6, STM32C031G6U3, STM32C031G6U6, STM32C031K4T3, STM32C031K4T6, STM32C031K4U3, STM32C031K4U6, STM32C031K6T3, STM32C031K6T6, STM32C031K6U3, STM32C031K6U6, STM32G071K8TXN, STM32G071K8UXN, STM32G081GBU6N, STM32G081KBT6N, STM32G081KBUXN, STM32G0B1CCT6N, STM32G0B1KCT6, STM32G0B1NEY6TR, STM32G0B1RCT6N, STM32G0C1CCT6, STM32G0C1CCT6N, STM32G0C1CCU6N, STM32G0C1CET6N, STM32G0C1CEU6N, STM32G0C1KCT6, STM32G0C1NEY6TR, STM32G0C1RCI6N, STM32G0C1RCT6N, STM32G0C1REI6N, STM32G0C1RET6N, STM32G0C1VCI6, STM32G0C1VEI6, STM32G471CCT6, STM32G471CCU6, STM32G471CET3, STM32G471CET6, STM32G471CEU3, STM32G471CEU6, STM32G471MCT6, STM32G471MET3, STM32G471MET6, STM32G471MEY6TR, STM32G471QCT6, STM32G471QET3, STM32G471RCT6, STM32G471RET3, STM32G471RET6, STM32G471VCH6, STM32G471VCI6, STM32G471VCT6, STM32G471VEH3, STM32G471VEH6, STM32G471VEI3, STM32G471VEI6, STM32G471VET3, STM32G471VET6, STM32G474CCT6, STM32H503CBT6, STM32H503CBU6, STM32H503EBY6TR, STM32H503KBU6, STM32H503RBT6, STM32H562AGI6, STM32H562AII6, STM32H562IGK6, STM32H562IGT6, STM32H562IIK6, STM32H562IIT6, STM32H562RGT6, STM32H562RGV6, STM32H562RIT6, STM32H562RIV6, STM32H562VGT6, STM32H562VIT6, STM32H562ZGT6, STM32H562ZIT6, STM32H563AGI6, STM32H563AII3Q, STM32H563AII6, STM32H563IGK6, STM32H563IGT6, STM32H563IIK3Q, STM32H563IIK6, STM32H563IIT3Q, STM32H563IIT6, STM32H563MIY3QTR, STM32H563RGT6, STM32H563RGV6, STM32H563RIT6, STM32H563RIV6, STM32H563VGT6, STM32H563VIT3Q, STM32H563VIT6, STM32H563ZGT6, STM32H563ZIT3Q, STM32H563ZIT6, STM32H573AII3Q, STM32H573AII6, STM32H573I-DK, STM32H573IIK3Q, STM32H573IIK6, STM32H573IIT3Q, STM32H573IIT6, STM32H573MIY3QTR, STM32H573RIT6, STM32H573RIV6, STM32H573VIT3Q, STM32H573VIT6, STM32H573ZIT3Q, STM32H573ZIT6, STM32L4R5QGI6STR, STM32MP131AAE3, STM32MP131AAF3, STM32MP131AAG3, STM32MP131CAE3, STM32MP131CAF3, STM32MP131CAG3, STM32MP131DAE7, STM32MP131DAF7, STM32MP131DAG7, STM32MP131FAE7, STM32MP131FAF7, STM32MP131FAG7, STM32MP133AAE3, STM32MP133AAF3, STM32MP133AAG3, STM32MP133CAE3, STM32MP133CAF3, STM32MP133CAG3, STM32MP133DAE7, STM32MP133DAF7, STM32MP133DAG7, STM32MP133FAE7, STM32MP133FAF7, STM32MP133FAG7, STM32MP135AAE3, STM32MP135AAF3, STM32MP135AAG3, STM32MP135CAE3, STM32MP135CAF3, STM32MP135CAG3, STM32MP135DAE7, STM32MP135DAF7, STM32MP135DAG7, STM32MP135F-DK, STM32MP135FAE7, STM32MP135FAF7, STM32MP135FAF7T, STM32MP135FAF7U, STM32MP135FAG7, STM32U535CBT6, STM32U535CBT6Q, STM32U535CBU6, STM32U535CBU6Q, STM32U535CCT6, STM32U535CCT6Q, STM32U535CCU6, STM32U535CCU6Q, STM32U535CET6, STM32U535CET6Q, STM32U535CEU6, STM32U535CEU6Q, STM32U535JEY6QTR, STM32U535NCY6QTR, STM32U535NEY6QTR, STM32U535RBI6, STM32U535RBI6Q, STM32U535RBT6, STM32U535RBT6Q, STM32U535RCI6, STM32U535RCI6Q, STM32U535RCT6, STM32U535RCT6Q, STM32U535REI6, STM32U535REI6Q, STM32U535RET6, STM32U535RET6Q, STM32U535VCI6, STM32U535VCI6Q, STM32U535VCT6, STM32U535VCT6Q, STM32U535VEI6, STM32U535VEI6Q, STM32U535VET6, STM32U535VET6Q, STM32U545CET6, STM32U545CET6Q, STM32U545CEU6, STM32U545CEU6Q, STM32U545JEY6QTR, STM32U545NEY6QTR, STM32U545REI6, STM32U545REI6Q, STM32U545RET6, STM32U545RET6Q, STM32U545VEI6, STM32U545VEI6Q, STM32U545VET6, STM32U545VET6Q, STM32U595AIH6, STM32U595AIH6Q, STM32U595AJH6, STM32U595AJH6Q, STM32U595QII6, STM32U595QII6Q, STM32U595QJI6, STM32U595QJI6Q, STM32U595RIT6, STM32U595RIT6Q, STM32U595RJT6, STM32U595RJT6Q, STM32U595VIT6, STM32U595VIT6Q, STM32U595VJT6, STM32U595VJT6Q, STM32U595ZIT6, STM32U595ZIT6Q, STM32U595ZIY6QTR, STM32U595ZJT6, STM32U595ZJT6Q, STM32U595ZJY6QTR, STM32U599BJY6QTR, STM32U599NIH6Q, STM32U599NJH6Q, STM32U599VIT6Q, STM32U599VJT6, STM32U599VJT6Q, STM32U599ZIT6Q, STM32U599ZIY6QTR, STM32U599ZJT6Q, STM32U599ZJY6QTR, STM32U5A5AJH6, STM32U5A5AJH6Q, STM32U5A5QJI6, STM32U5A5QJI6Q, STM32U5A5RJT6, STM32U5A5RJT6Q, STM32U5A5VJT6, STM32U5A5VJT6Q, STM32U5A5ZJT6, STM32U5A5ZJT6Q, STM32U5A5ZJY6QTR, STM32U5A9BJY6QTR, STM32U5A9J-DK, STM32U5A9NJH6Q, STM32U5A9VJT6Q, STM32U5A9ZJT6Q, STM32U5A9ZJY6QTR, STM32U5F7VIT6, STM32U5F7VIT6Q, STM32U5F7VJT6, STM32U5F7VJT6Q, STM32U5F9BJY6QTR, STM32U5F9NJH6Q, STM32U5F9VIT6Q, STM32U5F9VJT6Q, STM32U5F9ZIJ6QTR, STM32U5F9ZIT6Q, STM32U5F9ZJJ6QTR, STM32U5F9ZJT6Q, STM32U5G7VJT6, STM32U5G7VJT6Q, STM32U5G9BJY6QTR, STM32U5G9J-DK1, STM32U5G9J-DK2, STM32U5G9NJH6Q, STM32U5G9VJT6Q, STM32U5G9ZJJ6QTR, STM32U5G9ZJT6Q, STM32WB1MMCH6, STM32WBA50KEU6, STM32WBA50KEU6TR, STM32WBA50KGU6, STM32WBA50KGU6TR, STM32WBA52CEU6, STM32WBA52CEU6TR, STM32WBA52CEU7, STM32WBA52CEU7TR, STM32WBA52CGU6, STM32WBA52CGU6TR, STM32WBA52CGU6U, STM32WBA52CGU7, STM32WBA52CGU7TR, STM32WBA52KEU6, STM32WBA52KEU6TR, STM32WBA52KGU6, STM32WBA52KGU6TR, STM32WBA54CEU6, STM32WBA54CEU6TR, STM32WBA54CEU7, STM32WBA54CEU7TR, STM32WBA54CGU6, STM32WBA54CGU6TR, STM32WBA54CGU7, STM32WBA54CGU7TR, STM32WBA54KEU6, STM32WBA54KEU6TR, STM32WBA54KEU7, STM32WBA54KEU7TR, STM32WBA54KGU6, STM32WBA54KGU6TR, STM32WBA54KGU7, STM32WBA54KGU7TR, STM32WBA55CEU6, STM32WBA55CEU6TR, STM32WBA55CEU7, STM32WBA55CEU7TR, STM32WBA55CGU6, STM32WBA55CGU6TR, STM32WBA55CGU6U, STM32WBA55CGU7, STM32WBA55CGU7TR, STM32WBA55G-DK1, STM32WBA55HEF6, STM32WBA55HEF7, STM32WBA55HGF6, STM32WBA55HGF7, STM32WBA55UEI6, STM32WBA55UEI6TR, STM32WBA55UEI7, STM32WBA55UEI7TR, STM32WBA55UGI6, STM32WBA55UGI6TR, STM32WBA55UGI7, STM32WBA55UGI7TR, STM32WL5MOCH6, STM32WL5MOCH6TR]
2024-01-23 22:57:30,406 [WARN] PackLoader:240 - Cannot read IP mode file for STMicroelectronics.X-CUBE-SMBUS.2.1.0
2024-01-23 22:57:30,421 [WARN] PackLoader:240 - Cannot read IP mode file for STMicroelectronics.X-CUBE-TOUCHGFX.4.23.0
2024-01-23 22:57:30,513 [WARN] PackLoader:240 - Cannot read IP mode file for STMicroelectronics.X-CUBE-AZRTOS-F7.1.1.0
2024-01-23 22:57:30,562 [WARN] PackLoader:240 - Cannot read IP mode file for STMicroelectronics.FP-SNS-MOTENV1.4.3.2
2024-01-23 22:57:30,577 [WARN] PackLoader:240 - Cannot read IP mode file for STMicroelectronics.FP-SNS-FLIGHT1.5.0.2
2024-01-23 22:57:30,587 [INFO] BoardInfo:889 - No configuration file found for board P-NUCLEO-WB55
2024-01-23 22:57:30,588 [INFO] DbBoards:161 - Kit is not supported: P-NUCLEO-WB55
2024-01-23 22:57:30,595 [WARN] PackLoader:240 - Cannot read IP mode file for STMicroelectronics.X-CUBE-DISPLAY.3.0.0
2024-01-23 22:57:30,598 [INFO] BoardInfo:889 - No configuration file found for board STEVAL-BFA001V1B
2024-01-23 22:57:30,600 [INFO] DbBoards:161 - Kit is not supported: STEVAL-BFA001V1B
2024-01-23 22:57:30,601 [INFO] BoardInfo:889 - No configuration file found for board STEVAL-BFA001V2B
2024-01-23 22:57:30,601 [INFO] DbBoards:161 - Kit is not supported: STEVAL-BFA001V2B
2024-01-23 22:57:30,625 [WARN] PackLoader:240 - Cannot read IP mode file for STMicroelectronics.X-CUBE-BLE1.7.0.0
2024-01-23 22:57:30,637 [WARN] PackLoader:240 - Cannot read IP mode file for emotas.I-CUBE-CANOPEN.1.3.0
2024-01-23 22:57:30,647 [WARN] PackLoader:240 - Cannot read IP mode file for STMicroelectronics.FP-SNS-SMARTAG2.1.2.0
2024-01-23 22:57:30,698 [INFO] LogOutputStream:77 - [STDOUT_REDIRECT] 1 : Invalid condition id : UX_CORESTACK_Condition cause : null
2024-01-23 22:57:30,701 [INFO] LogOutputStream:77 - [STDOUT_REDIRECT] 1 : Invalid condition id : UX_CORESTACK_Condition cause : null
2024-01-23 22:57:30,704 [INFO] LogOutputStream:77 - [STDOUT_REDIRECT] 1 : Invalid condition id : UX_CORESTACK_Condition cause : null
2024-01-23 22:57:30,706 [INFO] LogOutputStream:77 - [STDOUT_REDIRECT] 1 : Invalid condition id : UX_CORESTACK_Condition cause : null
2024-01-23 22:57:30,708 [INFO] LogOutputStream:77 - [STDOUT_REDIRECT] 1 : Invalid condition id : UX_CORESTACK_Condition cause : null
2024-01-23 22:57:30,716 [WARN] PackLoader:240 - Cannot read IP mode file for STMicroelectronics.X-CUBE-AZRTOS-WL.2.0.0
2024-01-23 22:57:30,736 [WARN] PackLoader:240 - Cannot read IP mode file for WES.I-CUBE-Cesium.1.3.0
2024-01-23 22:57:30,747 [WARN] PackLoader:240 - Cannot read IP mode file for STMicroelectronics.X-CUBE-BLE2.3.3.0
2024-01-23 22:57:30,759 [WARN] PackLoader:240 - Cannot read IP mode file for STMicroelectronics.X-CUBE-ALGOBUILD.1.3.0
2024-01-23 22:57:30,796 [WARN] PackLoader:240 - Cannot read IP mode file for STMicroelectronics.X-CUBE-AZRTOS-G0.1.1.0
2024-01-23 22:57:30,810 [WARN] PackLoader:240 - Cannot read IP mode file for STMicroelectronics.X-CUBE-NFC4.3.0.0
2024-01-23 22:57:30,828 [WARN] PackLoader:240 - Cannot read IP mode file for STMicroelectronics.X-CUBE-BLEMGR.3.0.0
2024-01-23 22:57:30,839 [WARN] PackLoader:240 - Cannot read IP mode file for STMicroelectronics.FP-ATR-SIGFOX1.3.2.0
2024-01-23 22:57:30,850 [WARN] PackLoader:240 - Cannot read IP mode file for STMicroelectronics.X-CUBE-EEPRMA1.5.1.0
2024-01-23 22:57:30,914 [WARN] PackLoader:240 - Cannot read IP mode file for SEGGER.I-CUBE-embOS.1.3.1
2024-01-23 22:57:30,948 [INFO] DbBoards:168 - Found 193 boards, 190 are supported
2024-01-23 22:57:30,949 [INFO] DbBoards:169 - Found 193 boards, 3 of them is supported for  Bsp
2024-01-23 22:57:30,956 [INFO] ApiDb:668 - CubeFinder database Data Model version=2.1
2024-01-23 22:57:30,957 [INFO] ApiDb:669 - CubeFinder database Configuration version=3.0.39
2024-01-23 22:57:30,957 [INFO] ApiDb:670 - CubeFinder database generation date=2023-12-08 (1702028721)
2024-01-23 22:57:30,957 [INFO] ApiDb:671 - CubeFinder database FW Pack versions=[FP-ATR-ASTRA1_V2.0.0, FP-SNS-FLIGHT1_V5.0.1, FP-SNS-FLIGHT1_V5.0.2, FP-SNS-MOTENV1_V4.3.1, FP-SNS-MOTENV1_V4.3.2, FP-SNS-MOTENVWB1_V1.3.1, FP-SNS-SMARTAG2_V1.2.0, STM32Cube_FW_C0_V1.1.0, STM32Cube_FW_F4_V1.28.0, STM32Cube_FW_F7_V1.17.0, STM32Cube_FW_G0_V1.6.1, STM32Cube_FW_G4_V1.5.1, STM32Cube_FW_H5_V0.5.1, STM32Cube_FW_H5_V1.1.1, STM32Cube_FW_H5_V1.2.0RC2, STM32Cube_FW_H7_V1.11.0, STM32Cube_FW_L0_V1.12.2, STM32Cube_FW_L5_V1.5.0, STM32Cube_FW_U5_V1.3.0RC4, STM32Cube_FW_U5_V1.4.0, STM32Cube_FW_WBA_V1.0.0RC1, STM32Cube_FW_WBA_V1.1.0RC1, STM32Cube_FW_WBA_V1.2.0, STM32Cube_FW_WBA_V1.2.0RC2, STM32Cube_FW_WB_V1.15.0RC1, STM32Cube_FW_WB_V1.16.0, STM32Cube_FW_WB_V1.16.0RC2, STM32Cube_FW_WB_V1.18.0, STM32Cube_FW_WL_V1.3.0, X-CUBE-ALGOBUILD_V1.3.0, X-CUBE-ALS_V1.0.1, X-CUBE-AZRTOS-F4_V1.1.0, X-CUBE-AZRTOS-F7_V1.1.0, X-CUBE-AZRTOS-G0_V1.1.0, X-CUBE-AZRTOS-G4_V2.0.0, X-CUBE-AZRTOS-H7_V3.1.0, X-CUBE-AZRTOS-L4_V1.0.0, X-CUBE-AZRTOS-L4_V2.0.0, X-CUBE-AZRTOS-L5_V1.1.0, X-CUBE-AZRTOS-WB_V2.0.0, X-CUBE-AZRTOS-WL_V2.0.0, X-CUBE-BLE1_V7.0.0, X-CUBE-BLE2_V3.3.0, X-CUBE-BLEMGR_V3.0.0, X-CUBE-EEPRMA1_V4.1.0, X-CUBE-EEPRMA1_V4.2.0, X-CUBE-FREERTOS_V1.1.0, X-CUBE-GNSS1_V6.0.0, X-CUBE-MEMS1_V10.0.0, X-CUBE-MEMS1_V9.1.0, X-CUBE-MEMS1_V9.4.0, X-CUBE-MEMS1_V9.6.0, X-CUBE-NFC4_V3.0.0, X-CUBE-NFC7_V1.0.1, X-CUBE-SFXS2LP1_V4.0.0, X-CUBE-SUBG2_V5.0.0, X-CUBE-TOF1_V3.4.0]
2024-01-23 22:57:31,028 [WARN] PackLoader:240 - Cannot read IP mode file for STMicroelectronics.X-CUBE-GNSS1.6.0.0
2024-01-23 22:57:31,058 [WARN] PackLoader:240 - Cannot read IP mode file for STMicroelectronics.X-CUBE-AZRTOS-F4.1.1.0
2024-01-23 22:57:31,070 [WARN] PackLoader:240 - Cannot read IP mode file for wolfSSL.I-CUBE-wolfSSL.5.6.6
2024-01-23 22:57:31,098 [WARN] PackLoader:240 - Cannot read IP mode file for STMicroelectronics.X-CUBE-AZRTOS-L5.2.0.0
2024-01-23 22:57:31,109 [WARN] PackLoader:240 - Cannot read IP mode file for STMicroelectronics.X-CUBE-EEPRMA1.4.2.0
2024-01-23 22:57:31,119 [WARN] PackLoader:240 - Cannot read IP mode file for ITTIA_DB.I-CUBE-ITTIADB.8.8.0
2024-01-23 22:57:31,128 [WARN] PackLoader:240 - Cannot read IP mode file for STMicroelectronics.X-CUBE-NFC7.1.0.1
2024-01-23 22:57:31,140 [WARN] PackLoader:240 - Cannot read IP mode file for STMicroelectronics.X-CUBE-NFC6.3.0.0
2024-01-23 22:57:31,151 [WARN] PackLoader:240 - Cannot read IP mode file for STMicroelectronics.X-CUBE-AI.8.1.0
2024-01-23 22:57:31,177 [WARN] ConditionMgr:438 - getConditionDescription Invalid condition id : LAN8742 Phy interface Condition cause : null
2024-01-23 22:57:31,178 [WARN] PackLoader:240 - Cannot read IP mode file for STMicroelectronics.X-CUBE-AZRTOS-L4.2.0.0
2024-01-23 22:57:31,181 [WARN] ConditionMgr:1039 - genDependencies : Invalid condition id : LAN8742 Phy interface Condition cause : null
2024-01-23 22:57:31,181 [WARN] ConditionMgr:1039 - genDependencies : Invalid condition id : LAN8742 Phy interface Condition cause : null
2024-01-23 22:57:31,182 [WARN] ConditionMgr:1039 - genDependencies : Invalid condition id : LAN8742 Phy interface Condition cause : null
2024-01-23 22:57:31,194 [WARN] PackLoader:240 - Cannot read IP mode file for STMicroelectronics.X-CUBE-SFXS2LP1.4.0.0
2024-01-23 22:57:31,216 [WARN] ConditionMgr:438 - getConditionDescription Invalid condition id : UX DEVICE CLASS RTOS Condition cause : null
2024-01-23 22:57:31,217 [WARN] ConditionMgr:438 - getConditionDescription Invalid condition id : UX DEVICE CLASS RTOS Condition cause : null
2024-01-23 22:57:31,220 [WARN] PackLoader:240 - Cannot read IP mode file for STMicroelectronics.X-CUBE-AZRTOS-WB.2.0.0
2024-01-23 22:57:31,221 [WARN] ConditionMgr:1039 - genDependencies : Invalid condition id : UX DEVICE CLASS RTOS Condition cause : null
2024-01-23 22:57:31,222 [WARN] ConditionMgr:1039 - genDependencies : Invalid condition id : UX DEVICE CLASS RTOS Condition cause : null
2024-01-23 22:57:31,223 [WARN] ConditionMgr:1039 - genDependencies : Invalid condition id : UX DEVICE CLASS RTOS Condition cause : null
2024-01-23 22:57:31,223 [WARN] ConditionMgr:1039 - genDependencies : Invalid condition id : UX DEVICE CLASS RTOS Condition cause : null
2024-01-23 22:57:31,224 [WARN] ConditionMgr:1039 - genDependencies : Invalid condition id : UX DEVICE CLASS RTOS Condition cause : null
2024-01-23 22:57:31,240 [WARN] PackLoader:240 - Cannot read IP mode file for STMicroelectronics.X-CUBE-SUBG2.5.0.0
2024-01-23 22:57:31,273 [WARN] PackLoader:240 - Cannot read IP mode file for STMicroelectronics.X-CUBE-AZRTOS-G4.2.0.0
2024-01-23 22:57:31,294 [WARN] PackLoader:240 - Cannot read IP mode file for Infineon.AIROC-Wi-Fi-Bluetooth-STM32.1.5.1
2024-01-23 22:57:31,307 [WARN] PackLoader:240 - Cannot read IP mode file for STMicroelectronics.FP-SNS-MOTENVWB1.1.3.1
2024-01-23 22:57:31,315 [WARN] PackLoader:240 - Cannot read IP mode file for STMicroelectronics.X-CUBE-ISPU.2.0.0
2024-01-23 22:57:31,373 [WARN] PackLoader:240 - Cannot read IP mode file for STMicroelectronics.X-CUBE-MEMS1.10.0.0
2024-01-23 22:57:31,563 [INFO] WebApp:780 - Register for checkConnection events
2024-01-23 22:57:31,563 [INFO] WebApp:414 - Apply proxy settings
2024-01-23 22:57:31,564 [INFO] WebApp:499 - Chromium requires no authentication
2024-01-23 22:57:31,581 [INFO] WebApp:442 - Direct internet connection detected
2024-01-23 22:57:31,631 [WARN] PackLoader:240 - Cannot read IP mode file for STMicroelectronics.X-CUBE-FREERTOS.1.1.0
2024-01-23 22:57:31,641 [WARN] PackLoader:240 - Cannot read IP mode file for portGmbH.I-Cube-SoM-uGOAL.1.1.0
2024-01-23 22:57:31,648 [WARN] PackLoader:240 - Cannot read IP mode file for STMicroelectronics.X-CUBE-ALS.1.0.1
2024-01-23 22:57:31,656 [WARN] PackLoader:240 - Cannot read IP mode file for STMicroelectronics.FP-ATR-ASTRA1.2.0.0
2024-01-23 22:57:31,674 [WARN] PackLoader:240 - Cannot read IP mode file for STMicroelectronics.X-CUBE-TOF1.3.4.0
2024-01-23 22:57:31,720 [WARN] PackLoader:240 - Cannot read IP mode file for STMicroelectronics.X-CUBE-AZRTOS-H7.3.2.0
2024-01-23 22:57:31,726 [INFO] ThirdParty:978 - Integrity check success = true
2024-01-23 22:57:31,726 [INFO] IntegrityCheckThread:100 - exiting critical section [integrity check]
2024-01-23 22:57:31,726 [INFO] IntegrityCheckThread:103 - End integrity checks thread
2024-01-23 22:57:32,051 [INFO] WebApp:192 - Starting web application
2024-01-23 22:57:32,052 [INFO] WebApp:544 - Web application path used C:\ST\STM32CubeIDE_1.14.0\STM32CubeIDE\plugins\com.st.stm32cube.common.mx_6.10.0.202311202037\db\plugins\mcufinder\reactClient1\index.html
2024-01-23 22:57:34,746 [INFO] ApiDb:240 - Found 371 in-development CPN: [B-G473E-ZEST1S, B-WB1M-WPAN1, B-WL5M-SUBG1, NUCLEO-C031C6, NUCLEO-H503RB, NUCLEO-H563ZI, NUCLEO-U545RE-Q, NUCLEO-U5A5ZJ-Q, NUCLEO-WBA52CG, NUCLEO-WBA55CG, STEVAL-MKBOXPRO, STEVAL-PROTEUS1, STEVAL-STWINBX1, STM320518-EVAL, STM32C0116-DK, STM32C011D6Y3TR, STM32C011D6Y6TR, STM32C011F4P3, STM32C011F4P6, STM32C011F4U3, STM32C011F4U6TR, STM32C011F6P3, STM32C011F6P6, STM32C011F6U3, STM32C011F6U6TR, STM32C011J4M3, STM32C011J4M6, STM32C011J6M3, STM32C011J6M6, STM32C0316-DK, STM32C031C4T3, STM32C031C4T6, STM32C031C4U3, STM32C031C4U6, STM32C031C6T3, STM32C031C6T6, STM32C031C6U3, STM32C031C6U6, STM32C031F4P3, STM32C031F4P6, STM32C031F6P3, STM32C031F6P6, STM32C031G4U3, STM32C031G4U6, STM32C031G6U3, STM32C031G6U6, STM32C031K4T3, STM32C031K4T6, STM32C031K4U3, STM32C031K4U6, STM32C031K6T3, STM32C031K6T6, STM32C031K6U3, STM32C031K6U6, STM32G071K8TXN, STM32G071K8UXN, STM32G081GBU6N, STM32G081KBT6N, STM32G081KBUXN, STM32G0B1CCT6N, STM32G0B1KCT6, STM32G0B1NEY6TR, STM32G0B1RCT6N, STM32G0C1CCT6, STM32G0C1CCT6N, STM32G0C1CCU6N, STM32G0C1CET6N, STM32G0C1CEU6N, STM32G0C1KCT6, STM32G0C1NEY6TR, STM32G0C1RCI6N, STM32G0C1RCT6N, STM32G0C1REI6N, STM32G0C1RET6N, STM32G0C1VCI6, STM32G0C1VEI6, STM32G471CCT6, STM32G471CCU6, STM32G471CET3, STM32G471CET6, STM32G471CEU3, STM32G471CEU6, STM32G471MCT6, STM32G471MET3, STM32G471MET6, STM32G471MEY6TR, STM32G471QCT6, STM32G471QET3, STM32G471RCT6, STM32G471RET3, STM32G471RET6, STM32G471VCH6, STM32G471VCI6, STM32G471VCT6, STM32G471VEH3, STM32G471VEH6, STM32G471VEI3, STM32G471VEI6, STM32G471VET3, STM32G471VET6, STM32G474CCT6, STM32H503CBT6, STM32H503CBU6, STM32H503EBY6TR, STM32H503KBU6, STM32H503RBT6, STM32H562AGI6, STM32H562AII6, STM32H562IGK6, STM32H562IGT6, STM32H562IIK6, STM32H562IIT6, STM32H562RGT6, STM32H562RGV6, STM32H562RIT6, STM32H562RIV6, STM32H562VGT6, STM32H562VIT6, STM32H562ZGT6, STM32H562ZIT6, STM32H563AGI6, STM32H563AII3Q, STM32H563AII6, STM32H563IGK6, STM32H563IGT6, STM32H563IIK3Q, STM32H563IIK6, STM32H563IIT3Q, STM32H563IIT6, STM32H563MIY3QTR, STM32H563RGT6, STM32H563RGV6, STM32H563RIT6, STM32H563RIV6, STM32H563VGT6, STM32H563VIT3Q, STM32H563VIT6, STM32H563ZGT6, STM32H563ZIT3Q, STM32H563ZIT6, STM32H573AII3Q, STM32H573AII6, STM32H573I-DK, STM32H573IIK3Q, STM32H573IIK6, STM32H573IIT3Q, STM32H573IIT6, STM32H573MIY3QTR, STM32H573RIT6, STM32H573RIV6, STM32H573VIT3Q, STM32H573VIT6, STM32H573ZIT3Q, STM32H573ZIT6, STM32L4R5QGI6STR, STM32MP131AAE3, STM32MP131AAF3, STM32MP131AAG3, STM32MP131CAE3, STM32MP131CAF3, STM32MP131CAG3, STM32MP131DAE7, STM32MP131DAF7, STM32MP131DAG7, STM32MP131FAE7, STM32MP131FAF7, STM32MP131FAG7, STM32MP133AAE3, STM32MP133AAF3, STM32MP133AAG3, STM32MP133CAE3, STM32MP133CAF3, STM32MP133CAG3, STM32MP133DAE7, STM32MP133DAF7, STM32MP133DAG7, STM32MP133FAE7, STM32MP133FAF7, STM32MP133FAG7, STM32MP135AAE3, STM32MP135AAF3, STM32MP135AAG3, STM32MP135CAE3, STM32MP135CAF3, STM32MP135CAG3, STM32MP135DAE7, STM32MP135DAF7, STM32MP135DAG7, STM32MP135F-DK, STM32MP135FAE7, STM32MP135FAF7, STM32MP135FAF7T, STM32MP135FAF7U, STM32MP135FAG7, STM32U535CBT6, STM32U535CBT6Q, STM32U535CBU6, STM32U535CBU6Q, STM32U535CCT6, STM32U535CCT6Q, STM32U535CCU6, STM32U535CCU6Q, STM32U535CET6, STM32U535CET6Q, STM32U535CEU6, STM32U535CEU6Q, STM32U535JEY6QTR, STM32U535NCY6QTR, STM32U535NEY6QTR, STM32U535RBI6, STM32U535RBI6Q, STM32U535RBT6, STM32U535RBT6Q, STM32U535RCI6, STM32U535RCI6Q, STM32U535RCT6, STM32U535RCT6Q, STM32U535REI6, STM32U535REI6Q, STM32U535RET6, STM32U535RET6Q, STM32U535VCI6, STM32U535VCI6Q, STM32U535VCT6, STM32U535VCT6Q, STM32U535VEI6, STM32U535VEI6Q, STM32U535VET6, STM32U535VET6Q, STM32U545CET6, STM32U545CET6Q, STM32U545CEU6, STM32U545CEU6Q, STM32U545JEY6QTR, STM32U545NEY6QTR, STM32U545REI6, STM32U545REI6Q, STM32U545RET6, STM32U545RET6Q, STM32U545VEI6, STM32U545VEI6Q, STM32U545VET6, STM32U545VET6Q, STM32U595AIH6, STM32U595AIH6Q, STM32U595AJH6, STM32U595AJH6Q, STM32U595QII6, STM32U595QII6Q, STM32U595QJI6, STM32U595QJI6Q, STM32U595RIT6, STM32U595RIT6Q, STM32U595RJT6, STM32U595RJT6Q, STM32U595VIT6, STM32U595VIT6Q, STM32U595VJT6, STM32U595VJT6Q, STM32U595ZIT6, STM32U595ZIT6Q, STM32U595ZIY6QTR, STM32U595ZJT6, STM32U595ZJT6Q, STM32U595ZJY6QTR, STM32U599BJY6QTR, STM32U599NIH6Q, STM32U599NJH6Q, STM32U599VIT6Q, STM32U599VJT6, STM32U599VJT6Q, STM32U599ZIT6Q, STM32U599ZIY6QTR, STM32U599ZJT6Q, STM32U599ZJY6QTR, STM32U5A5AJH6, STM32U5A5AJH6Q, STM32U5A5QJI6, STM32U5A5QJI6Q, STM32U5A5RJT6, STM32U5A5RJT6Q, STM32U5A5VJT6, STM32U5A5VJT6Q, STM32U5A5ZJT6, STM32U5A5ZJT6Q, STM32U5A5ZJY6QTR, STM32U5A9BJY6QTR, STM32U5A9J-DK, STM32U5A9NJH6Q, STM32U5A9VJT6Q, STM32U5A9ZJT6Q, STM32U5A9ZJY6QTR, STM32U5F7VIT6, STM32U5F7VIT6Q, STM32U5F7VJT6, STM32U5F7VJT6Q, STM32U5F9BJY6QTR, STM32U5F9NJH6Q, STM32U5F9VIT6Q, STM32U5F9VJT6Q, STM32U5F9ZIJ6QTR, STM32U5F9ZIT6Q, STM32U5F9ZJJ6QTR, STM32U5F9ZJT6Q, STM32U5G7VJT6, STM32U5G7VJT6Q, STM32U5G9BJY6QTR, STM32U5G9J-DK1, STM32U5G9J-DK2, STM32U5G9NJH6Q, STM32U5G9VJT6Q, STM32U5G9ZJJ6QTR, STM32U5G9ZJT6Q, STM32WB1MMCH6, STM32WBA50KEU6, STM32WBA50KEU6TR, STM32WBA50KGU6, STM32WBA50KGU6TR, STM32WBA52CEU6, STM32WBA52CEU6TR, STM32WBA52CEU7, STM32WBA52CEU7TR, STM32WBA52CGU6, STM32WBA52CGU6TR, STM32WBA52CGU6U, STM32WBA52CGU7, STM32WBA52CGU7TR, STM32WBA52KEU6, STM32WBA52KEU6TR, STM32WBA52KGU6, STM32WBA52KGU6TR, STM32WBA54CEU6, STM32WBA54CEU6TR, STM32WBA54CEU7, STM32WBA54CEU7TR, STM32WBA54CGU6, STM32WBA54CGU6TR, STM32WBA54CGU7, STM32WBA54CGU7TR, STM32WBA54KEU6, STM32WBA54KEU6TR, STM32WBA54KEU7, STM32WBA54KEU7TR, STM32WBA54KGU6, STM32WBA54KGU6TR, STM32WBA54KGU7, STM32WBA54KGU7TR, STM32WBA55CEU6, STM32WBA55CEU6TR, STM32WBA55CEU7, STM32WBA55CEU7TR, STM32WBA55CGU6, STM32WBA55CGU6TR, STM32WBA55CGU6U, STM32WBA55CGU7, STM32WBA55CGU7TR, STM32WBA55G-DK1, STM32WBA55HEF6, STM32WBA55HEF7, STM32WBA55HGF6, STM32WBA55HGF7, STM32WBA55UEI6, STM32WBA55UEI6TR, STM32WBA55UEI7, STM32WBA55UEI7TR, STM32WBA55UGI6, STM32WBA55UGI6TR, STM32WBA55UGI7, STM32WBA55UGI7TR, STM32WL5MOCH6, STM32WL5MOCH6TR]
2024-01-23 22:57:34,755 [INFO] DbMcus:218 - Found 3930 MCUs, 3930 are supported
2024-01-23 22:57:34,756 [INFO] ApiDb:423 - Load user favorites file C:\Users\salma/.stm32cubeide/favorites.mcus.txt: 0 item(s)
2024-01-23 22:57:34,756 [INFO] ApiDb:427 - User favorites MCUs=[]
2024-01-23 22:57:34,756 [INFO] DbMcus:224 - Set 0 / 0 favorites MCUs
2024-01-23 22:57:35,063 [INFO] ApiDb:423 - Load user favorites file C:\Users\salma/.stm32cubeide/favorites.boards.txt: 0 item(s)
2024-01-23 22:57:35,065 [INFO] ApiDb:427 - User favorites Boards=[]
2024-01-23 22:57:35,065 [INFO] DbBoards:198 - Set 0 / 0 favorites Boards
2024-01-23 22:57:35,066 [INFO] McuFinderGlobals:76 - Set McuFinderConnectedMode to true
2024-01-23 22:57:35,077 [INFO] MultiScanPanel:200 - Auto-refresh data requested => check proxy status ongoing
2024-01-23 22:57:35,081 [INFO] FinderPluginLoader:95 - Searching for filters in installed packs
2024-01-23 22:57:36,769 [INFO] LoadUrlFilesThread:185 - End of LoadServerUrlFiles without Thread
2024-01-23 22:57:36,787 [INFO] DetailPanel:341 - Set advertising image to C:/Users/salma/STM32Cube/Repository/\en.prom-stm32wl3-mcu-finder.jpg
2024-01-23 22:57:53,322 [ERROR] LogOutputStream:75 - [STDERR_REDIRECT] SLF4J: Failed to load class "org.slf4j.impl.StaticLoggerBinder".
2024-01-23 22:57:53,324 [ERROR] LogOutputStream:75 - [STDERR_REDIRECT] SLF4J: Defaulting to no-operation (NOP) logger implementation
2024-01-23 22:57:53,326 [ERROR] LogOutputStream:75 - [STDERR_REDIRECT] SLF4J: See http://www.slf4j.org/codes.html#StaticLoggerBinder for further details.
2024-01-23 22:58:28,632 [INFO] MainUpdater:2873 - connection check result : 10
2024-01-23 22:58:28,632 [INFO] MainUpdater:2873 - connection check result : 10
2024-01-23 22:58:28,670 [INFO] MicroXplorer:468 - Change Database Path : 
2024-01-23 22:58:28,670 [INFO] MicroXplorer:498 - Change Database Version : DB.6.0.100
2024-01-23 22:58:28,676 [WARN] ThirdParty:871 - waiting for thirdparty lock release [close project]
2024-01-23 22:58:28,677 [INFO] ThirdParty:873 - entering critical section [close project]
2024-01-23 22:58:28,678 [INFO] ThirdParty:883 - exiting critical section [close project]
2024-01-23 22:58:28,684 [INFO] PinOutPanel:1499 - setPackage(No Configuration,No Configuration)
2024-01-23 22:58:28,691 [INFO] UtilMem:75 - Begin LoadConfig() Used Memory: 421962216 Bytes (620756992)
2024-01-23 22:58:28,693 [INFO] MicroXplorer:468 - Change Database Path : 
2024-01-23 22:58:28,693 [INFO] MicroXplorer:498 - Change Database Version : DB.6.0.100
2024-01-23 22:58:28,693 [INFO] OpenFileManager:312 - Change cursor
2024-01-23 22:58:28,728 [INFO] Mcu:2016 - Initializing MCU STM32L432K(B-C)Ux STM32L432KCUx STM32L432KCU3
2024-01-23 22:58:31,693 [INFO] Context:659 - Trying to add GPIOservice into a context  which must be forbidden
2024-01-23 22:58:32,640 [INFO] RtosManager:555 - Registered RTOS mode: class=CMSIS, group=RTOS, mode=CMSIS_V1, owner=FREERTOS
2024-01-23 22:58:32,641 [INFO] RtosManager:555 - Registered RTOS mode: class=CMSIS, group=RTOS2, mode=CMSIS_V2, owner=FREERTOS
2024-01-23 22:58:32,641 [INFO] RtosManager:555 - Registered RTOS mode: class=RTOS, group=Core, mode=CMSIS_V1, owner=FREERTOS
2024-01-23 22:58:32,641 [INFO] RtosManager:555 - Registered RTOS mode: class=RTOS, group=Core, mode=CMSIS_V2, owner=FREERTOS
2024-01-23 22:58:32,641 [WARN] ModelIntegratedComponent:184 - Missing modes for component STMicroelectronics:FreeRTOS:0.0.1:STMicroelectronics:RTOS:FreeRTOS:Core:::10.2.0:
2024-01-23 22:58:32,676 [WARN] ModelIntegratedComponent:63 - No mode defined for component null
2024-01-23 22:58:32,677 [WARN] ModelIntegratedComponent:63 - No mode defined for component null
2024-01-23 22:58:32,677 [WARN] ModelIntegratedComponent:63 - No mode defined for component null
2024-01-23 22:58:32,677 [WARN] ModelIntegratedComponent:63 - No mode defined for component null
2024-01-23 22:58:32,677 [WARN] ModelIntegratedComponent:63 - No mode defined for component null
2024-01-23 22:58:32,677 [WARN] ModelIntegratedComponent:63 - No mode defined for component null
2024-01-23 22:58:32,677 [WARN] ModelIntegratedComponent:63 - No mode defined for component null
2024-01-23 22:58:32,677 [WARN] ModelIntegratedComponent:63 - No mode defined for component null
2024-01-23 22:58:32,677 [WARN] ModelIntegratedComponent:63 - No mode defined for component null
2024-01-23 22:58:32,677 [WARN] ModelIntegratedComponent:63 - No mode defined for component null
2024-01-23 22:58:32,677 [WARN] ModelIntegratedComponent:63 - No mode defined for component null
2024-01-23 22:58:32,677 [WARN] ModelIntegratedComponent:63 - No mode defined for component null
2024-01-23 22:58:32,678 [WARN] ModelIntegratedComponent:63 - No mode defined for component null
2024-01-23 22:58:32,678 [WARN] ModelIntegratedComponent:63 - No mode defined for component null
2024-01-23 22:58:32,678 [WARN] ModelIntegratedComponent:63 - No mode defined for component null
2024-01-23 22:58:32,678 [WARN] ModelIntegratedComponent:63 - No mode defined for component null
2024-01-23 22:58:32,678 [WARN] ModelIntegratedComponent:63 - No mode defined for component null
2024-01-23 22:58:32,678 [WARN] ModelIntegratedComponent:63 - No mode defined for component null
2024-01-23 22:58:32,678 [WARN] ModelIntegratedComponent:63 - No mode defined for component null
2024-01-23 22:58:32,678 [WARN] ModelIntegratedComponent:63 - No mode defined for component null
2024-01-23 22:58:32,678 [WARN] ModelIntegratedComponent:63 - No mode defined for component null
2024-01-23 22:58:32,678 [WARN] ModelIntegratedComponent:63 - No mode defined for component null
2024-01-23 22:58:32,678 [WARN] ModelIntegratedComponent:63 - No mode defined for component null
2024-01-23 22:58:32,679 [WARN] ModelIntegratedComponent:63 - No mode defined for component null
2024-01-23 22:58:32,679 [WARN] ModelIntegratedComponent:63 - No mode defined for component null
2024-01-23 22:58:32,679 [WARN] ModelIntegratedComponent:63 - No mode defined for component null
2024-01-23 22:58:32,679 [WARN] ModelIntegratedComponent:63 - No mode defined for component null
2024-01-23 22:58:32,679 [WARN] ModelIntegratedComponent:63 - No mode defined for component null
2024-01-23 22:58:32,679 [WARN] ModelIntegratedComponent:63 - No mode defined for component null
2024-01-23 22:58:32,679 [WARN] ModelIntegratedComponent:63 - No mode defined for component null
2024-01-23 22:58:32,679 [WARN] ModelIntegratedComponent:63 - No mode defined for component null
2024-01-23 22:58:32,679 [WARN] ModelIntegratedComponent:63 - No mode defined for component null
2024-01-23 22:58:32,679 [WARN] ModelIntegratedComponent:63 - No mode defined for component null
2024-01-23 22:58:32,992 [INFO] ThirdPartyModel:298 - Start build external matchings
2024-01-23 22:58:33,478 [INFO] ThirdPartyModel:316 - End build external matchings
2024-01-23 22:58:33,508 [INFO] ImportTextPane:194 - (OptionalMessage_ERROR) IP (RCC) : Invalid parameter (48CLKFreq_Value)
2024-01-23 22:58:33,509 [INFO] ImportTextPane:194 - (OptionalMessage_ERROR) IP (RCC) : Invalid parameter (FamilyName)
2024-01-23 22:58:33,510 [INFO] ImportTextPane:194 - (OptionalMessage_ERROR) IP (RCC) : Invalid parameter (HSI16_VALUE)
2024-01-23 22:58:33,510 [INFO] ImportTextPane:194 - (OptionalMessage_ERROR) IP (RCC) : Invalid parameter (LPTIMFreq_Value)
2024-01-23 22:58:33,510 [INFO] ImportTextPane:194 - (OptionalMessage_ERROR) IP (RCC) : Invalid parameter (LPUARTFreq_Value)
2024-01-23 22:58:33,510 [INFO] ImportTextPane:194 - (OptionalMessage_ERROR) IP (RCC) : Invalid parameter (MCOPinFreq_Value)
2024-01-23 22:58:33,511 [INFO] ImportTextPane:194 - (OptionalMessage_ERROR) IP (RCC) : Invalid parameter (PLLCLKFreq_Value)
2024-01-23 22:58:33,511 [INFO] ImportTextPane:194 - (OptionalMessage_ERROR) IP (RCC) : Invalid parameter (PLLMUL)
2024-01-23 22:58:33,512 [INFO] ImportTextPane:194 - (OptionalMessage_ERROR) IP (RCC) : Invalid parameter (RTCHSEDivFreq_Value)
2024-01-23 22:58:33,513 [INFO] ImportTextPane:194 - (OptionalMessage_ERROR) IP (RCC) : Invalid parameter (TIMFreq_Value)
2024-01-23 22:58:33,513 [INFO] ImportTextPane:194 - (OptionalMessage_ERROR) IP (RCC) : Invalid parameter (TimerFreq_Value)
2024-01-23 22:58:34,292 [INFO] UtilMem:75 - End LoadConfig() Used Memory: 622612016 Bytes (854589440)
2024-01-23 22:58:34,596 [INFO] MicroXplorer:468 - Change Database Path : 
2024-01-23 22:58:34,597 [INFO] MicroXplorer:498 - Change Database Version : DB.6.0.100
2024-01-23 22:58:34,597 [WARN] ThirdParty:833 - waiting for thirdparty lock release [change project]
2024-01-23 22:58:34,597 [INFO] ThirdParty:835 - entering critical section [change project]
2024-01-23 22:58:34,598 [INFO] ThirdParty:1030 - CMSIS Pack Vendor :STMicroelectronics USBPD 4.1
2024-01-23 22:58:34,598 [INFO] ThirdParty:1030 - CMSIS Pack Vendor :STMicroelectronics X-CUBE-GNSS1 6.0.0
2024-01-23 22:58:34,598 [INFO] ThirdParty:1030 - CMSIS Pack Vendor :STMicroelectronics USB_HOST 2.0.0
2024-01-23 22:58:34,598 [INFO] ThirdParty:1030 - CMSIS Pack Vendor :STMicroelectronics X-CUBE-AZRTOS-F4 1.1.0
2024-01-23 22:58:34,598 [INFO] ThirdParty:1030 - CMSIS Pack Vendor :STMicroelectronics LIBJPEG 8.0.0
2024-01-23 22:58:34,598 [INFO] ThirdParty:1030 - CMSIS Pack Vendor :STMicroelectronics X-CUBE-SMBUS 2.1.0
2024-01-23 22:58:34,598 [INFO] ThirdParty:1030 - CMSIS Pack Vendor :STMicroelectronics USB_DEVICE 3.0.0
2024-01-23 22:58:34,598 [INFO] ThirdParty:1030 - CMSIS Pack Vendor :STMicroelectronics X-CUBE-AZRTOS-WB 2.0.0
2024-01-23 22:58:34,598 [INFO] ThirdParty:1030 - CMSIS Pack Vendor :wolfSSL I-CUBE-wolfSSL 5.6.6
2024-01-23 22:58:34,598 [INFO] ThirdParty:1030 - CMSIS Pack Vendor :STMicroelectronics X-CUBE-TOUCHGFX 4.23.0
2024-01-23 22:58:34,598 [INFO] ThirdParty:1030 - CMSIS Pack Vendor :STMicroelectronics X-CUBE-AZRTOS-F7 1.1.0
2024-01-23 22:58:34,598 [INFO] ThirdParty:1030 - CMSIS Pack Vendor :STMicroelectronics X-CUBE-AZRTOS-L5 2.0.0
2024-01-23 22:58:34,599 [INFO] ThirdParty:1030 - CMSIS Pack Vendor :STMicroelectronics USB_DEVICE 2.0.0
2024-01-23 22:58:34,599 [INFO] ThirdParty:1030 - CMSIS Pack Vendor :STMicroelectronics X-CUBE-EEPRMA1 4.2.0
2024-01-23 22:58:34,599 [INFO] ThirdParty:1030 - CMSIS Pack Vendor :ITTIA_DB I-CUBE-ITTIADB 8.8.0
2024-01-23 22:58:34,599 [INFO] ThirdParty:1030 - CMSIS Pack Vendor :STMicroelectronics FP-SNS-MOTENV1 4.3.2
2024-01-23 22:58:34,600 [INFO] ThirdParty:1030 - CMSIS Pack Vendor :STMicroelectronics X-CUBE-ALGOBUILD 1.3.0
2024-01-23 22:58:34,600 [INFO] ThirdParty:1030 - CMSIS Pack Vendor :STMicroelectronics FreeRTOS 0.0.1
2024-01-23 22:58:34,601 [INFO] ThirdParty:1030 - CMSIS Pack Vendor :STMicroelectronics X-CUBE-AZRTOS-G0 1.1.0
2024-01-23 22:58:34,601 [INFO] ThirdParty:1030 - CMSIS Pack Vendor :STMicroelectronics X-CUBE-NFC4 3.0.0
2024-01-23 22:58:34,601 [INFO] ThirdParty:1030 - CMSIS Pack Vendor :STMicroelectronics X-CUBE-SUBG2 5.0.0
2024-01-23 22:58:34,601 [INFO] ThirdParty:1030 - CMSIS Pack Vendor :STMicroelectronics STM32_WPAN 1.0.0
2024-01-23 22:58:34,602 [INFO] ThirdParty:1030 - CMSIS Pack Vendor :STMicroelectronics lwIP 2.0.3
2024-01-23 22:58:34,602 [INFO] ThirdParty:1030 - CMSIS Pack Vendor :STMicroelectronics FP-SNS-FLIGHT1 5.0.2
2024-01-23 22:58:34,602 [INFO] ThirdParty:1030 - CMSIS Pack Vendor :STMicroelectronics USB_HOST 1.0.0
2024-01-23 22:58:34,602 [INFO] ThirdParty:1030 - CMSIS Pack Vendor :STMicroelectronics X-CUBE-AZRTOS-G4 2.0.0
2024-01-23 22:58:34,602 [INFO] ThirdParty:1030 - CMSIS Pack Vendor :STMicroelectronics PDM2PCM 3.1.0
2024-01-23 22:58:34,602 [INFO] ThirdParty:1030 - CMSIS Pack Vendor :Infineon AIROC-Wi-Fi-Bluetooth-STM32 1.5.1
2024-01-23 22:58:34,602 [INFO] ThirdParty:1030 - CMSIS Pack Vendor :STMicroelectronics X-CUBE-BLEMGR 3.0.0
2024-01-23 22:58:34,602 [INFO] ThirdParty:1030 - CMSIS Pack Vendor :STMicroelectronics PDM2PCM 3.3.0
2024-01-23 22:58:34,602 [INFO] ThirdParty:1030 - CMSIS Pack Vendor :STMicroelectronics X-CUBE-DISPLAY 3.0.0
2024-01-23 22:58:34,602 [INFO] ThirdParty:1030 - CMSIS Pack Vendor :STMicroelectronics FP-SNS-MOTENVWB1 1.3.1
2024-01-23 22:58:34,602 [INFO] ThirdParty:1030 - CMSIS Pack Vendor :STMicroelectronics X-CUBE-BLE1 7.0.0
2024-01-23 22:58:34,602 [INFO] ThirdParty:1030 - CMSIS Pack Vendor :STMicroelectronics FP-ATR-SIGFOX1 3.2.0
2024-01-23 22:58:34,602 [INFO] ThirdParty:1030 - CMSIS Pack Vendor :STMicroelectronics X-CUBE-ISPU 2.0.0
2024-01-23 22:58:34,602 [INFO] ThirdParty:1030 - CMSIS Pack Vendor :STMicroelectronics X-CUBE-EEPRMA1 5.1.0
2024-01-23 22:58:34,604 [INFO] ThirdParty:1030 - CMSIS Pack Vendor :STMicroelectronics HAL Drivers 0.0.0
2024-01-23 22:58:34,604 [INFO] ThirdParty:1030 - CMSIS Pack Vendor :STMicroelectronics MBEDTLS 2.16.2
2024-01-23 22:58:34,604 [INFO] ThirdParty:1030 - CMSIS Pack Vendor :emotas I-CUBE-CANOPEN 1.3.0
2024-01-23 22:58:34,604 [INFO] ThirdParty:1030 - CMSIS Pack Vendor :STMicroelectronics X-CUBE-MEMS1 10.0.0
2024-01-23 22:58:34,604 [INFO] ThirdParty:1030 - CMSIS Pack Vendor :STMicroelectronics X-CUBE-FREERTOS 1.1.0
2024-01-23 22:58:34,604 [INFO] ThirdParty:1030 - CMSIS Pack Vendor :STMicroelectronics X-CUBE-NFC7 1.0.1
2024-01-23 22:58:34,604 [INFO] ThirdParty:1030 - CMSIS Pack Vendor :STMicroelectronics MBEDTLS 2.14.1
2024-01-23 22:58:34,604 [INFO] ThirdParty:1030 - CMSIS Pack Vendor :STMicroelectronics X-CUBE-NFC6 3.0.0
2024-01-23 22:58:34,604 [INFO] ThirdParty:1030 - CMSIS Pack Vendor :portGmbH I-Cube-SoM-uGOAL 1.1.0
2024-01-23 22:58:34,604 [INFO] ThirdParty:1030 - CMSIS Pack Vendor :STMicroelectronics X-CUBE-ALS 1.0.1
2024-01-23 22:58:34,604 [INFO] ThirdParty:1030 - CMSIS Pack Vendor :STMicroelectronics ThreadX 1.0.0
2024-01-23 22:58:34,604 [INFO] ThirdParty:1030 - CMSIS Pack Vendor :STMicroelectronics FP-SNS-SMARTAG2 1.2.0
2024-01-23 22:58:34,605 [INFO] ThirdParty:1030 - CMSIS Pack Vendor :STMicroelectronics X-CUBE-AZRTOS-WL 2.0.0
2024-01-23 22:58:34,605 [INFO] ThirdParty:1030 - CMSIS Pack Vendor :SEGGER I-CUBE-embOS 1.3.1
2024-01-23 22:58:34,605 [INFO] ThirdParty:1030 - CMSIS Pack Vendor :STMicroelectronics USB_DEVICE 1.0.0
2024-01-23 22:58:34,605 [INFO] ThirdParty:1030 - CMSIS Pack Vendor :STMicroelectronics X-CUBE-AI 8.1.0
2024-01-23 22:58:34,605 [INFO] ThirdParty:1030 - CMSIS Pack Vendor :STMicroelectronics X-CUBE-AZRTOS-L4 2.0.0
2024-01-23 22:58:34,605 [INFO] ThirdParty:1030 - CMSIS Pack Vendor :STMicroelectronics ThreadX 0.0.2
2024-01-23 22:58:34,605 [INFO] ThirdParty:1030 - CMSIS Pack Vendor :WES I-CUBE-Cesium 1.3.0
2024-01-23 22:58:34,605 [INFO] ThirdParty:1030 - CMSIS Pack Vendor :STMicroelectronics FP-ATR-ASTRA1 2.0.0
2024-01-23 22:58:34,605 [INFO] ThirdParty:1030 - CMSIS Pack Vendor :STMicroelectronics lwIP 2.1.2
2024-01-23 22:58:34,605 [INFO] ThirdParty:1030 - CMSIS Pack Vendor :STMicroelectronics X-CUBE-SFXS2LP1 4.0.0
2024-01-23 22:58:34,605 [INFO] ThirdParty:1030 - CMSIS Pack Vendor :STMicroelectronics X-CUBE-BLE2 3.3.0
2024-01-23 22:58:34,605 [INFO] ThirdParty:1030 - CMSIS Pack Vendor :STMicroelectronics X-CUBE-TOF1 3.4.0
2024-01-23 22:58:34,605 [INFO] ThirdParty:1030 - CMSIS Pack Vendor :STMicroelectronics X-CUBE-AZRTOS-H7 3.2.0
2024-01-23 22:58:34,605 [INFO] ThirdParty:1030 - CMSIS Pack Vendor :STMicroelectronics PDM2PCM 3.2.0
2024-01-23 22:58:34,605 [INFO] ThirdParty:841 - exiting critical section [change project]
2024-01-23 22:58:35,116 [INFO] PinOutPanel:1499 - setPackage(No Configuration,No Configuration)
2024-01-23 22:58:35,118 [INFO] PinOutPanel:1499 - setPackage(STM32L432KCUx,UFQFPN32)
2024-01-23 22:58:35,945 [INFO] UtilMem:75 - Before build in PCC Used Memory: 544269392 Bytes (854589440)
2024-01-23 22:58:37,394 [INFO] UtilMem:75 - After build in PCC Used Memory: 713702784 Bytes (854589440)
2024-01-23 22:58:37,446 [INFO] IPUIPlugin:80 - create IPUIPlugin
2024-01-23 22:58:37,446 [INFO] IPUIPlugin:80 - create IPUIPlugin
2024-01-23 22:58:37,447 [INFO] IPUIPlugin:80 - create IPUIPlugin
2024-01-23 22:58:37,447 [INFO] IPUIPlugin:80 - create IPUIPlugin
2024-01-23 22:58:37,447 [INFO] IPUIPlugin:80 - create IPUIPlugin
2024-01-23 22:58:37,447 [INFO] IPUIPlugin:80 - create IPUIPlugin
2024-01-23 22:58:37,448 [INFO] IPUIPlugin:80 - create IPUIPlugin
2024-01-23 22:58:37,448 [INFO] IPUIPlugin:80 - create IPUIPlugin
2024-01-23 22:58:37,448 [INFO] IPUIPlugin:80 - create IPUIPlugin
2024-01-23 22:58:37,448 [INFO] IPUIPlugin:80 - create IPUIPlugin
2024-01-23 22:58:37,449 [INFO] IPUIPlugin:80 - create IPUIPlugin
2024-01-23 22:58:37,449 [INFO] IPUIPlugin:80 - create IPUIPlugin
2024-01-23 22:58:37,450 [INFO] IPUIPlugin:80 - create IPUIPlugin
2024-01-23 22:58:37,450 [INFO] IPUIPlugin:80 - create IPUIPlugin
2024-01-23 22:58:37,451 [INFO] IPUIPlugin:80 - create IPUIPlugin
2024-01-23 22:58:37,452 [INFO] IPUIPlugin:80 - create IPUIPlugin
2024-01-23 22:58:37,452 [INFO] IPUIPlugin:80 - create IPUIPlugin
2024-01-23 22:58:37,453 [INFO] IPUIPlugin:80 - create IPUIPlugin
2024-01-23 22:58:37,453 [INFO] IPUIPlugin:80 - create IPUIPlugin
2024-01-23 22:58:37,454 [INFO] IPUIPlugin:80 - create IPUIPlugin
2024-01-23 22:58:37,454 [INFO] IPUIPlugin:80 - create IPUIPlugin
2024-01-23 22:58:37,454 [INFO] IPUIPlugin:80 - create IPUIPlugin
2024-01-23 22:58:37,456 [INFO] IPUIPlugin:80 - create IPUIPlugin
2024-01-23 22:58:37,456 [INFO] IPUIPlugin:80 - create IPUIPlugin
2024-01-23 22:58:37,457 [INFO] IPUIPlugin:80 - create IPUIPlugin
2024-01-23 22:58:37,457 [INFO] IPUIPlugin:80 - create IPUIPlugin
2024-01-23 22:58:37,458 [INFO] IPUIPlugin:80 - create IPUIPlugin
2024-01-23 22:58:37,458 [INFO] IPUIPlugin:80 - create IPUIPlugin
2024-01-23 22:58:37,459 [INFO] IPUIPlugin:80 - create IPUIPlugin
2024-01-23 22:58:37,459 [INFO] IPUIPlugin:80 - create IPUIPlugin
2024-01-23 22:58:37,460 [INFO] IPUIPlugin:80 - create IPUIPlugin
2024-01-23 22:58:37,460 [INFO] IPUIPlugin:80 - create IPUIPlugin
2024-01-23 22:58:37,461 [INFO] IPUIPlugin:80 - create IPUIPlugin
2024-01-23 22:58:37,461 [INFO] IPUIPlugin:80 - create IPUIPlugin
2024-01-23 22:58:37,461 [INFO] IPUIPlugin:80 - create IPUIPlugin
2024-01-23 22:58:37,462 [INFO] IPUIPlugin:80 - create IPUIPlugin
2024-01-23 22:58:37,462 [INFO] IPUIPlugin:80 - create IPUIPlugin
2024-01-23 22:58:37,463 [INFO] IPUIPlugin:80 - create IPUIPlugin
2024-01-23 22:58:37,463 [INFO] IPUIPlugin:80 - create IPUIPlugin
2024-01-23 22:58:37,463 [INFO] IPUIPlugin:80 - create IPUIPlugin
2024-01-23 22:58:37,465 [INFO] IPUIPlugin:80 - create IPUIPlugin
2024-01-23 22:58:37,855 [INFO] CADModel:165 - CPN selected for project levelSTM32L432KCU3
2024-01-23 22:58:37,855 [INFO] CADModel:114 - Register for checkConnection events
2024-01-23 22:58:37,927 [INFO] OpenFileManager:343 - Restore cursor
2024-01-23 22:58:39,140 [INFO] UtilMem:75 - End SaveConfig() Used Memory: 535013456 Bytes (898629632)
2024-01-23 22:58:39,245 [INFO] UtilMem:75 - End SaveConfig() Used Memory: 546233296 Bytes (898629632)
2024-01-23 22:58:39,883 [INFO] BlockDiagram:2759 - set Specific Code input for plugin: NVIC
2024-01-23 22:58:39,884 [INFO] BlockDiagram:2759 - set Specific Code input for plugin: USART
2024-01-23 22:58:39,884 [INFO] BlockDiagram:2759 - set Specific Code input for plugin: SYS
2024-01-23 22:58:39,884 [INFO] BlockDiagram:2759 - set Specific Code input for plugin: GPIO
2024-01-23 22:58:39,884 [INFO] BlockDiagram:2759 - set Specific Code input for plugin: RCC
2024-01-23 22:58:39,884 [INFO] BlockDiagram:2759 - set Specific Code input for plugin: I2C
2024-01-23 22:58:39,887 [INFO] CodeGenerator:807 - code generatio: config db path: C:\ST\STM32CubeIDE_1.14.0\STM32CubeIDE\plugins\com.st.stm32cube.common.mx_6.10.0.202311202037\\db\
2024-01-23 22:58:40,231 [INFO] CodeEngine:255 - oldGeneratedFile, C:\Users\salma\OneDrive\Desktop\Capstone\Code\bme680\bme680\MXTmpFiles\license.tmp_save
2024-01-23 22:58:40,746 [INFO] CodeEngine:279 - Generated code: C:\Users\salma\OneDrive\Desktop\Capstone\Code\bme680\bme680\MXTmpFiles\license.tmp
2024-01-23 22:58:40,933 [INFO] CodeEngine:255 - oldGeneratedFile, C:\Users\salma\OneDrive\Desktop\Capstone\Code\bme680\bme680\MXTmpFiles\gpio.tmp_save
2024-01-23 22:58:41,248 [INFO] CodeEngine:279 - Generated code: C:\Users\salma\OneDrive\Desktop\Capstone\Code\bme680\bme680\MXTmpFiles\gpio.tmp
2024-01-23 22:58:41,641 [INFO] CodeEngine:255 - oldGeneratedFile, C:\Users\salma\OneDrive\Desktop\Capstone\Code\bme680\bme680\Core\Src\stm32l4xx_it.c_save
2024-01-23 22:58:41,898 [INFO] CodeEngine:279 - Generated code: C:\Users\salma\OneDrive\Desktop\Capstone\Code\bme680\bme680\Core\Src\stm32l4xx_it.c
2024-01-23 22:58:41,907 [INFO] CodeEngine:255 - oldGeneratedFile, C:\Users\salma\OneDrive\Desktop\Capstone\Code\bme680\bme680\Core\Inc\stm32l4xx_it.h_save
2024-01-23 22:58:42,026 [INFO] CodeEngine:279 - Generated code: C:\Users\salma\OneDrive\Desktop\Capstone\Code\bme680\bme680\Core\Inc\stm32l4xx_it.h
2024-01-23 22:58:42,047 [INFO] CodeEngine:255 - oldGeneratedFile, C:\Users\salma\OneDrive\Desktop\Capstone\Code\bme680\bme680\Core\Src\stm32l4xx_hal_msp.c_save
2024-01-23 22:58:42,272 [INFO] CodeEngine:279 - Generated code: C:\Users\salma\OneDrive\Desktop\Capstone\Code\bme680\bme680\Core\Src\stm32l4xx_hal_msp.c
2024-01-23 22:58:42,279 [INFO] CodeEngine:255 - oldGeneratedFile, C:\Users\salma\OneDrive\Desktop\Capstone\Code\bme680\bme680\MXTmpFiles\system.tmp_save
2024-01-23 22:58:42,385 [INFO] CodeEngine:279 - Generated code: C:\Users\salma\OneDrive\Desktop\Capstone\Code\bme680\bme680\MXTmpFiles\system.tmp
2024-01-23 22:58:42,402 [INFO] CodeEngine:311 - oldGeneratedFile, C:\Users\salma\OneDrive\Desktop\Capstone\Code\bme680\bme680\Core\Inc\stm32l4xx_hal_conf.h_save
2024-01-23 22:58:42,557 [INFO] CodeEngine:335 - Generated code: C:\Users\salma\OneDrive\Desktop\Capstone\Code\bme680\bme680\Core\Inc\stm32l4xx_hal_conf.h
2024-01-23 22:58:42,618 [INFO] CodeEngine:255 - oldGeneratedFile, C:\Users\salma\OneDrive\Desktop\Capstone\Code\bme680\bme680\Core\Inc\main.h_save
2024-01-23 22:58:42,786 [INFO] CodeEngine:279 - Generated code: C:\Users\salma\OneDrive\Desktop\Capstone\Code\bme680\bme680\Core\Inc\main.h
2024-01-23 22:58:42,798 [INFO] CodeEngine:255 - oldGeneratedFile, C:\Users\salma\OneDrive\Desktop\Capstone\Code\bme680\bme680\Core\Src\main.c_save
2024-01-23 22:58:43,042 [INFO] CodeEngine:279 - Generated code: C:\Users\salma\OneDrive\Desktop\Capstone\Code\bme680\bme680\Core\Src\main.c
2024-01-23 22:58:43,787 [INFO] ProjectBuilder:3076 - Time for Copy HAL[1] : 264mS.
2024-01-23 22:58:43,798 [INFO] ProjectBuilder:4485 - Project Generator version: 4.2.0-B44
2024-01-23 22:58:44,211 [INFO] ConfigFileManager:1495 - The Die is : DIE435
2024-01-23 22:58:44,234 [INFO] ApiDbMcu:508 - Load IP Config File for FATFS
2024-01-23 22:58:44,244 [INFO] ApiDbMcu:508 - Load IP Config File for FREERTOS
2024-01-23 22:58:44,262 [INFO] ApiDbMcu:508 - Load IP Config File for TOUCHSENSING
2024-01-23 22:58:44,271 [INFO] ApiDbMcu:508 - Load IP Config File for USB_DEVICE
2024-01-23 22:58:45,235 [INFO] LogOutputStream:77 - [STDOUT_REDIRECT] 
2024-01-23 22:58:49,312 [INFO] ProjectBuilder:4747 - Time for Generating toolchain IDE Files: 5514mS.
2024-01-23 22:58:49,314 [INFO] ProjectBuilder:2947 - Time for Copy CMSIS : 0mS.
2024-01-23 22:58:49,321 [INFO] ProjectBuilder:2947 - Time for Copy CMSIS : 0mS.
2024-01-23 22:58:50,389 [INFO] McuFinderGlobals:76 - Set McuFinderConnectedMode to true
2024-01-23 22:58:50,655 [INFO] ApiDb:448 - Save user favorites file C:\Users\salma/.stm32cubeide/favorites.mcus.txt: 0 item(s)
2024-01-23 22:58:50,655 [INFO] ApiDb:452 - User favorites MCUs=[]
