2024-03-05 14:31:23,173 [INFO] Activator:176 - 


2024-03-05 14:31:23,183 [INFO] Activator:177 - !SESSION log4j initialized
2024-03-05 14:31:32,682 [INFO] LogOutputStream:77 - [STDOUT_REDIRECT] 
2024-03-05 14:31:38,359 [INFO] ApplicationProperties:184 - Using Application install path: C:\ST\STM32CubeIDE_1.14.0\STM32CubeIDE\plugins\com.st.stm32cube.common.mx_6.10.0.202311202037
2024-03-05 14:31:38,387 [INFO] DbMcusXml:78 - Set database path to: C:\ST\STM32CubeIDE_1.14.0\STM32CubeIDE\plugins\com.st.stm32cube.common.mx_6.10.0.202311202037\\db\/mcu/
2024-03-05 14:31:38,387 [INFO] ApiDb:274 - Set plugin database path to: C:\ST\STM32CubeIDE_1.14.0\STM32CubeIDE\plugins\com.st.stm32cube.common.mx_6.10.0.202311202037\\db\/plugins/boardmanager/
2024-03-05 14:31:38,388 [WARN] ApiDb:259 - Overriding images path with different value:  => C:\ST\STM32CubeIDE_1.14.0\STM32CubeIDE\plugins\com.st.stm32cube.common.mx_6.10.0.202311202037\\db\/plugins/mcufinder/images/
2024-03-05 14:31:38,404 [INFO] ApiDb:250 - Set database path to: C:\Users\salma\.stmcufinder\plugins\mcufinder//mcu/
2024-03-05 14:31:38,406 [INFO] DbMcusAds:125 - Set database path to: C:\Users\salma\.stmcufinder\plugins\mcufinder//mcu/
2024-03-05 14:31:38,408 [INFO] CrossReferenceDbSqlite:203 - Set database path to: C:\Users\salma\.stmcufinder\plugins\mcufinder//mcu/cs/
2024-03-05 14:31:38,577 [INFO] RulesReader:64 - Compatibility file has been processed (297 Rules)
2024-03-05 14:31:38,687 [INFO] DbMcusXml:78 - Set database path to: C:\ST\STM32CubeIDE_1.14.0\STM32CubeIDE\plugins\com.st.stm32cube.common.mx_6.10.0.202311202037\\db\/mcu/
2024-03-05 14:31:38,687 [INFO] ApiDb:274 - Set plugin database path to: C:\ST\STM32CubeIDE_1.14.0\STM32CubeIDE\plugins\com.st.stm32cube.common.mx_6.10.0.202311202037\\db\/plugins/boardmanager/
2024-03-05 14:31:38,687 [INFO] ApiDb:261 - Set plugin images path to: C:\ST\STM32CubeIDE_1.14.0\STM32CubeIDE\plugins\com.st.stm32cube.common.mx_6.10.0.202311202037\\db\/plugins/mcufinder/images/
2024-03-05 14:31:38,687 [WARN] DbFile:41 - Overriding database path with different value: C:\Users\salma\.stmcufinder\plugins\mcufinder/ => C:\Users\salma\.stmcufinder\plugins\mcufinder
2024-03-05 14:31:38,687 [INFO] ApiDb:250 - Set database path to: C:\Users\salma\.stmcufinder\plugins\mcufinder//mcu/
2024-03-05 14:31:38,687 [WARN] DbFile:41 - Overriding database path with different value: C:\Users\salma\.stmcufinder\plugins\mcufinder/ => C:\Users\salma\.stmcufinder\plugins\mcufinder
2024-03-05 14:31:38,687 [INFO] DbMcusAds:125 - Set database path to: C:\Users\salma\.stmcufinder\plugins\mcufinder//mcu/
2024-03-05 14:31:38,687 [WARN] DbFile:41 - Overriding database path with different value: C:\Users\salma\.stmcufinder\plugins\mcufinder/ => C:\Users\salma\.stmcufinder\plugins\mcufinder
2024-03-05 14:31:38,687 [WARN] DbFile:41 - Overriding database path with different value: C:\Users\salma\.stmcufinder\plugins\mcufinder/ => C:\Users\salma\.stmcufinder\plugins\mcufinder
2024-03-05 14:31:38,687 [INFO] CrossReferenceDbSqlite:203 - Set database path to: C:\Users\salma\.stmcufinder\plugins\mcufinder//mcu/cs/
2024-03-05 14:31:38,801 [INFO] MainPanel:264 - HeapMemory: 268435456
2024-03-05 14:31:38,965 [INFO] DbMcusXml:78 - Set database path to: C:\ST\STM32CubeIDE_1.14.0\STM32CubeIDE\plugins\com.st.stm32cube.common.mx_6.10.0.202311202037\\db\/mcu/
2024-03-05 14:31:38,965 [INFO] ApiDb:274 - Set plugin database path to: C:\ST\STM32CubeIDE_1.14.0\STM32CubeIDE\plugins\com.st.stm32cube.common.mx_6.10.0.202311202037\\db\/plugins/boardmanager/
2024-03-05 14:31:38,965 [INFO] ApiDb:261 - Set plugin images path to: C:\ST\STM32CubeIDE_1.14.0\STM32CubeIDE\plugins\com.st.stm32cube.common.mx_6.10.0.202311202037\\db\/plugins/mcufinder/images/
2024-03-05 14:31:38,965 [WARN] DbFile:41 - Overriding database path with different value: C:\Users\salma\.stmcufinder\plugins\mcufinder/ => C:\Users\salma\.stmcufinder\plugins\mcufinder
2024-03-05 14:31:38,966 [INFO] ApiDb:250 - Set database path to: C:\Users\salma\.stmcufinder\plugins\mcufinder//mcu/
2024-03-05 14:31:38,966 [WARN] DbFile:41 - Overriding database path with different value: C:\Users\salma\.stmcufinder\plugins\mcufinder/ => C:\Users\salma\.stmcufinder\plugins\mcufinder
2024-03-05 14:31:38,966 [INFO] DbMcusAds:125 - Set database path to: C:\Users\salma\.stmcufinder\plugins\mcufinder//mcu/
2024-03-05 14:31:38,966 [WARN] DbFile:41 - Overriding database path with different value: C:\Users\salma\.stmcufinder\plugins\mcufinder/ => C:\Users\salma\.stmcufinder\plugins\mcufinder
2024-03-05 14:31:38,966 [WARN] DbFile:41 - Overriding database path with different value: C:\Users\salma\.stmcufinder\plugins\mcufinder/ => C:\Users\salma\.stmcufinder\plugins\mcufinder
2024-03-05 14:31:38,966 [INFO] CrossReferenceDbSqlite:203 - Set database path to: C:\Users\salma\.stmcufinder\plugins\mcufinder//mcu/cs/
2024-03-05 14:31:38,995 [INFO] ApplicationProperties:184 - Using Application install path: C:\ST\STM32CubeIDE_1.14.0\STM32CubeIDE\plugins\com.st.stm32cube.common.mx_6.10.0.202311202037
2024-03-05 14:31:38,998 [INFO] PluginManage:196 - Search for loadable plugins [exclusion list=, ]
2024-03-05 14:31:39,001 [INFO] PluginManage:310 - Check plugin analytics
2024-03-05 14:31:39,266 [INFO] AnalyticsPlugin:253 - Accepted Software Licenses: 
2024-03-05 14:31:39,267 [INFO] AnalyticsPlugin:255 - Accepted CMSIS Pack Licenses: 
2024-03-05 14:31:39,267 [INFO] AnalyticsPlugin:257 - Accepted Firmware Licenses: FW.L4.1.18.0
2024-03-05 14:31:39,269 [INFO] PluginManage:359 - Loaded plugin analytics (category:tool,tabindex:-1)
2024-03-05 14:31:39,271 [INFO] PluginManage:310 - Check plugin cadmodel
2024-03-05 14:31:39,289 [INFO] CADModel:105 - Init CAD model plugin
2024-03-05 14:31:39,289 [INFO] PluginManage:359 - Loaded plugin cadmodel (category:power,tabindex:5)
2024-03-05 14:31:39,289 [INFO] PluginManage:310 - Check plugin clock
2024-03-05 14:31:39,319 [INFO] PluginManage:359 - Loaded plugin clock (category:base,tabindex:2)
2024-03-05 14:31:39,319 [INFO] PluginManage:310 - Check plugin ddr
2024-03-05 14:31:39,323 [INFO] PluginManage:359 - Loaded plugin ddr (category:tool,tabindex:6)
2024-03-05 14:31:39,323 [INFO] PluginManage:310 - Check plugin filemanager
2024-03-05 14:31:39,507 [INFO] PluginManage:359 - Loaded plugin filemanager (category:base,tabindex:10)
2024-03-05 14:31:39,508 [INFO] PluginManage:310 - Check plugin ipmanager
2024-03-05 14:31:39,516 [INFO] PluginManage:359 - Loaded plugin ipmanager (category:base,tabindex:5)
2024-03-05 14:31:39,516 [INFO] PluginManage:310 - Check plugin lpbam
2024-03-05 14:31:39,536 [INFO] PluginManage:359 - Loaded plugin lpbam (category:base,tabindex:0)
2024-03-05 14:31:39,536 [INFO] PluginManage:310 - Check plugin memorymap
2024-03-05 14:31:39,568 [INFO] PluginManage:359 - Loaded plugin memorymap (category:base,tabindex:4)
2024-03-05 14:31:39,568 [INFO] PluginManage:310 - Check plugin pinoutandconfiguration
2024-03-05 14:31:39,589 [INFO] PluginManage:359 - Loaded plugin pinoutandconfiguration (category:base,tabindex:1)
2024-03-05 14:31:39,589 [INFO] PluginManage:310 - Check plugin pinoutconfig
2024-03-05 14:31:39,718 [WARN] SupportedApi:132 - Cannot load RTOS API schema: s4s-elt-must-match.1: The content of 'definitions' must match (annotation?, (simpleType | complexType)?, (unique | key | keyref)*)). A problem was found starting at: attribute.
2024-03-05 14:31:39,915 [INFO] PluginManage:359 - Loaded plugin pinoutconfig (category:base,tabindex:0)
2024-03-05 14:31:39,915 [INFO] PluginManage:310 - Check plugin power
2024-03-05 14:31:39,944 [INFO] PluginManage:359 - Loaded plugin power (category:power,tabindex:4)
2024-03-05 14:31:39,944 [INFO] PluginManage:310 - Check plugin projectmanager
2024-03-05 14:31:39,966 [INFO] PluginManage:359 - Loaded plugin projectmanager (category:projectmanager,tabindex:3)
2024-03-05 14:31:39,967 [INFO] PluginManage:310 - Check plugin thirdparty
2024-03-05 14:31:40,321 [INFO] PluginManage:359 - Loaded plugin thirdparty (category:base,tabindex:-1)
2024-03-05 14:31:40,321 [INFO] PluginManage:310 - Check plugin tools
2024-03-05 14:31:40,321 [WARN] IntegrityCheckThread:84 - waiting for thirdparty lock release [integrity check]
2024-03-05 14:31:40,322 [INFO] IntegrityCheckThread:86 - entering critical section [integrity check]
2024-03-05 14:31:40,322 [INFO] ThirdPartyUpdaterWithRetryManager:70 - Updater plugin not ready yet. [1/15]
2024-03-05 14:31:40,360 [INFO] PluginManage:359 - Loaded plugin tools (category:base,tabindex:7)
2024-03-05 14:31:40,360 [INFO] PluginManage:310 - Check plugin tutovideos
2024-03-05 14:31:40,634 [INFO] PluginManage:359 - Loaded plugin tutovideos (category:base,tabindex:-1)
2024-03-05 14:31:40,634 [INFO] PluginManage:310 - Check plugin updater
2024-03-05 14:31:40,652 [INFO] PluginManage:359 - Loaded plugin updater (category:base,tabindex:12)
2024-03-05 14:31:40,652 [INFO] PluginManage:310 - Check plugin userauth
2024-03-05 14:31:40,660 [INFO] UserAuth:114 - Init User Auth plugin
2024-03-05 14:31:40,661 [INFO] PluginManage:359 - Loaded plugin userauth (category:base,tabindex:14)
2024-03-05 14:31:40,661 [INFO] PluginManage:283 - PluginManage : Loaded plugins [17]
2024-03-05 14:31:40,966 [INFO] PinOutPanel:1499 - setPackage(No Configuration,No Configuration)
2024-03-05 14:31:41,064 [INFO] CADModel:165 - CPN selected for project level
2024-03-05 14:31:41,064 [INFO] CADModel:114 - Register for checkConnection events
2024-03-05 14:31:41,103 [INFO] IPUIPlugin:80 - create IPUIPlugin
2024-03-05 14:31:41,103 [INFO] PluginManager:220 - loadIPPluginJar : add adc
2024-03-05 14:31:41,139 [INFO] IPUIPlugin:80 - create IPUIPlugin
2024-03-05 14:31:41,140 [INFO] PluginManager:220 - loadIPPluginJar : add aes
2024-03-05 14:31:41,183 [INFO] IPUIPlugin:80 - create IPUIPlugin
2024-03-05 14:31:41,183 [INFO] PluginManager:220 - loadIPPluginJar : add can
2024-03-05 14:31:41,209 [INFO] IPUIPlugin:80 - create IPUIPlugin
2024-03-05 14:31:41,209 [INFO] PluginManager:220 - loadIPPluginJar : add comp
2024-03-05 14:31:41,243 [INFO] IPUIPlugin:80 - create IPUIPlugin
2024-03-05 14:31:41,243 [INFO] PluginManager:220 - loadIPPluginJar : add cryp
2024-03-05 14:31:41,277 [INFO] IPUIPlugin:80 - create IPUIPlugin
2024-03-05 14:31:41,278 [INFO] PluginManager:220 - loadIPPluginJar : add dfsdm
2024-03-05 14:31:41,295 [INFO] IPUIPlugin:80 - create IPUIPlugin
2024-03-05 14:31:41,295 [INFO] PluginManager:220 - loadIPPluginJar : add dma
2024-03-05 14:31:41,342 [INFO] IPUIPlugin:80 - create IPUIPlugin
2024-03-05 14:31:41,342 [INFO] PluginManager:220 - loadIPPluginJar : add dma3
2024-03-05 14:31:41,364 [INFO] IPUIPlugin:80 - create IPUIPlugin
2024-03-05 14:31:41,364 [INFO] PluginManager:220 - loadIPPluginJar : add fatfs
2024-03-05 14:31:41,415 [INFO] IPUIPlugin:80 - create IPUIPlugin
2024-03-05 14:31:41,416 [INFO] PluginManager:220 - loadIPPluginJar : add fmc
2024-03-05 14:31:41,434 [INFO] IPUIPlugin:80 - create IPUIPlugin
2024-03-05 14:31:41,434 [INFO] PluginManager:220 - loadIPPluginJar : add freertos
2024-03-05 14:31:41,458 [INFO] IPUIPlugin:80 - create IPUIPlugin
2024-03-05 14:31:41,458 [INFO] PluginManager:220 - loadIPPluginJar : add genericplugin
2024-03-05 14:31:41,555 [INFO] IPUIPlugin:80 - create IPUIPlugin
2024-03-05 14:31:41,555 [INFO] PluginManager:220 - loadIPPluginJar : add gfxmmu
2024-03-05 14:31:41,692 [INFO] IPUIPlugin:80 - create IPUIPlugin
2024-03-05 14:31:41,692 [INFO] PluginManager:220 - loadIPPluginJar : add gic
2024-03-05 14:31:41,727 [INFO] IPUIPlugin:80 - create IPUIPlugin
2024-03-05 14:31:41,728 [INFO] PluginManager:220 - loadIPPluginJar : add gpio
2024-03-05 14:31:41,821 [INFO] IPUIPlugin:80 - create IPUIPlugin
2024-03-05 14:31:41,821 [INFO] PluginManager:220 - loadIPPluginJar : add gtzc
2024-03-05 14:31:41,861 [INFO] IPUIPlugin:80 - create IPUIPlugin
2024-03-05 14:31:41,862 [INFO] PluginManager:220 - loadIPPluginJar : add hash
2024-03-05 14:31:41,918 [INFO] IPUIPlugin:80 - create IPUIPlugin
2024-03-05 14:31:41,918 [INFO] PluginManager:220 - loadIPPluginJar : add i2c
2024-03-05 14:31:41,960 [INFO] IPUIPlugin:80 - create IPUIPlugin
2024-03-05 14:31:41,960 [INFO] PluginManager:220 - loadIPPluginJar : add i2s
2024-03-05 14:31:42,004 [INFO] IPUIPlugin:80 - create IPUIPlugin
2024-03-05 14:31:42,004 [INFO] PluginManager:220 - loadIPPluginJar : add i3c
2024-03-05 14:31:42,117 [INFO] IPUIPlugin:80 - create IPUIPlugin
2024-03-05 14:31:42,117 [INFO] PluginManager:220 - loadIPPluginJar : add ipddr
2024-03-05 14:31:42,213 [INFO] IPUIPlugin:80 - create IPUIPlugin
2024-03-05 14:31:42,213 [INFO] PluginManager:220 - loadIPPluginJar : add linkedlist
2024-03-05 14:31:42,250 [INFO] IPUIPlugin:80 - create IPUIPlugin
2024-03-05 14:31:42,250 [INFO] PluginManager:220 - loadIPPluginJar : add lorawan
2024-03-05 14:31:42,294 [INFO] IPUIPlugin:80 - create IPUIPlugin
2024-03-05 14:31:42,294 [INFO] PluginManager:220 - loadIPPluginJar : add ltdc
2024-03-05 14:31:42,311 [INFO] IPUIPlugin:80 - create IPUIPlugin
2024-03-05 14:31:42,311 [INFO] PluginManager:220 - loadIPPluginJar : add mdma
2024-03-05 14:31:42,327 [INFO] IPUIPlugin:80 - create IPUIPlugin
2024-03-05 14:31:42,327 [INFO] PluginManager:220 - loadIPPluginJar : add nvic
2024-03-05 14:31:42,363 [INFO] IPUIPlugin:80 - create IPUIPlugin
2024-03-05 14:31:42,364 [INFO] PluginManager:220 - loadIPPluginJar : add opamp
2024-03-05 14:31:42,428 [INFO] IPUIPlugin:80 - create IPUIPlugin
2024-03-05 14:31:42,428 [INFO] PluginManager:220 - loadIPPluginJar : add openamp
2024-03-05 14:31:42,474 [INFO] IPUIPlugin:80 - create IPUIPlugin
2024-03-05 14:31:42,474 [INFO] PluginManager:220 - loadIPPluginJar : add pdm2pcm
2024-03-05 14:31:42,491 [INFO] IPUIPlugin:80 - create IPUIPlugin
2024-03-05 14:31:42,493 [INFO] PluginManager:220 - loadIPPluginJar : add plateformsettings
2024-03-05 14:31:42,517 [INFO] IPUIPlugin:80 - create IPUIPlugin
2024-03-05 14:31:42,517 [INFO] PluginManager:220 - loadIPPluginJar : add quadspi
2024-03-05 14:31:42,532 [INFO] IPUIPlugin:80 - create IPUIPlugin
2024-03-05 14:31:42,532 [INFO] PluginManager:220 - loadIPPluginJar : add resmgrutility
2024-03-05 14:31:42,583 [INFO] IPUIPlugin:80 - create IPUIPlugin
2024-03-05 14:31:42,583 [INFO] PluginManager:220 - loadIPPluginJar : add sai
2024-03-05 14:31:42,623 [INFO] IPUIPlugin:80 - create IPUIPlugin
2024-03-05 14:31:42,623 [INFO] PluginManager:220 - loadIPPluginJar : add spi
2024-03-05 14:31:42,693 [INFO] IPUIPlugin:80 - create IPUIPlugin
2024-03-05 14:31:42,693 [INFO] PluginManager:220 - loadIPPluginJar : add stm32_wpan
2024-03-05 14:31:42,721 [INFO] IPUIPlugin:80 - create IPUIPlugin
2024-03-05 14:31:42,721 [INFO] PluginManager:220 - loadIPPluginJar : add tim
2024-03-05 14:31:42,780 [INFO] IPUIPlugin:80 - create IPUIPlugin
2024-03-05 14:31:42,780 [INFO] PluginManager:220 - loadIPPluginJar : add touchsensing
2024-03-05 14:31:42,805 [INFO] IPUIPlugin:80 - create IPUIPlugin
2024-03-05 14:31:42,805 [INFO] PluginManager:220 - loadIPPluginJar : add tracer_emb
2024-03-05 14:31:42,828 [INFO] IPUIPlugin:80 - create IPUIPlugin
2024-03-05 14:31:42,828 [INFO] PluginManager:220 - loadIPPluginJar : add ts
2024-03-05 14:31:42,850 [INFO] IPUIPlugin:80 - create IPUIPlugin
2024-03-05 14:31:42,850 [INFO] PluginManager:220 - loadIPPluginJar : add tsc
2024-03-05 14:31:42,876 [INFO] IPUIPlugin:80 - create IPUIPlugin
2024-03-05 14:31:42,876 [INFO] PluginManager:220 - loadIPPluginJar : add ucpd
2024-03-05 14:31:42,920 [INFO] IPUIPlugin:80 - create IPUIPlugin
2024-03-05 14:31:42,920 [INFO] PluginManager:220 - loadIPPluginJar : add usart
2024-03-05 14:31:42,968 [INFO] IPUIPlugin:80 - create IPUIPlugin
2024-03-05 14:31:42,968 [INFO] PluginManager:220 - loadIPPluginJar : add usbx
2024-03-05 14:31:43,119 [INFO] CADModel:165 - CPN selected for project level
2024-03-05 14:31:43,119 [INFO] CADModel:114 - Register for checkConnection events
2024-03-05 14:31:43,120 [FATAL] Updater:308 - Updater called before beeing initialized
2024-03-05 14:31:43,120 [ERROR] CADModel:125 - Updater not yet initialized, retry later 
2024-03-05 14:31:43,324 [INFO] ThirdPartyUpdaterWithRetryManager:70 - Updater plugin not ready yet. [2/15]
2024-03-05 14:31:43,335 [INFO] CADModel:165 - CPN selected for project level
2024-03-05 14:31:43,335 [INFO] CADModel:114 - Register for checkConnection events
2024-03-05 14:31:43,335 [FATAL] Updater:308 - Updater called before beeing initialized
2024-03-05 14:31:43,335 [ERROR] CADModel:125 - Updater not yet initialized, retry later 
2024-03-05 14:31:43,339 [FATAL] Updater:308 - Updater called before beeing initialized
2024-03-05 14:31:43,494 [FATAL] Updater:308 - Updater called before beeing initialized
2024-03-05 14:31:43,506 [INFO] DbMcusAds:53 - JSON generation date=Wed Nov 29 04:52:27 CST 2023 (1701255147349)
2024-03-05 14:31:43,506 [FATAL] Updater:308 - Updater called before beeing initialized
2024-03-05 14:31:43,597 [WARN] DetailPanel:346 - Failed to get advertising image, set to default
2024-03-05 14:31:43,721 [FATAL] Updater:308 - Updater called before beeing initialized
2024-03-05 14:31:43,724 [FATAL] Updater:308 - Updater called before beeing initialized
2024-03-05 14:31:43,724 [FATAL] Updater:308 - Updater called before beeing initialized
2024-03-05 14:31:43,724 [WARN] DetailPanel:346 - Failed to get advertising image, set to default
2024-03-05 14:31:43,725 [FATAL] Updater:308 - Updater called before beeing initialized
2024-03-05 14:31:43,823 [ERROR] Updater:1120 - MainUpdater not yet initialized. External WinMGr cannot be set.
2024-03-05 14:31:43,835 [INFO] Updater:1056 - Updater Version found : 6.10.0
2024-03-05 14:31:43,860 [INFO] ApplicationProperties:184 - Using Application install path: C:\ST\STM32CubeIDE_1.14.0\STM32CubeIDE\plugins\com.st.stm32cube.common.mx_6.10.0.202311202037
2024-03-05 14:31:45,454 [ERROR] LogOutputStream:75 - [STDERR_REDIRECT] Mar 05, 2024 2:31:45 PM java.util.prefs.WindowsPreferences <init>
2024-03-05 14:31:45,457 [ERROR] LogOutputStream:75 - [STDERR_REDIRECT] WARNING: Could not open/create prefs root node Software\JavaSoft\Prefs at root 0xffffffff80000002. Windows RegCreateKeyEx(...) returned error code 5.
2024-03-05 14:31:45,458 [ERROR] LogOutputStream:75 - [STDERR_REDIRECT] 
2024-03-05 14:31:46,194 [INFO] MainUpdater:2873 - connection check result : 10
2024-03-05 14:31:46,196 [INFO] MainUpdater:290 - Updater Check For Update Now.
2024-03-05 14:31:46,196 [INFO] MicroXplorer:498 - Change Database Version : DB.6.0.100
2024-03-05 14:31:46,242 [INFO] McuFinderGlobals:63 - Set McuFinder mode to 2 (CubeIDE integrated)
2024-03-05 14:31:46,330 [WARN] MainUpdater:1194 - Updater busy. Cannot search thirdparties
2024-03-05 14:31:46,330 [INFO] ThirdPartyUpdaterWithRetryManager:96 - Updater plugin is busy. [1/15]
2024-03-05 14:31:46,531 [INFO] CheckServerUpdateThread:120 - End of CheckServer Thread
2024-03-05 14:31:46,724 [INFO] UserAuth:404 - Internet connection configuration mode: 1
2024-03-05 14:31:46,777 [INFO] JxBrowserEngine:152 - Initiate JxBrowser Engine with user profile folder
2024-03-05 14:31:49,703 [WARN] PackLoader:240 - Cannot read IP mode file for STMicroelectronics.X-CUBE-SMBUS.2.1.0
2024-03-05 14:31:49,723 [WARN] PackLoader:240 - Cannot read IP mode file for STMicroelectronics.X-CUBE-TOUCHGFX.4.23.0
2024-03-05 14:31:49,788 [WARN] PackLoader:240 - Cannot read IP mode file for STMicroelectronics.X-CUBE-AZRTOS-F7.1.1.0
2024-03-05 14:31:49,820 [WARN] PackLoader:240 - Cannot read IP mode file for STMicroelectronics.FP-SNS-MOTENV1.4.3.2
2024-03-05 14:31:49,849 [WARN] PackLoader:240 - Cannot read IP mode file for STMicroelectronics.FP-SNS-FLIGHT1.5.0.2
2024-03-05 14:31:49,879 [WARN] PackLoader:240 - Cannot read IP mode file for STMicroelectronics.X-CUBE-DISPLAY.3.0.0
2024-03-05 14:31:49,918 [WARN] PackLoader:240 - Cannot read IP mode file for STMicroelectronics.X-CUBE-BLE1.7.0.0
2024-03-05 14:31:49,941 [WARN] PackLoader:240 - Cannot read IP mode file for emotas.I-CUBE-CANOPEN.1.3.0
2024-03-05 14:31:49,974 [WARN] PackLoader:240 - Cannot read IP mode file for STMicroelectronics.X-CUBE-BLEMGR.3.1.0
2024-03-05 14:31:49,997 [WARN] PackLoader:240 - Cannot read IP mode file for STMicroelectronics.FP-SNS-SMARTAG2.1.2.0
2024-03-05 14:31:50,029 [INFO] LogOutputStream:77 - [STDOUT_REDIRECT] 1 : Invalid condition id : UX_CORESTACK_Condition cause : null
2024-03-05 14:31:50,030 [INFO] LogOutputStream:77 - [STDOUT_REDIRECT] 1 : Invalid condition id : UX_CORESTACK_Condition cause : null
2024-03-05 14:31:50,031 [INFO] LogOutputStream:77 - [STDOUT_REDIRECT] 1 : Invalid condition id : UX_CORESTACK_Condition cause : null
2024-03-05 14:31:50,034 [INFO] LogOutputStream:77 - [STDOUT_REDIRECT] 1 : Invalid condition id : UX_CORESTACK_Condition cause : null
2024-03-05 14:31:50,036 [INFO] LogOutputStream:77 - [STDOUT_REDIRECT] 1 : Invalid condition id : UX_CORESTACK_Condition cause : null
2024-03-05 14:31:50,042 [WARN] PackLoader:240 - Cannot read IP mode file for STMicroelectronics.X-CUBE-AZRTOS-WL.2.0.0
2024-03-05 14:31:50,067 [WARN] PackLoader:240 - Cannot read IP mode file for WES.I-CUBE-Cesium.1.3.0
2024-03-05 14:31:50,100 [WARN] PackLoader:240 - Cannot read IP mode file for STMicroelectronics.X-CUBE-BLE2.3.3.0
2024-03-05 14:31:50,125 [WARN] PackLoader:240 - Cannot read IP mode file for STMicroelectronics.X-CUBE-ALGOBUILD.1.3.0
2024-03-05 14:31:50,176 [WARN] PackLoader:240 - Cannot read IP mode file for STMicroelectronics.X-CUBE-AZRTOS-G0.1.1.0
2024-03-05 14:31:50,200 [WARN] PackLoader:240 - Cannot read IP mode file for STMicroelectronics.X-CUBE-NFC4.3.0.0
2024-03-05 14:31:50,228 [WARN] PackLoader:240 - Cannot read IP mode file for STMicroelectronics.X-CUBE-BLEMGR.3.0.0
2024-03-05 14:31:50,248 [WARN] PackLoader:240 - Cannot read IP mode file for STMicroelectronics.FP-ATR-SIGFOX1.3.2.0
2024-03-05 14:31:50,271 [WARN] PackLoader:240 - Cannot read IP mode file for STMicroelectronics.X-CUBE-EEPRMA1.5.1.0
2024-03-05 14:31:50,338 [WARN] PackLoader:240 - Cannot read IP mode file for SEGGER.I-CUBE-embOS.1.3.1
2024-03-05 14:31:50,413 [WARN] PackLoader:240 - Cannot read IP mode file for STMicroelectronics.X-CUBE-GNSS1.6.0.0
2024-03-05 14:31:50,468 [WARN] PackLoader:240 - Cannot read IP mode file for STMicroelectronics.X-CUBE-AZRTOS-F4.1.1.0
2024-03-05 14:31:50,491 [WARN] PackLoader:240 - Cannot read IP mode file for wolfSSL.I-CUBE-wolfSSL.5.6.6
2024-03-05 14:31:50,537 [WARN] PackLoader:240 - Cannot read IP mode file for STMicroelectronics.X-CUBE-AZRTOS-L5.2.0.0
2024-03-05 14:31:50,562 [WARN] PackLoader:240 - Cannot read IP mode file for STMicroelectronics.X-CUBE-EEPRMA1.4.2.0
2024-03-05 14:31:50,586 [WARN] PackLoader:240 - Cannot read IP mode file for ITTIA_DB.I-CUBE-ITTIADB.8.8.0
2024-03-05 14:31:50,605 [WARN] PackLoader:240 - Cannot read IP mode file for STMicroelectronics.X-CUBE-NFC7.1.0.1
2024-03-05 14:31:50,636 [WARN] PackLoader:240 - Cannot read IP mode file for STMicroelectronics.X-CUBE-NFC6.3.0.0
2024-03-05 14:31:50,659 [WARN] PackLoader:240 - Cannot read IP mode file for STMicroelectronics.X-CUBE-AI.8.1.0
2024-03-05 14:31:50,712 [WARN] ConditionMgr:438 - getConditionDescription Invalid condition id : LAN8742 Phy interface Condition cause : null
2024-03-05 14:31:50,714 [WARN] PackLoader:240 - Cannot read IP mode file for STMicroelectronics.X-CUBE-AZRTOS-L4.2.0.0
2024-03-05 14:31:50,716 [WARN] ConditionMgr:1039 - genDependencies : Invalid condition id : LAN8742 Phy interface Condition cause : null
2024-03-05 14:31:50,717 [WARN] ConditionMgr:1039 - genDependencies : Invalid condition id : LAN8742 Phy interface Condition cause : null
2024-03-05 14:31:50,718 [WARN] ConditionMgr:1039 - genDependencies : Invalid condition id : LAN8742 Phy interface Condition cause : null
2024-03-05 14:31:50,745 [WARN] PackLoader:240 - Cannot read IP mode file for STMicroelectronics.X-CUBE-SFXS2LP1.4.0.0
2024-03-05 14:31:50,821 [WARN] ConditionMgr:438 - getConditionDescription Invalid condition id : UX DEVICE CLASS RTOS Condition cause : null
2024-03-05 14:31:50,822 [WARN] ConditionMgr:438 - getConditionDescription Invalid condition id : UX DEVICE CLASS RTOS Condition cause : null
2024-03-05 14:31:50,825 [WARN] PackLoader:240 - Cannot read IP mode file for STMicroelectronics.X-CUBE-AZRTOS-WB.2.0.0
2024-03-05 14:31:50,826 [WARN] ConditionMgr:1039 - genDependencies : Invalid condition id : UX DEVICE CLASS RTOS Condition cause : null
2024-03-05 14:31:50,826 [WARN] ConditionMgr:1039 - genDependencies : Invalid condition id : UX DEVICE CLASS RTOS Condition cause : null
2024-03-05 14:31:50,827 [WARN] ConditionMgr:1039 - genDependencies : Invalid condition id : UX DEVICE CLASS RTOS Condition cause : null
2024-03-05 14:31:50,828 [WARN] ConditionMgr:1039 - genDependencies : Invalid condition id : UX DEVICE CLASS RTOS Condition cause : null
2024-03-05 14:31:50,828 [WARN] ConditionMgr:1039 - genDependencies : Invalid condition id : UX DEVICE CLASS RTOS Condition cause : null
2024-03-05 14:31:50,859 [WARN] PackLoader:240 - Cannot read IP mode file for STMicroelectronics.X-CUBE-SUBG2.5.0.0
2024-03-05 14:31:50,909 [WARN] PackLoader:240 - Cannot read IP mode file for STMicroelectronics.X-CUBE-AZRTOS-G4.2.0.0
2024-03-05 14:31:50,942 [WARN] PackLoader:240 - Cannot read IP mode file for Infineon.AIROC-Wi-Fi-Bluetooth-STM32.1.5.1
2024-03-05 14:31:50,965 [WARN] PackLoader:240 - Cannot read IP mode file for STMicroelectronics.FP-SNS-MOTENVWB1.1.3.1
2024-03-05 14:31:50,981 [WARN] PackLoader:240 - Cannot read IP mode file for STMicroelectronics.X-CUBE-ISPU.2.0.0
2024-03-05 14:31:51,064 [WARN] PackLoader:240 - Cannot read IP mode file for STMicroelectronics.X-CUBE-MEMS1.10.0.0
2024-03-05 14:31:51,332 [WARN] PackLoader:240 - Cannot read IP mode file for STMicroelectronics.X-CUBE-FREERTOS.1.1.0
2024-03-05 14:31:51,379 [WARN] PackLoader:240 - Cannot read IP mode file for portGmbH.I-Cube-SoM-uGOAL.1.1.0
2024-03-05 14:31:51,398 [WARN] PackLoader:240 - Cannot read IP mode file for STMicroelectronics.X-CUBE-ALS.1.0.1
2024-03-05 14:31:51,418 [WARN] PackLoader:240 - Cannot read IP mode file for STMicroelectronics.FP-ATR-ASTRA1.2.0.0
2024-03-05 14:31:51,506 [WARN] PackLoader:240 - Cannot read IP mode file for STMicroelectronics.X-CUBE-TOF1.3.4.0
2024-03-05 14:31:51,580 [WARN] PackLoader:240 - Cannot read IP mode file for STMicroelectronics.X-CUBE-TOF1.3.4.1
2024-03-05 14:31:51,701 [WARN] PackLoader:240 - Cannot read IP mode file for STMicroelectronics.X-CUBE-AZRTOS-H7.3.2.0
2024-03-05 14:31:51,709 [INFO] ThirdParty:978 - Integrity check success = true
2024-03-05 14:31:51,709 [INFO] IntegrityCheckThread:100 - exiting critical section [integrity check]
2024-03-05 14:31:51,709 [INFO] IntegrityCheckThread:103 - End integrity checks thread
2024-03-05 14:31:52,366 [INFO] WebApp:161 - Instantiating new browser for Auth
2024-03-05 14:31:53,332 [INFO] WebApp:780 - Register for checkConnection events
2024-03-05 14:31:53,332 [INFO] WebApp:414 - Apply proxy settings
2024-03-05 14:31:53,333 [INFO] WebApp:499 - Chromium requires no authentication
2024-03-05 14:31:53,347 [INFO] WebApp:442 - Direct internet connection detected
2024-03-05 14:31:53,658 [INFO] WebApp:192 - Starting web application
2024-03-05 14:31:53,658 [INFO] WebApp:544 - Web application path used C:\ST\STM32CubeIDE_1.14.0\STM32CubeIDE\plugins\com.st.stm32cube.common.mx_6.10.0.202311202037\db\plugins\mcufinder\reactClient1\index.html
2024-03-05 14:32:15,265 [ERROR] LogOutputStream:75 - [STDERR_REDIRECT] SLF4J: Failed to load class "org.slf4j.impl.StaticLoggerBinder".
2024-03-05 14:32:15,267 [ERROR] LogOutputStream:75 - [STDERR_REDIRECT] SLF4J: Defaulting to no-operation (NOP) logger implementation
2024-03-05 14:32:15,269 [ERROR] LogOutputStream:75 - [STDERR_REDIRECT] SLF4J: See http://www.slf4j.org/codes.html#StaticLoggerBinder for further details.
2024-03-05 17:14:29,502 [ERROR] LogOutputStream:75 - [STDERR_REDIRECT] 
2024-03-05 17:14:49,523 [INFO] Activator:176 - 


2024-03-05 17:14:49,525 [INFO] Activator:177 - !SESSION log4j initialized
2024-03-05 17:14:55,233 [INFO] LogOutputStream:77 - [STDOUT_REDIRECT] 
2024-03-05 17:14:57,641 [INFO] ApplicationProperties:184 - Using Application install path: C:\ST\STM32CubeIDE_1.14.0\STM32CubeIDE\plugins\com.st.stm32cube.common.mx_6.10.0.202311202037
2024-03-05 17:14:57,669 [INFO] DbMcusXml:78 - Set database path to: C:\ST\STM32CubeIDE_1.14.0\STM32CubeIDE\plugins\com.st.stm32cube.common.mx_6.10.0.202311202037\\db\/mcu/
2024-03-05 17:14:57,670 [INFO] ApiDb:274 - Set plugin database path to: C:\ST\STM32CubeIDE_1.14.0\STM32CubeIDE\plugins\com.st.stm32cube.common.mx_6.10.0.202311202037\\db\/plugins/boardmanager/
2024-03-05 17:14:57,671 [WARN] ApiDb:259 - Overriding images path with different value:  => C:\ST\STM32CubeIDE_1.14.0\STM32CubeIDE\plugins\com.st.stm32cube.common.mx_6.10.0.202311202037\\db\/plugins/mcufinder/images/
2024-03-05 17:14:57,681 [INFO] ApiDb:250 - Set database path to: C:\Users\salma\.stmcufinder\plugins\mcufinder//mcu/
2024-03-05 17:14:57,683 [INFO] DbMcusAds:125 - Set database path to: C:\Users\salma\.stmcufinder\plugins\mcufinder//mcu/
2024-03-05 17:14:57,686 [INFO] CrossReferenceDbSqlite:203 - Set database path to: C:\Users\salma\.stmcufinder\plugins\mcufinder//mcu/cs/
2024-03-05 17:14:57,831 [INFO] RulesReader:64 - Compatibility file has been processed (297 Rules)
2024-03-05 17:14:57,963 [INFO] DbMcusXml:78 - Set database path to: C:\ST\STM32CubeIDE_1.14.0\STM32CubeIDE\plugins\com.st.stm32cube.common.mx_6.10.0.202311202037\\db\/mcu/
2024-03-05 17:14:57,963 [INFO] ApiDb:274 - Set plugin database path to: C:\ST\STM32CubeIDE_1.14.0\STM32CubeIDE\plugins\com.st.stm32cube.common.mx_6.10.0.202311202037\\db\/plugins/boardmanager/
2024-03-05 17:14:57,963 [INFO] ApiDb:261 - Set plugin images path to: C:\ST\STM32CubeIDE_1.14.0\STM32CubeIDE\plugins\com.st.stm32cube.common.mx_6.10.0.202311202037\\db\/plugins/mcufinder/images/
2024-03-05 17:14:57,964 [WARN] DbFile:41 - Overriding database path with different value: C:\Users\salma\.stmcufinder\plugins\mcufinder/ => C:\Users\salma\.stmcufinder\plugins\mcufinder
2024-03-05 17:14:57,964 [INFO] ApiDb:250 - Set database path to: C:\Users\salma\.stmcufinder\plugins\mcufinder//mcu/
2024-03-05 17:14:57,964 [WARN] DbFile:41 - Overriding database path with different value: C:\Users\salma\.stmcufinder\plugins\mcufinder/ => C:\Users\salma\.stmcufinder\plugins\mcufinder
2024-03-05 17:14:57,964 [INFO] DbMcusAds:125 - Set database path to: C:\Users\salma\.stmcufinder\plugins\mcufinder//mcu/
2024-03-05 17:14:57,965 [WARN] DbFile:41 - Overriding database path with different value: C:\Users\salma\.stmcufinder\plugins\mcufinder/ => C:\Users\salma\.stmcufinder\plugins\mcufinder
2024-03-05 17:14:57,965 [WARN] DbFile:41 - Overriding database path with different value: C:\Users\salma\.stmcufinder\plugins\mcufinder/ => C:\Users\salma\.stmcufinder\plugins\mcufinder
2024-03-05 17:14:57,965 [INFO] CrossReferenceDbSqlite:203 - Set database path to: C:\Users\salma\.stmcufinder\plugins\mcufinder//mcu/cs/
2024-03-05 17:14:58,071 [INFO] MainPanel:264 - HeapMemory: 268435456
2024-03-05 17:14:58,202 [INFO] DbMcusXml:78 - Set database path to: C:\ST\STM32CubeIDE_1.14.0\STM32CubeIDE\plugins\com.st.stm32cube.common.mx_6.10.0.202311202037\\db\/mcu/
2024-03-05 17:14:58,202 [INFO] ApiDb:274 - Set plugin database path to: C:\ST\STM32CubeIDE_1.14.0\STM32CubeIDE\plugins\com.st.stm32cube.common.mx_6.10.0.202311202037\\db\/plugins/boardmanager/
2024-03-05 17:14:58,202 [INFO] ApiDb:261 - Set plugin images path to: C:\ST\STM32CubeIDE_1.14.0\STM32CubeIDE\plugins\com.st.stm32cube.common.mx_6.10.0.202311202037\\db\/plugins/mcufinder/images/
2024-03-05 17:14:58,202 [WARN] DbFile:41 - Overriding database path with different value: C:\Users\salma\.stmcufinder\plugins\mcufinder/ => C:\Users\salma\.stmcufinder\plugins\mcufinder
2024-03-05 17:14:58,202 [INFO] ApiDb:250 - Set database path to: C:\Users\salma\.stmcufinder\plugins\mcufinder//mcu/
2024-03-05 17:14:58,203 [WARN] DbFile:41 - Overriding database path with different value: C:\Users\salma\.stmcufinder\plugins\mcufinder/ => C:\Users\salma\.stmcufinder\plugins\mcufinder
2024-03-05 17:14:58,203 [INFO] DbMcusAds:125 - Set database path to: C:\Users\salma\.stmcufinder\plugins\mcufinder//mcu/
2024-03-05 17:14:58,203 [WARN] DbFile:41 - Overriding database path with different value: C:\Users\salma\.stmcufinder\plugins\mcufinder/ => C:\Users\salma\.stmcufinder\plugins\mcufinder
2024-03-05 17:14:58,203 [WARN] DbFile:41 - Overriding database path with different value: C:\Users\salma\.stmcufinder\plugins\mcufinder/ => C:\Users\salma\.stmcufinder\plugins\mcufinder
2024-03-05 17:14:58,203 [INFO] CrossReferenceDbSqlite:203 - Set database path to: C:\Users\salma\.stmcufinder\plugins\mcufinder//mcu/cs/
2024-03-05 17:14:58,227 [INFO] ApplicationProperties:184 - Using Application install path: C:\ST\STM32CubeIDE_1.14.0\STM32CubeIDE\plugins\com.st.stm32cube.common.mx_6.10.0.202311202037
2024-03-05 17:14:58,229 [INFO] PluginManage:196 - Search for loadable plugins [exclusion list=, ]
2024-03-05 17:14:58,231 [INFO] PluginManage:310 - Check plugin analytics
2024-03-05 17:14:58,482 [INFO] AnalyticsPlugin:253 - Accepted Software Licenses: 
2024-03-05 17:14:58,482 [INFO] AnalyticsPlugin:255 - Accepted CMSIS Pack Licenses: 
2024-03-05 17:14:58,483 [INFO] AnalyticsPlugin:257 - Accepted Firmware Licenses: FW.L4.1.18.0
2024-03-05 17:14:58,490 [INFO] PluginManage:359 - Loaded plugin analytics (category:tool,tabindex:-1)
2024-03-05 17:14:58,490 [INFO] PluginManage:310 - Check plugin cadmodel
2024-03-05 17:14:58,500 [INFO] CADModel:105 - Init CAD model plugin
2024-03-05 17:14:58,500 [INFO] PluginManage:359 - Loaded plugin cadmodel (category:power,tabindex:5)
2024-03-05 17:14:58,502 [INFO] PluginManage:310 - Check plugin clock
2024-03-05 17:14:58,519 [INFO] PluginManage:359 - Loaded plugin clock (category:base,tabindex:2)
2024-03-05 17:14:58,519 [INFO] PluginManage:310 - Check plugin ddr
2024-03-05 17:14:58,524 [INFO] PluginManage:359 - Loaded plugin ddr (category:tool,tabindex:6)
2024-03-05 17:14:58,524 [INFO] PluginManage:310 - Check plugin filemanager
2024-03-05 17:14:58,738 [INFO] PluginManage:359 - Loaded plugin filemanager (category:base,tabindex:10)
2024-03-05 17:14:58,738 [INFO] PluginManage:310 - Check plugin ipmanager
2024-03-05 17:14:58,748 [INFO] PluginManage:359 - Loaded plugin ipmanager (category:base,tabindex:5)
2024-03-05 17:14:58,748 [INFO] PluginManage:310 - Check plugin lpbam
2024-03-05 17:14:58,761 [INFO] PluginManage:359 - Loaded plugin lpbam (category:base,tabindex:0)
2024-03-05 17:14:58,761 [INFO] PluginManage:310 - Check plugin memorymap
2024-03-05 17:14:58,781 [INFO] PluginManage:359 - Loaded plugin memorymap (category:base,tabindex:4)
2024-03-05 17:14:58,782 [INFO] PluginManage:310 - Check plugin pinoutandconfiguration
2024-03-05 17:14:58,790 [INFO] PluginManage:359 - Loaded plugin pinoutandconfiguration (category:base,tabindex:1)
2024-03-05 17:14:58,790 [INFO] PluginManage:310 - Check plugin pinoutconfig
2024-03-05 17:14:58,944 [WARN] SupportedApi:132 - Cannot load RTOS API schema: s4s-elt-must-match.1: The content of 'definitions' must match (annotation?, (simpleType | complexType)?, (unique | key | keyref)*)). A problem was found starting at: attribute.
2024-03-05 17:14:59,162 [INFO] PluginManage:359 - Loaded plugin pinoutconfig (category:base,tabindex:0)
2024-03-05 17:14:59,162 [INFO] PluginManage:310 - Check plugin power
2024-03-05 17:14:59,183 [INFO] PluginManage:359 - Loaded plugin power (category:power,tabindex:4)
2024-03-05 17:14:59,184 [INFO] PluginManage:310 - Check plugin projectmanager
2024-03-05 17:14:59,217 [INFO] PluginManage:359 - Loaded plugin projectmanager (category:projectmanager,tabindex:3)
2024-03-05 17:14:59,217 [INFO] PluginManage:310 - Check plugin thirdparty
2024-03-05 17:14:59,398 [INFO] PluginManage:359 - Loaded plugin thirdparty (category:base,tabindex:-1)
2024-03-05 17:14:59,398 [WARN] IntegrityCheckThread:84 - waiting for thirdparty lock release [integrity check]
2024-03-05 17:14:59,399 [INFO] IntegrityCheckThread:86 - entering critical section [integrity check]
2024-03-05 17:14:59,399 [INFO] PluginManage:310 - Check plugin tools
2024-03-05 17:14:59,400 [INFO] ThirdPartyUpdaterWithRetryManager:70 - Updater plugin not ready yet. [1/15]
2024-03-05 17:14:59,402 [INFO] PluginManage:359 - Loaded plugin tools (category:base,tabindex:7)
2024-03-05 17:14:59,403 [INFO] PluginManage:310 - Check plugin tutovideos
2024-03-05 17:14:59,671 [INFO] PluginManage:359 - Loaded plugin tutovideos (category:base,tabindex:-1)
2024-03-05 17:14:59,671 [INFO] PluginManage:310 - Check plugin updater
2024-03-05 17:14:59,689 [INFO] PluginManage:359 - Loaded plugin updater (category:base,tabindex:12)
2024-03-05 17:14:59,689 [INFO] PluginManage:310 - Check plugin userauth
2024-03-05 17:14:59,697 [INFO] UserAuth:114 - Init User Auth plugin
2024-03-05 17:14:59,697 [INFO] PluginManage:359 - Loaded plugin userauth (category:base,tabindex:14)
2024-03-05 17:14:59,698 [INFO] PluginManage:283 - PluginManage : Loaded plugins [17]
2024-03-05 17:15:00,027 [INFO] PinOutPanel:1499 - setPackage(No Configuration,No Configuration)
2024-03-05 17:15:00,130 [INFO] CADModel:165 - CPN selected for project level
2024-03-05 17:15:00,130 [INFO] CADModel:114 - Register for checkConnection events
2024-03-05 17:15:00,158 [INFO] IPUIPlugin:80 - create IPUIPlugin
2024-03-05 17:15:00,158 [INFO] PluginManager:220 - loadIPPluginJar : add adc
2024-03-05 17:15:00,162 [INFO] IPUIPlugin:80 - create IPUIPlugin
2024-03-05 17:15:00,162 [INFO] PluginManager:220 - loadIPPluginJar : add aes
2024-03-05 17:15:00,166 [INFO] IPUIPlugin:80 - create IPUIPlugin
2024-03-05 17:15:00,166 [INFO] PluginManager:220 - loadIPPluginJar : add can
2024-03-05 17:15:00,170 [INFO] IPUIPlugin:80 - create IPUIPlugin
2024-03-05 17:15:00,170 [INFO] PluginManager:220 - loadIPPluginJar : add comp
2024-03-05 17:15:00,174 [INFO] IPUIPlugin:80 - create IPUIPlugin
2024-03-05 17:15:00,174 [INFO] PluginManager:220 - loadIPPluginJar : add cryp
2024-03-05 17:15:00,177 [INFO] IPUIPlugin:80 - create IPUIPlugin
2024-03-05 17:15:00,178 [INFO] PluginManager:220 - loadIPPluginJar : add dfsdm
2024-03-05 17:15:00,186 [INFO] IPUIPlugin:80 - create IPUIPlugin
2024-03-05 17:15:00,186 [INFO] PluginManager:220 - loadIPPluginJar : add dma
2024-03-05 17:15:00,188 [INFO] IPUIPlugin:80 - create IPUIPlugin
2024-03-05 17:15:00,188 [INFO] PluginManager:220 - loadIPPluginJar : add dma3
2024-03-05 17:15:00,190 [INFO] IPUIPlugin:80 - create IPUIPlugin
2024-03-05 17:15:00,191 [INFO] PluginManager:220 - loadIPPluginJar : add fatfs
2024-03-05 17:15:00,196 [INFO] IPUIPlugin:80 - create IPUIPlugin
2024-03-05 17:15:00,197 [INFO] PluginManager:220 - loadIPPluginJar : add fmc
2024-03-05 17:15:00,203 [INFO] IPUIPlugin:80 - create IPUIPlugin
2024-03-05 17:15:00,204 [INFO] PluginManager:220 - loadIPPluginJar : add freertos
2024-03-05 17:15:00,205 [INFO] IPUIPlugin:80 - create IPUIPlugin
2024-03-05 17:15:00,206 [INFO] PluginManager:220 - loadIPPluginJar : add genericplugin
2024-03-05 17:15:00,207 [INFO] IPUIPlugin:80 - create IPUIPlugin
2024-03-05 17:15:00,209 [INFO] PluginManager:220 - loadIPPluginJar : add gfxmmu
2024-03-05 17:15:00,216 [INFO] IPUIPlugin:80 - create IPUIPlugin
2024-03-05 17:15:00,216 [INFO] PluginManager:220 - loadIPPluginJar : add gic
2024-03-05 17:15:00,221 [INFO] IPUIPlugin:80 - create IPUIPlugin
2024-03-05 17:15:00,222 [INFO] PluginManager:220 - loadIPPluginJar : add gpio
2024-03-05 17:15:00,225 [INFO] IPUIPlugin:80 - create IPUIPlugin
2024-03-05 17:15:00,225 [INFO] PluginManager:220 - loadIPPluginJar : add gtzc
2024-03-05 17:15:00,229 [INFO] IPUIPlugin:80 - create IPUIPlugin
2024-03-05 17:15:00,230 [INFO] PluginManager:220 - loadIPPluginJar : add hash
2024-03-05 17:15:00,234 [INFO] IPUIPlugin:80 - create IPUIPlugin
2024-03-05 17:15:00,234 [INFO] PluginManager:220 - loadIPPluginJar : add i2c
2024-03-05 17:15:00,237 [INFO] IPUIPlugin:80 - create IPUIPlugin
2024-03-05 17:15:00,237 [INFO] PluginManager:220 - loadIPPluginJar : add i2s
2024-03-05 17:15:00,241 [INFO] IPUIPlugin:80 - create IPUIPlugin
2024-03-05 17:15:00,241 [INFO] PluginManager:220 - loadIPPluginJar : add i3c
2024-03-05 17:15:00,244 [INFO] IPUIPlugin:80 - create IPUIPlugin
2024-03-05 17:15:00,244 [INFO] PluginManager:220 - loadIPPluginJar : add ipddr
2024-03-05 17:15:00,252 [INFO] IPUIPlugin:80 - create IPUIPlugin
2024-03-05 17:15:00,252 [INFO] PluginManager:220 - loadIPPluginJar : add linkedlist
2024-03-05 17:15:00,255 [INFO] IPUIPlugin:80 - create IPUIPlugin
2024-03-05 17:15:00,256 [INFO] PluginManager:220 - loadIPPluginJar : add lorawan
2024-03-05 17:15:00,259 [INFO] IPUIPlugin:80 - create IPUIPlugin
2024-03-05 17:15:00,259 [INFO] PluginManager:220 - loadIPPluginJar : add ltdc
2024-03-05 17:15:00,266 [INFO] IPUIPlugin:80 - create IPUIPlugin
2024-03-05 17:15:00,266 [INFO] PluginManager:220 - loadIPPluginJar : add mdma
2024-03-05 17:15:00,271 [INFO] IPUIPlugin:80 - create IPUIPlugin
2024-03-05 17:15:00,271 [INFO] PluginManager:220 - loadIPPluginJar : add nvic
2024-03-05 17:15:00,276 [INFO] IPUIPlugin:80 - create IPUIPlugin
2024-03-05 17:15:00,276 [INFO] PluginManager:220 - loadIPPluginJar : add opamp
2024-03-05 17:15:00,281 [INFO] IPUIPlugin:80 - create IPUIPlugin
2024-03-05 17:15:00,282 [INFO] PluginManager:220 - loadIPPluginJar : add openamp
2024-03-05 17:15:00,288 [INFO] IPUIPlugin:80 - create IPUIPlugin
2024-03-05 17:15:00,289 [INFO] PluginManager:220 - loadIPPluginJar : add pdm2pcm
2024-03-05 17:15:00,299 [INFO] IPUIPlugin:80 - create IPUIPlugin
2024-03-05 17:15:00,304 [INFO] PluginManager:220 - loadIPPluginJar : add plateformsettings
2024-03-05 17:15:00,308 [INFO] IPUIPlugin:80 - create IPUIPlugin
2024-03-05 17:15:00,309 [INFO] PluginManager:220 - loadIPPluginJar : add quadspi
2024-03-05 17:15:00,314 [INFO] IPUIPlugin:80 - create IPUIPlugin
2024-03-05 17:15:00,314 [INFO] PluginManager:220 - loadIPPluginJar : add resmgrutility
2024-03-05 17:15:00,320 [INFO] IPUIPlugin:80 - create IPUIPlugin
2024-03-05 17:15:00,320 [INFO] PluginManager:220 - loadIPPluginJar : add sai
2024-03-05 17:15:00,324 [INFO] IPUIPlugin:80 - create IPUIPlugin
2024-03-05 17:15:00,324 [INFO] PluginManager:220 - loadIPPluginJar : add spi
2024-03-05 17:15:00,332 [INFO] IPUIPlugin:80 - create IPUIPlugin
2024-03-05 17:15:00,332 [INFO] PluginManager:220 - loadIPPluginJar : add stm32_wpan
2024-03-05 17:15:00,336 [INFO] IPUIPlugin:80 - create IPUIPlugin
2024-03-05 17:15:00,336 [INFO] PluginManager:220 - loadIPPluginJar : add tim
2024-03-05 17:15:00,342 [INFO] IPUIPlugin:80 - create IPUIPlugin
2024-03-05 17:15:00,342 [INFO] PluginManager:220 - loadIPPluginJar : add touchsensing
2024-03-05 17:15:00,345 [INFO] IPUIPlugin:80 - create IPUIPlugin
2024-03-05 17:15:00,345 [INFO] PluginManager:220 - loadIPPluginJar : add tracer_emb
2024-03-05 17:15:00,348 [INFO] IPUIPlugin:80 - create IPUIPlugin
2024-03-05 17:15:00,348 [INFO] PluginManager:220 - loadIPPluginJar : add ts
2024-03-05 17:15:00,351 [INFO] IPUIPlugin:80 - create IPUIPlugin
2024-03-05 17:15:00,351 [INFO] PluginManager:220 - loadIPPluginJar : add tsc
2024-03-05 17:15:00,354 [INFO] IPUIPlugin:80 - create IPUIPlugin
2024-03-05 17:15:00,355 [INFO] PluginManager:220 - loadIPPluginJar : add ucpd
2024-03-05 17:15:00,359 [INFO] IPUIPlugin:80 - create IPUIPlugin
2024-03-05 17:15:00,359 [INFO] PluginManager:220 - loadIPPluginJar : add usart
2024-03-05 17:15:00,365 [INFO] IPUIPlugin:80 - create IPUIPlugin
2024-03-05 17:15:00,365 [INFO] PluginManager:220 - loadIPPluginJar : add usbx
2024-03-05 17:15:00,599 [INFO] CADModel:165 - CPN selected for project level
2024-03-05 17:15:00,599 [INFO] CADModel:114 - Register for checkConnection events
2024-03-05 17:15:00,599 [FATAL] Updater:308 - Updater called before beeing initialized
2024-03-05 17:15:00,599 [ERROR] CADModel:125 - Updater not yet initialized, retry later 
2024-03-05 17:15:00,963 [INFO] CADModel:165 - CPN selected for project level
2024-03-05 17:15:00,963 [INFO] CADModel:114 - Register for checkConnection events
2024-03-05 17:15:00,963 [FATAL] Updater:308 - Updater called before beeing initialized
2024-03-05 17:15:00,963 [ERROR] CADModel:125 - Updater not yet initialized, retry later 
2024-03-05 17:15:00,968 [FATAL] Updater:308 - Updater called before beeing initialized
2024-03-05 17:15:01,143 [FATAL] Updater:308 - Updater called before beeing initialized
2024-03-05 17:15:01,152 [INFO] DbMcusAds:53 - JSON generation date=Wed Nov 29 04:52:27 CST 2023 (1701255147349)
2024-03-05 17:15:01,152 [FATAL] Updater:308 - Updater called before beeing initialized
2024-03-05 17:15:01,212 [WARN] DetailPanel:346 - Failed to get advertising image, set to default
2024-03-05 17:15:01,332 [FATAL] Updater:308 - Updater called before beeing initialized
2024-03-05 17:15:01,334 [FATAL] Updater:308 - Updater called before beeing initialized
2024-03-05 17:15:01,335 [FATAL] Updater:308 - Updater called before beeing initialized
2024-03-05 17:15:01,335 [WARN] DetailPanel:346 - Failed to get advertising image, set to default
2024-03-05 17:15:01,335 [FATAL] Updater:308 - Updater called before beeing initialized
2024-03-05 17:15:01,400 [ERROR] Updater:1120 - MainUpdater not yet initialized. External WinMGr cannot be set.
2024-03-05 17:15:01,403 [INFO] Updater:1056 - Updater Version found : 6.10.0
2024-03-05 17:15:01,429 [INFO] ApplicationProperties:184 - Using Application install path: C:\ST\STM32CubeIDE_1.14.0\STM32CubeIDE\plugins\com.st.stm32cube.common.mx_6.10.0.202311202037
2024-03-05 17:15:02,401 [INFO] ThirdPartyUpdaterWithRetryManager:70 - Updater plugin not ready yet. [2/15]
2024-03-05 17:15:03,013 [ERROR] LogOutputStream:75 - [STDERR_REDIRECT] Mar 05, 2024 5:15:03 PM java.util.prefs.WindowsPreferences <init>
2024-03-05 17:15:03,015 [ERROR] LogOutputStream:75 - [STDERR_REDIRECT] WARNING: Could not open/create prefs root node Software\JavaSoft\Prefs at root 0xffffffff80000002. Windows RegCreateKeyEx(...) returned error code 5.
2024-03-05 17:15:03,015 [ERROR] LogOutputStream:75 - [STDERR_REDIRECT] 
2024-03-05 17:15:03,611 [INFO] MainUpdater:2873 - connection check result : 10
2024-03-05 17:15:03,612 [INFO] MainUpdater:290 - Updater Check For Update Now.
2024-03-05 17:15:03,612 [INFO] MicroXplorer:498 - Change Database Version : DB.6.0.100
2024-03-05 17:15:03,680 [ERROR] LogOutputStream:75 - [STDERR_REDIRECT] 
2024-03-05 17:15:26,428 [INFO] Activator:176 - 


2024-03-05 17:15:26,430 [INFO] Activator:177 - !SESSION log4j initialized
2024-03-05 17:15:31,336 [INFO] LogOutputStream:77 - [STDOUT_REDIRECT] 
2024-03-05 17:15:41,231 [INFO] ApplicationProperties:184 - Using Application install path: C:\ST\STM32CubeIDE_1.14.0\STM32CubeIDE\plugins\com.st.stm32cube.common.mx_6.10.0.202311202037
2024-03-05 17:15:41,257 [INFO] DbMcusXml:78 - Set database path to: C:\ST\STM32CubeIDE_1.14.0\STM32CubeIDE\plugins\com.st.stm32cube.common.mx_6.10.0.202311202037\\db\/mcu/
2024-03-05 17:15:41,258 [INFO] ApiDb:274 - Set plugin database path to: C:\ST\STM32CubeIDE_1.14.0\STM32CubeIDE\plugins\com.st.stm32cube.common.mx_6.10.0.202311202037\\db\/plugins/boardmanager/
2024-03-05 17:15:41,258 [WARN] ApiDb:259 - Overriding images path with different value:  => C:\ST\STM32CubeIDE_1.14.0\STM32CubeIDE\plugins\com.st.stm32cube.common.mx_6.10.0.202311202037\\db\/plugins/mcufinder/images/
2024-03-05 17:15:41,266 [INFO] ApiDb:250 - Set database path to: C:\Users\salma\.stmcufinder\plugins\mcufinder//mcu/
2024-03-05 17:15:41,268 [INFO] DbMcusAds:125 - Set database path to: C:\Users\salma\.stmcufinder\plugins\mcufinder//mcu/
2024-03-05 17:15:41,271 [INFO] CrossReferenceDbSqlite:203 - Set database path to: C:\Users\salma\.stmcufinder\plugins\mcufinder//mcu/cs/
2024-03-05 17:15:41,441 [INFO] RulesReader:64 - Compatibility file has been processed (297 Rules)
2024-03-05 17:15:41,582 [INFO] DbMcusXml:78 - Set database path to: C:\ST\STM32CubeIDE_1.14.0\STM32CubeIDE\plugins\com.st.stm32cube.common.mx_6.10.0.202311202037\\db\/mcu/
2024-03-05 17:15:41,582 [INFO] ApiDb:274 - Set plugin database path to: C:\ST\STM32CubeIDE_1.14.0\STM32CubeIDE\plugins\com.st.stm32cube.common.mx_6.10.0.202311202037\\db\/plugins/boardmanager/
2024-03-05 17:15:41,583 [INFO] ApiDb:261 - Set plugin images path to: C:\ST\STM32CubeIDE_1.14.0\STM32CubeIDE\plugins\com.st.stm32cube.common.mx_6.10.0.202311202037\\db\/plugins/mcufinder/images/
2024-03-05 17:15:41,583 [WARN] DbFile:41 - Overriding database path with different value: C:\Users\salma\.stmcufinder\plugins\mcufinder/ => C:\Users\salma\.stmcufinder\plugins\mcufinder
2024-03-05 17:15:41,583 [INFO] ApiDb:250 - Set database path to: C:\Users\salma\.stmcufinder\plugins\mcufinder//mcu/
2024-03-05 17:15:41,584 [WARN] DbFile:41 - Overriding database path with different value: C:\Users\salma\.stmcufinder\plugins\mcufinder/ => C:\Users\salma\.stmcufinder\plugins\mcufinder
2024-03-05 17:15:41,584 [INFO] DbMcusAds:125 - Set database path to: C:\Users\salma\.stmcufinder\plugins\mcufinder//mcu/
2024-03-05 17:15:41,585 [WARN] DbFile:41 - Overriding database path with different value: C:\Users\salma\.stmcufinder\plugins\mcufinder/ => C:\Users\salma\.stmcufinder\plugins\mcufinder
2024-03-05 17:15:41,585 [WARN] DbFile:41 - Overriding database path with different value: C:\Users\salma\.stmcufinder\plugins\mcufinder/ => C:\Users\salma\.stmcufinder\plugins\mcufinder
2024-03-05 17:15:41,586 [INFO] CrossReferenceDbSqlite:203 - Set database path to: C:\Users\salma\.stmcufinder\plugins\mcufinder//mcu/cs/
2024-03-05 17:15:41,713 [INFO] MainPanel:264 - HeapMemory: 268435456
2024-03-05 17:15:41,888 [INFO] DbMcusXml:78 - Set database path to: C:\ST\STM32CubeIDE_1.14.0\STM32CubeIDE\plugins\com.st.stm32cube.common.mx_6.10.0.202311202037\\db\/mcu/
2024-03-05 17:15:41,888 [INFO] ApiDb:274 - Set plugin database path to: C:\ST\STM32CubeIDE_1.14.0\STM32CubeIDE\plugins\com.st.stm32cube.common.mx_6.10.0.202311202037\\db\/plugins/boardmanager/
2024-03-05 17:15:41,888 [INFO] ApiDb:261 - Set plugin images path to: C:\ST\STM32CubeIDE_1.14.0\STM32CubeIDE\plugins\com.st.stm32cube.common.mx_6.10.0.202311202037\\db\/plugins/mcufinder/images/
2024-03-05 17:15:41,890 [WARN] DbFile:41 - Overriding database path with different value: C:\Users\salma\.stmcufinder\plugins\mcufinder/ => C:\Users\salma\.stmcufinder\plugins\mcufinder
2024-03-05 17:15:41,890 [INFO] ApiDb:250 - Set database path to: C:\Users\salma\.stmcufinder\plugins\mcufinder//mcu/
2024-03-05 17:15:41,890 [WARN] DbFile:41 - Overriding database path with different value: C:\Users\salma\.stmcufinder\plugins\mcufinder/ => C:\Users\salma\.stmcufinder\plugins\mcufinder
2024-03-05 17:15:41,890 [INFO] DbMcusAds:125 - Set database path to: C:\Users\salma\.stmcufinder\plugins\mcufinder//mcu/
2024-03-05 17:15:41,890 [WARN] DbFile:41 - Overriding database path with different value: C:\Users\salma\.stmcufinder\plugins\mcufinder/ => C:\Users\salma\.stmcufinder\plugins\mcufinder
2024-03-05 17:15:41,890 [WARN] DbFile:41 - Overriding database path with different value: C:\Users\salma\.stmcufinder\plugins\mcufinder/ => C:\Users\salma\.stmcufinder\plugins\mcufinder
2024-03-05 17:15:41,936 [INFO] CrossReferenceDbSqlite:203 - Set database path to: C:\Users\salma\.stmcufinder\plugins\mcufinder//mcu/cs/
2024-03-05 17:15:41,970 [INFO] ApplicationProperties:184 - Using Application install path: C:\ST\STM32CubeIDE_1.14.0\STM32CubeIDE\plugins\com.st.stm32cube.common.mx_6.10.0.202311202037
2024-03-05 17:15:41,973 [INFO] PluginManage:196 - Search for loadable plugins [exclusion list=, ]
2024-03-05 17:15:41,975 [INFO] PluginManage:310 - Check plugin analytics
2024-03-05 17:15:42,323 [INFO] AnalyticsPlugin:253 - Accepted Software Licenses: 
2024-03-05 17:15:42,323 [INFO] AnalyticsPlugin:255 - Accepted CMSIS Pack Licenses: 
2024-03-05 17:15:42,323 [INFO] AnalyticsPlugin:257 - Accepted Firmware Licenses: FW.L4.1.18.0
2024-03-05 17:15:42,329 [INFO] PluginManage:359 - Loaded plugin analytics (category:tool,tabindex:-1)
2024-03-05 17:15:42,329 [INFO] PluginManage:310 - Check plugin cadmodel
2024-03-05 17:15:42,334 [INFO] CADModel:105 - Init CAD model plugin
2024-03-05 17:15:42,334 [INFO] PluginManage:359 - Loaded plugin cadmodel (category:power,tabindex:5)
2024-03-05 17:15:42,334 [INFO] PluginManage:310 - Check plugin clock
2024-03-05 17:15:42,351 [INFO] PluginManage:359 - Loaded plugin clock (category:base,tabindex:2)
2024-03-05 17:15:42,351 [INFO] PluginManage:310 - Check plugin ddr
2024-03-05 17:15:42,355 [INFO] PluginManage:359 - Loaded plugin ddr (category:tool,tabindex:6)
2024-03-05 17:15:42,355 [INFO] PluginManage:310 - Check plugin filemanager
2024-03-05 17:15:42,562 [INFO] PluginManage:359 - Loaded plugin filemanager (category:base,tabindex:10)
2024-03-05 17:15:42,562 [INFO] PluginManage:310 - Check plugin ipmanager
2024-03-05 17:15:42,574 [INFO] PluginManage:359 - Loaded plugin ipmanager (category:base,tabindex:5)
2024-03-05 17:15:42,574 [INFO] PluginManage:310 - Check plugin lpbam
2024-03-05 17:15:42,589 [INFO] PluginManage:359 - Loaded plugin lpbam (category:base,tabindex:0)
2024-03-05 17:15:42,589 [INFO] PluginManage:310 - Check plugin memorymap
2024-03-05 17:15:42,611 [INFO] PluginManage:359 - Loaded plugin memorymap (category:base,tabindex:4)
2024-03-05 17:15:42,611 [INFO] PluginManage:310 - Check plugin pinoutandconfiguration
2024-03-05 17:15:42,623 [INFO] PluginManage:359 - Loaded plugin pinoutandconfiguration (category:base,tabindex:1)
2024-03-05 17:15:42,624 [INFO] PluginManage:310 - Check plugin pinoutconfig
2024-03-05 17:15:42,834 [WARN] SupportedApi:132 - Cannot load RTOS API schema: s4s-elt-must-match.1: The content of 'definitions' must match (annotation?, (simpleType | complexType)?, (unique | key | keyref)*)). A problem was found starting at: attribute.
2024-03-05 17:15:43,071 [INFO] PluginManage:359 - Loaded plugin pinoutconfig (category:base,tabindex:0)
2024-03-05 17:15:43,071 [INFO] PluginManage:310 - Check plugin power
2024-03-05 17:15:43,086 [INFO] PluginManage:359 - Loaded plugin power (category:power,tabindex:4)
2024-03-05 17:15:43,086 [INFO] PluginManage:310 - Check plugin projectmanager
2024-03-05 17:15:43,122 [INFO] PluginManage:359 - Loaded plugin projectmanager (category:projectmanager,tabindex:3)
2024-03-05 17:15:43,122 [INFO] PluginManage:310 - Check plugin thirdparty
2024-03-05 17:15:43,318 [INFO] PluginManage:359 - Loaded plugin thirdparty (category:base,tabindex:-1)
2024-03-05 17:15:43,318 [INFO] PluginManage:310 - Check plugin tools
2024-03-05 17:15:43,318 [WARN] IntegrityCheckThread:84 - waiting for thirdparty lock release [integrity check]
2024-03-05 17:15:43,319 [INFO] IntegrityCheckThread:86 - entering critical section [integrity check]
2024-03-05 17:15:43,320 [INFO] ThirdPartyUpdaterWithRetryManager:70 - Updater plugin not ready yet. [1/15]
2024-03-05 17:15:43,322 [INFO] PluginManage:359 - Loaded plugin tools (category:base,tabindex:7)
2024-03-05 17:15:43,322 [INFO] PluginManage:310 - Check plugin tutovideos
2024-03-05 17:15:43,643 [INFO] PluginManage:359 - Loaded plugin tutovideos (category:base,tabindex:-1)
2024-03-05 17:15:43,643 [INFO] PluginManage:310 - Check plugin updater
2024-03-05 17:15:43,657 [INFO] PluginManage:359 - Loaded plugin updater (category:base,tabindex:12)
2024-03-05 17:15:43,657 [INFO] PluginManage:310 - Check plugin userauth
2024-03-05 17:15:43,666 [INFO] UserAuth:114 - Init User Auth plugin
2024-03-05 17:15:43,666 [INFO] PluginManage:359 - Loaded plugin userauth (category:base,tabindex:14)
2024-03-05 17:15:43,669 [INFO] PluginManage:283 - PluginManage : Loaded plugins [17]
2024-03-05 17:15:44,058 [INFO] PinOutPanel:1499 - setPackage(No Configuration,No Configuration)
2024-03-05 17:15:44,193 [INFO] CADModel:165 - CPN selected for project level
2024-03-05 17:15:44,193 [INFO] CADModel:114 - Register for checkConnection events
2024-03-05 17:15:44,223 [INFO] IPUIPlugin:80 - create IPUIPlugin
2024-03-05 17:15:44,224 [INFO] PluginManager:220 - loadIPPluginJar : add adc
2024-03-05 17:15:44,230 [INFO] IPUIPlugin:80 - create IPUIPlugin
2024-03-05 17:15:44,230 [INFO] PluginManager:220 - loadIPPluginJar : add aes
2024-03-05 17:15:44,234 [INFO] IPUIPlugin:80 - create IPUIPlugin
2024-03-05 17:15:44,234 [INFO] PluginManager:220 - loadIPPluginJar : add can
2024-03-05 17:15:44,238 [INFO] IPUIPlugin:80 - create IPUIPlugin
2024-03-05 17:15:44,238 [INFO] PluginManager:220 - loadIPPluginJar : add comp
2024-03-05 17:15:44,243 [INFO] IPUIPlugin:80 - create IPUIPlugin
2024-03-05 17:15:44,244 [INFO] PluginManager:220 - loadIPPluginJar : add cryp
2024-03-05 17:15:44,249 [INFO] IPUIPlugin:80 - create IPUIPlugin
2024-03-05 17:15:44,249 [INFO] PluginManager:220 - loadIPPluginJar : add dfsdm
2024-03-05 17:15:44,259 [INFO] IPUIPlugin:80 - create IPUIPlugin
2024-03-05 17:15:44,260 [INFO] PluginManager:220 - loadIPPluginJar : add dma
2024-03-05 17:15:44,266 [INFO] IPUIPlugin:80 - create IPUIPlugin
2024-03-05 17:15:44,266 [INFO] PluginManager:220 - loadIPPluginJar : add dma3
2024-03-05 17:15:44,271 [INFO] IPUIPlugin:80 - create IPUIPlugin
2024-03-05 17:15:44,271 [INFO] PluginManager:220 - loadIPPluginJar : add fatfs
2024-03-05 17:15:44,280 [INFO] IPUIPlugin:80 - create IPUIPlugin
2024-03-05 17:15:44,281 [INFO] PluginManager:220 - loadIPPluginJar : add fmc
2024-03-05 17:15:44,289 [INFO] IPUIPlugin:80 - create IPUIPlugin
2024-03-05 17:15:44,290 [INFO] PluginManager:220 - loadIPPluginJar : add freertos
2024-03-05 17:15:44,293 [INFO] IPUIPlugin:80 - create IPUIPlugin
2024-03-05 17:15:44,293 [INFO] PluginManager:220 - loadIPPluginJar : add genericplugin
2024-03-05 17:15:44,298 [INFO] IPUIPlugin:80 - create IPUIPlugin
2024-03-05 17:15:44,298 [INFO] PluginManager:220 - loadIPPluginJar : add gfxmmu
2024-03-05 17:15:44,307 [INFO] IPUIPlugin:80 - create IPUIPlugin
2024-03-05 17:15:44,307 [INFO] PluginManager:220 - loadIPPluginJar : add gic
2024-03-05 17:15:44,315 [INFO] IPUIPlugin:80 - create IPUIPlugin
2024-03-05 17:15:44,315 [INFO] PluginManager:220 - loadIPPluginJar : add gpio
2024-03-05 17:15:44,322 [INFO] IPUIPlugin:80 - create IPUIPlugin
2024-03-05 17:15:44,322 [INFO] PluginManager:220 - loadIPPluginJar : add gtzc
2024-03-05 17:15:44,327 [INFO] IPUIPlugin:80 - create IPUIPlugin
2024-03-05 17:15:44,327 [INFO] PluginManager:220 - loadIPPluginJar : add hash
2024-03-05 17:15:44,332 [INFO] IPUIPlugin:80 - create IPUIPlugin
2024-03-05 17:15:44,332 [INFO] PluginManager:220 - loadIPPluginJar : add i2c
2024-03-05 17:15:44,338 [INFO] IPUIPlugin:80 - create IPUIPlugin
2024-03-05 17:15:44,338 [INFO] PluginManager:220 - loadIPPluginJar : add i2s
2024-03-05 17:15:44,344 [INFO] IPUIPlugin:80 - create IPUIPlugin
2024-03-05 17:15:44,344 [INFO] PluginManager:220 - loadIPPluginJar : add i3c
2024-03-05 17:15:44,350 [INFO] IPUIPlugin:80 - create IPUIPlugin
2024-03-05 17:15:44,350 [INFO] PluginManager:220 - loadIPPluginJar : add ipddr
2024-03-05 17:15:44,362 [INFO] IPUIPlugin:80 - create IPUIPlugin
2024-03-05 17:15:44,362 [INFO] PluginManager:220 - loadIPPluginJar : add linkedlist
2024-03-05 17:15:44,368 [INFO] IPUIPlugin:80 - create IPUIPlugin
2024-03-05 17:15:44,369 [INFO] PluginManager:220 - loadIPPluginJar : add lorawan
2024-03-05 17:15:44,372 [INFO] IPUIPlugin:80 - create IPUIPlugin
2024-03-05 17:15:44,373 [INFO] PluginManager:220 - loadIPPluginJar : add ltdc
2024-03-05 17:15:44,384 [INFO] IPUIPlugin:80 - create IPUIPlugin
2024-03-05 17:15:44,384 [INFO] PluginManager:220 - loadIPPluginJar : add mdma
2024-03-05 17:15:44,393 [INFO] IPUIPlugin:80 - create IPUIPlugin
2024-03-05 17:15:44,393 [INFO] PluginManager:220 - loadIPPluginJar : add nvic
2024-03-05 17:15:44,399 [INFO] IPUIPlugin:80 - create IPUIPlugin
2024-03-05 17:15:44,399 [INFO] PluginManager:220 - loadIPPluginJar : add opamp
2024-03-05 17:15:44,406 [INFO] IPUIPlugin:80 - create IPUIPlugin
2024-03-05 17:15:44,407 [INFO] PluginManager:220 - loadIPPluginJar : add openamp
2024-03-05 17:15:44,412 [INFO] IPUIPlugin:80 - create IPUIPlugin
2024-03-05 17:15:44,413 [INFO] PluginManager:220 - loadIPPluginJar : add pdm2pcm
2024-03-05 17:15:44,427 [INFO] IPUIPlugin:80 - create IPUIPlugin
2024-03-05 17:15:44,433 [INFO] PluginManager:220 - loadIPPluginJar : add plateformsettings
2024-03-05 17:15:44,438 [INFO] IPUIPlugin:80 - create IPUIPlugin
2024-03-05 17:15:44,438 [INFO] PluginManager:220 - loadIPPluginJar : add quadspi
2024-03-05 17:15:44,444 [INFO] IPUIPlugin:80 - create IPUIPlugin
2024-03-05 17:15:44,444 [INFO] PluginManager:220 - loadIPPluginJar : add resmgrutility
2024-03-05 17:15:44,450 [INFO] IPUIPlugin:80 - create IPUIPlugin
2024-03-05 17:15:44,450 [INFO] PluginManager:220 - loadIPPluginJar : add sai
2024-03-05 17:15:44,456 [INFO] IPUIPlugin:80 - create IPUIPlugin
2024-03-05 17:15:44,456 [INFO] PluginManager:220 - loadIPPluginJar : add spi
2024-03-05 17:15:44,466 [INFO] IPUIPlugin:80 - create IPUIPlugin
2024-03-05 17:15:44,466 [INFO] PluginManager:220 - loadIPPluginJar : add stm32_wpan
2024-03-05 17:15:44,470 [INFO] IPUIPlugin:80 - create IPUIPlugin
2024-03-05 17:15:44,470 [INFO] PluginManager:220 - loadIPPluginJar : add tim
2024-03-05 17:15:44,477 [INFO] IPUIPlugin:80 - create IPUIPlugin
2024-03-05 17:15:44,477 [INFO] PluginManager:220 - loadIPPluginJar : add touchsensing
2024-03-05 17:15:44,481 [INFO] IPUIPlugin:80 - create IPUIPlugin
2024-03-05 17:15:44,482 [INFO] PluginManager:220 - loadIPPluginJar : add tracer_emb
2024-03-05 17:15:44,486 [INFO] IPUIPlugin:80 - create IPUIPlugin
2024-03-05 17:15:44,486 [INFO] PluginManager:220 - loadIPPluginJar : add ts
2024-03-05 17:15:44,489 [INFO] IPUIPlugin:80 - create IPUIPlugin
2024-03-05 17:15:44,490 [INFO] PluginManager:220 - loadIPPluginJar : add tsc
2024-03-05 17:15:44,493 [INFO] IPUIPlugin:80 - create IPUIPlugin
2024-03-05 17:15:44,493 [INFO] PluginManager:220 - loadIPPluginJar : add ucpd
2024-03-05 17:15:44,499 [INFO] IPUIPlugin:80 - create IPUIPlugin
2024-03-05 17:15:44,499 [INFO] PluginManager:220 - loadIPPluginJar : add usart
2024-03-05 17:15:44,506 [INFO] IPUIPlugin:80 - create IPUIPlugin
2024-03-05 17:15:44,506 [INFO] PluginManager:220 - loadIPPluginJar : add usbx
2024-03-05 17:15:44,700 [INFO] CADModel:165 - CPN selected for project level
2024-03-05 17:15:44,701 [INFO] CADModel:114 - Register for checkConnection events
2024-03-05 17:15:44,701 [FATAL] Updater:308 - Updater called before beeing initialized
2024-03-05 17:15:44,702 [ERROR] CADModel:125 - Updater not yet initialized, retry later 
2024-03-05 17:15:45,035 [INFO] CADModel:165 - CPN selected for project level
2024-03-05 17:15:45,035 [INFO] CADModel:114 - Register for checkConnection events
2024-03-05 17:15:45,035 [FATAL] Updater:308 - Updater called before beeing initialized
2024-03-05 17:15:45,035 [ERROR] CADModel:125 - Updater not yet initialized, retry later 
2024-03-05 17:15:45,043 [FATAL] Updater:308 - Updater called before beeing initialized
2024-03-05 17:15:45,235 [FATAL] Updater:308 - Updater called before beeing initialized
2024-03-05 17:15:45,242 [INFO] DbMcusAds:53 - JSON generation date=Wed Nov 29 04:52:27 CST 2023 (1701255147349)
2024-03-05 17:15:45,242 [FATAL] Updater:308 - Updater called before beeing initialized
2024-03-05 17:15:45,295 [WARN] DetailPanel:346 - Failed to get advertising image, set to default
2024-03-05 17:15:45,480 [FATAL] Updater:308 - Updater called before beeing initialized
2024-03-05 17:15:45,482 [FATAL] Updater:308 - Updater called before beeing initialized
2024-03-05 17:15:45,483 [FATAL] Updater:308 - Updater called before beeing initialized
2024-03-05 17:15:45,483 [WARN] DetailPanel:346 - Failed to get advertising image, set to default
2024-03-05 17:15:45,484 [FATAL] Updater:308 - Updater called before beeing initialized
2024-03-05 17:15:45,615 [ERROR] Updater:1120 - MainUpdater not yet initialized. External WinMGr cannot be set.
2024-03-05 17:15:45,619 [INFO] Updater:1056 - Updater Version found : 6.10.0
2024-03-05 17:15:45,646 [INFO] ApplicationProperties:184 - Using Application install path: C:\ST\STM32CubeIDE_1.14.0\STM32CubeIDE\plugins\com.st.stm32cube.common.mx_6.10.0.202311202037
2024-03-05 17:15:46,323 [INFO] ThirdPartyUpdaterWithRetryManager:70 - Updater plugin not ready yet. [2/15]
2024-03-05 17:15:47,238 [ERROR] LogOutputStream:75 - [STDERR_REDIRECT] Mar 05, 2024 5:15:47 PM java.util.prefs.WindowsPreferences <init>
2024-03-05 17:15:47,240 [ERROR] LogOutputStream:75 - [STDERR_REDIRECT] WARNING: Could not open/create prefs root node Software\JavaSoft\Prefs at root 0xffffffff80000002. Windows RegCreateKeyEx(...) returned error code 5.
2024-03-05 17:15:47,241 [ERROR] LogOutputStream:75 - [STDERR_REDIRECT] 
2024-03-05 17:15:47,788 [INFO] MainUpdater:2873 - connection check result : 10
2024-03-05 17:15:47,790 [INFO] MainUpdater:290 - Updater Check For Update Now.
2024-03-05 17:15:47,790 [INFO] MicroXplorer:498 - Change Database Version : DB.6.0.100
2024-03-05 17:15:47,812 [INFO] McuFinderGlobals:63 - Set McuFinder mode to 2 (CubeIDE integrated)
2024-03-05 17:15:48,014 [INFO] CheckServerUpdateThread:120 - End of CheckServer Thread
2024-03-05 17:15:48,112 [INFO] UserAuth:404 - Internet connection configuration mode: 1
2024-03-05 17:15:48,147 [INFO] JxBrowserEngine:152 - Initiate JxBrowser Engine with user profile folder
2024-03-05 17:15:49,641 [INFO] WebApp:161 - Instantiating new browser for Auth
2024-03-05 17:15:49,649 [WARN] PackLoader:240 - Cannot read IP mode file for STMicroelectronics.X-CUBE-SMBUS.2.1.0
2024-03-05 17:15:49,663 [WARN] PackLoader:240 - Cannot read IP mode file for STMicroelectronics.X-CUBE-TOUCHGFX.4.23.0
2024-03-05 17:15:49,722 [WARN] PackLoader:240 - Cannot read IP mode file for STMicroelectronics.X-CUBE-AZRTOS-F7.1.1.0
2024-03-05 17:15:49,738 [WARN] PackLoader:240 - Cannot read IP mode file for STMicroelectronics.FP-SNS-MOTENV1.4.3.2
2024-03-05 17:15:49,748 [WARN] PackLoader:240 - Cannot read IP mode file for STMicroelectronics.FP-SNS-FLIGHT1.5.0.2
2024-03-05 17:15:49,762 [WARN] PackLoader:240 - Cannot read IP mode file for STMicroelectronics.X-CUBE-DISPLAY.3.0.0
2024-03-05 17:15:49,781 [WARN] PackLoader:240 - Cannot read IP mode file for STMicroelectronics.X-CUBE-BLE1.7.0.0
2024-03-05 17:15:49,790 [WARN] PackLoader:240 - Cannot read IP mode file for emotas.I-CUBE-CANOPEN.1.3.0
2024-03-05 17:15:49,811 [WARN] PackLoader:240 - Cannot read IP mode file for STMicroelectronics.X-CUBE-BLEMGR.3.1.0
2024-03-05 17:15:49,824 [WARN] PackLoader:240 - Cannot read IP mode file for STMicroelectronics.FP-SNS-SMARTAG2.1.2.0
2024-03-05 17:15:49,844 [INFO] LogOutputStream:77 - [STDOUT_REDIRECT] 1 : Invalid condition id : UX_CORESTACK_Condition cause : null
2024-03-05 17:15:49,845 [INFO] LogOutputStream:77 - [STDOUT_REDIRECT] 1 : Invalid condition id : UX_CORESTACK_Condition cause : null
2024-03-05 17:15:49,847 [INFO] LogOutputStream:77 - [STDOUT_REDIRECT] 1 : Invalid condition id : UX_CORESTACK_Condition cause : null
2024-03-05 17:15:49,849 [INFO] LogOutputStream:77 - [STDOUT_REDIRECT] 1 : Invalid condition id : UX_CORESTACK_Condition cause : null
2024-03-05 17:15:49,851 [INFO] LogOutputStream:77 - [STDOUT_REDIRECT] 1 : Invalid condition id : UX_CORESTACK_Condition cause : null
2024-03-05 17:15:49,855 [WARN] PackLoader:240 - Cannot read IP mode file for STMicroelectronics.X-CUBE-AZRTOS-WL.2.0.0
2024-03-05 17:15:49,869 [WARN] PackLoader:240 - Cannot read IP mode file for WES.I-CUBE-Cesium.1.3.0
2024-03-05 17:15:49,878 [WARN] PackLoader:240 - Cannot read IP mode file for STMicroelectronics.X-CUBE-BLE2.3.3.0
2024-03-05 17:15:49,891 [WARN] PackLoader:240 - Cannot read IP mode file for STMicroelectronics.X-CUBE-ALGOBUILD.1.3.0
2024-03-05 17:15:49,922 [WARN] PackLoader:240 - Cannot read IP mode file for STMicroelectronics.X-CUBE-AZRTOS-G0.1.1.0
2024-03-05 17:15:49,938 [WARN] PackLoader:240 - Cannot read IP mode file for STMicroelectronics.X-CUBE-NFC4.3.0.0
2024-03-05 17:15:49,956 [WARN] PackLoader:240 - Cannot read IP mode file for STMicroelectronics.X-CUBE-BLEMGR.3.0.0
2024-03-05 17:15:49,966 [WARN] PackLoader:240 - Cannot read IP mode file for STMicroelectronics.FP-ATR-SIGFOX1.3.2.0
2024-03-05 17:15:49,981 [WARN] PackLoader:240 - Cannot read IP mode file for STMicroelectronics.X-CUBE-EEPRMA1.5.1.0
2024-03-05 17:15:50,029 [WARN] PackLoader:240 - Cannot read IP mode file for SEGGER.I-CUBE-embOS.1.3.1
2024-03-05 17:15:50,124 [WARN] PackLoader:240 - Cannot read IP mode file for STMicroelectronics.X-CUBE-GNSS1.6.0.0
2024-03-05 17:15:50,166 [WARN] PackLoader:240 - Cannot read IP mode file for STMicroelectronics.X-CUBE-AZRTOS-F4.1.1.0
2024-03-05 17:15:50,178 [WARN] PackLoader:240 - Cannot read IP mode file for wolfSSL.I-CUBE-wolfSSL.5.6.6
2024-03-05 17:15:50,210 [WARN] PackLoader:240 - Cannot read IP mode file for STMicroelectronics.X-CUBE-AZRTOS-L5.2.0.0
2024-03-05 17:15:50,220 [WARN] PackLoader:240 - Cannot read IP mode file for STMicroelectronics.X-CUBE-EEPRMA1.4.2.0
2024-03-05 17:15:50,228 [WARN] PackLoader:240 - Cannot read IP mode file for ITTIA_DB.I-CUBE-ITTIADB.8.8.0
2024-03-05 17:15:50,236 [WARN] PackLoader:240 - Cannot read IP mode file for STMicroelectronics.X-CUBE-NFC7.1.0.1
2024-03-05 17:15:50,247 [WARN] PackLoader:240 - Cannot read IP mode file for STMicroelectronics.X-CUBE-NFC6.3.0.0
2024-03-05 17:15:50,256 [WARN] PackLoader:240 - Cannot read IP mode file for STMicroelectronics.X-CUBE-AI.8.1.0
2024-03-05 17:15:50,279 [WARN] ConditionMgr:438 - getConditionDescription Invalid condition id : LAN8742 Phy interface Condition cause : null
2024-03-05 17:15:50,280 [WARN] PackLoader:240 - Cannot read IP mode file for STMicroelectronics.X-CUBE-AZRTOS-L4.2.0.0
2024-03-05 17:15:50,283 [WARN] ConditionMgr:1039 - genDependencies : Invalid condition id : LAN8742 Phy interface Condition cause : null
2024-03-05 17:15:50,284 [WARN] ConditionMgr:1039 - genDependencies : Invalid condition id : LAN8742 Phy interface Condition cause : null
2024-03-05 17:15:50,285 [WARN] ConditionMgr:1039 - genDependencies : Invalid condition id : LAN8742 Phy interface Condition cause : null
2024-03-05 17:15:50,298 [WARN] PackLoader:240 - Cannot read IP mode file for STMicroelectronics.X-CUBE-SFXS2LP1.4.0.0
2024-03-05 17:15:50,318 [WARN] ConditionMgr:438 - getConditionDescription Invalid condition id : UX DEVICE CLASS RTOS Condition cause : null
2024-03-05 17:15:50,318 [WARN] ConditionMgr:438 - getConditionDescription Invalid condition id : UX DEVICE CLASS RTOS Condition cause : null
2024-03-05 17:15:50,322 [WARN] PackLoader:240 - Cannot read IP mode file for STMicroelectronics.X-CUBE-AZRTOS-WB.2.0.0
2024-03-05 17:15:50,324 [WARN] ConditionMgr:1039 - genDependencies : Invalid condition id : UX DEVICE CLASS RTOS Condition cause : null
2024-03-05 17:15:50,325 [WARN] ConditionMgr:1039 - genDependencies : Invalid condition id : UX DEVICE CLASS RTOS Condition cause : null
2024-03-05 17:15:50,326 [WARN] ConditionMgr:1039 - genDependencies : Invalid condition id : UX DEVICE CLASS RTOS Condition cause : null
2024-03-05 17:15:50,327 [WARN] ConditionMgr:1039 - genDependencies : Invalid condition id : UX DEVICE CLASS RTOS Condition cause : null
2024-03-05 17:15:50,327 [WARN] ConditionMgr:1039 - genDependencies : Invalid condition id : UX DEVICE CLASS RTOS Condition cause : null
2024-03-05 17:15:50,343 [WARN] PackLoader:240 - Cannot read IP mode file for STMicroelectronics.X-CUBE-SUBG2.5.0.0
2024-03-05 17:15:50,370 [WARN] PackLoader:240 - Cannot read IP mode file for STMicroelectronics.X-CUBE-AZRTOS-G4.2.0.0
2024-03-05 17:15:50,390 [WARN] PackLoader:240 - Cannot read IP mode file for Infineon.AIROC-Wi-Fi-Bluetooth-STM32.1.5.1
2024-03-05 17:15:50,400 [WARN] PackLoader:240 - Cannot read IP mode file for STMicroelectronics.FP-SNS-MOTENVWB1.1.3.1
2024-03-05 17:15:50,408 [WARN] PackLoader:240 - Cannot read IP mode file for STMicroelectronics.X-CUBE-ISPU.2.0.0
2024-03-05 17:15:50,456 [WARN] PackLoader:240 - Cannot read IP mode file for STMicroelectronics.X-CUBE-MEMS1.10.0.0
2024-03-05 17:15:50,606 [WARN] PackLoader:240 - Cannot read IP mode file for STMicroelectronics.X-CUBE-FREERTOS.1.1.0
2024-03-05 17:15:50,613 [WARN] PackLoader:240 - Cannot read IP mode file for portGmbH.I-Cube-SoM-uGOAL.1.1.0
2024-03-05 17:15:50,620 [WARN] PackLoader:240 - Cannot read IP mode file for STMicroelectronics.X-CUBE-ALS.1.0.1
2024-03-05 17:15:50,627 [WARN] PackLoader:240 - Cannot read IP mode file for STMicroelectronics.FP-ATR-ASTRA1.2.0.0
2024-03-05 17:15:50,640 [WARN] PackLoader:240 - Cannot read IP mode file for STMicroelectronics.X-CUBE-TOF1.3.4.0
2024-03-05 17:15:50,679 [WARN] PackLoader:240 - Cannot read IP mode file for STMicroelectronics.X-CUBE-TOF1.3.4.1
2024-03-05 17:15:50,717 [WARN] PackLoader:240 - Cannot read IP mode file for STMicroelectronics.X-CUBE-AZRTOS-H7.3.2.0
2024-03-05 17:15:50,723 [INFO] ThirdParty:978 - Integrity check success = true
2024-03-05 17:15:50,723 [INFO] IntegrityCheckThread:100 - exiting critical section [integrity check]
2024-03-05 17:15:50,723 [INFO] IntegrityCheckThread:103 - End integrity checks thread
2024-03-05 17:15:51,156 [INFO] WebApp:780 - Register for checkConnection events
2024-03-05 17:15:51,157 [INFO] WebApp:414 - Apply proxy settings
2024-03-05 17:15:51,157 [INFO] WebApp:499 - Chromium requires no authentication
2024-03-05 17:15:51,172 [INFO] WebApp:442 - Direct internet connection detected
2024-03-05 17:15:51,609 [INFO] WebApp:192 - Starting web application
2024-03-05 17:15:51,609 [INFO] WebApp:544 - Web application path used C:\ST\STM32CubeIDE_1.14.0\STM32CubeIDE\plugins\com.st.stm32cube.common.mx_6.10.0.202311202037\db\plugins\mcufinder\reactClient1\index.html
2024-03-05 17:16:12,512 [ERROR] LogOutputStream:75 - [STDERR_REDIRECT] SLF4J: Failed to load class "org.slf4j.impl.StaticLoggerBinder".
2024-03-05 17:16:12,513 [ERROR] LogOutputStream:75 - [STDERR_REDIRECT] SLF4J: Defaulting to no-operation (NOP) logger implementation
2024-03-05 17:16:12,514 [ERROR] LogOutputStream:75 - [STDERR_REDIRECT] SLF4J: See http://www.slf4j.org/codes.html#StaticLoggerBinder for further details.
2024-03-05 17:18:55,354 [ERROR] LogOutputStream:75 - [STDERR_REDIRECT] 
