2024-02-16 00:11:09,614 [INFO] UtilMem:75 - End SaveConfig() Used Memory: 942417800 Bytes (1073741824)
2024-02-16 00:11:23,432 [INFO] UtilMem:75 - End SaveConfig() Used Memory: 575562160 Bytes (1073741824)
2024-02-16 00:11:32,106 [INFO] UtilMem:75 - End SaveConfig() Used Memory: 707454256 Bytes (1073741824)
2024-02-16 00:11:32,503 [INFO] BlockDiagram:2759 - set Specific Code input for plugin: SPI
2024-02-16 00:11:32,503 [INFO] BlockDiagram:2759 - set Specific Code input for plugin: NVIC
2024-02-16 00:11:32,503 [INFO] BlockDiagram:2759 - set Specific Code input for plugin: USART
2024-02-16 00:11:32,504 [INFO] BlockDiagram:2759 - set Specific Code input for plugin: SYS
2024-02-16 00:11:32,504 [INFO] BlockDiagram:2759 - set Specific Code input for plugin: GPIO
2024-02-16 00:11:32,505 [INFO] BlockDiagram:2759 - set Specific Code input for plugin: RCC
2024-02-16 00:11:32,507 [INFO] CodeGenerator:807 - code generatio: config db path: C:\ST\STM32CubeIDE_1.14.0\STM32CubeIDE\plugins\com.st.stm32cube.common.mx_6.10.0.202311202037\\db\
2024-02-16 00:11:32,646 [INFO] CodeEngine:255 - oldGeneratedFile, C:\Users\salma\OneDrive\Desktop\Capstone\Code\LORA\MXTmpFiles\license.tmp_save
2024-02-16 00:11:32,761 [INFO] CodeEngine:279 - Generated code: C:\Users\salma\OneDrive\Desktop\Capstone\Code\LORA\MXTmpFiles\license.tmp
2024-02-16 00:11:32,819 [INFO] CodeEngine:255 - oldGeneratedFile, C:\Users\salma\OneDrive\Desktop\Capstone\Code\LORA\MXTmpFiles\gpio.tmp_save
2024-02-16 00:11:32,954 [INFO] CodeEngine:279 - Generated code: C:\Users\salma\OneDrive\Desktop\Capstone\Code\LORA\MXTmpFiles\gpio.tmp
2024-02-16 00:11:33,471 [INFO] CodeEngine:255 - oldGeneratedFile, C:\Users\salma\OneDrive\Desktop\Capstone\Code\LORA\Core\Src\stm32l4xx_it.c_save
2024-02-16 00:11:33,709 [INFO] CodeEngine:279 - Generated code: C:\Users\salma\OneDrive\Desktop\Capstone\Code\LORA\Core\Src\stm32l4xx_it.c
2024-02-16 00:11:33,731 [INFO] CodeEngine:255 - oldGeneratedFile, C:\Users\salma\OneDrive\Desktop\Capstone\Code\LORA\Core\Inc\stm32l4xx_it.h_save
2024-02-16 00:11:33,812 [INFO] CodeEngine:279 - Generated code: C:\Users\salma\OneDrive\Desktop\Capstone\Code\LORA\Core\Inc\stm32l4xx_it.h
2024-02-16 00:11:33,842 [INFO] CodeEngine:255 - oldGeneratedFile, C:\Users\salma\OneDrive\Desktop\Capstone\Code\LORA\Core\Src\stm32l4xx_hal_msp.c_save
2024-02-16 00:11:33,975 [INFO] CodeEngine:279 - Generated code: C:\Users\salma\OneDrive\Desktop\Capstone\Code\LORA\Core\Src\stm32l4xx_hal_msp.c
2024-02-16 00:11:33,979 [INFO] CodeEngine:255 - oldGeneratedFile, C:\Users\salma\OneDrive\Desktop\Capstone\Code\LORA\MXTmpFiles\system.tmp_save
2024-02-16 00:11:34,040 [INFO] CodeEngine:279 - Generated code: C:\Users\salma\OneDrive\Desktop\Capstone\Code\LORA\MXTmpFiles\system.tmp
2024-02-16 00:11:34,066 [INFO] CodeEngine:311 - oldGeneratedFile, C:\Users\salma\OneDrive\Desktop\Capstone\Code\LORA\Core\Inc\stm32l4xx_hal_conf.h_save
2024-02-16 00:11:34,172 [INFO] CodeEngine:335 - Generated code: C:\Users\salma\OneDrive\Desktop\Capstone\Code\LORA\Core\Inc\stm32l4xx_hal_conf.h
2024-02-16 00:11:34,221 [INFO] CodeEngine:255 - oldGeneratedFile, C:\Users\salma\OneDrive\Desktop\Capstone\Code\LORA\Core\Inc\main.h_save
2024-02-16 00:11:34,332 [INFO] CodeEngine:279 - Generated code: C:\Users\salma\OneDrive\Desktop\Capstone\Code\LORA\Core\Inc\main.h
2024-02-16 00:11:34,350 [INFO] CodeEngine:255 - oldGeneratedFile, C:\Users\salma\OneDrive\Desktop\Capstone\Code\LORA\Core\Src\main.c_save
2024-02-16 00:11:34,492 [INFO] CodeEngine:279 - Generated code: C:\Users\salma\OneDrive\Desktop\Capstone\Code\LORA\Core\Src\main.c
2024-02-16 00:11:35,168 [INFO] ProjectBuilder:3076 - Time for Copy HAL[1] : 302mS.
2024-02-16 00:11:35,172 [INFO] ProjectBuilder:4485 - Project Generator version: 4.2.0-B44
2024-02-16 00:11:35,479 [INFO] ConfigFileManager:1495 - The Die is : DIE435
2024-02-16 00:11:36,851 [INFO] ProjectBuilder:4747 - Time for Generating toolchain IDE Files: 1679mS.
2024-02-16 00:11:36,852 [INFO] ProjectBuilder:2947 - Time for Copy CMSIS : 1mS.
2024-02-16 00:11:36,858 [INFO] ProjectBuilder:2947 - Time for Copy CMSIS : 0mS.
