2024-02-09 08:54:43,004 [INFO] Activator:176 - 


2024-02-09 08:54:43,013 [INFO] Activator:177 - !SESSION log4j initialized
2024-02-09 08:54:50,884 [INFO] LogOutputStream:77 - [STDOUT_REDIRECT] 
2024-02-09 08:54:53,053 [INFO] ApplicationProperties:184 - Using Application install path: C:\ST\STM32CubeIDE_1.14.0\STM32CubeIDE\plugins\com.st.stm32cube.common.mx_6.10.0.202311202037
2024-02-09 08:54:53,081 [INFO] DbMcusXml:78 - Set database path to: C:\ST\STM32CubeIDE_1.14.0\STM32CubeIDE\plugins\com.st.stm32cube.common.mx_6.10.0.202311202037\\db\/mcu/
2024-02-09 08:54:53,082 [INFO] ApiDb:274 - Set plugin database path to: C:\ST\STM32CubeIDE_1.14.0\STM32CubeIDE\plugins\com.st.stm32cube.common.mx_6.10.0.202311202037\\db\/plugins/boardmanager/
2024-02-09 08:54:53,082 [WARN] ApiDb:259 - Overriding images path with different value:  => C:\ST\STM32CubeIDE_1.14.0\STM32CubeIDE\plugins\com.st.stm32cube.common.mx_6.10.0.202311202037\\db\/plugins/mcufinder/images/
2024-02-09 08:54:53,098 [INFO] ApiDb:250 - Set database path to: C:\Users\salma\.stmcufinder\plugins\mcufinder//mcu/
2024-02-09 08:54:53,100 [INFO] DbMcusAds:125 - Set database path to: C:\Users\salma\.stmcufinder\plugins\mcufinder//mcu/
2024-02-09 08:54:53,103 [INFO] CrossReferenceDbSqlite:203 - Set database path to: C:\Users\salma\.stmcufinder\plugins\mcufinder//mcu/cs/
2024-02-09 08:54:53,285 [INFO] RulesReader:64 - Compatibility file has been processed (297 Rules)
2024-02-09 08:54:53,431 [INFO] DbMcusXml:78 - Set database path to: C:\ST\STM32CubeIDE_1.14.0\STM32CubeIDE\plugins\com.st.stm32cube.common.mx_6.10.0.202311202037\\db\/mcu/
2024-02-09 08:54:53,431 [INFO] ApiDb:274 - Set plugin database path to: C:\ST\STM32CubeIDE_1.14.0\STM32CubeIDE\plugins\com.st.stm32cube.common.mx_6.10.0.202311202037\\db\/plugins/boardmanager/
2024-02-09 08:54:53,431 [INFO] ApiDb:261 - Set plugin images path to: C:\ST\STM32CubeIDE_1.14.0\STM32CubeIDE\plugins\com.st.stm32cube.common.mx_6.10.0.202311202037\\db\/plugins/mcufinder/images/
2024-02-09 08:54:53,432 [WARN] DbFile:41 - Overriding database path with different value: C:\Users\salma\.stmcufinder\plugins\mcufinder/ => C:\Users\salma\.stmcufinder\plugins\mcufinder
2024-02-09 08:54:53,432 [INFO] ApiDb:250 - Set database path to: C:\Users\salma\.stmcufinder\plugins\mcufinder//mcu/
2024-02-09 08:54:53,432 [WARN] DbFile:41 - Overriding database path with different value: C:\Users\salma\.stmcufinder\plugins\mcufinder/ => C:\Users\salma\.stmcufinder\plugins\mcufinder
2024-02-09 08:54:53,433 [INFO] DbMcusAds:125 - Set database path to: C:\Users\salma\.stmcufinder\plugins\mcufinder//mcu/
2024-02-09 08:54:53,433 [WARN] DbFile:41 - Overriding database path with different value: C:\Users\salma\.stmcufinder\plugins\mcufinder/ => C:\Users\salma\.stmcufinder\plugins\mcufinder
2024-02-09 08:54:53,433 [WARN] DbFile:41 - Overriding database path with different value: C:\Users\salma\.stmcufinder\plugins\mcufinder/ => C:\Users\salma\.stmcufinder\plugins\mcufinder
2024-02-09 08:54:53,433 [INFO] CrossReferenceDbSqlite:203 - Set database path to: C:\Users\salma\.stmcufinder\plugins\mcufinder//mcu/cs/
2024-02-09 08:54:53,567 [INFO] MainPanel:264 - HeapMemory: 268435456
2024-02-09 08:54:53,717 [INFO] DbMcusXml:78 - Set database path to: C:\ST\STM32CubeIDE_1.14.0\STM32CubeIDE\plugins\com.st.stm32cube.common.mx_6.10.0.202311202037\\db\/mcu/
2024-02-09 08:54:53,717 [INFO] ApiDb:274 - Set plugin database path to: C:\ST\STM32CubeIDE_1.14.0\STM32CubeIDE\plugins\com.st.stm32cube.common.mx_6.10.0.202311202037\\db\/plugins/boardmanager/
2024-02-09 08:54:53,717 [INFO] ApiDb:261 - Set plugin images path to: C:\ST\STM32CubeIDE_1.14.0\STM32CubeIDE\plugins\com.st.stm32cube.common.mx_6.10.0.202311202037\\db\/plugins/mcufinder/images/
2024-02-09 08:54:53,718 [WARN] DbFile:41 - Overriding database path with different value: C:\Users\salma\.stmcufinder\plugins\mcufinder/ => C:\Users\salma\.stmcufinder\plugins\mcufinder
2024-02-09 08:54:53,718 [INFO] ApiDb:250 - Set database path to: C:\Users\salma\.stmcufinder\plugins\mcufinder//mcu/
2024-02-09 08:54:53,718 [WARN] DbFile:41 - Overriding database path with different value: C:\Users\salma\.stmcufinder\plugins\mcufinder/ => C:\Users\salma\.stmcufinder\plugins\mcufinder
2024-02-09 08:54:53,718 [INFO] DbMcusAds:125 - Set database path to: C:\Users\salma\.stmcufinder\plugins\mcufinder//mcu/
2024-02-09 08:54:53,718 [WARN] DbFile:41 - Overriding database path with different value: C:\Users\salma\.stmcufinder\plugins\mcufinder/ => C:\Users\salma\.stmcufinder\plugins\mcufinder
2024-02-09 08:54:53,718 [WARN] DbFile:41 - Overriding database path with different value: C:\Users\salma\.stmcufinder\plugins\mcufinder/ => C:\Users\salma\.stmcufinder\plugins\mcufinder
2024-02-09 08:54:53,718 [INFO] CrossReferenceDbSqlite:203 - Set database path to: C:\Users\salma\.stmcufinder\plugins\mcufinder//mcu/cs/
2024-02-09 08:54:53,748 [INFO] ApplicationProperties:184 - Using Application install path: C:\ST\STM32CubeIDE_1.14.0\STM32CubeIDE\plugins\com.st.stm32cube.common.mx_6.10.0.202311202037
2024-02-09 08:54:53,750 [INFO] PluginManage:196 - Search for loadable plugins [exclusion list=, ]
2024-02-09 08:54:53,753 [INFO] PluginManage:310 - Check plugin analytics
2024-02-09 08:54:54,125 [INFO] AnalyticsPlugin:253 - Accepted Software Licenses: 
2024-02-09 08:54:54,125 [INFO] AnalyticsPlugin:255 - Accepted CMSIS Pack Licenses: 
2024-02-09 08:54:54,127 [INFO] AnalyticsPlugin:257 - Accepted Firmware Licenses: FW.L4.1.18.0
2024-02-09 08:54:54,132 [INFO] PluginManage:359 - Loaded plugin analytics (category:tool,tabindex:-1)
2024-02-09 08:54:54,133 [INFO] PluginManage:310 - Check plugin cadmodel
2024-02-09 08:54:54,165 [INFO] CADModel:105 - Init CAD model plugin
2024-02-09 08:54:54,167 [INFO] PluginManage:359 - Loaded plugin cadmodel (category:power,tabindex:5)
2024-02-09 08:54:54,167 [INFO] PluginManage:310 - Check plugin clock
2024-02-09 08:54:54,202 [INFO] PluginManage:359 - Loaded plugin clock (category:base,tabindex:2)
2024-02-09 08:54:54,203 [INFO] PluginManage:310 - Check plugin ddr
2024-02-09 08:54:54,207 [INFO] PluginManage:359 - Loaded plugin ddr (category:tool,tabindex:6)
2024-02-09 08:54:54,207 [INFO] PluginManage:310 - Check plugin filemanager
2024-02-09 08:54:54,465 [INFO] PluginManage:359 - Loaded plugin filemanager (category:base,tabindex:10)
2024-02-09 08:54:54,466 [INFO] PluginManage:310 - Check plugin ipmanager
2024-02-09 08:54:54,478 [INFO] PluginManage:359 - Loaded plugin ipmanager (category:base,tabindex:5)
2024-02-09 08:54:54,479 [INFO] PluginManage:310 - Check plugin lpbam
2024-02-09 08:54:54,509 [INFO] PluginManage:359 - Loaded plugin lpbam (category:base,tabindex:0)
2024-02-09 08:54:54,509 [INFO] PluginManage:310 - Check plugin memorymap
2024-02-09 08:54:54,548 [INFO] PluginManage:359 - Loaded plugin memorymap (category:base,tabindex:4)
2024-02-09 08:54:54,549 [INFO] PluginManage:310 - Check plugin pinoutandconfiguration
2024-02-09 08:54:54,577 [INFO] PluginManage:359 - Loaded plugin pinoutandconfiguration (category:base,tabindex:1)
2024-02-09 08:54:54,578 [INFO] PluginManage:310 - Check plugin pinoutconfig
2024-02-09 08:54:54,786 [WARN] SupportedApi:132 - Cannot load RTOS API schema: s4s-elt-must-match.1: The content of 'definitions' must match (annotation?, (simpleType | complexType)?, (unique | key | keyref)*)). A problem was found starting at: attribute.
2024-02-09 08:54:55,049 [INFO] PluginManage:359 - Loaded plugin pinoutconfig (category:base,tabindex:0)
2024-02-09 08:54:55,050 [INFO] PluginManage:310 - Check plugin power
2024-02-09 08:54:55,084 [INFO] PluginManage:359 - Loaded plugin power (category:power,tabindex:4)
2024-02-09 08:54:55,085 [INFO] PluginManage:310 - Check plugin projectmanager
2024-02-09 08:54:55,116 [INFO] PluginManage:359 - Loaded plugin projectmanager (category:projectmanager,tabindex:3)
2024-02-09 08:54:55,116 [INFO] PluginManage:310 - Check plugin thirdparty
2024-02-09 08:54:55,689 [INFO] PluginManage:359 - Loaded plugin thirdparty (category:base,tabindex:-1)
2024-02-09 08:54:55,689 [INFO] PluginManage:310 - Check plugin tools
2024-02-09 08:54:55,689 [WARN] IntegrityCheckThread:84 - waiting for thirdparty lock release [integrity check]
2024-02-09 08:54:55,690 [INFO] IntegrityCheckThread:86 - entering critical section [integrity check]
2024-02-09 08:54:55,691 [INFO] ThirdPartyUpdaterWithRetryManager:70 - Updater plugin not ready yet. [1/15]
2024-02-09 08:54:55,756 [INFO] PluginManage:359 - Loaded plugin tools (category:base,tabindex:7)
2024-02-09 08:54:55,757 [INFO] PluginManage:310 - Check plugin tutovideos
2024-02-09 08:54:56,167 [INFO] PluginManage:359 - Loaded plugin tutovideos (category:base,tabindex:-1)
2024-02-09 08:54:56,168 [INFO] PluginManage:310 - Check plugin updater
2024-02-09 08:54:56,191 [INFO] PluginManage:359 - Loaded plugin updater (category:base,tabindex:12)
2024-02-09 08:54:56,192 [INFO] PluginManage:310 - Check plugin userauth
2024-02-09 08:54:56,203 [INFO] UserAuth:114 - Init User Auth plugin
2024-02-09 08:54:56,203 [INFO] PluginManage:359 - Loaded plugin userauth (category:base,tabindex:14)
2024-02-09 08:54:56,204 [INFO] PluginManage:283 - PluginManage : Loaded plugins [17]
2024-02-09 08:54:56,585 [INFO] PinOutPanel:1499 - setPackage(No Configuration,No Configuration)
2024-02-09 08:54:56,702 [INFO] CADModel:165 - CPN selected for project level
2024-02-09 08:54:56,702 [INFO] CADModel:114 - Register for checkConnection events
2024-02-09 08:54:56,745 [INFO] IPUIPlugin:80 - create IPUIPlugin
2024-02-09 08:54:56,745 [INFO] PluginManager:220 - loadIPPluginJar : add adc
2024-02-09 08:54:56,789 [INFO] IPUIPlugin:80 - create IPUIPlugin
2024-02-09 08:54:56,789 [INFO] PluginManager:220 - loadIPPluginJar : add aes
2024-02-09 08:54:56,846 [INFO] IPUIPlugin:80 - create IPUIPlugin
2024-02-09 08:54:56,847 [INFO] PluginManager:220 - loadIPPluginJar : add can
2024-02-09 08:54:56,879 [INFO] IPUIPlugin:80 - create IPUIPlugin
2024-02-09 08:54:56,879 [INFO] PluginManager:220 - loadIPPluginJar : add comp
2024-02-09 08:54:56,931 [INFO] IPUIPlugin:80 - create IPUIPlugin
2024-02-09 08:54:56,931 [INFO] PluginManager:220 - loadIPPluginJar : add cryp
2024-02-09 08:54:56,980 [INFO] IPUIPlugin:80 - create IPUIPlugin
2024-02-09 08:54:56,980 [INFO] PluginManager:220 - loadIPPluginJar : add dfsdm
2024-02-09 08:54:57,002 [INFO] IPUIPlugin:80 - create IPUIPlugin
2024-02-09 08:54:57,003 [INFO] PluginManager:220 - loadIPPluginJar : add dma
2024-02-09 08:54:57,063 [INFO] IPUIPlugin:80 - create IPUIPlugin
2024-02-09 08:54:57,063 [INFO] PluginManager:220 - loadIPPluginJar : add dma3
2024-02-09 08:54:57,090 [INFO] IPUIPlugin:80 - create IPUIPlugin
2024-02-09 08:54:57,090 [INFO] PluginManager:220 - loadIPPluginJar : add fatfs
2024-02-09 08:54:57,138 [INFO] IPUIPlugin:80 - create IPUIPlugin
2024-02-09 08:54:57,153 [INFO] PluginManager:220 - loadIPPluginJar : add fmc
2024-02-09 08:54:57,169 [INFO] IPUIPlugin:80 - create IPUIPlugin
2024-02-09 08:54:57,169 [INFO] PluginManager:220 - loadIPPluginJar : add freertos
2024-02-09 08:54:57,185 [INFO] IPUIPlugin:80 - create IPUIPlugin
2024-02-09 08:54:57,185 [INFO] PluginManager:220 - loadIPPluginJar : add genericplugin
2024-02-09 08:54:57,313 [INFO] IPUIPlugin:80 - create IPUIPlugin
2024-02-09 08:54:57,313 [INFO] PluginManager:220 - loadIPPluginJar : add gfxmmu
2024-02-09 08:54:57,494 [INFO] IPUIPlugin:80 - create IPUIPlugin
2024-02-09 08:54:57,494 [INFO] PluginManager:220 - loadIPPluginJar : add gic
2024-02-09 08:54:57,510 [INFO] IPUIPlugin:80 - create IPUIPlugin
2024-02-09 08:54:57,510 [INFO] PluginManager:220 - loadIPPluginJar : add gpio
2024-02-09 08:54:57,611 [INFO] IPUIPlugin:80 - create IPUIPlugin
2024-02-09 08:54:57,611 [INFO] PluginManager:220 - loadIPPluginJar : add gtzc
2024-02-09 08:54:57,655 [INFO] IPUIPlugin:80 - create IPUIPlugin
2024-02-09 08:54:57,655 [INFO] PluginManager:220 - loadIPPluginJar : add hash
2024-02-09 08:54:57,716 [INFO] IPUIPlugin:80 - create IPUIPlugin
2024-02-09 08:54:57,716 [INFO] PluginManager:220 - loadIPPluginJar : add i2c
2024-02-09 08:54:57,764 [INFO] IPUIPlugin:80 - create IPUIPlugin
2024-02-09 08:54:57,764 [INFO] PluginManager:220 - loadIPPluginJar : add i2s
2024-02-09 08:54:57,811 [INFO] IPUIPlugin:80 - create IPUIPlugin
2024-02-09 08:54:57,811 [INFO] PluginManager:220 - loadIPPluginJar : add i3c
2024-02-09 08:54:57,936 [INFO] IPUIPlugin:80 - create IPUIPlugin
2024-02-09 08:54:57,936 [INFO] PluginManager:220 - loadIPPluginJar : add ipddr
2024-02-09 08:54:58,065 [INFO] IPUIPlugin:80 - create IPUIPlugin
2024-02-09 08:54:58,065 [INFO] PluginManager:220 - loadIPPluginJar : add linkedlist
2024-02-09 08:54:58,105 [INFO] IPUIPlugin:80 - create IPUIPlugin
2024-02-09 08:54:58,105 [INFO] PluginManager:220 - loadIPPluginJar : add lorawan
2024-02-09 08:54:58,152 [INFO] IPUIPlugin:80 - create IPUIPlugin
2024-02-09 08:54:58,152 [INFO] PluginManager:220 - loadIPPluginJar : add ltdc
2024-02-09 08:54:58,166 [INFO] IPUIPlugin:80 - create IPUIPlugin
2024-02-09 08:54:58,166 [INFO] PluginManager:220 - loadIPPluginJar : add mdma
2024-02-09 08:54:58,181 [INFO] IPUIPlugin:80 - create IPUIPlugin
2024-02-09 08:54:58,181 [INFO] PluginManager:220 - loadIPPluginJar : add nvic
2024-02-09 08:54:58,213 [INFO] IPUIPlugin:80 - create IPUIPlugin
2024-02-09 08:54:58,213 [INFO] PluginManager:220 - loadIPPluginJar : add opamp
2024-02-09 08:54:58,291 [INFO] IPUIPlugin:80 - create IPUIPlugin
2024-02-09 08:54:58,291 [INFO] PluginManager:220 - loadIPPluginJar : add openamp
2024-02-09 08:54:58,338 [INFO] IPUIPlugin:80 - create IPUIPlugin
2024-02-09 08:54:58,338 [INFO] PluginManager:220 - loadIPPluginJar : add pdm2pcm
2024-02-09 08:54:58,365 [INFO] IPUIPlugin:80 - create IPUIPlugin
2024-02-09 08:54:58,365 [INFO] PluginManager:220 - loadIPPluginJar : add plateformsettings
2024-02-09 08:54:58,386 [INFO] IPUIPlugin:80 - create IPUIPlugin
2024-02-09 08:54:58,386 [INFO] PluginManager:220 - loadIPPluginJar : add quadspi
2024-02-09 08:54:58,404 [INFO] IPUIPlugin:80 - create IPUIPlugin
2024-02-09 08:54:58,404 [INFO] PluginManager:220 - loadIPPluginJar : add resmgrutility
2024-02-09 08:54:58,449 [INFO] IPUIPlugin:80 - create IPUIPlugin
2024-02-09 08:54:58,449 [INFO] PluginManager:220 - loadIPPluginJar : add sai
2024-02-09 08:54:58,506 [INFO] IPUIPlugin:80 - create IPUIPlugin
2024-02-09 08:54:58,506 [INFO] PluginManager:220 - loadIPPluginJar : add spi
2024-02-09 08:54:58,590 [INFO] IPUIPlugin:80 - create IPUIPlugin
2024-02-09 08:54:58,590 [INFO] PluginManager:220 - loadIPPluginJar : add stm32_wpan
2024-02-09 08:54:58,621 [INFO] IPUIPlugin:80 - create IPUIPlugin
2024-02-09 08:54:58,621 [INFO] PluginManager:220 - loadIPPluginJar : add tim
2024-02-09 08:54:58,700 [INFO] ThirdPartyUpdaterWithRetryManager:70 - Updater plugin not ready yet. [2/15]
2024-02-09 08:54:58,700 [INFO] IPUIPlugin:80 - create IPUIPlugin
2024-02-09 08:54:58,700 [INFO] PluginManager:220 - loadIPPluginJar : add touchsensing
2024-02-09 08:54:58,731 [INFO] IPUIPlugin:80 - create IPUIPlugin
2024-02-09 08:54:58,731 [INFO] PluginManager:220 - loadIPPluginJar : add tracer_emb
2024-02-09 08:54:58,756 [INFO] IPUIPlugin:80 - create IPUIPlugin
2024-02-09 08:54:58,756 [INFO] PluginManager:220 - loadIPPluginJar : add ts
2024-02-09 08:54:58,783 [INFO] IPUIPlugin:80 - create IPUIPlugin
2024-02-09 08:54:58,783 [INFO] PluginManager:220 - loadIPPluginJar : add tsc
2024-02-09 08:54:58,811 [INFO] IPUIPlugin:80 - create IPUIPlugin
2024-02-09 08:54:58,811 [INFO] PluginManager:220 - loadIPPluginJar : add ucpd
2024-02-09 08:54:58,866 [INFO] IPUIPlugin:80 - create IPUIPlugin
2024-02-09 08:54:58,866 [INFO] PluginManager:220 - loadIPPluginJar : add usart
2024-02-09 08:54:58,920 [INFO] IPUIPlugin:80 - create IPUIPlugin
2024-02-09 08:54:58,920 [INFO] PluginManager:220 - loadIPPluginJar : add usbx
2024-02-09 08:54:59,092 [INFO] CADModel:165 - CPN selected for project level
2024-02-09 08:54:59,094 [INFO] CADModel:114 - Register for checkConnection events
2024-02-09 08:54:59,094 [FATAL] Updater:308 - Updater called before beeing initialized
2024-02-09 08:54:59,094 [ERROR] CADModel:125 - Updater not yet initialized, retry later 
2024-02-09 08:54:59,304 [INFO] CADModel:165 - CPN selected for project level
2024-02-09 08:54:59,304 [INFO] CADModel:114 - Register for checkConnection events
2024-02-09 08:54:59,304 [FATAL] Updater:308 - Updater called before beeing initialized
2024-02-09 08:54:59,304 [ERROR] CADModel:125 - Updater not yet initialized, retry later 
2024-02-09 08:54:59,321 [FATAL] Updater:308 - Updater called before beeing initialized
2024-02-09 08:54:59,478 [FATAL] Updater:308 - Updater called before beeing initialized
2024-02-09 08:54:59,478 [INFO] DbMcusAds:53 - JSON generation date=Wed Nov 29 04:52:27 CST 2023 (1701255147200)
2024-02-09 08:54:59,478 [FATAL] Updater:308 - Updater called before beeing initialized
2024-02-09 08:54:59,576 [WARN] DetailPanel:346 - Failed to get advertising image, set to default
2024-02-09 08:54:59,694 [FATAL] Updater:308 - Updater called before beeing initialized
2024-02-09 08:54:59,702 [FATAL] Updater:308 - Updater called before beeing initialized
2024-02-09 08:54:59,702 [FATAL] Updater:308 - Updater called before beeing initialized
2024-02-09 08:54:59,702 [WARN] DetailPanel:346 - Failed to get advertising image, set to default
2024-02-09 08:54:59,702 [FATAL] Updater:308 - Updater called before beeing initialized
2024-02-09 08:54:59,803 [ERROR] Updater:1120 - MainUpdater not yet initialized. External WinMGr cannot be set.
2024-02-09 08:54:59,821 [INFO] Updater:1056 - Updater Version found : 6.10.0
2024-02-09 08:54:59,848 [INFO] ApplicationProperties:184 - Using Application install path: C:\ST\STM32CubeIDE_1.14.0\STM32CubeIDE\plugins\com.st.stm32cube.common.mx_6.10.0.202311202037
2024-02-09 08:55:01,483 [ERROR] LogOutputStream:75 - [STDERR_REDIRECT] Feb 09, 2024 8:55:01 AM java.util.prefs.WindowsPreferences <init>
2024-02-09 08:55:01,483 [ERROR] LogOutputStream:75 - [STDERR_REDIRECT] WARNING: Could not open/create prefs root node Software\JavaSoft\Prefs at root 0xffffffff80000002. Windows RegCreateKeyEx(...) returned error code 5.
2024-02-09 08:55:01,483 [ERROR] LogOutputStream:75 - [STDERR_REDIRECT] 
2024-02-09 08:55:01,705 [INFO] ThirdPartyUpdaterWithRetryManager:70 - Updater plugin not ready yet. [3/15]
2024-02-09 08:55:02,268 [INFO] MainUpdater:2873 - connection check result : 10
2024-02-09 08:55:02,268 [INFO] MainUpdater:290 - Updater Check For Update Now.
2024-02-09 08:55:02,268 [INFO] MicroXplorer:498 - Change Database Version : DB.6.0.100
2024-02-09 08:55:02,315 [INFO] McuFinderGlobals:63 - Set McuFinder mode to 2 (CubeIDE integrated)
2024-02-09 08:55:02,594 [INFO] CheckServerUpdateThread:120 - End of CheckServer Thread
2024-02-09 08:55:03,031 [INFO] UserAuth:404 - Internet connection configuration mode: 1
2024-02-09 08:55:03,080 [INFO] JxBrowserEngine:152 - Initiate JxBrowser Engine with user profile folder
2024-02-09 08:55:05,079 [WARN] PackLoader:240 - Cannot read IP mode file for STMicroelectronics.X-CUBE-SMBUS.2.1.0
2024-02-09 08:55:05,109 [WARN] PackLoader:240 - Cannot read IP mode file for STMicroelectronics.X-CUBE-TOUCHGFX.4.23.0
2024-02-09 08:55:05,192 [WARN] PackLoader:240 - Cannot read IP mode file for STMicroelectronics.X-CUBE-AZRTOS-F7.1.1.0
2024-02-09 08:55:05,249 [WARN] PackLoader:240 - Cannot read IP mode file for STMicroelectronics.FP-SNS-MOTENV1.4.3.2
2024-02-09 08:55:05,283 [WARN] PackLoader:240 - Cannot read IP mode file for STMicroelectronics.FP-SNS-FLIGHT1.5.0.2
2024-02-09 08:55:05,316 [WARN] PackLoader:240 - Cannot read IP mode file for STMicroelectronics.X-CUBE-DISPLAY.3.0.0
2024-02-09 08:55:05,357 [WARN] PackLoader:240 - Cannot read IP mode file for STMicroelectronics.X-CUBE-BLE1.7.0.0
2024-02-09 08:55:05,388 [WARN] PackLoader:240 - Cannot read IP mode file for emotas.I-CUBE-CANOPEN.1.3.0
2024-02-09 08:55:05,404 [WARN] PackLoader:240 - Cannot read IP mode file for STMicroelectronics.FP-SNS-SMARTAG2.1.2.0
2024-02-09 08:55:05,452 [INFO] LogOutputStream:77 - [STDOUT_REDIRECT] 1 : Invalid condition id : UX_CORESTACK_Condition cause : null
2024-02-09 08:55:05,452 [INFO] LogOutputStream:77 - [STDOUT_REDIRECT] 1 : Invalid condition id : UX_CORESTACK_Condition cause : null
2024-02-09 08:55:05,452 [INFO] LogOutputStream:77 - [STDOUT_REDIRECT] 1 : Invalid condition id : UX_CORESTACK_Condition cause : null
2024-02-09 08:55:05,459 [INFO] LogOutputStream:77 - [STDOUT_REDIRECT] 1 : Invalid condition id : UX_CORESTACK_Condition cause : null
2024-02-09 08:55:05,460 [INFO] LogOutputStream:77 - [STDOUT_REDIRECT] 1 : Invalid condition id : UX_CORESTACK_Condition cause : null
2024-02-09 08:55:05,468 [WARN] PackLoader:240 - Cannot read IP mode file for STMicroelectronics.X-CUBE-AZRTOS-WL.2.0.0
2024-02-09 08:55:05,499 [WARN] PackLoader:240 - Cannot read IP mode file for WES.I-CUBE-Cesium.1.3.0
2024-02-09 08:55:05,531 [WARN] PackLoader:240 - Cannot read IP mode file for STMicroelectronics.X-CUBE-BLE2.3.3.0
2024-02-09 08:55:05,557 [WARN] PackLoader:240 - Cannot read IP mode file for STMicroelectronics.X-CUBE-ALGOBUILD.1.3.0
2024-02-09 08:55:05,612 [WARN] PackLoader:240 - Cannot read IP mode file for STMicroelectronics.X-CUBE-AZRTOS-G0.1.1.0
2024-02-09 08:55:05,642 [WARN] PackLoader:240 - Cannot read IP mode file for STMicroelectronics.X-CUBE-NFC4.3.0.0
2024-02-09 08:55:05,668 [WARN] PackLoader:240 - Cannot read IP mode file for STMicroelectronics.X-CUBE-BLEMGR.3.0.0
2024-02-09 08:55:05,689 [WARN] PackLoader:240 - Cannot read IP mode file for STMicroelectronics.FP-ATR-SIGFOX1.3.2.0
2024-02-09 08:55:05,715 [WARN] PackLoader:240 - Cannot read IP mode file for STMicroelectronics.X-CUBE-EEPRMA1.5.1.0
2024-02-09 08:55:05,780 [WARN] PackLoader:240 - Cannot read IP mode file for SEGGER.I-CUBE-embOS.1.3.1
2024-02-09 08:55:05,887 [WARN] PackLoader:240 - Cannot read IP mode file for STMicroelectronics.X-CUBE-GNSS1.6.0.0
2024-02-09 08:55:05,944 [WARN] PackLoader:240 - Cannot read IP mode file for STMicroelectronics.X-CUBE-AZRTOS-F4.1.1.0
2024-02-09 08:55:05,959 [WARN] PackLoader:240 - Cannot read IP mode file for wolfSSL.I-CUBE-wolfSSL.5.6.6
2024-02-09 08:55:06,009 [WARN] PackLoader:240 - Cannot read IP mode file for STMicroelectronics.X-CUBE-AZRTOS-L5.2.0.0
2024-02-09 08:55:06,023 [WARN] PackLoader:240 - Cannot read IP mode file for STMicroelectronics.X-CUBE-EEPRMA1.4.2.0
2024-02-09 08:55:06,054 [WARN] PackLoader:240 - Cannot read IP mode file for ITTIA_DB.I-CUBE-ITTIADB.8.8.0
2024-02-09 08:55:06,070 [WARN] PackLoader:240 - Cannot read IP mode file for STMicroelectronics.X-CUBE-NFC7.1.0.1
2024-02-09 08:55:06,101 [WARN] PackLoader:240 - Cannot read IP mode file for STMicroelectronics.X-CUBE-NFC6.3.0.0
2024-02-09 08:55:06,118 [WARN] PackLoader:240 - Cannot read IP mode file for STMicroelectronics.X-CUBE-AI.8.1.0
2024-02-09 08:55:06,165 [WARN] ConditionMgr:438 - getConditionDescription Invalid condition id : LAN8742 Phy interface Condition cause : null
2024-02-09 08:55:06,165 [WARN] PackLoader:240 - Cannot read IP mode file for STMicroelectronics.X-CUBE-AZRTOS-L4.2.0.0
2024-02-09 08:55:06,165 [WARN] ConditionMgr:1039 - genDependencies : Invalid condition id : LAN8742 Phy interface Condition cause : null
2024-02-09 08:55:06,165 [WARN] ConditionMgr:1039 - genDependencies : Invalid condition id : LAN8742 Phy interface Condition cause : null
2024-02-09 08:55:06,165 [WARN] ConditionMgr:1039 - genDependencies : Invalid condition id : LAN8742 Phy interface Condition cause : null
2024-02-09 08:55:06,197 [WARN] PackLoader:240 - Cannot read IP mode file for STMicroelectronics.X-CUBE-SFXS2LP1.4.0.0
2024-02-09 08:55:06,237 [WARN] ConditionMgr:438 - getConditionDescription Invalid condition id : UX DEVICE CLASS RTOS Condition cause : null
2024-02-09 08:55:06,237 [WARN] ConditionMgr:438 - getConditionDescription Invalid condition id : UX DEVICE CLASS RTOS Condition cause : null
2024-02-09 08:55:06,244 [WARN] PackLoader:240 - Cannot read IP mode file for STMicroelectronics.X-CUBE-AZRTOS-WB.2.0.0
2024-02-09 08:55:06,244 [WARN] ConditionMgr:1039 - genDependencies : Invalid condition id : UX DEVICE CLASS RTOS Condition cause : null
2024-02-09 08:55:06,244 [WARN] ConditionMgr:1039 - genDependencies : Invalid condition id : UX DEVICE CLASS RTOS Condition cause : null
2024-02-09 08:55:06,244 [WARN] ConditionMgr:1039 - genDependencies : Invalid condition id : UX DEVICE CLASS RTOS Condition cause : null
2024-02-09 08:55:06,244 [WARN] ConditionMgr:1039 - genDependencies : Invalid condition id : UX DEVICE CLASS RTOS Condition cause : null
2024-02-09 08:55:06,244 [WARN] ConditionMgr:1039 - genDependencies : Invalid condition id : UX DEVICE CLASS RTOS Condition cause : null
2024-02-09 08:55:06,275 [WARN] PackLoader:240 - Cannot read IP mode file for STMicroelectronics.X-CUBE-SUBG2.5.0.0
2024-02-09 08:55:06,323 [WARN] PackLoader:240 - Cannot read IP mode file for STMicroelectronics.X-CUBE-AZRTOS-G4.2.0.0
2024-02-09 08:55:06,362 [WARN] PackLoader:240 - Cannot read IP mode file for Infineon.AIROC-Wi-Fi-Bluetooth-STM32.1.5.1
2024-02-09 08:55:06,411 [WARN] PackLoader:240 - Cannot read IP mode file for STMicroelectronics.FP-SNS-MOTENVWB1.1.3.1
2024-02-09 08:55:06,426 [WARN] PackLoader:240 - Cannot read IP mode file for STMicroelectronics.X-CUBE-ISPU.2.0.0
2024-02-09 08:55:06,521 [WARN] PackLoader:240 - Cannot read IP mode file for STMicroelectronics.X-CUBE-MEMS1.10.0.0
2024-02-09 08:55:06,776 [WARN] PackLoader:240 - Cannot read IP mode file for STMicroelectronics.X-CUBE-FREERTOS.1.1.0
2024-02-09 08:55:06,795 [WARN] PackLoader:240 - Cannot read IP mode file for portGmbH.I-Cube-SoM-uGOAL.1.1.0
2024-02-09 08:55:06,808 [WARN] PackLoader:240 - Cannot read IP mode file for STMicroelectronics.X-CUBE-ALS.1.0.1
2024-02-09 08:55:06,821 [WARN] PackLoader:240 - Cannot read IP mode file for STMicroelectronics.FP-ATR-ASTRA1.2.0.0
2024-02-09 08:55:06,864 [WARN] PackLoader:240 - Cannot read IP mode file for STMicroelectronics.X-CUBE-TOF1.3.4.0
2024-02-09 08:55:06,926 [WARN] PackLoader:240 - Cannot read IP mode file for STMicroelectronics.X-CUBE-AZRTOS-H7.3.2.0
2024-02-09 08:55:06,926 [INFO] ThirdParty:978 - Integrity check success = true
2024-02-09 08:55:06,926 [INFO] IntegrityCheckThread:100 - exiting critical section [integrity check]
2024-02-09 08:55:06,926 [INFO] IntegrityCheckThread:103 - End integrity checks thread
2024-02-09 08:55:08,619 [INFO] WebApp:161 - Instantiating new browser for Auth
2024-02-09 08:55:09,967 [INFO] WebApp:780 - Register for checkConnection events
2024-02-09 08:55:09,967 [INFO] WebApp:414 - Apply proxy settings
2024-02-09 08:55:09,967 [INFO] WebApp:499 - Chromium requires no authentication
2024-02-09 08:55:09,985 [INFO] WebApp:442 - Direct internet connection detected
2024-02-09 08:55:10,312 [INFO] WebApp:192 - Starting web application
2024-02-09 08:55:10,312 [INFO] WebApp:544 - Web application path used C:\ST\STM32CubeIDE_1.14.0\STM32CubeIDE\plugins\com.st.stm32cube.common.mx_6.10.0.202311202037\db\plugins\mcufinder\reactClient1\index.html
2024-02-09 08:55:32,666 [ERROR] LogOutputStream:75 - [STDERR_REDIRECT] SLF4J: Failed to load class "org.slf4j.impl.StaticLoggerBinder".
2024-02-09 08:55:32,666 [ERROR] LogOutputStream:75 - [STDERR_REDIRECT] SLF4J: Defaulting to no-operation (NOP) logger implementation
2024-02-09 08:55:32,669 [ERROR] LogOutputStream:75 - [STDERR_REDIRECT] SLF4J: See http://www.slf4j.org/codes.html#StaticLoggerBinder for further details.
2024-02-09 11:15:40,769 [ERROR] LogOutputStream:75 - [STDERR_REDIRECT] 
