2024-02-08 15:03:18,086 [INFO] Activator:176 - 


2024-02-08 15:03:18,094 [INFO] Activator:177 - !SESSION log4j initialized
2024-02-08 15:03:26,629 [INFO] LogOutputStream:77 - [STDOUT_REDIRECT] 
2024-02-08 15:03:29,510 [INFO] ApplicationProperties:184 - Using Application install path: C:\ST\STM32CubeIDE_1.14.0\STM32CubeIDE\plugins\com.st.stm32cube.common.mx_6.10.0.202311202037
2024-02-08 15:03:29,538 [INFO] DbMcusXml:78 - Set database path to: C:\ST\STM32CubeIDE_1.14.0\STM32CubeIDE\plugins\com.st.stm32cube.common.mx_6.10.0.202311202037\\db\/mcu/
2024-02-08 15:03:29,538 [INFO] ApiDb:274 - Set plugin database path to: C:\ST\STM32CubeIDE_1.14.0\STM32CubeIDE\plugins\com.st.stm32cube.common.mx_6.10.0.202311202037\\db\/plugins/boardmanager/
2024-02-08 15:03:29,539 [WARN] ApiDb:259 - Overriding images path with different value:  => C:\ST\STM32CubeIDE_1.14.0\STM32CubeIDE\plugins\com.st.stm32cube.common.mx_6.10.0.202311202037\\db\/plugins/mcufinder/images/
2024-02-08 15:03:29,555 [INFO] ApiDb:250 - Set database path to: C:\Users\salma\.stmcufinder\plugins\mcufinder//mcu/
2024-02-08 15:03:29,557 [INFO] DbMcusAds:125 - Set database path to: C:\Users\salma\.stmcufinder\plugins\mcufinder//mcu/
2024-02-08 15:03:29,559 [INFO] CrossReferenceDbSqlite:203 - Set database path to: C:\Users\salma\.stmcufinder\plugins\mcufinder//mcu/cs/
2024-02-08 15:03:29,742 [INFO] RulesReader:64 - Compatibility file has been processed (297 Rules)
2024-02-08 15:03:29,874 [INFO] DbMcusXml:78 - Set database path to: C:\ST\STM32CubeIDE_1.14.0\STM32CubeIDE\plugins\com.st.stm32cube.common.mx_6.10.0.202311202037\\db\/mcu/
2024-02-08 15:03:29,874 [INFO] ApiDb:274 - Set plugin database path to: C:\ST\STM32CubeIDE_1.14.0\STM32CubeIDE\plugins\com.st.stm32cube.common.mx_6.10.0.202311202037\\db\/plugins/boardmanager/
2024-02-08 15:03:29,874 [INFO] ApiDb:261 - Set plugin images path to: C:\ST\STM32CubeIDE_1.14.0\STM32CubeIDE\plugins\com.st.stm32cube.common.mx_6.10.0.202311202037\\db\/plugins/mcufinder/images/
2024-02-08 15:03:29,875 [WARN] DbFile:41 - Overriding database path with different value: C:\Users\salma\.stmcufinder\plugins\mcufinder/ => C:\Users\salma\.stmcufinder\plugins\mcufinder
2024-02-08 15:03:29,875 [INFO] ApiDb:250 - Set database path to: C:\Users\salma\.stmcufinder\plugins\mcufinder//mcu/
2024-02-08 15:03:29,875 [WARN] DbFile:41 - Overriding database path with different value: C:\Users\salma\.stmcufinder\plugins\mcufinder/ => C:\Users\salma\.stmcufinder\plugins\mcufinder
2024-02-08 15:03:29,875 [INFO] DbMcusAds:125 - Set database path to: C:\Users\salma\.stmcufinder\plugins\mcufinder//mcu/
2024-02-08 15:03:29,875 [WARN] DbFile:41 - Overriding database path with different value: C:\Users\salma\.stmcufinder\plugins\mcufinder/ => C:\Users\salma\.stmcufinder\plugins\mcufinder
2024-02-08 15:03:29,875 [WARN] DbFile:41 - Overriding database path with different value: C:\Users\salma\.stmcufinder\plugins\mcufinder/ => C:\Users\salma\.stmcufinder\plugins\mcufinder
2024-02-08 15:03:29,877 [INFO] CrossReferenceDbSqlite:203 - Set database path to: C:\Users\salma\.stmcufinder\plugins\mcufinder//mcu/cs/
2024-02-08 15:03:29,999 [INFO] MainPanel:264 - HeapMemory: 268435456
2024-02-08 15:03:30,157 [INFO] DbMcusXml:78 - Set database path to: C:\ST\STM32CubeIDE_1.14.0\STM32CubeIDE\plugins\com.st.stm32cube.common.mx_6.10.0.202311202037\\db\/mcu/
2024-02-08 15:03:30,157 [INFO] ApiDb:274 - Set plugin database path to: C:\ST\STM32CubeIDE_1.14.0\STM32CubeIDE\plugins\com.st.stm32cube.common.mx_6.10.0.202311202037\\db\/plugins/boardmanager/
2024-02-08 15:03:30,158 [INFO] ApiDb:261 - Set plugin images path to: C:\ST\STM32CubeIDE_1.14.0\STM32CubeIDE\plugins\com.st.stm32cube.common.mx_6.10.0.202311202037\\db\/plugins/mcufinder/images/
2024-02-08 15:03:30,158 [WARN] DbFile:41 - Overriding database path with different value: C:\Users\salma\.stmcufinder\plugins\mcufinder/ => C:\Users\salma\.stmcufinder\plugins\mcufinder
2024-02-08 15:03:30,158 [INFO] ApiDb:250 - Set database path to: C:\Users\salma\.stmcufinder\plugins\mcufinder//mcu/
2024-02-08 15:03:30,159 [WARN] DbFile:41 - Overriding database path with different value: C:\Users\salma\.stmcufinder\plugins\mcufinder/ => C:\Users\salma\.stmcufinder\plugins\mcufinder
2024-02-08 15:03:30,159 [INFO] DbMcusAds:125 - Set database path to: C:\Users\salma\.stmcufinder\plugins\mcufinder//mcu/
2024-02-08 15:03:30,159 [WARN] DbFile:41 - Overriding database path with different value: C:\Users\salma\.stmcufinder\plugins\mcufinder/ => C:\Users\salma\.stmcufinder\plugins\mcufinder
2024-02-08 15:03:30,159 [WARN] DbFile:41 - Overriding database path with different value: C:\Users\salma\.stmcufinder\plugins\mcufinder/ => C:\Users\salma\.stmcufinder\plugins\mcufinder
2024-02-08 15:03:30,159 [INFO] CrossReferenceDbSqlite:203 - Set database path to: C:\Users\salma\.stmcufinder\plugins\mcufinder//mcu/cs/
2024-02-08 15:03:30,190 [INFO] ApplicationProperties:184 - Using Application install path: C:\ST\STM32CubeIDE_1.14.0\STM32CubeIDE\plugins\com.st.stm32cube.common.mx_6.10.0.202311202037
2024-02-08 15:03:30,192 [INFO] PluginManage:196 - Search for loadable plugins [exclusion list=, ]
2024-02-08 15:03:30,194 [INFO] PluginManage:310 - Check plugin analytics
2024-02-08 15:03:30,515 [INFO] AnalyticsPlugin:253 - Accepted Software Licenses: 
2024-02-08 15:03:30,515 [INFO] AnalyticsPlugin:255 - Accepted CMSIS Pack Licenses: 
2024-02-08 15:03:30,516 [INFO] AnalyticsPlugin:257 - Accepted Firmware Licenses: FW.L4.1.18.0
2024-02-08 15:03:30,522 [INFO] PluginManage:359 - Loaded plugin analytics (category:tool,tabindex:-1)
2024-02-08 15:03:30,523 [INFO] PluginManage:310 - Check plugin cadmodel
2024-02-08 15:03:30,546 [INFO] CADModel:105 - Init CAD model plugin
2024-02-08 15:03:30,547 [INFO] PluginManage:359 - Loaded plugin cadmodel (category:power,tabindex:5)
2024-02-08 15:03:30,547 [INFO] PluginManage:310 - Check plugin clock
2024-02-08 15:03:30,587 [INFO] PluginManage:359 - Loaded plugin clock (category:base,tabindex:2)
2024-02-08 15:03:30,587 [INFO] PluginManage:310 - Check plugin ddr
2024-02-08 15:03:30,592 [INFO] PluginManage:359 - Loaded plugin ddr (category:tool,tabindex:6)
2024-02-08 15:03:30,593 [INFO] PluginManage:310 - Check plugin filemanager
2024-02-08 15:03:30,791 [INFO] PluginManage:359 - Loaded plugin filemanager (category:base,tabindex:10)
2024-02-08 15:03:30,791 [INFO] PluginManage:310 - Check plugin ipmanager
2024-02-08 15:03:30,801 [INFO] PluginManage:359 - Loaded plugin ipmanager (category:base,tabindex:5)
2024-02-08 15:03:30,802 [INFO] PluginManage:310 - Check plugin lpbam
2024-02-08 15:03:30,825 [INFO] PluginManage:359 - Loaded plugin lpbam (category:base,tabindex:0)
2024-02-08 15:03:30,826 [INFO] PluginManage:310 - Check plugin memorymap
2024-02-08 15:03:30,860 [INFO] PluginManage:359 - Loaded plugin memorymap (category:base,tabindex:4)
2024-02-08 15:03:30,861 [INFO] PluginManage:310 - Check plugin pinoutandconfiguration
2024-02-08 15:03:30,884 [INFO] PluginManage:359 - Loaded plugin pinoutandconfiguration (category:base,tabindex:1)
2024-02-08 15:03:30,884 [INFO] PluginManage:310 - Check plugin pinoutconfig
2024-02-08 15:03:31,029 [WARN] SupportedApi:132 - Cannot load RTOS API schema: s4s-elt-must-match.1: The content of 'definitions' must match (annotation?, (simpleType | complexType)?, (unique | key | keyref)*)). A problem was found starting at: attribute.
2024-02-08 15:03:31,227 [INFO] PluginManage:359 - Loaded plugin pinoutconfig (category:base,tabindex:0)
2024-02-08 15:03:31,227 [INFO] PluginManage:310 - Check plugin power
2024-02-08 15:03:31,258 [INFO] PluginManage:359 - Loaded plugin power (category:power,tabindex:4)
2024-02-08 15:03:31,258 [INFO] PluginManage:310 - Check plugin projectmanager
2024-02-08 15:03:31,282 [INFO] PluginManage:359 - Loaded plugin projectmanager (category:projectmanager,tabindex:3)
2024-02-08 15:03:31,282 [INFO] PluginManage:310 - Check plugin thirdparty
2024-02-08 15:03:31,629 [INFO] PluginManage:359 - Loaded plugin thirdparty (category:base,tabindex:-1)
2024-02-08 15:03:31,629 [WARN] IntegrityCheckThread:84 - waiting for thirdparty lock release [integrity check]
2024-02-08 15:03:31,629 [INFO] PluginManage:310 - Check plugin tools
2024-02-08 15:03:31,629 [INFO] IntegrityCheckThread:86 - entering critical section [integrity check]
2024-02-08 15:03:31,630 [INFO] ThirdPartyUpdaterWithRetryManager:70 - Updater plugin not ready yet. [1/15]
2024-02-08 15:03:31,671 [INFO] PluginManage:359 - Loaded plugin tools (category:base,tabindex:7)
2024-02-08 15:03:31,672 [INFO] PluginManage:310 - Check plugin tutovideos
2024-02-08 15:03:32,001 [INFO] PluginManage:359 - Loaded plugin tutovideos (category:base,tabindex:-1)
2024-02-08 15:03:32,001 [INFO] PluginManage:310 - Check plugin updater
2024-02-08 15:03:32,019 [INFO] PluginManage:359 - Loaded plugin updater (category:base,tabindex:12)
2024-02-08 15:03:32,020 [INFO] PluginManage:310 - Check plugin userauth
2024-02-08 15:03:32,028 [INFO] UserAuth:114 - Init User Auth plugin
2024-02-08 15:03:32,030 [INFO] PluginManage:359 - Loaded plugin userauth (category:base,tabindex:14)
2024-02-08 15:03:32,030 [INFO] PluginManage:283 - PluginManage : Loaded plugins [17]
2024-02-08 15:03:32,338 [INFO] PinOutPanel:1499 - setPackage(No Configuration,No Configuration)
2024-02-08 15:03:32,437 [INFO] CADModel:165 - CPN selected for project level
2024-02-08 15:03:32,438 [INFO] CADModel:114 - Register for checkConnection events
2024-02-08 15:03:32,472 [INFO] IPUIPlugin:80 - create IPUIPlugin
2024-02-08 15:03:32,473 [INFO] PluginManager:220 - loadIPPluginJar : add adc
2024-02-08 15:03:32,516 [INFO] IPUIPlugin:80 - create IPUIPlugin
2024-02-08 15:03:32,516 [INFO] PluginManager:220 - loadIPPluginJar : add aes
2024-02-08 15:03:32,564 [INFO] IPUIPlugin:80 - create IPUIPlugin
2024-02-08 15:03:32,564 [INFO] PluginManager:220 - loadIPPluginJar : add can
2024-02-08 15:03:32,589 [INFO] IPUIPlugin:80 - create IPUIPlugin
2024-02-08 15:03:32,589 [INFO] PluginManager:220 - loadIPPluginJar : add comp
2024-02-08 15:03:32,626 [INFO] IPUIPlugin:80 - create IPUIPlugin
2024-02-08 15:03:32,626 [INFO] PluginManager:220 - loadIPPluginJar : add cryp
2024-02-08 15:03:32,660 [INFO] IPUIPlugin:80 - create IPUIPlugin
2024-02-08 15:03:32,660 [INFO] PluginManager:220 - loadIPPluginJar : add dfsdm
2024-02-08 15:03:32,681 [INFO] IPUIPlugin:80 - create IPUIPlugin
2024-02-08 15:03:32,681 [INFO] PluginManager:220 - loadIPPluginJar : add dma
2024-02-08 15:03:32,731 [INFO] IPUIPlugin:80 - create IPUIPlugin
2024-02-08 15:03:32,731 [INFO] PluginManager:220 - loadIPPluginJar : add dma3
2024-02-08 15:03:32,757 [INFO] IPUIPlugin:80 - create IPUIPlugin
2024-02-08 15:03:32,757 [INFO] PluginManager:220 - loadIPPluginJar : add fatfs
2024-02-08 15:03:32,811 [INFO] IPUIPlugin:80 - create IPUIPlugin
2024-02-08 15:03:32,811 [INFO] PluginManager:220 - loadIPPluginJar : add fmc
2024-02-08 15:03:32,829 [INFO] IPUIPlugin:80 - create IPUIPlugin
2024-02-08 15:03:32,829 [INFO] PluginManager:220 - loadIPPluginJar : add freertos
2024-02-08 15:03:32,851 [INFO] IPUIPlugin:80 - create IPUIPlugin
2024-02-08 15:03:32,851 [INFO] PluginManager:220 - loadIPPluginJar : add genericplugin
2024-02-08 15:03:32,959 [INFO] IPUIPlugin:80 - create IPUIPlugin
2024-02-08 15:03:32,959 [INFO] PluginManager:220 - loadIPPluginJar : add gfxmmu
2024-02-08 15:03:33,102 [INFO] IPUIPlugin:80 - create IPUIPlugin
2024-02-08 15:03:33,103 [INFO] PluginManager:220 - loadIPPluginJar : add gic
2024-02-08 15:03:33,130 [INFO] IPUIPlugin:80 - create IPUIPlugin
2024-02-08 15:03:33,130 [INFO] PluginManager:220 - loadIPPluginJar : add gpio
2024-02-08 15:03:33,228 [INFO] IPUIPlugin:80 - create IPUIPlugin
2024-02-08 15:03:33,228 [INFO] PluginManager:220 - loadIPPluginJar : add gtzc
2024-02-08 15:03:33,263 [INFO] IPUIPlugin:80 - create IPUIPlugin
2024-02-08 15:03:33,263 [INFO] PluginManager:220 - loadIPPluginJar : add hash
2024-02-08 15:03:33,322 [INFO] IPUIPlugin:80 - create IPUIPlugin
2024-02-08 15:03:33,322 [INFO] PluginManager:220 - loadIPPluginJar : add i2c
2024-02-08 15:03:33,363 [INFO] IPUIPlugin:80 - create IPUIPlugin
2024-02-08 15:03:33,363 [INFO] PluginManager:220 - loadIPPluginJar : add i2s
2024-02-08 15:03:33,407 [INFO] IPUIPlugin:80 - create IPUIPlugin
2024-02-08 15:03:33,407 [INFO] PluginManager:220 - loadIPPluginJar : add i3c
2024-02-08 15:03:33,530 [INFO] IPUIPlugin:80 - create IPUIPlugin
2024-02-08 15:03:33,530 [INFO] PluginManager:220 - loadIPPluginJar : add ipddr
2024-02-08 15:03:33,630 [INFO] IPUIPlugin:80 - create IPUIPlugin
2024-02-08 15:03:33,630 [INFO] PluginManager:220 - loadIPPluginJar : add linkedlist
2024-02-08 15:03:33,670 [INFO] IPUIPlugin:80 - create IPUIPlugin
2024-02-08 15:03:33,670 [INFO] PluginManager:220 - loadIPPluginJar : add lorawan
2024-02-08 15:03:33,710 [INFO] IPUIPlugin:80 - create IPUIPlugin
2024-02-08 15:03:33,710 [INFO] PluginManager:220 - loadIPPluginJar : add ltdc
2024-02-08 15:03:33,725 [INFO] IPUIPlugin:80 - create IPUIPlugin
2024-02-08 15:03:33,725 [INFO] PluginManager:220 - loadIPPluginJar : add mdma
2024-02-08 15:03:33,739 [INFO] IPUIPlugin:80 - create IPUIPlugin
2024-02-08 15:03:33,740 [INFO] PluginManager:220 - loadIPPluginJar : add nvic
2024-02-08 15:03:33,778 [INFO] IPUIPlugin:80 - create IPUIPlugin
2024-02-08 15:03:33,778 [INFO] PluginManager:220 - loadIPPluginJar : add opamp
2024-02-08 15:03:33,844 [INFO] IPUIPlugin:80 - create IPUIPlugin
2024-02-08 15:03:33,844 [INFO] PluginManager:220 - loadIPPluginJar : add openamp
2024-02-08 15:03:33,903 [INFO] IPUIPlugin:80 - create IPUIPlugin
2024-02-08 15:03:33,903 [INFO] PluginManager:220 - loadIPPluginJar : add pdm2pcm
2024-02-08 15:03:33,921 [INFO] IPUIPlugin:80 - create IPUIPlugin
2024-02-08 15:03:33,923 [INFO] PluginManager:220 - loadIPPluginJar : add plateformsettings
2024-02-08 15:03:33,948 [INFO] IPUIPlugin:80 - create IPUIPlugin
2024-02-08 15:03:33,948 [INFO] PluginManager:220 - loadIPPluginJar : add quadspi
2024-02-08 15:03:33,964 [INFO] IPUIPlugin:80 - create IPUIPlugin
2024-02-08 15:03:33,965 [INFO] PluginManager:220 - loadIPPluginJar : add resmgrutility
2024-02-08 15:03:34,017 [INFO] IPUIPlugin:80 - create IPUIPlugin
2024-02-08 15:03:34,017 [INFO] PluginManager:220 - loadIPPluginJar : add sai
2024-02-08 15:03:34,058 [INFO] IPUIPlugin:80 - create IPUIPlugin
2024-02-08 15:03:34,058 [INFO] PluginManager:220 - loadIPPluginJar : add spi
2024-02-08 15:03:34,133 [INFO] IPUIPlugin:80 - create IPUIPlugin
2024-02-08 15:03:34,133 [INFO] PluginManager:220 - loadIPPluginJar : add stm32_wpan
2024-02-08 15:03:34,159 [INFO] IPUIPlugin:80 - create IPUIPlugin
2024-02-08 15:03:34,159 [INFO] PluginManager:220 - loadIPPluginJar : add tim
2024-02-08 15:03:34,220 [INFO] IPUIPlugin:80 - create IPUIPlugin
2024-02-08 15:03:34,220 [INFO] PluginManager:220 - loadIPPluginJar : add touchsensing
2024-02-08 15:03:34,244 [INFO] IPUIPlugin:80 - create IPUIPlugin
2024-02-08 15:03:34,244 [INFO] PluginManager:220 - loadIPPluginJar : add tracer_emb
2024-02-08 15:03:34,268 [INFO] IPUIPlugin:80 - create IPUIPlugin
2024-02-08 15:03:34,268 [INFO] PluginManager:220 - loadIPPluginJar : add ts
2024-02-08 15:03:34,292 [INFO] IPUIPlugin:80 - create IPUIPlugin
2024-02-08 15:03:34,292 [INFO] PluginManager:220 - loadIPPluginJar : add tsc
2024-02-08 15:03:34,328 [INFO] IPUIPlugin:80 - create IPUIPlugin
2024-02-08 15:03:34,328 [INFO] PluginManager:220 - loadIPPluginJar : add ucpd
2024-02-08 15:03:34,375 [INFO] IPUIPlugin:80 - create IPUIPlugin
2024-02-08 15:03:34,376 [INFO] PluginManager:220 - loadIPPluginJar : add usart
2024-02-08 15:03:34,424 [INFO] IPUIPlugin:80 - create IPUIPlugin
2024-02-08 15:03:34,424 [INFO] PluginManager:220 - loadIPPluginJar : add usbx
2024-02-08 15:03:34,572 [INFO] CADModel:165 - CPN selected for project level
2024-02-08 15:03:34,572 [INFO] CADModel:114 - Register for checkConnection events
2024-02-08 15:03:34,572 [FATAL] Updater:308 - Updater called before beeing initialized
2024-02-08 15:03:34,572 [ERROR] CADModel:125 - Updater not yet initialized, retry later 
2024-02-08 15:03:34,631 [INFO] ThirdPartyUpdaterWithRetryManager:70 - Updater plugin not ready yet. [2/15]
2024-02-08 15:03:34,786 [INFO] CADModel:165 - CPN selected for project level
2024-02-08 15:03:34,787 [INFO] CADModel:114 - Register for checkConnection events
2024-02-08 15:03:34,787 [FATAL] Updater:308 - Updater called before beeing initialized
2024-02-08 15:03:34,787 [ERROR] CADModel:125 - Updater not yet initialized, retry later 
2024-02-08 15:03:34,791 [FATAL] Updater:308 - Updater called before beeing initialized
2024-02-08 15:03:34,941 [FATAL] Updater:308 - Updater called before beeing initialized
2024-02-08 15:03:34,952 [INFO] DbMcusAds:53 - JSON generation date=Wed Nov 29 04:52:27 CST 2023 (1701255147200)
2024-02-08 15:03:34,952 [FATAL] Updater:308 - Updater called before beeing initialized
2024-02-08 15:03:35,035 [WARN] DetailPanel:346 - Failed to get advertising image, set to default
2024-02-08 15:03:35,136 [FATAL] Updater:308 - Updater called before beeing initialized
2024-02-08 15:03:35,138 [FATAL] Updater:308 - Updater called before beeing initialized
2024-02-08 15:03:35,138 [FATAL] Updater:308 - Updater called before beeing initialized
2024-02-08 15:03:35,138 [WARN] DetailPanel:346 - Failed to get advertising image, set to default
2024-02-08 15:03:35,139 [FATAL] Updater:308 - Updater called before beeing initialized
2024-02-08 15:03:35,228 [ERROR] Updater:1120 - MainUpdater not yet initialized. External WinMGr cannot be set.
2024-02-08 15:03:35,243 [INFO] Updater:1056 - Updater Version found : 6.10.0
2024-02-08 15:03:35,267 [INFO] ApplicationProperties:184 - Using Application install path: C:\ST\STM32CubeIDE_1.14.0\STM32CubeIDE\plugins\com.st.stm32cube.common.mx_6.10.0.202311202037
2024-02-08 15:03:36,863 [ERROR] LogOutputStream:75 - [STDERR_REDIRECT] Feb 08, 2024 3:03:36 PM java.util.prefs.WindowsPreferences <init>
2024-02-08 15:03:36,867 [ERROR] LogOutputStream:75 - [STDERR_REDIRECT] WARNING: Could not open/create prefs root node Software\JavaSoft\Prefs at root 0xffffffff80000002. Windows RegCreateKeyEx(...) returned error code 5.
2024-02-08 15:03:36,867 [ERROR] LogOutputStream:75 - [STDERR_REDIRECT] 
2024-02-08 15:03:37,553 [INFO] MainUpdater:2873 - connection check result : 10
2024-02-08 15:03:37,554 [INFO] MainUpdater:290 - Updater Check For Update Now.
2024-02-08 15:03:37,555 [INFO] MicroXplorer:498 - Change Database Version : DB.6.0.100
2024-02-08 15:03:37,609 [INFO] McuFinderGlobals:63 - Set McuFinder mode to 2 (CubeIDE integrated)
2024-02-08 15:03:37,634 [WARN] MainUpdater:1194 - Updater busy. Cannot search thirdparties
2024-02-08 15:03:37,635 [INFO] ThirdPartyUpdaterWithRetryManager:96 - Updater plugin is busy. [1/15]
2024-02-08 15:03:37,865 [INFO] CheckServerUpdateThread:120 - End of CheckServer Thread
2024-02-08 15:03:38,136 [INFO] UserAuth:404 - Internet connection configuration mode: 1
2024-02-08 15:03:38,193 [INFO] JxBrowserEngine:152 - Initiate JxBrowser Engine with user profile folder
2024-02-08 15:03:40,935 [WARN] PackLoader:240 - Cannot read IP mode file for STMicroelectronics.X-CUBE-SMBUS.2.1.0
2024-02-08 15:03:40,958 [WARN] PackLoader:240 - Cannot read IP mode file for STMicroelectronics.X-CUBE-TOUCHGFX.4.23.0
2024-02-08 15:03:41,029 [WARN] PackLoader:240 - Cannot read IP mode file for STMicroelectronics.X-CUBE-AZRTOS-F7.1.1.0
2024-02-08 15:03:41,060 [WARN] PackLoader:240 - Cannot read IP mode file for STMicroelectronics.FP-SNS-MOTENV1.4.3.2
2024-02-08 15:03:41,088 [WARN] PackLoader:240 - Cannot read IP mode file for STMicroelectronics.FP-SNS-FLIGHT1.5.0.2
2024-02-08 15:03:41,118 [WARN] PackLoader:240 - Cannot read IP mode file for STMicroelectronics.X-CUBE-DISPLAY.3.0.0
2024-02-08 15:03:41,157 [WARN] PackLoader:240 - Cannot read IP mode file for STMicroelectronics.X-CUBE-BLE1.7.0.0
2024-02-08 15:03:41,193 [WARN] PackLoader:240 - Cannot read IP mode file for emotas.I-CUBE-CANOPEN.1.3.0
2024-02-08 15:03:41,213 [WARN] PackLoader:240 - Cannot read IP mode file for STMicroelectronics.FP-SNS-SMARTAG2.1.2.0
2024-02-08 15:03:41,245 [INFO] LogOutputStream:77 - [STDOUT_REDIRECT] 1 : Invalid condition id : UX_CORESTACK_Condition cause : null
2024-02-08 15:03:41,246 [INFO] LogOutputStream:77 - [STDOUT_REDIRECT] 1 : Invalid condition id : UX_CORESTACK_Condition cause : null
2024-02-08 15:03:41,248 [INFO] LogOutputStream:77 - [STDOUT_REDIRECT] 1 : Invalid condition id : UX_CORESTACK_Condition cause : null
2024-02-08 15:03:41,250 [INFO] LogOutputStream:77 - [STDOUT_REDIRECT] 1 : Invalid condition id : UX_CORESTACK_Condition cause : null
2024-02-08 15:03:41,251 [INFO] LogOutputStream:77 - [STDOUT_REDIRECT] 1 : Invalid condition id : UX_CORESTACK_Condition cause : null
2024-02-08 15:03:41,257 [WARN] PackLoader:240 - Cannot read IP mode file for STMicroelectronics.X-CUBE-AZRTOS-WL.2.0.0
2024-02-08 15:03:41,284 [WARN] PackLoader:240 - Cannot read IP mode file for WES.I-CUBE-Cesium.1.3.0
2024-02-08 15:03:41,304 [WARN] PackLoader:240 - Cannot read IP mode file for STMicroelectronics.X-CUBE-BLE2.3.3.0
2024-02-08 15:03:41,327 [WARN] PackLoader:240 - Cannot read IP mode file for STMicroelectronics.X-CUBE-ALGOBUILD.1.3.0
2024-02-08 15:03:41,372 [WARN] PackLoader:240 - Cannot read IP mode file for STMicroelectronics.X-CUBE-AZRTOS-G0.1.1.0
2024-02-08 15:03:41,396 [WARN] PackLoader:240 - Cannot read IP mode file for STMicroelectronics.X-CUBE-NFC4.3.0.0
2024-02-08 15:03:41,420 [WARN] PackLoader:240 - Cannot read IP mode file for STMicroelectronics.X-CUBE-BLEMGR.3.0.0
2024-02-08 15:03:41,441 [WARN] PackLoader:240 - Cannot read IP mode file for STMicroelectronics.FP-ATR-SIGFOX1.3.2.0
2024-02-08 15:03:41,460 [WARN] PackLoader:240 - Cannot read IP mode file for STMicroelectronics.X-CUBE-EEPRMA1.5.1.0
2024-02-08 15:03:41,516 [WARN] PackLoader:240 - Cannot read IP mode file for SEGGER.I-CUBE-embOS.1.3.1
2024-02-08 15:03:41,588 [WARN] PackLoader:240 - Cannot read IP mode file for STMicroelectronics.X-CUBE-GNSS1.6.0.0
2024-02-08 15:03:41,636 [WARN] PackLoader:240 - Cannot read IP mode file for STMicroelectronics.X-CUBE-AZRTOS-F4.1.1.0
2024-02-08 15:03:41,661 [WARN] PackLoader:240 - Cannot read IP mode file for wolfSSL.I-CUBE-wolfSSL.5.6.6
2024-02-08 15:03:41,712 [WARN] PackLoader:240 - Cannot read IP mode file for STMicroelectronics.X-CUBE-AZRTOS-L5.2.0.0
2024-02-08 15:03:41,746 [WARN] PackLoader:240 - Cannot read IP mode file for STMicroelectronics.X-CUBE-EEPRMA1.4.2.0
2024-02-08 15:03:41,769 [WARN] PackLoader:240 - Cannot read IP mode file for ITTIA_DB.I-CUBE-ITTIADB.8.8.0
2024-02-08 15:03:41,788 [WARN] PackLoader:240 - Cannot read IP mode file for STMicroelectronics.X-CUBE-NFC7.1.0.1
2024-02-08 15:03:41,813 [WARN] PackLoader:240 - Cannot read IP mode file for STMicroelectronics.X-CUBE-NFC6.3.0.0
2024-02-08 15:03:41,834 [WARN] PackLoader:240 - Cannot read IP mode file for STMicroelectronics.X-CUBE-AI.8.1.0
2024-02-08 15:03:41,879 [WARN] ConditionMgr:438 - getConditionDescription Invalid condition id : LAN8742 Phy interface Condition cause : null
2024-02-08 15:03:41,880 [WARN] PackLoader:240 - Cannot read IP mode file for STMicroelectronics.X-CUBE-AZRTOS-L4.2.0.0
2024-02-08 15:03:41,882 [WARN] ConditionMgr:1039 - genDependencies : Invalid condition id : LAN8742 Phy interface Condition cause : null
2024-02-08 15:03:41,883 [WARN] ConditionMgr:1039 - genDependencies : Invalid condition id : LAN8742 Phy interface Condition cause : null
2024-02-08 15:03:41,884 [WARN] ConditionMgr:1039 - genDependencies : Invalid condition id : LAN8742 Phy interface Condition cause : null
2024-02-08 15:03:41,908 [WARN] PackLoader:240 - Cannot read IP mode file for STMicroelectronics.X-CUBE-SFXS2LP1.4.0.0
2024-02-08 15:03:41,946 [WARN] ConditionMgr:438 - getConditionDescription Invalid condition id : UX DEVICE CLASS RTOS Condition cause : null
2024-02-08 15:03:41,947 [WARN] ConditionMgr:438 - getConditionDescription Invalid condition id : UX DEVICE CLASS RTOS Condition cause : null
2024-02-08 15:03:41,950 [WARN] PackLoader:240 - Cannot read IP mode file for STMicroelectronics.X-CUBE-AZRTOS-WB.2.0.0
2024-02-08 15:03:41,952 [WARN] ConditionMgr:1039 - genDependencies : Invalid condition id : UX DEVICE CLASS RTOS Condition cause : null
2024-02-08 15:03:41,952 [WARN] ConditionMgr:1039 - genDependencies : Invalid condition id : UX DEVICE CLASS RTOS Condition cause : null
2024-02-08 15:03:41,953 [WARN] ConditionMgr:1039 - genDependencies : Invalid condition id : UX DEVICE CLASS RTOS Condition cause : null
2024-02-08 15:03:41,953 [WARN] ConditionMgr:1039 - genDependencies : Invalid condition id : UX DEVICE CLASS RTOS Condition cause : null
2024-02-08 15:03:41,954 [WARN] ConditionMgr:1039 - genDependencies : Invalid condition id : UX DEVICE CLASS RTOS Condition cause : null
2024-02-08 15:03:41,981 [WARN] PackLoader:240 - Cannot read IP mode file for STMicroelectronics.X-CUBE-SUBG2.5.0.0
2024-02-08 15:03:42,025 [WARN] PackLoader:240 - Cannot read IP mode file for STMicroelectronics.X-CUBE-AZRTOS-G4.2.0.0
2024-02-08 15:03:42,056 [WARN] PackLoader:240 - Cannot read IP mode file for Infineon.AIROC-Wi-Fi-Bluetooth-STM32.1.5.1
2024-02-08 15:03:42,081 [WARN] PackLoader:240 - Cannot read IP mode file for STMicroelectronics.FP-SNS-MOTENVWB1.1.3.1
2024-02-08 15:03:42,101 [WARN] PackLoader:240 - Cannot read IP mode file for STMicroelectronics.X-CUBE-ISPU.2.0.0
2024-02-08 15:03:42,177 [WARN] PackLoader:240 - Cannot read IP mode file for STMicroelectronics.X-CUBE-MEMS1.10.0.0
2024-02-08 15:03:42,475 [WARN] PackLoader:240 - Cannot read IP mode file for STMicroelectronics.X-CUBE-FREERTOS.1.1.0
2024-02-08 15:03:42,502 [WARN] PackLoader:240 - Cannot read IP mode file for portGmbH.I-Cube-SoM-uGOAL.1.1.0
2024-02-08 15:03:42,525 [WARN] PackLoader:240 - Cannot read IP mode file for STMicroelectronics.X-CUBE-ALS.1.0.1
2024-02-08 15:03:42,549 [WARN] PackLoader:240 - Cannot read IP mode file for STMicroelectronics.FP-ATR-ASTRA1.2.0.0
2024-02-08 15:03:42,586 [WARN] PackLoader:240 - Cannot read IP mode file for STMicroelectronics.X-CUBE-TOF1.3.4.0
2024-02-08 15:03:42,734 [WARN] PackLoader:240 - Cannot read IP mode file for STMicroelectronics.X-CUBE-AZRTOS-H7.3.2.0
2024-02-08 15:03:42,740 [INFO] ThirdParty:978 - Integrity check success = true
2024-02-08 15:03:42,740 [INFO] IntegrityCheckThread:100 - exiting critical section [integrity check]
2024-02-08 15:03:42,740 [INFO] IntegrityCheckThread:103 - End integrity checks thread
2024-02-08 15:03:43,374 [INFO] WebApp:161 - Instantiating new browser for Auth
2024-02-08 15:03:44,420 [INFO] WebApp:780 - Register for checkConnection events
2024-02-08 15:03:44,421 [INFO] WebApp:414 - Apply proxy settings
2024-02-08 15:03:44,421 [INFO] WebApp:499 - Chromium requires no authentication
2024-02-08 15:03:44,435 [INFO] WebApp:442 - Direct internet connection detected
2024-02-08 15:03:44,747 [INFO] WebApp:192 - Starting web application
2024-02-08 15:03:44,747 [INFO] WebApp:544 - Web application path used C:\ST\STM32CubeIDE_1.14.0\STM32CubeIDE\plugins\com.st.stm32cube.common.mx_6.10.0.202311202037\db\plugins\mcufinder\reactClient1\index.html
2024-02-08 15:04:06,478 [ERROR] LogOutputStream:75 - [STDERR_REDIRECT] SLF4J: Failed to load class "org.slf4j.impl.StaticLoggerBinder".
2024-02-08 15:04:06,478 [ERROR] LogOutputStream:75 - [STDERR_REDIRECT] SLF4J: Defaulting to no-operation (NOP) logger implementation
2024-02-08 15:04:06,478 [ERROR] LogOutputStream:75 - [STDERR_REDIRECT] SLF4J: See http://www.slf4j.org/codes.html#StaticLoggerBinder for further details.
2024-02-08 16:50:00,669 [ERROR] LogOutputStream:75 - [STDERR_REDIRECT] 
2024-02-08 16:50:00,669 [ERROR] LogOutputStream:75 - [STDERR_REDIRECT] 
