2024-01-24 00:14:16,082 [INFO] ParamManager:896 - [Generic UI] PropertyChangeEvent: TAB_STATUS_CHANGED , "dont care", "never mind"
2024-01-24 00:14:16,154 [INFO] ParamManager:896 - [Generic UI] PropertyChangeEvent: TAB_STATUS_CHANGED , "dont care", "never mind"
2024-01-24 00:14:16,176 [INFO] ADCParametersView:116 -                Rank 1 : false
2024-01-24 00:14:16,375 [INFO] ADCParametersView:116 -                Rank 1 : false
2024-01-24 00:14:16,376 [INFO] ADCParametersView:116 -                Rank 1 : false
2024-01-24 00:14:16,376 [INFO] ADCParametersView:116 -                Rank 1 : false
2024-01-24 00:14:16,377 [INFO] ADCParametersView:116 -                Rank 1 : false
2024-01-24 00:14:16,377 [INFO] ADCParametersView:116 -                Rank 1 : false
2024-01-24 00:14:16,377 [INFO] ADCParametersView:116 -                Rank 1 : false
2024-01-24 00:14:16,377 [INFO] ADCParametersView:116 -                Rank 1 : false
2024-01-24 00:14:16,379 [INFO] ADCParametersView:116 -                Rank 1 : false
2024-01-24 00:14:16,379 [INFO] ADCParametersView:116 -                Rank 1 : false
2024-01-24 00:14:16,379 [INFO] ADCParametersView:116 -                Rank 1 : false
2024-01-24 00:14:16,379 [INFO] ADCParametersView:116 -                Rank 1 : false
2024-01-24 00:14:16,379 [INFO] ADCParametersView:116 -                Rank 1 : false
2024-01-24 00:14:16,379 [INFO] ADCParametersView:116 -                Rank 1 : false
2024-01-24 00:14:16,379 [INFO] ADCParametersView:116 -                Rank 1 : false
2024-01-24 00:14:16,380 [INFO] ADCParametersView:116 -                Rank 1 : false
2024-01-24 00:14:16,380 [INFO] ADCParametersView:116 -                Rank 1 : false
2024-01-24 00:14:16,380 [INFO] ADCParametersView:116 -                Rank 1 : false
2024-01-24 00:14:16,380 [INFO] ADCParametersView:116 -                Rank 1 : false
2024-01-24 00:14:16,380 [INFO] ADCParametersView:116 -                Rank 1 : false
2024-01-24 00:14:16,396 [INFO] ADCParametersView:116 -                Rank 1 : false
2024-01-24 00:14:16,594 [INFO] NvicIntPanel:101 - NVIC parent = com.st.microxplorer.plugins.ip.nvic.MultiNvicIntPanel[,0,0,0x0,invalid,layout=javax.swing.BoxLayout,alignmentX=0.0,alignmentY=0.0,border=,flags=9,maximumSize=,minimumSize=,preferredSize=]
2024-01-24 00:14:16,754 [INFO] NvicIntPanel:101 - NVIC parent = com.st.microxplorer.plugins.ip.nvic.MultiNvicIntPanel[,0,0,0x0,invalid,layout=javax.swing.BoxLayout,alignmentX=0.0,alignmentY=0.0,border=,flags=9,maximumSize=,minimumSize=,preferredSize=]
2024-01-24 00:14:16,907 [INFO] NvicIntPanel:101 - NVIC parent = com.st.microxplorer.plugins.ip.nvic.MultiNvicIntPanel[,0,0,0x0,invalid,layout=javax.swing.BoxLayout,alignmentX=0.0,alignmentY=0.0,border=,flags=9,maximumSize=,minimumSize=,preferredSize=]
2024-01-24 00:14:17,000 [INFO] ADCParametersView:116 -                Rank 1 : false
2024-01-24 00:14:17,000 [INFO] ADCParametersView:116 -                Rank 1 : false
2024-01-24 00:14:17,001 [INFO] ADCParametersView:116 -                Rank 1 : false
2024-01-24 00:14:17,002 [INFO] ADCParametersView:116 -                Rank 1 : false
2024-01-24 00:14:17,002 [INFO] ADCParametersView:116 -                Rank 1 : false
2024-01-24 00:14:17,003 [INFO] ADCParametersView:116 -                Rank 1 : false
2024-01-24 00:14:17,003 [INFO] ADCParametersView:116 -                Rank 1 : false
2024-01-24 00:14:17,005 [INFO] ADCParametersView:116 -                Rank 1 : false
2024-01-24 00:14:17,005 [INFO] ADCParametersView:116 -                Rank 1 : false
2024-01-24 00:14:17,005 [INFO] ADCParametersView:116 -                Rank 1 : false
2024-01-24 00:14:17,005 [INFO] ADCParametersView:116 -                Rank 1 : false
2024-01-24 00:14:17,006 [INFO] ADCParametersView:116 -                Rank 1 : false
2024-01-24 00:14:17,006 [INFO] ADCParametersView:116 -                Rank 1 : false
2024-01-24 00:14:17,007 [INFO] ADCParametersView:116 -                Rank 1 : false
2024-01-24 00:14:17,007 [INFO] ADCParametersView:116 -                Rank 1 : false
2024-01-24 00:14:17,008 [INFO] ADCParametersView:116 -                Rank 1 : false
2024-01-24 00:14:17,008 [INFO] ADCParametersView:116 -                Rank 1 : false
2024-01-24 00:14:17,008 [INFO] ADCParametersView:116 -                Rank 1 : false
2024-01-24 00:14:17,008 [INFO] ADCParametersView:116 -                Rank 1 : false
2024-01-24 00:14:17,055 [INFO] ADCParametersView:116 -                Rank 1 : false
2024-01-24 00:14:17,115 [INFO] ADCParametersView:116 -                Rank 1 : false
2024-01-24 00:14:17,115 [INFO] ADCParametersView:116 -                Rank 1 : false
2024-01-24 00:14:17,116 [INFO] ADCParametersView:116 -                Rank 1 : false
2024-01-24 00:14:17,116 [INFO] ADCParametersView:116 -                Rank 1 : false
2024-01-24 00:14:17,116 [INFO] ADCParametersView:116 -                Rank 1 : false
2024-01-24 00:14:17,116 [INFO] ADCParametersView:116 -                Rank 1 : false
2024-01-24 00:14:17,116 [INFO] ADCParametersView:116 -                Rank 1 : false
2024-01-24 00:14:17,116 [INFO] ADCParametersView:116 -                Rank 1 : false
2024-01-24 00:14:17,117 [INFO] ADCParametersView:116 -                Rank 1 : false
2024-01-24 00:14:17,117 [INFO] ADCParametersView:116 -                Rank 1 : false
2024-01-24 00:14:17,117 [INFO] ADCParametersView:116 -                Rank 1 : false
2024-01-24 00:14:17,117 [INFO] ADCParametersView:116 -                Rank 1 : false
2024-01-24 00:14:17,117 [INFO] ADCParametersView:116 -                Rank 1 : false
2024-01-24 00:14:17,117 [INFO] ADCParametersView:116 -                Rank 1 : false
2024-01-24 00:14:17,117 [INFO] ADCParametersView:116 -                Rank 1 : false
2024-01-24 00:14:17,117 [INFO] ADCParametersView:116 -                Rank 1 : false
2024-01-24 00:14:17,117 [INFO] ADCParametersView:116 -                Rank 1 : false
2024-01-24 00:14:17,117 [INFO] ADCParametersView:116 -                Rank 1 : false
2024-01-24 00:14:17,117 [INFO] ADCParametersView:116 -                Rank 1 : false
2024-01-24 00:14:17,163 [INFO] ADCParametersView:116 -                Rank 1 : false
2024-01-24 00:15:36,085 [INFO] ADCParametersView:116 -                Rank 1 : false
2024-01-24 00:15:36,085 [INFO] ADCParametersView:116 -                Rank 1 : false
2024-01-24 00:15:36,085 [INFO] ADCParametersView:116 -                Rank 1 : false
2024-01-24 00:15:36,085 [INFO] ADCParametersView:116 -                Rank 1 : false
2024-01-24 00:15:36,085 [INFO] ADCParametersView:116 -                Rank 1 : false
2024-01-24 00:15:36,085 [INFO] ADCParametersView:116 -                Rank 1 : false
2024-01-24 00:15:36,086 [INFO] ADCParametersView:116 -                Rank 1 : false
2024-01-24 00:15:36,086 [INFO] ADCParametersView:116 -                Rank 1 : false
2024-01-24 00:15:36,086 [INFO] ADCParametersView:116 -                Rank 1 : false
2024-01-24 00:15:36,086 [INFO] ADCParametersView:116 -                Rank 1 : false
2024-01-24 00:15:36,086 [INFO] ADCParametersView:116 -                Rank 1 : false
2024-01-24 00:15:36,086 [INFO] ADCParametersView:116 -                Rank 1 : false
2024-01-24 00:15:36,086 [INFO] ADCParametersView:116 -                Rank 1 : false
2024-01-24 00:15:36,086 [INFO] ADCParametersView:116 -                Rank 1 : false
2024-01-24 00:15:36,086 [INFO] ADCParametersView:116 -                Rank 1 : false
2024-01-24 00:15:36,086 [INFO] ADCParametersView:116 -                Rank 1 : false
2024-01-24 00:15:36,086 [INFO] ADCParametersView:116 -                Rank 1 : false
2024-01-24 00:15:36,086 [INFO] ADCParametersView:116 -                Rank 1 : false
2024-01-24 00:15:36,086 [INFO] ADCParametersView:116 -                Rank 1 : false
2024-01-24 00:15:36,123 [INFO] ADCParametersView:116 -                Rank 1 : false
2024-01-24 00:15:36,180 [INFO] ADCParametersView:116 -                Rank 1 : false
2024-01-24 00:15:36,180 [INFO] ADCParametersView:116 -                Rank 1 : false
2024-01-24 00:15:36,180 [INFO] ADCParametersView:116 -                Rank 1 : false
2024-01-24 00:15:36,180 [INFO] ADCParametersView:116 -                Rank 1 : false
2024-01-24 00:15:36,182 [INFO] ADCParametersView:116 -                Rank 1 : false
2024-01-24 00:15:36,182 [INFO] ADCParametersView:116 -                Rank 1 : false
2024-01-24 00:15:36,182 [INFO] ADCParametersView:116 -                Rank 1 : false
2024-01-24 00:15:36,182 [INFO] ADCParametersView:116 -                Rank 1 : false
2024-01-24 00:15:36,182 [INFO] ADCParametersView:116 -                Rank 1 : false
2024-01-24 00:15:36,182 [INFO] ADCParametersView:116 -                Rank 1 : false
2024-01-24 00:15:36,182 [INFO] ADCParametersView:116 -                Rank 1 : false
2024-01-24 00:15:36,182 [INFO] ADCParametersView:116 -                Rank 1 : false
2024-01-24 00:15:36,182 [INFO] ADCParametersView:116 -                Rank 1 : false
2024-01-24 00:15:36,182 [INFO] ADCParametersView:116 -                Rank 1 : false
2024-01-24 00:15:36,182 [INFO] ADCParametersView:116 -                Rank 1 : false
2024-01-24 00:15:36,182 [INFO] ADCParametersView:116 -                Rank 1 : false
2024-01-24 00:15:36,182 [INFO] ADCParametersView:116 -                Rank 1 : false
2024-01-24 00:15:36,182 [INFO] ADCParametersView:116 -                Rank 1 : false
2024-01-24 00:15:36,182 [INFO] ADCParametersView:116 -                Rank 1 : false
2024-01-24 00:15:36,222 [INFO] ADCParametersView:116 -                Rank 1 : false
2024-01-24 00:15:48,307 [INFO] NvicIntPanel:101 - NVIC parent = com.st.microxplorer.plugins.ip.nvic.MultiNvicIntPanel[,0,0,450x161,layout=javax.swing.BoxLayout,alignmentX=0.0,alignmentY=0.0,border=,flags=9,maximumSize=,minimumSize=,preferredSize=]
2024-01-24 00:15:49,123 [INFO] ADCParametersView:116 -                Rank 1 : false
2024-01-24 00:15:49,123 [INFO] ADCParametersView:116 -                Rank 1 : false
2024-01-24 00:15:49,123 [INFO] ADCParametersView:116 -                Rank 1 : false
2024-01-24 00:15:49,123 [INFO] ADCParametersView:116 -                Rank 1 : false
2024-01-24 00:15:49,124 [INFO] ADCParametersView:116 -                Rank 1 : false
2024-01-24 00:15:49,124 [INFO] ADCParametersView:116 -                Rank 1 : false
2024-01-24 00:15:49,124 [INFO] ADCParametersView:116 -                Rank 1 : false
2024-01-24 00:15:49,124 [INFO] ADCParametersView:116 -                Rank 1 : false
2024-01-24 00:15:49,124 [INFO] ADCParametersView:116 -                Rank 1 : false
2024-01-24 00:15:49,124 [INFO] ADCParametersView:116 -                Rank 1 : false
2024-01-24 00:15:49,124 [INFO] ADCParametersView:116 -                Rank 1 : false
2024-01-24 00:15:49,124 [INFO] ADCParametersView:116 -                Rank 1 : false
2024-01-24 00:15:49,124 [INFO] ADCParametersView:116 -                Rank 1 : false
2024-01-24 00:15:49,124 [INFO] ADCParametersView:116 -                Rank 1 : false
2024-01-24 00:15:49,124 [INFO] ADCParametersView:116 -                Rank 1 : false
2024-01-24 00:15:49,124 [INFO] ADCParametersView:116 -                Rank 1 : false
2024-01-24 00:15:49,124 [INFO] ADCParametersView:116 -                Rank 1 : false
2024-01-24 00:15:49,124 [INFO] ADCParametersView:116 -                Rank 1 : false
2024-01-24 00:15:49,125 [INFO] ADCParametersView:116 -                Rank 1 : false
2024-01-24 00:15:49,157 [INFO] ADCParametersView:116 -                Rank 1 : false
2024-01-24 00:16:33,938 [INFO] ADCParametersView:116 -                Rank 1 : false
2024-01-24 00:16:33,938 [INFO] ADCParametersView:116 -                Rank 1 : false
2024-01-24 00:16:33,938 [INFO] ADCParametersView:116 -                Rank 1 : false
2024-01-24 00:16:33,939 [INFO] ADCParametersView:116 -                Rank 1 : false
2024-01-24 00:16:33,939 [INFO] ADCParametersView:116 -                Rank 1 : false
2024-01-24 00:16:33,939 [INFO] ADCParametersView:116 -                Rank 1 : false
2024-01-24 00:16:33,939 [INFO] ADCParametersView:116 -                Rank 1 : false
2024-01-24 00:16:33,939 [INFO] ADCParametersView:116 -                Rank 1 : false
2024-01-24 00:16:33,939 [INFO] ADCParametersView:116 -                Rank 1 : false
2024-01-24 00:16:33,939 [INFO] ADCParametersView:116 -                Rank 1 : false
2024-01-24 00:16:33,939 [INFO] ADCParametersView:116 -                Rank 1 : false
2024-01-24 00:16:33,939 [INFO] ADCParametersView:116 -                Rank 1 : false
2024-01-24 00:16:33,940 [INFO] ADCParametersView:116 -                Rank 1 : false
2024-01-24 00:16:33,940 [INFO] ADCParametersView:116 -                Rank 1 : false
2024-01-24 00:16:33,940 [INFO] ADCParametersView:116 -                Rank 1 : false
2024-01-24 00:16:33,941 [INFO] ADCParametersView:116 -                Rank 1 : false
2024-01-24 00:16:33,941 [INFO] ADCParametersView:116 -                Rank 1 : false
2024-01-24 00:16:33,941 [INFO] ADCParametersView:116 -                Rank 1 : false
2024-01-24 00:16:33,941 [INFO] ADCParametersView:116 -                Rank 1 : false
2024-01-24 00:16:33,974 [INFO] ADCParametersView:116 -                Rank 1 : false
2024-01-24 00:16:47,653 [INFO] NvicIntPanel:101 - NVIC parent = com.st.microxplorer.plugins.ip.nvic.MultiNvicIntPanel[,0,0,0x0,invalid,layout=javax.swing.BoxLayout,alignmentX=0.0,alignmentY=0.0,border=,flags=9,maximumSize=,minimumSize=,preferredSize=]
2024-01-24 00:16:47,732 [INFO] ADCParametersView:116 -                Rank 1 : false
2024-01-24 00:16:47,732 [INFO] ADCParametersView:116 -                Rank 1 : false
2024-01-24 00:16:47,732 [INFO] ADCParametersView:116 -                Rank 1 : false
2024-01-24 00:16:47,732 [INFO] ADCParametersView:116 -                Rank 1 : false
2024-01-24 00:16:47,732 [INFO] ADCParametersView:116 -                Rank 1 : false
2024-01-24 00:16:47,732 [INFO] ADCParametersView:116 -                Rank 1 : false
2024-01-24 00:16:47,732 [INFO] ADCParametersView:116 -                Rank 1 : false
2024-01-24 00:16:47,733 [INFO] ADCParametersView:116 -                Rank 1 : false
2024-01-24 00:16:47,733 [INFO] ADCParametersView:116 -                Rank 1 : false
2024-01-24 00:16:47,733 [INFO] ADCParametersView:116 -                Rank 1 : false
2024-01-24 00:16:47,733 [INFO] ADCParametersView:116 -                Rank 1 : false
2024-01-24 00:16:47,733 [INFO] ADCParametersView:116 -                Rank 1 : false
2024-01-24 00:16:47,733 [INFO] ADCParametersView:116 -                Rank 1 : false
2024-01-24 00:16:47,733 [INFO] ADCParametersView:116 -                Rank 1 : false
2024-01-24 00:16:47,733 [INFO] ADCParametersView:116 -                Rank 1 : false
2024-01-24 00:16:47,733 [INFO] ADCParametersView:116 -                Rank 1 : false
2024-01-24 00:16:47,733 [INFO] ADCParametersView:116 -                Rank 1 : false
2024-01-24 00:16:47,733 [INFO] ADCParametersView:116 -                Rank 1 : false
2024-01-24 00:16:47,733 [INFO] ADCParametersView:116 -                Rank 1 : false
2024-01-24 00:16:47,780 [INFO] ADCParametersView:116 -                Rank 1 : false
2024-01-24 00:16:47,839 [INFO] ADCParametersView:116 -                Rank 1 : false
2024-01-24 00:16:47,840 [INFO] ADCParametersView:116 -                Rank 1 : false
2024-01-24 00:16:47,840 [INFO] ADCParametersView:116 -                Rank 1 : false
2024-01-24 00:16:47,841 [INFO] ADCParametersView:116 -                Rank 1 : false
2024-01-24 00:16:47,841 [INFO] ADCParametersView:116 -                Rank 1 : false
2024-01-24 00:16:47,841 [INFO] ADCParametersView:116 -                Rank 1 : false
2024-01-24 00:16:47,842 [INFO] ADCParametersView:116 -                Rank 1 : false
2024-01-24 00:16:47,842 [INFO] ADCParametersView:116 -                Rank 1 : false
2024-01-24 00:16:47,842 [INFO] ADCParametersView:116 -                Rank 1 : false
2024-01-24 00:16:47,842 [INFO] ADCParametersView:116 -                Rank 1 : false
2024-01-24 00:16:47,842 [INFO] ADCParametersView:116 -                Rank 1 : false
2024-01-24 00:16:47,842 [INFO] ADCParametersView:116 -                Rank 1 : false
2024-01-24 00:16:47,842 [INFO] ADCParametersView:116 -                Rank 1 : false
2024-01-24 00:16:47,842 [INFO] ADCParametersView:116 -                Rank 1 : false
2024-01-24 00:16:47,842 [INFO] ADCParametersView:116 -                Rank 1 : false
2024-01-24 00:16:47,842 [INFO] ADCParametersView:116 -                Rank 1 : false
2024-01-24 00:16:47,844 [INFO] ADCParametersView:116 -                Rank 1 : false
2024-01-24 00:16:47,844 [INFO] ADCParametersView:116 -                Rank 1 : false
2024-01-24 00:16:47,844 [INFO] ADCParametersView:116 -                Rank 1 : false
2024-01-24 00:16:47,890 [INFO] ADCParametersView:116 -                Rank 1 : false
2024-01-24 00:16:48,034 [INFO] ADCParametersView:116 -                Rank 1 : false
2024-01-24 00:16:48,035 [INFO] ADCParametersView:116 -                Rank 1 : false
2024-01-24 00:16:48,035 [INFO] ADCParametersView:116 -                Rank 1 : false
2024-01-24 00:16:48,035 [INFO] ADCParametersView:116 -                Rank 1 : false
2024-01-24 00:16:48,035 [INFO] ADCParametersView:116 -                Rank 1 : false
2024-01-24 00:16:48,035 [INFO] ADCParametersView:116 -                Rank 1 : false
2024-01-24 00:16:48,035 [INFO] ADCParametersView:116 -                Rank 1 : false
2024-01-24 00:16:48,035 [INFO] ADCParametersView:116 -                Rank 1 : false
2024-01-24 00:16:48,036 [INFO] ADCParametersView:116 -                Rank 1 : false
2024-01-24 00:16:48,036 [INFO] ADCParametersView:116 -                Rank 1 : false
2024-01-24 00:16:48,036 [INFO] ADCParametersView:116 -                Rank 1 : false
2024-01-24 00:16:48,036 [INFO] ADCParametersView:116 -                Rank 1 : false
2024-01-24 00:16:48,036 [INFO] ADCParametersView:116 -                Rank 1 : false
2024-01-24 00:16:48,036 [INFO] ADCParametersView:116 -                Rank 1 : false
2024-01-24 00:16:48,036 [INFO] ADCParametersView:116 -                Rank 1 : false
2024-01-24 00:16:48,036 [INFO] ADCParametersView:116 -                Rank 1 : false
2024-01-24 00:16:48,036 [INFO] ADCParametersView:116 -                Rank 1 : false
2024-01-24 00:16:48,036 [INFO] ADCParametersView:116 -                Rank 1 : false
2024-01-24 00:16:48,036 [INFO] ADCParametersView:116 -                Rank 1 : false
2024-01-24 00:16:48,114 [INFO] ADCParametersView:116 -                Rank 1 : false
2024-01-24 00:16:48,172 [INFO] ADCParametersView:116 -                Rank 1 : false
2024-01-24 00:16:48,172 [INFO] ADCParametersView:116 -                Rank 1 : false
2024-01-24 00:16:48,172 [INFO] ADCParametersView:116 -                Rank 1 : false
2024-01-24 00:16:48,172 [INFO] ADCParametersView:116 -                Rank 1 : false
2024-01-24 00:16:48,173 [INFO] ADCParametersView:116 -                Rank 1 : false
2024-01-24 00:16:48,173 [INFO] ADCParametersView:116 -                Rank 1 : false
2024-01-24 00:16:48,173 [INFO] ADCParametersView:116 -                Rank 1 : false
2024-01-24 00:16:48,173 [INFO] ADCParametersView:116 -                Rank 1 : false
2024-01-24 00:16:48,173 [INFO] ADCParametersView:116 -                Rank 1 : false
2024-01-24 00:16:48,173 [INFO] ADCParametersView:116 -                Rank 1 : false
2024-01-24 00:16:48,173 [INFO] ADCParametersView:116 -                Rank 1 : false
2024-01-24 00:16:48,173 [INFO] ADCParametersView:116 -                Rank 1 : false
2024-01-24 00:16:48,173 [INFO] ADCParametersView:116 -                Rank 1 : false
2024-01-24 00:16:48,174 [INFO] ADCParametersView:116 -                Rank 1 : false
2024-01-24 00:16:48,174 [INFO] ADCParametersView:116 -                Rank 1 : false
2024-01-24 00:16:48,174 [INFO] ADCParametersView:116 -                Rank 1 : false
2024-01-24 00:16:48,174 [INFO] ADCParametersView:116 -                Rank 1 : false
2024-01-24 00:16:48,175 [INFO] ADCParametersView:116 -                Rank 1 : false
2024-01-24 00:16:48,175 [INFO] ADCParametersView:116 -                Rank 1 : false
2024-01-24 00:16:48,211 [INFO] ADCParametersView:116 -                Rank 1 : false
2024-01-24 00:16:52,279 [INFO] ADCParametersView:116 -                Rank 1 : false
2024-01-24 00:16:52,280 [INFO] ADCParametersView:116 -                Rank 1 : false
2024-01-24 00:16:52,280 [INFO] ADCParametersView:116 -                Rank 1 : false
2024-01-24 00:16:52,280 [INFO] ADCParametersView:116 -                Rank 1 : false
2024-01-24 00:16:52,280 [INFO] ADCParametersView:116 -                Rank 1 : false
2024-01-24 00:16:52,280 [INFO] ADCParametersView:116 -                Rank 1 : false
2024-01-24 00:16:52,280 [INFO] ADCParametersView:116 -                Rank 1 : false
2024-01-24 00:16:52,280 [INFO] ADCParametersView:116 -                Rank 1 : false
2024-01-24 00:16:52,280 [INFO] ADCParametersView:116 -                Rank 1 : false
2024-01-24 00:16:52,280 [INFO] ADCParametersView:116 -                Rank 1 : false
2024-01-24 00:16:52,281 [INFO] ADCParametersView:116 -                Rank 1 : false
2024-01-24 00:16:52,281 [INFO] ADCParametersView:116 -                Rank 1 : false
2024-01-24 00:16:52,281 [INFO] ADCParametersView:116 -                Rank 1 : false
2024-01-24 00:16:52,281 [INFO] ADCParametersView:116 -                Rank 1 : false
2024-01-24 00:16:52,281 [INFO] ADCParametersView:116 -                Rank 1 : false
2024-01-24 00:16:52,281 [INFO] ADCParametersView:116 -                Rank 1 : false
2024-01-24 00:16:52,281 [INFO] ADCParametersView:116 -                Rank 1 : false
2024-01-24 00:16:52,281 [INFO] ADCParametersView:116 -                Rank 1 : false
2024-01-24 00:16:52,281 [INFO] ADCParametersView:116 -                Rank 1 : false
2024-01-24 00:16:52,293 [INFO] ADCParametersView:116 -                Rank 1 : false
2024-01-24 00:16:52,314 [INFO] ADCParametersView:116 -                Rank 1 : false
2024-01-24 00:16:52,315 [INFO] ADCParametersView:116 -                Rank 1 : false
2024-01-24 00:16:52,315 [INFO] ADCParametersView:116 -                Rank 1 : false
2024-01-24 00:16:52,315 [INFO] ADCParametersView:116 -                Rank 1 : false
2024-01-24 00:16:52,315 [INFO] ADCParametersView:116 -                Rank 1 : false
2024-01-24 00:16:52,315 [INFO] ADCParametersView:116 -                Rank 1 : false
2024-01-24 00:16:52,315 [INFO] ADCParametersView:116 -                Rank 1 : false
2024-01-24 00:16:52,315 [INFO] ADCParametersView:116 -                Rank 1 : false
2024-01-24 00:16:52,315 [INFO] ADCParametersView:116 -                Rank 1 : false
2024-01-24 00:16:52,315 [INFO] ADCParametersView:116 -                Rank 1 : false
2024-01-24 00:16:52,315 [INFO] ADCParametersView:116 -                Rank 1 : false
2024-01-24 00:16:52,315 [INFO] ADCParametersView:116 -                Rank 1 : false
2024-01-24 00:16:52,315 [INFO] ADCParametersView:116 -                Rank 1 : false
2024-01-24 00:16:52,315 [INFO] ADCParametersView:116 -                Rank 1 : false
2024-01-24 00:16:52,315 [INFO] ADCParametersView:116 -                Rank 1 : false
2024-01-24 00:16:52,315 [INFO] ADCParametersView:116 -                Rank 1 : false
2024-01-24 00:16:52,315 [INFO] ADCParametersView:116 -                Rank 1 : false
2024-01-24 00:16:52,315 [INFO] ADCParametersView:116 -                Rank 1 : false
2024-01-24 00:16:52,315 [INFO] ADCParametersView:116 -                Rank 1 : false
2024-01-24 00:16:52,325 [INFO] ADCParametersView:116 -                Rank 1 : false
2024-01-24 00:16:52,379 [INFO] ADCParametersView:116 -                Rank 1 : false
2024-01-24 00:16:52,379 [INFO] ADCParametersView:116 -                Rank 1 : false
2024-01-24 00:16:52,379 [INFO] ADCParametersView:116 -                Rank 1 : false
2024-01-24 00:16:52,379 [INFO] ADCParametersView:116 -                Rank 1 : false
2024-01-24 00:16:52,379 [INFO] ADCParametersView:116 -                Rank 1 : false
2024-01-24 00:16:52,379 [INFO] ADCParametersView:116 -                Rank 1 : false
2024-01-24 00:16:52,379 [INFO] ADCParametersView:116 -                Rank 1 : false
2024-01-24 00:16:52,379 [INFO] ADCParametersView:116 -                Rank 1 : false
2024-01-24 00:16:52,379 [INFO] ADCParametersView:116 -                Rank 1 : false
2024-01-24 00:16:52,379 [INFO] ADCParametersView:116 -                Rank 1 : false
2024-01-24 00:16:52,379 [INFO] ADCParametersView:116 -                Rank 1 : false
2024-01-24 00:16:52,380 [INFO] ADCParametersView:116 -                Rank 1 : false
2024-01-24 00:16:52,380 [INFO] ADCParametersView:116 -                Rank 1 : false
2024-01-24 00:16:52,380 [INFO] ADCParametersView:116 -                Rank 1 : false
2024-01-24 00:16:52,380 [INFO] ADCParametersView:116 -                Rank 1 : false
2024-01-24 00:16:52,380 [INFO] ADCParametersView:116 -                Rank 1 : false
2024-01-24 00:16:52,380 [INFO] ADCParametersView:116 -                Rank 1 : false
2024-01-24 00:16:52,380 [INFO] ADCParametersView:116 -                Rank 1 : false
2024-01-24 00:16:52,380 [INFO] ADCParametersView:116 -                Rank 1 : false
2024-01-24 00:16:52,417 [INFO] ADCParametersView:116 -                Rank 1 : false
2024-01-24 00:16:52,470 [INFO] ADCParametersView:116 -                Rank 1 : false
2024-01-24 00:16:52,470 [INFO] ADCParametersView:116 -                Rank 1 : false
2024-01-24 00:16:52,470 [INFO] ADCParametersView:116 -                Rank 1 : false
2024-01-24 00:16:52,470 [INFO] ADCParametersView:116 -                Rank 1 : false
2024-01-24 00:16:52,470 [INFO] ADCParametersView:116 -                Rank 1 : false
2024-01-24 00:16:52,470 [INFO] ADCParametersView:116 -                Rank 1 : false
2024-01-24 00:16:52,470 [INFO] ADCParametersView:116 -                Rank 1 : false
2024-01-24 00:16:52,470 [INFO] ADCParametersView:116 -                Rank 1 : false
2024-01-24 00:16:52,471 [INFO] ADCParametersView:116 -                Rank 1 : false
2024-01-24 00:16:52,471 [INFO] ADCParametersView:116 -                Rank 1 : false
2024-01-24 00:16:52,471 [INFO] ADCParametersView:116 -                Rank 1 : false
2024-01-24 00:16:52,471 [INFO] ADCParametersView:116 -                Rank 1 : false
2024-01-24 00:16:52,471 [INFO] ADCParametersView:116 -                Rank 1 : false
2024-01-24 00:16:52,471 [INFO] ADCParametersView:116 -                Rank 1 : false
2024-01-24 00:16:52,471 [INFO] ADCParametersView:116 -                Rank 1 : false
2024-01-24 00:16:52,471 [INFO] ADCParametersView:116 -                Rank 1 : false
2024-01-24 00:16:52,471 [INFO] ADCParametersView:116 -                Rank 1 : false
2024-01-24 00:16:52,471 [INFO] ADCParametersView:116 -                Rank 1 : false
2024-01-24 00:16:52,471 [INFO] ADCParametersView:116 -                Rank 1 : false
2024-01-24 00:16:52,518 [INFO] ADCParametersView:116 -                Rank 1 : false
2024-01-24 00:16:52,628 [INFO] ADCParametersView:116 -                Rank 1 : false
2024-01-24 00:16:52,629 [INFO] ADCParametersView:116 -                Rank 1 : false
2024-01-24 00:16:52,629 [INFO] ADCParametersView:116 -                Rank 1 : false
2024-01-24 00:16:52,629 [INFO] ADCParametersView:116 -                Rank 1 : false
2024-01-24 00:16:52,629 [INFO] ADCParametersView:116 -                Rank 1 : false
2024-01-24 00:16:52,629 [INFO] ADCParametersView:116 -                Rank 1 : false
2024-01-24 00:16:52,629 [INFO] ADCParametersView:116 -                Rank 1 : false
2024-01-24 00:16:52,629 [INFO] ADCParametersView:116 -                Rank 1 : false
2024-01-24 00:16:52,629 [INFO] ADCParametersView:116 -                Rank 1 : false
2024-01-24 00:16:52,629 [INFO] ADCParametersView:116 -                Rank 1 : false
2024-01-24 00:16:52,629 [INFO] ADCParametersView:116 -                Rank 1 : false
2024-01-24 00:16:52,629 [INFO] ADCParametersView:116 -                Rank 1 : false
2024-01-24 00:16:52,629 [INFO] ADCParametersView:116 -                Rank 1 : false
2024-01-24 00:16:52,630 [INFO] ADCParametersView:116 -                Rank 1 : false
2024-01-24 00:16:52,630 [INFO] ADCParametersView:116 -                Rank 1 : false
2024-01-24 00:16:52,630 [INFO] ADCParametersView:116 -                Rank 1 : false
2024-01-24 00:16:52,630 [INFO] ADCParametersView:116 -                Rank 1 : false
2024-01-24 00:16:52,630 [INFO] ADCParametersView:116 -                Rank 1 : false
2024-01-24 00:16:52,630 [INFO] ADCParametersView:116 -                Rank 1 : false
2024-01-24 00:16:52,670 [INFO] ADCParametersView:116 -                Rank 1 : false
2024-01-24 00:16:52,727 [INFO] ADCParametersView:116 -                Rank 1 : false
2024-01-24 00:16:52,728 [INFO] ADCParametersView:116 -                Rank 1 : false
2024-01-24 00:16:52,728 [INFO] ADCParametersView:116 -                Rank 1 : false
2024-01-24 00:16:52,728 [INFO] ADCParametersView:116 -                Rank 1 : false
2024-01-24 00:16:52,728 [INFO] ADCParametersView:116 -                Rank 1 : false
2024-01-24 00:16:52,728 [INFO] ADCParametersView:116 -                Rank 1 : false
2024-01-24 00:16:52,728 [INFO] ADCParametersView:116 -                Rank 1 : false
2024-01-24 00:16:52,728 [INFO] ADCParametersView:116 -                Rank 1 : false
2024-01-24 00:16:52,728 [INFO] ADCParametersView:116 -                Rank 1 : false
2024-01-24 00:16:52,728 [INFO] ADCParametersView:116 -                Rank 1 : false
2024-01-24 00:16:52,728 [INFO] ADCParametersView:116 -                Rank 1 : false
2024-01-24 00:16:52,728 [INFO] ADCParametersView:116 -                Rank 1 : false
2024-01-24 00:16:52,728 [INFO] ADCParametersView:116 -                Rank 1 : false
2024-01-24 00:16:52,728 [INFO] ADCParametersView:116 -                Rank 1 : false
2024-01-24 00:16:52,728 [INFO] ADCParametersView:116 -                Rank 1 : false
2024-01-24 00:16:52,728 [INFO] ADCParametersView:116 -                Rank 1 : false
2024-01-24 00:16:52,728 [INFO] ADCParametersView:116 -                Rank 1 : false
2024-01-24 00:16:52,728 [INFO] ADCParametersView:116 -                Rank 1 : false
2024-01-24 00:16:52,728 [INFO] ADCParametersView:116 -                Rank 1 : false
2024-01-24 00:16:52,765 [INFO] ADCParametersView:116 -                Rank 1 : false
2024-01-24 00:16:57,186 [INFO] UtilMem:75 - End SaveConfig() Used Memory: 630300672 Bytes (1073741824)
2024-01-24 00:16:58,549 [INFO] UtilMem:75 - End SaveConfig() Used Memory: 603639712 Bytes (1073741824)
2024-01-24 00:17:00,646 [INFO] UtilMem:75 - End SaveConfig() Used Memory: 682282912 Bytes (1073741824)
2024-01-24 00:17:01,054 [INFO] BlockDiagram:2759 - set Specific Code input for plugin: NVIC
2024-01-24 00:17:01,054 [INFO] BlockDiagram:2759 - set Specific Code input for plugin: USART
2024-01-24 00:17:01,054 [INFO] BlockDiagram:2759 - set Specific Code input for plugin: SYS
2024-01-24 00:17:01,054 [INFO] BlockDiagram:2759 - set Specific Code input for plugin: GPIO
2024-01-24 00:17:01,054 [INFO] BlockDiagram:2759 - set Specific Code input for plugin: ADC
2024-01-24 00:17:01,054 [INFO] BlockDiagram:2759 - set Specific Code input for plugin: RCC
2024-01-24 00:17:01,054 [INFO] BlockDiagram:2759 - set Specific Code input for plugin: I2C
2024-01-24 00:17:01,055 [INFO] CodeGenerator:807 - code generatio: config db path: C:\ST\STM32CubeIDE_1.14.0\STM32CubeIDE\plugins\com.st.stm32cube.common.mx_6.10.0.202311202037\\db\
2024-01-24 00:17:01,268 [INFO] CodeEngine:255 - oldGeneratedFile, C:\Users\salma\OneDrive\Desktop\Capstone\Code\bme680\bme680\MXTmpFiles\license.tmp_save
2024-01-24 00:17:01,456 [INFO] CodeEngine:279 - Generated code: C:\Users\salma\OneDrive\Desktop\Capstone\Code\bme680\bme680\MXTmpFiles\license.tmp
2024-01-24 00:17:01,544 [INFO] CodeEngine:255 - oldGeneratedFile, C:\Users\salma\OneDrive\Desktop\Capstone\Code\bme680\bme680\MXTmpFiles\gpio.tmp_save
2024-01-24 00:17:01,716 [INFO] CodeEngine:279 - Generated code: C:\Users\salma\OneDrive\Desktop\Capstone\Code\bme680\bme680\MXTmpFiles\gpio.tmp
2024-01-24 00:17:02,367 [INFO] CodeEngine:255 - oldGeneratedFile, C:\Users\salma\OneDrive\Desktop\Capstone\Code\bme680\bme680\Core\Src\stm32l4xx_it.c_save
2024-01-24 00:17:02,721 [INFO] CodeEngine:279 - Generated code: C:\Users\salma\OneDrive\Desktop\Capstone\Code\bme680\bme680\Core\Src\stm32l4xx_it.c
2024-01-24 00:17:02,771 [INFO] CodeEngine:255 - oldGeneratedFile, C:\Users\salma\OneDrive\Desktop\Capstone\Code\bme680\bme680\Core\Inc\stm32l4xx_it.h_save
2024-01-24 00:17:02,888 [INFO] CodeEngine:279 - Generated code: C:\Users\salma\OneDrive\Desktop\Capstone\Code\bme680\bme680\Core\Inc\stm32l4xx_it.h
2024-01-24 00:17:02,936 [INFO] CodeEngine:255 - oldGeneratedFile, C:\Users\salma\OneDrive\Desktop\Capstone\Code\bme680\bme680\Core\Src\stm32l4xx_hal_msp.c_save
2024-01-24 00:17:03,195 [INFO] CodeEngine:279 - Generated code: C:\Users\salma\OneDrive\Desktop\Capstone\Code\bme680\bme680\Core\Src\stm32l4xx_hal_msp.c
2024-01-24 00:17:03,237 [INFO] CodeEngine:255 - oldGeneratedFile, C:\Users\salma\OneDrive\Desktop\Capstone\Code\bme680\bme680\MXTmpFiles\system.tmp_save
2024-01-24 00:17:03,350 [INFO] CodeEngine:279 - Generated code: C:\Users\salma\OneDrive\Desktop\Capstone\Code\bme680\bme680\MXTmpFiles\system.tmp
2024-01-24 00:17:03,392 [INFO] CodeEngine:311 - oldGeneratedFile, C:\Users\salma\OneDrive\Desktop\Capstone\Code\bme680\bme680\Core\Inc\stm32l4xx_hal_conf.h_save
2024-01-24 00:17:03,553 [INFO] CodeEngine:335 - Generated code: C:\Users\salma\OneDrive\Desktop\Capstone\Code\bme680\bme680\Core\Inc\stm32l4xx_hal_conf.h
2024-01-24 00:17:03,713 [INFO] CodeEngine:255 - oldGeneratedFile, C:\Users\salma\OneDrive\Desktop\Capstone\Code\bme680\bme680\Core\Inc\main.h_save
2024-01-24 00:17:04,006 [INFO] CodeEngine:279 - Generated code: C:\Users\salma\OneDrive\Desktop\Capstone\Code\bme680\bme680\Core\Inc\main.h
2024-01-24 00:17:04,056 [INFO] CodeEngine:255 - oldGeneratedFile, C:\Users\salma\OneDrive\Desktop\Capstone\Code\bme680\bme680\Core\Src\main.c_save
2024-01-24 00:17:04,401 [INFO] CodeEngine:279 - Generated code: C:\Users\salma\OneDrive\Desktop\Capstone\Code\bme680\bme680\Core\Src\main.c
2024-01-24 00:17:05,053 [INFO] ProjectBuilder:3076 - Time for Copy HAL[1] : 238mS.
2024-01-24 00:17:05,057 [INFO] ProjectBuilder:4485 - Project Generator version: 4.2.0-B44
2024-01-24 00:17:05,342 [INFO] ConfigFileManager:1495 - The Die is : DIE435
2024-01-24 00:17:07,971 [INFO] ProjectBuilder:4747 - Time for Generating toolchain IDE Files: 2915mS.
2024-01-24 00:17:07,973 [INFO] ProjectBuilder:2947 - Time for Copy CMSIS : 0mS.
2024-01-24 00:17:07,981 [INFO] ProjectBuilder:2947 - Time for Copy CMSIS : 0mS.
2024-01-24 00:18:07,494 [INFO] UtilMem:75 - End SaveConfig() Used Memory: 885149312 Bytes (1073741824)
2024-01-24 00:18:08,642 [INFO] UtilMem:75 - End SaveConfig() Used Memory: 902448768 Bytes (1073741824)
2024-01-24 00:18:10,679 [INFO] UtilMem:75 - End SaveConfig() Used Memory: 649336736 Bytes (1073741824)
2024-01-24 00:18:11,022 [INFO] BlockDiagram:2759 - set Specific Code input for plugin: NVIC
2024-01-24 00:18:11,022 [INFO] BlockDiagram:2759 - set Specific Code input for plugin: USART
2024-01-24 00:18:11,022 [INFO] BlockDiagram:2759 - set Specific Code input for plugin: SYS
2024-01-24 00:18:11,023 [INFO] BlockDiagram:2759 - set Specific Code input for plugin: GPIO
2024-01-24 00:18:11,023 [INFO] BlockDiagram:2759 - set Specific Code input for plugin: RCC
2024-01-24 00:18:11,023 [INFO] BlockDiagram:2759 - set Specific Code input for plugin: I2C
2024-01-24 00:18:11,024 [INFO] CodeGenerator:807 - code generatio: config db path: C:\ST\STM32CubeIDE_1.14.0\STM32CubeIDE\plugins\com.st.stm32cube.common.mx_6.10.0.202311202037\\db\
2024-01-24 00:18:11,187 [INFO] CodeEngine:255 - oldGeneratedFile, C:\Users\salma\OneDrive\Desktop\Capstone\Code\bme680\bme680\MXTmpFiles\license.tmp_save
2024-01-24 00:18:11,351 [INFO] CodeEngine:279 - Generated code: C:\Users\salma\OneDrive\Desktop\Capstone\Code\bme680\bme680\MXTmpFiles\license.tmp
2024-01-24 00:18:11,403 [INFO] CodeEngine:255 - oldGeneratedFile, C:\Users\salma\OneDrive\Desktop\Capstone\Code\bme680\bme680\MXTmpFiles\gpio.tmp_save
2024-01-24 00:18:11,510 [INFO] CodeEngine:279 - Generated code: C:\Users\salma\OneDrive\Desktop\Capstone\Code\bme680\bme680\MXTmpFiles\gpio.tmp
2024-01-24 00:18:11,667 [INFO] CodeEngine:255 - oldGeneratedFile, C:\Users\salma\OneDrive\Desktop\Capstone\Code\bme680\bme680\Core\Src\stm32l4xx_it.c_save
2024-01-24 00:18:11,796 [INFO] CodeEngine:279 - Generated code: C:\Users\salma\OneDrive\Desktop\Capstone\Code\bme680\bme680\Core\Src\stm32l4xx_it.c
2024-01-24 00:18:11,805 [INFO] CodeEngine:255 - oldGeneratedFile, C:\Users\salma\OneDrive\Desktop\Capstone\Code\bme680\bme680\Core\Inc\stm32l4xx_it.h_save
2024-01-24 00:18:11,882 [INFO] CodeEngine:279 - Generated code: C:\Users\salma\OneDrive\Desktop\Capstone\Code\bme680\bme680\Core\Inc\stm32l4xx_it.h
2024-01-24 00:18:11,913 [INFO] CodeEngine:255 - oldGeneratedFile, C:\Users\salma\OneDrive\Desktop\Capstone\Code\bme680\bme680\Core\Src\stm32l4xx_hal_msp.c_save
2024-01-24 00:18:12,064 [INFO] CodeEngine:279 - Generated code: C:\Users\salma\OneDrive\Desktop\Capstone\Code\bme680\bme680\Core\Src\stm32l4xx_hal_msp.c
2024-01-24 00:18:12,070 [INFO] CodeEngine:255 - oldGeneratedFile, C:\Users\salma\OneDrive\Desktop\Capstone\Code\bme680\bme680\MXTmpFiles\system.tmp_save
2024-01-24 00:18:12,137 [INFO] CodeEngine:279 - Generated code: C:\Users\salma\OneDrive\Desktop\Capstone\Code\bme680\bme680\MXTmpFiles\system.tmp
2024-01-24 00:18:12,164 [INFO] CodeEngine:311 - oldGeneratedFile, C:\Users\salma\OneDrive\Desktop\Capstone\Code\bme680\bme680\Core\Inc\stm32l4xx_hal_conf.h_save
2024-01-24 00:18:12,288 [INFO] CodeEngine:335 - Generated code: C:\Users\salma\OneDrive\Desktop\Capstone\Code\bme680\bme680\Core\Inc\stm32l4xx_hal_conf.h
2024-01-24 00:18:12,409 [INFO] CodeEngine:255 - oldGeneratedFile, C:\Users\salma\OneDrive\Desktop\Capstone\Code\bme680\bme680\Core\Inc\main.h_save
2024-01-24 00:18:12,534 [INFO] CodeEngine:279 - Generated code: C:\Users\salma\OneDrive\Desktop\Capstone\Code\bme680\bme680\Core\Inc\main.h
2024-01-24 00:18:12,550 [INFO] CodeEngine:255 - oldGeneratedFile, C:\Users\salma\OneDrive\Desktop\Capstone\Code\bme680\bme680\Core\Src\main.c_save
2024-01-24 00:18:12,707 [INFO] CodeEngine:279 - Generated code: C:\Users\salma\OneDrive\Desktop\Capstone\Code\bme680\bme680\Core\Src\main.c
2024-01-24 00:18:13,435 [INFO] ProjectBuilder:3076 - Time for Copy HAL[1] : 277mS.
2024-01-24 00:18:13,439 [INFO] ProjectBuilder:4485 - Project Generator version: 4.2.0-B44
2024-01-24 00:18:13,744 [INFO] ConfigFileManager:1495 - The Die is : DIE435
2024-01-24 00:18:15,470 [INFO] ProjectBuilder:4747 - Time for Generating toolchain IDE Files: 2031mS.
2024-01-24 00:18:15,471 [INFO] ProjectBuilder:2947 - Time for Copy CMSIS : 1mS.
2024-01-24 00:18:15,480 [INFO] ProjectBuilder:2947 - Time for Copy CMSIS : 0mS.
2024-01-24 00:24:13,441 [INFO] ParamManager:896 - [Generic UI] PropertyChangeEvent: TAB_STATUS_CHANGED , "dont care", "never mind"
2024-01-24 00:24:13,447 [INFO] ADCParametersView:116 -                Rank 1 : false
2024-01-24 00:24:13,447 [INFO] ADCParametersView:116 -                Rank 1 : false
2024-01-24 00:24:13,447 [INFO] ADCParametersView:116 -                Rank 1 : false
2024-01-24 00:24:13,447 [INFO] ADCParametersView:116 -                Rank 1 : false
2024-01-24 00:24:13,447 [INFO] ADCParametersView:116 -                Rank 1 : false
2024-01-24 00:24:13,447 [INFO] ADCParametersView:116 -                Rank 1 : false
2024-01-24 00:24:13,447 [INFO] ADCParametersView:116 -                Rank 1 : false
2024-01-24 00:24:13,447 [INFO] ADCParametersView:116 -                Rank 1 : false
2024-01-24 00:24:13,447 [INFO] ADCParametersView:116 -                Rank 1 : false
2024-01-24 00:24:13,447 [INFO] ADCParametersView:116 -                Rank 1 : false
2024-01-24 00:24:13,447 [INFO] ADCParametersView:116 -                Rank 1 : false
2024-01-24 00:24:13,448 [INFO] ADCParametersView:116 -                Rank 1 : false
2024-01-24 00:24:13,448 [INFO] ADCParametersView:116 -                Rank 1 : false
2024-01-24 00:24:13,448 [INFO] ADCParametersView:116 -                Rank 1 : false
2024-01-24 00:24:13,448 [INFO] ADCParametersView:116 -                Rank 1 : false
2024-01-24 00:24:13,448 [INFO] ADCParametersView:116 -                Rank 1 : false
2024-01-24 00:24:13,448 [INFO] ADCParametersView:116 -                Rank 1 : false
2024-01-24 00:24:13,448 [INFO] ADCParametersView:116 -                Rank 1 : false
2024-01-24 00:24:13,448 [INFO] ADCParametersView:116 -                Rank 1 : false
2024-01-24 00:24:13,456 [INFO] ParamManager:896 - [Generic UI] PropertyChangeEvent: TAB_STATUS_CHANGED , "dont care", "never mind"
2024-01-24 00:24:13,465 [INFO] ADCParametersView:116 -                Rank 1 : false
2024-01-24 00:24:13,492 [INFO] ADCParametersView:116 -                Rank 1 : false
2024-01-24 00:24:13,493 [INFO] ADCParametersView:116 -                Rank 1 : false
2024-01-24 00:24:13,493 [INFO] ADCParametersView:116 -                Rank 1 : false
2024-01-24 00:24:13,493 [INFO] ADCParametersView:116 -                Rank 1 : false
2024-01-24 00:24:13,493 [INFO] ADCParametersView:116 -                Rank 1 : false
2024-01-24 00:24:13,493 [INFO] ADCParametersView:116 -                Rank 1 : false
2024-01-24 00:24:13,493 [INFO] ADCParametersView:116 -                Rank 1 : false
2024-01-24 00:24:13,493 [INFO] ADCParametersView:116 -                Rank 1 : false
2024-01-24 00:24:13,493 [INFO] ADCParametersView:116 -                Rank 1 : false
2024-01-24 00:24:13,493 [INFO] ADCParametersView:116 -                Rank 1 : false
2024-01-24 00:24:13,493 [INFO] ADCParametersView:116 -                Rank 1 : false
2024-01-24 00:24:13,493 [INFO] ADCParametersView:116 -                Rank 1 : false
2024-01-24 00:24:13,493 [INFO] ADCParametersView:116 -                Rank 1 : false
2024-01-24 00:24:13,493 [INFO] ADCParametersView:116 -                Rank 1 : false
2024-01-24 00:24:13,493 [INFO] ADCParametersView:116 -                Rank 1 : false
2024-01-24 00:24:13,493 [INFO] ADCParametersView:116 -                Rank 1 : false
2024-01-24 00:24:13,493 [INFO] ADCParametersView:116 -                Rank 1 : false
2024-01-24 00:24:13,494 [INFO] ADCParametersView:116 -                Rank 1 : false
2024-01-24 00:24:13,494 [INFO] ADCParametersView:116 -                Rank 1 : false
2024-01-24 00:24:13,504 [INFO] ADCParametersView:116 -                Rank 1 : false
2024-01-24 00:24:13,616 [INFO] NvicIntPanel:101 - NVIC parent = com.st.microxplorer.plugins.ip.nvic.MultiNvicIntPanel[,0,0,0x0,invalid,layout=javax.swing.BoxLayout,alignmentX=0.0,alignmentY=0.0,border=,flags=9,maximumSize=,minimumSize=,preferredSize=]
2024-01-24 00:24:13,736 [INFO] NvicIntPanel:101 - NVIC parent = com.st.microxplorer.plugins.ip.nvic.MultiNvicIntPanel[,0,0,0x0,invalid,layout=javax.swing.BoxLayout,alignmentX=0.0,alignmentY=0.0,border=,flags=9,maximumSize=,minimumSize=,preferredSize=]
2024-01-24 00:24:13,873 [INFO] NvicIntPanel:101 - NVIC parent = com.st.microxplorer.plugins.ip.nvic.MultiNvicIntPanel[,0,0,0x0,invalid,layout=javax.swing.BoxLayout,alignmentX=0.0,alignmentY=0.0,border=,flags=9,maximumSize=,minimumSize=,preferredSize=]
2024-01-24 00:24:13,937 [INFO] ADCParametersView:116 -                Rank 1 : false
2024-01-24 00:24:13,937 [INFO] ADCParametersView:116 -                Rank 1 : false
2024-01-24 00:24:13,937 [INFO] ADCParametersView:116 -                Rank 1 : false
2024-01-24 00:24:13,937 [INFO] ADCParametersView:116 -                Rank 1 : false
2024-01-24 00:24:13,937 [INFO] ADCParametersView:116 -                Rank 1 : false
2024-01-24 00:24:13,937 [INFO] ADCParametersView:116 -                Rank 1 : false
2024-01-24 00:24:13,937 [INFO] ADCParametersView:116 -                Rank 1 : false
2024-01-24 00:24:13,937 [INFO] ADCParametersView:116 -                Rank 1 : false
2024-01-24 00:24:13,937 [INFO] ADCParametersView:116 -                Rank 1 : false
2024-01-24 00:24:13,937 [INFO] ADCParametersView:116 -                Rank 1 : false
2024-01-24 00:24:13,938 [INFO] ADCParametersView:116 -                Rank 1 : false
2024-01-24 00:24:13,938 [INFO] ADCParametersView:116 -                Rank 1 : false
2024-01-24 00:24:13,938 [INFO] ADCParametersView:116 -                Rank 1 : false
2024-01-24 00:24:13,938 [INFO] ADCParametersView:116 -                Rank 1 : false
2024-01-24 00:24:13,939 [INFO] ADCParametersView:116 -                Rank 1 : false
2024-01-24 00:24:13,939 [INFO] ADCParametersView:116 -                Rank 1 : false
2024-01-24 00:24:13,939 [INFO] ADCParametersView:116 -                Rank 1 : false
2024-01-24 00:24:13,939 [INFO] ADCParametersView:116 -                Rank 1 : false
2024-01-24 00:24:13,939 [INFO] ADCParametersView:116 -                Rank 1 : false
2024-01-24 00:24:13,971 [INFO] ADCParametersView:116 -                Rank 1 : false
2024-01-24 00:24:14,009 [INFO] ADCParametersView:116 -                Rank 1 : false
2024-01-24 00:24:14,009 [INFO] ADCParametersView:116 -                Rank 1 : false
2024-01-24 00:24:14,009 [INFO] ADCParametersView:116 -                Rank 1 : false
2024-01-24 00:24:14,009 [INFO] ADCParametersView:116 -                Rank 1 : false
2024-01-24 00:24:14,009 [INFO] ADCParametersView:116 -                Rank 1 : false
2024-01-24 00:24:14,009 [INFO] ADCParametersView:116 -                Rank 1 : false
2024-01-24 00:24:14,009 [INFO] ADCParametersView:116 -                Rank 1 : false
2024-01-24 00:24:14,009 [INFO] ADCParametersView:116 -                Rank 1 : false
2024-01-24 00:24:14,009 [INFO] ADCParametersView:116 -                Rank 1 : false
2024-01-24 00:24:14,009 [INFO] ADCParametersView:116 -                Rank 1 : false
2024-01-24 00:24:14,009 [INFO] ADCParametersView:116 -                Rank 1 : false
2024-01-24 00:24:14,009 [INFO] ADCParametersView:116 -                Rank 1 : false
2024-01-24 00:24:14,009 [INFO] ADCParametersView:116 -                Rank 1 : false
2024-01-24 00:24:14,009 [INFO] ADCParametersView:116 -                Rank 1 : false
2024-01-24 00:24:14,009 [INFO] ADCParametersView:116 -                Rank 1 : false
2024-01-24 00:24:14,011 [INFO] ADCParametersView:116 -                Rank 1 : false
2024-01-24 00:24:14,011 [INFO] ADCParametersView:116 -                Rank 1 : false
2024-01-24 00:24:14,011 [INFO] ADCParametersView:116 -                Rank 1 : false
2024-01-24 00:24:14,011 [INFO] ADCParametersView:116 -                Rank 1 : false
2024-01-24 00:24:14,047 [INFO] ADCParametersView:116 -                Rank 1 : false
2024-01-24 00:24:15,811 [INFO] ADCParametersView:116 -                Rank 1 : false
2024-01-24 00:24:15,811 [INFO] ADCParametersView:116 -                Rank 1 : false
2024-01-24 00:24:15,812 [INFO] ADCParametersView:116 -                Rank 1 : false
2024-01-24 00:24:15,812 [INFO] ADCParametersView:116 -                Rank 1 : false
2024-01-24 00:24:15,812 [INFO] ADCParametersView:116 -                Rank 1 : false
2024-01-24 00:24:15,812 [INFO] ADCParametersView:116 -                Rank 1 : false
2024-01-24 00:24:15,812 [INFO] ADCParametersView:116 -                Rank 1 : false
2024-01-24 00:24:15,812 [INFO] ADCParametersView:116 -                Rank 1 : false
2024-01-24 00:24:15,813 [INFO] ADCParametersView:116 -                Rank 1 : false
2024-01-24 00:24:15,813 [INFO] ADCParametersView:116 -                Rank 1 : false
2024-01-24 00:24:15,813 [INFO] ADCParametersView:116 -                Rank 1 : false
2024-01-24 00:24:15,813 [INFO] ADCParametersView:116 -                Rank 1 : false
2024-01-24 00:24:15,813 [INFO] ADCParametersView:116 -                Rank 1 : false
2024-01-24 00:24:15,813 [INFO] ADCParametersView:116 -                Rank 1 : false
2024-01-24 00:24:15,813 [INFO] ADCParametersView:116 -                Rank 1 : false
2024-01-24 00:24:15,813 [INFO] ADCParametersView:116 -                Rank 1 : false
2024-01-24 00:24:15,813 [INFO] ADCParametersView:116 -                Rank 1 : false
2024-01-24 00:24:15,813 [INFO] ADCParametersView:116 -                Rank 1 : false
2024-01-24 00:24:15,813 [INFO] ADCParametersView:116 -                Rank 1 : false
2024-01-24 00:24:15,826 [INFO] ADCParametersView:116 -                Rank 1 : false
2024-01-24 00:24:15,849 [INFO] ADCParametersView:116 -                Rank 1 : false
2024-01-24 00:24:15,849 [INFO] ADCParametersView:116 -                Rank 1 : false
2024-01-24 00:24:15,849 [INFO] ADCParametersView:116 -                Rank 1 : false
2024-01-24 00:24:15,849 [INFO] ADCParametersView:116 -                Rank 1 : false
2024-01-24 00:24:15,849 [INFO] ADCParametersView:116 -                Rank 1 : false
2024-01-24 00:24:15,850 [INFO] ADCParametersView:116 -                Rank 1 : false
2024-01-24 00:24:15,850 [INFO] ADCParametersView:116 -                Rank 1 : false
2024-01-24 00:24:15,850 [INFO] ADCParametersView:116 -                Rank 1 : false
2024-01-24 00:24:15,850 [INFO] ADCParametersView:116 -                Rank 1 : false
2024-01-24 00:24:15,850 [INFO] ADCParametersView:116 -                Rank 1 : false
2024-01-24 00:24:15,850 [INFO] ADCParametersView:116 -                Rank 1 : false
2024-01-24 00:24:15,850 [INFO] ADCParametersView:116 -                Rank 1 : false
2024-01-24 00:24:15,850 [INFO] ADCParametersView:116 -                Rank 1 : false
2024-01-24 00:24:15,850 [INFO] ADCParametersView:116 -                Rank 1 : false
2024-01-24 00:24:15,850 [INFO] ADCParametersView:116 -                Rank 1 : false
2024-01-24 00:24:15,850 [INFO] ADCParametersView:116 -                Rank 1 : false
2024-01-24 00:24:15,850 [INFO] ADCParametersView:116 -                Rank 1 : false
2024-01-24 00:24:15,850 [INFO] ADCParametersView:116 -                Rank 1 : false
2024-01-24 00:24:15,850 [INFO] ADCParametersView:116 -                Rank 1 : false
2024-01-24 00:24:15,861 [INFO] ADCParametersView:116 -                Rank 1 : false
2024-01-24 00:24:15,918 [INFO] ADCParametersView:116 -                Rank 1 : false
2024-01-24 00:24:15,920 [INFO] ADCParametersView:116 -                Rank 1 : false
2024-01-24 00:24:15,920 [INFO] ADCParametersView:116 -                Rank 1 : false
2024-01-24 00:24:15,920 [INFO] ADCParametersView:116 -                Rank 1 : false
2024-01-24 00:24:15,920 [INFO] ADCParametersView:116 -                Rank 1 : false
2024-01-24 00:24:15,920 [INFO] ADCParametersView:116 -                Rank 1 : false
2024-01-24 00:24:15,920 [INFO] ADCParametersView:116 -                Rank 1 : false
2024-01-24 00:24:15,920 [INFO] ADCParametersView:116 -                Rank 1 : false
2024-01-24 00:24:15,920 [INFO] ADCParametersView:116 -                Rank 1 : false
2024-01-24 00:24:15,920 [INFO] ADCParametersView:116 -                Rank 1 : false
2024-01-24 00:24:15,920 [INFO] ADCParametersView:116 -                Rank 1 : false
2024-01-24 00:24:15,920 [INFO] ADCParametersView:116 -                Rank 1 : false
2024-01-24 00:24:15,920 [INFO] ADCParametersView:116 -                Rank 1 : false
2024-01-24 00:24:15,920 [INFO] ADCParametersView:116 -                Rank 1 : false
2024-01-24 00:24:15,920 [INFO] ADCParametersView:116 -                Rank 1 : false
2024-01-24 00:24:15,920 [INFO] ADCParametersView:116 -                Rank 1 : false
2024-01-24 00:24:15,920 [INFO] ADCParametersView:116 -                Rank 1 : false
2024-01-24 00:24:15,920 [INFO] ADCParametersView:116 -                Rank 1 : false
2024-01-24 00:24:15,920 [INFO] ADCParametersView:116 -                Rank 1 : false
2024-01-24 00:24:15,951 [INFO] ADCParametersView:116 -                Rank 1 : false
2024-01-24 00:24:16,000 [INFO] ADCParametersView:116 -                Rank 1 : false
2024-01-24 00:24:16,000 [INFO] ADCParametersView:116 -                Rank 1 : false
2024-01-24 00:24:16,000 [INFO] ADCParametersView:116 -                Rank 1 : false
2024-01-24 00:24:16,000 [INFO] ADCParametersView:116 -                Rank 1 : false
2024-01-24 00:24:16,000 [INFO] ADCParametersView:116 -                Rank 1 : false
2024-01-24 00:24:16,000 [INFO] ADCParametersView:116 -                Rank 1 : false
2024-01-24 00:24:16,000 [INFO] ADCParametersView:116 -                Rank 1 : false
2024-01-24 00:24:16,000 [INFO] ADCParametersView:116 -                Rank 1 : false
2024-01-24 00:24:16,000 [INFO] ADCParametersView:116 -                Rank 1 : false
2024-01-24 00:24:16,000 [INFO] ADCParametersView:116 -                Rank 1 : false
2024-01-24 00:24:16,000 [INFO] ADCParametersView:116 -                Rank 1 : false
2024-01-24 00:24:16,001 [INFO] ADCParametersView:116 -                Rank 1 : false
2024-01-24 00:24:16,001 [INFO] ADCParametersView:116 -                Rank 1 : false
2024-01-24 00:24:16,001 [INFO] ADCParametersView:116 -                Rank 1 : false
2024-01-24 00:24:16,001 [INFO] ADCParametersView:116 -                Rank 1 : false
2024-01-24 00:24:16,001 [INFO] ADCParametersView:116 -                Rank 1 : false
2024-01-24 00:24:16,001 [INFO] ADCParametersView:116 -                Rank 1 : false
2024-01-24 00:24:16,001 [INFO] ADCParametersView:116 -                Rank 1 : false
2024-01-24 00:24:16,001 [INFO] ADCParametersView:116 -                Rank 1 : false
2024-01-24 00:24:16,033 [INFO] ADCParametersView:116 -                Rank 1 : false
2024-01-24 00:24:16,137 [INFO] ADCParametersView:116 -                Rank 1 : false
2024-01-24 00:24:16,137 [INFO] ADCParametersView:116 -                Rank 1 : false
2024-01-24 00:24:16,137 [INFO] ADCParametersView:116 -                Rank 1 : false
2024-01-24 00:24:16,137 [INFO] ADCParametersView:116 -                Rank 1 : false
2024-01-24 00:24:16,137 [INFO] ADCParametersView:116 -                Rank 1 : false
2024-01-24 00:24:16,137 [INFO] ADCParametersView:116 -                Rank 1 : false
2024-01-24 00:24:16,138 [INFO] ADCParametersView:116 -                Rank 1 : false
2024-01-24 00:24:16,138 [INFO] ADCParametersView:116 -                Rank 1 : false
2024-01-24 00:24:16,138 [INFO] ADCParametersView:116 -                Rank 1 : false
2024-01-24 00:24:16,138 [INFO] ADCParametersView:116 -                Rank 1 : false
2024-01-24 00:24:16,138 [INFO] ADCParametersView:116 -                Rank 1 : false
2024-01-24 00:24:16,138 [INFO] ADCParametersView:116 -                Rank 1 : false
2024-01-24 00:24:16,139 [INFO] ADCParametersView:116 -                Rank 1 : false
2024-01-24 00:24:16,139 [INFO] ADCParametersView:116 -                Rank 1 : false
2024-01-24 00:24:16,139 [INFO] ADCParametersView:116 -                Rank 1 : false
2024-01-24 00:24:16,139 [INFO] ADCParametersView:116 -                Rank 1 : false
2024-01-24 00:24:16,139 [INFO] ADCParametersView:116 -                Rank 1 : false
2024-01-24 00:24:16,139 [INFO] ADCParametersView:116 -                Rank 1 : false
2024-01-24 00:24:16,139 [INFO] ADCParametersView:116 -                Rank 1 : false
2024-01-24 00:24:16,170 [INFO] ADCParametersView:116 -                Rank 1 : false
2024-01-24 00:24:16,211 [INFO] ADCParametersView:116 -                Rank 1 : false
2024-01-24 00:24:16,211 [INFO] ADCParametersView:116 -                Rank 1 : false
2024-01-24 00:24:16,211 [INFO] ADCParametersView:116 -                Rank 1 : false
2024-01-24 00:24:16,211 [INFO] ADCParametersView:116 -                Rank 1 : false
2024-01-24 00:24:16,211 [INFO] ADCParametersView:116 -                Rank 1 : false
2024-01-24 00:24:16,211 [INFO] ADCParametersView:116 -                Rank 1 : false
2024-01-24 00:24:16,211 [INFO] ADCParametersView:116 -                Rank 1 : false
2024-01-24 00:24:16,211 [INFO] ADCParametersView:116 -                Rank 1 : false
2024-01-24 00:24:16,211 [INFO] ADCParametersView:116 -                Rank 1 : false
2024-01-24 00:24:16,212 [INFO] ADCParametersView:116 -                Rank 1 : false
2024-01-24 00:24:16,212 [INFO] ADCParametersView:116 -                Rank 1 : false
2024-01-24 00:24:16,212 [INFO] ADCParametersView:116 -                Rank 1 : false
2024-01-24 00:24:16,212 [INFO] ADCParametersView:116 -                Rank 1 : false
2024-01-24 00:24:16,212 [INFO] ADCParametersView:116 -                Rank 1 : false
2024-01-24 00:24:16,212 [INFO] ADCParametersView:116 -                Rank 1 : false
2024-01-24 00:24:16,212 [INFO] ADCParametersView:116 -                Rank 1 : false
2024-01-24 00:24:16,212 [INFO] ADCParametersView:116 -                Rank 1 : false
2024-01-24 00:24:16,212 [INFO] ADCParametersView:116 -                Rank 1 : false
2024-01-24 00:24:16,212 [INFO] ADCParametersView:116 -                Rank 1 : false
2024-01-24 00:24:16,241 [INFO] ADCParametersView:116 -                Rank 1 : false
2024-01-24 00:24:20,818 [INFO] UtilMem:75 - End SaveConfig() Used Memory: 624126072 Bytes (1073741824)
2024-01-24 00:24:22,380 [INFO] UtilMem:75 - End SaveConfig() Used Memory: 640903288 Bytes (1073741824)
2024-01-24 00:24:24,858 [INFO] UtilMem:75 - End SaveConfig() Used Memory: 671838328 Bytes (1073741824)
2024-01-24 00:24:25,217 [INFO] BlockDiagram:2759 - set Specific Code input for plugin: NVIC
2024-01-24 00:24:25,217 [INFO] BlockDiagram:2759 - set Specific Code input for plugin: USART
2024-01-24 00:24:25,217 [INFO] BlockDiagram:2759 - set Specific Code input for plugin: SYS
2024-01-24 00:24:25,217 [INFO] BlockDiagram:2759 - set Specific Code input for plugin: GPIO
2024-01-24 00:24:25,217 [INFO] BlockDiagram:2759 - set Specific Code input for plugin: ADC
2024-01-24 00:24:25,217 [INFO] BlockDiagram:2759 - set Specific Code input for plugin: RCC
2024-01-24 00:24:25,217 [INFO] BlockDiagram:2759 - set Specific Code input for plugin: I2C
2024-01-24 00:24:25,218 [INFO] CodeGenerator:807 - code generatio: config db path: C:\ST\STM32CubeIDE_1.14.0\STM32CubeIDE\plugins\com.st.stm32cube.common.mx_6.10.0.202311202037\\db\
2024-01-24 00:24:25,338 [INFO] CodeEngine:255 - oldGeneratedFile, C:\Users\salma\OneDrive\Desktop\Capstone\Code\bme680\bme680\MXTmpFiles\license.tmp_save
2024-01-24 00:24:25,425 [INFO] CodeEngine:279 - Generated code: C:\Users\salma\OneDrive\Desktop\Capstone\Code\bme680\bme680\MXTmpFiles\license.tmp
2024-01-24 00:24:25,457 [INFO] CodeEngine:255 - oldGeneratedFile, C:\Users\salma\OneDrive\Desktop\Capstone\Code\bme680\bme680\MXTmpFiles\gpio.tmp_save
2024-01-24 00:24:25,550 [INFO] CodeEngine:279 - Generated code: C:\Users\salma\OneDrive\Desktop\Capstone\Code\bme680\bme680\MXTmpFiles\gpio.tmp
2024-01-24 00:24:25,747 [INFO] CodeEngine:255 - oldGeneratedFile, C:\Users\salma\OneDrive\Desktop\Capstone\Code\bme680\bme680\Core\Src\stm32l4xx_it.c_save
2024-01-24 00:24:25,959 [INFO] CodeEngine:279 - Generated code: C:\Users\salma\OneDrive\Desktop\Capstone\Code\bme680\bme680\Core\Src\stm32l4xx_it.c
2024-01-24 00:24:25,968 [INFO] CodeEngine:255 - oldGeneratedFile, C:\Users\salma\OneDrive\Desktop\Capstone\Code\bme680\bme680\Core\Inc\stm32l4xx_it.h_save
2024-01-24 00:24:26,049 [INFO] CodeEngine:279 - Generated code: C:\Users\salma\OneDrive\Desktop\Capstone\Code\bme680\bme680\Core\Inc\stm32l4xx_it.h
2024-01-24 00:24:26,078 [INFO] CodeEngine:255 - oldGeneratedFile, C:\Users\salma\OneDrive\Desktop\Capstone\Code\bme680\bme680\Core\Src\stm32l4xx_hal_msp.c_save
2024-01-24 00:24:26,223 [INFO] CodeEngine:279 - Generated code: C:\Users\salma\OneDrive\Desktop\Capstone\Code\bme680\bme680\Core\Src\stm32l4xx_hal_msp.c
2024-01-24 00:24:26,236 [INFO] CodeEngine:255 - oldGeneratedFile, C:\Users\salma\OneDrive\Desktop\Capstone\Code\bme680\bme680\MXTmpFiles\system.tmp_save
2024-01-24 00:24:26,300 [INFO] CodeEngine:279 - Generated code: C:\Users\salma\OneDrive\Desktop\Capstone\Code\bme680\bme680\MXTmpFiles\system.tmp
2024-01-24 00:24:26,324 [INFO] CodeEngine:311 - oldGeneratedFile, C:\Users\salma\OneDrive\Desktop\Capstone\Code\bme680\bme680\Core\Inc\stm32l4xx_hal_conf.h_save
2024-01-24 00:24:26,435 [INFO] CodeEngine:335 - Generated code: C:\Users\salma\OneDrive\Desktop\Capstone\Code\bme680\bme680\Core\Inc\stm32l4xx_hal_conf.h
2024-01-24 00:24:26,501 [INFO] CodeEngine:255 - oldGeneratedFile, C:\Users\salma\OneDrive\Desktop\Capstone\Code\bme680\bme680\Core\Inc\main.h_save
2024-01-24 00:24:26,578 [INFO] CodeEngine:279 - Generated code: C:\Users\salma\OneDrive\Desktop\Capstone\Code\bme680\bme680\Core\Inc\main.h
2024-01-24 00:24:26,593 [INFO] CodeEngine:255 - oldGeneratedFile, C:\Users\salma\OneDrive\Desktop\Capstone\Code\bme680\bme680\Core\Src\main.c_save
2024-01-24 00:24:26,727 [INFO] CodeEngine:279 - Generated code: C:\Users\salma\OneDrive\Desktop\Capstone\Code\bme680\bme680\Core\Src\main.c
2024-01-24 00:24:27,414 [INFO] ProjectBuilder:3076 - Time for Copy HAL[1] : 271mS.
2024-01-24 00:24:27,420 [INFO] ProjectBuilder:4485 - Project Generator version: 4.2.0-B44
2024-01-24 00:24:27,680 [INFO] ConfigFileManager:1495 - The Die is : DIE435
2024-01-24 00:24:28,983 [INFO] ProjectBuilder:4747 - Time for Generating toolchain IDE Files: 1563mS.
2024-01-24 00:24:28,984 [INFO] ProjectBuilder:2947 - Time for Copy CMSIS : 1mS.
2024-01-24 00:24:28,986 [INFO] ProjectBuilder:2947 - Time for Copy CMSIS : 0mS.
2024-01-24 01:00:12,075 [INFO] ADCParametersView:116 -                Rank 1 : false
2024-01-24 01:00:12,075 [INFO] ADCParametersView:116 -                Rank 1 : false
2024-01-24 01:00:12,075 [INFO] ADCParametersView:116 -                Rank 1 : false
2024-01-24 01:00:12,075 [INFO] ADCParametersView:116 -                Rank 1 : false
2024-01-24 01:00:12,075 [INFO] ADCParametersView:116 -                Rank 1 : false
2024-01-24 01:00:12,075 [INFO] ADCParametersView:116 -                Rank 1 : false
2024-01-24 01:00:12,075 [INFO] ADCParametersView:116 -                Rank 1 : false
2024-01-24 01:00:12,075 [INFO] ADCParametersView:116 -                Rank 1 : false
2024-01-24 01:00:12,075 [INFO] ADCParametersView:116 -                Rank 1 : false
2024-01-24 01:00:12,076 [INFO] ADCParametersView:116 -                Rank 1 : false
2024-01-24 01:00:12,076 [INFO] ADCParametersView:116 -                Rank 1 : false
2024-01-24 01:00:12,076 [INFO] ADCParametersView:116 -                Rank 1 : false
2024-01-24 01:00:12,076 [INFO] ADCParametersView:116 -                Rank 1 : false
2024-01-24 01:00:12,076 [INFO] ADCParametersView:116 -                Rank 1 : false
2024-01-24 01:00:12,076 [INFO] ADCParametersView:116 -                Rank 1 : false
2024-01-24 01:00:12,076 [INFO] ADCParametersView:116 -                Rank 1 : false
2024-01-24 01:00:12,076 [INFO] ADCParametersView:116 -                Rank 1 : false
2024-01-24 01:00:12,076 [INFO] ADCParametersView:116 -                Rank 1 : false
2024-01-24 01:00:12,076 [INFO] ADCParametersView:116 -                Rank 1 : false
2024-01-24 01:00:12,112 [INFO] ADCParametersView:116 -                Rank 1 : false
2024-01-24 01:00:12,170 [INFO] ADCParametersView:116 -                Rank 1 : false
2024-01-24 01:00:12,172 [INFO] ADCParametersView:116 -                Rank 1 : false
2024-01-24 01:00:12,172 [INFO] ADCParametersView:116 -                Rank 1 : false
2024-01-24 01:00:12,172 [INFO] ADCParametersView:116 -                Rank 1 : false
2024-01-24 01:00:12,172 [INFO] ADCParametersView:116 -                Rank 1 : false
2024-01-24 01:00:12,172 [INFO] ADCParametersView:116 -                Rank 1 : false
2024-01-24 01:00:12,172 [INFO] ADCParametersView:116 -                Rank 1 : false
2024-01-24 01:00:12,172 [INFO] ADCParametersView:116 -                Rank 1 : false
2024-01-24 01:00:12,172 [INFO] ADCParametersView:116 -                Rank 1 : false
2024-01-24 01:00:12,172 [INFO] ADCParametersView:116 -                Rank 1 : false
2024-01-24 01:00:12,172 [INFO] ADCParametersView:116 -                Rank 1 : false
2024-01-24 01:00:12,172 [INFO] ADCParametersView:116 -                Rank 1 : false
2024-01-24 01:00:12,172 [INFO] ADCParametersView:116 -                Rank 1 : false
2024-01-24 01:00:12,172 [INFO] ADCParametersView:116 -                Rank 1 : false
2024-01-24 01:00:12,172 [INFO] ADCParametersView:116 -                Rank 1 : false
2024-01-24 01:00:12,172 [INFO] ADCParametersView:116 -                Rank 1 : false
2024-01-24 01:00:12,172 [INFO] ADCParametersView:116 -                Rank 1 : false
2024-01-24 01:00:12,172 [INFO] ADCParametersView:116 -                Rank 1 : false
2024-01-24 01:00:12,172 [INFO] ADCParametersView:116 -                Rank 1 : false
2024-01-24 01:00:12,207 [INFO] ADCParametersView:116 -                Rank 1 : false
2024-01-24 01:00:12,505 [INFO] ADCParametersView:116 -                Rank 1 : false
2024-01-24 01:00:12,506 [INFO] ADCParametersView:116 -                Rank 1 : false
2024-01-24 01:00:12,506 [INFO] ADCParametersView:116 -                Rank 1 : false
2024-01-24 01:00:12,506 [INFO] ADCParametersView:116 -                Rank 1 : false
2024-01-24 01:00:12,506 [INFO] ADCParametersView:116 -                Rank 1 : false
2024-01-24 01:00:12,506 [INFO] ADCParametersView:116 -                Rank 1 : false
2024-01-24 01:00:12,506 [INFO] ADCParametersView:116 -                Rank 1 : false
2024-01-24 01:00:12,507 [INFO] ADCParametersView:116 -                Rank 1 : false
2024-01-24 01:00:12,507 [INFO] ADCParametersView:116 -                Rank 1 : false
2024-01-24 01:00:12,507 [INFO] ADCParametersView:116 -                Rank 1 : false
2024-01-24 01:00:12,507 [INFO] ADCParametersView:116 -                Rank 1 : false
2024-01-24 01:00:12,507 [INFO] ADCParametersView:116 -                Rank 1 : false
2024-01-24 01:00:12,508 [INFO] ADCParametersView:116 -                Rank 1 : false
2024-01-24 01:00:12,508 [INFO] ADCParametersView:116 -                Rank 1 : false
2024-01-24 01:00:12,508 [INFO] ADCParametersView:116 -                Rank 1 : false
2024-01-24 01:00:12,508 [INFO] ADCParametersView:116 -                Rank 1 : false
2024-01-24 01:00:12,508 [INFO] ADCParametersView:116 -                Rank 1 : false
2024-01-24 01:00:12,508 [INFO] ADCParametersView:116 -                Rank 1 : false
2024-01-24 01:00:12,508 [INFO] ADCParametersView:116 -                Rank 1 : false
2024-01-24 01:00:12,563 [INFO] ADCParametersView:116 -                Rank 1 : false
2024-01-24 01:00:12,625 [INFO] ADCParametersView:116 -                Rank 1 : false
2024-01-24 01:00:12,625 [INFO] ADCParametersView:116 -                Rank 1 : false
2024-01-24 01:00:12,625 [INFO] ADCParametersView:116 -                Rank 1 : false
2024-01-24 01:00:12,625 [INFO] ADCParametersView:116 -                Rank 1 : false
2024-01-24 01:00:12,626 [INFO] ADCParametersView:116 -                Rank 1 : false
2024-01-24 01:00:12,626 [INFO] ADCParametersView:116 -                Rank 1 : false
2024-01-24 01:00:12,626 [INFO] ADCParametersView:116 -                Rank 1 : false
2024-01-24 01:00:12,626 [INFO] ADCParametersView:116 -                Rank 1 : false
2024-01-24 01:00:12,626 [INFO] ADCParametersView:116 -                Rank 1 : false
2024-01-24 01:00:12,626 [INFO] ADCParametersView:116 -                Rank 1 : false
2024-01-24 01:00:12,626 [INFO] ADCParametersView:116 -                Rank 1 : false
2024-01-24 01:00:12,626 [INFO] ADCParametersView:116 -                Rank 1 : false
2024-01-24 01:00:12,626 [INFO] ADCParametersView:116 -                Rank 1 : false
2024-01-24 01:00:12,626 [INFO] ADCParametersView:116 -                Rank 1 : false
2024-01-24 01:00:12,626 [INFO] ADCParametersView:116 -                Rank 1 : false
2024-01-24 01:00:12,626 [INFO] ADCParametersView:116 -                Rank 1 : false
2024-01-24 01:00:12,626 [INFO] ADCParametersView:116 -                Rank 1 : false
2024-01-24 01:00:12,626 [INFO] ADCParametersView:116 -                Rank 1 : false
2024-01-24 01:00:12,626 [INFO] ADCParametersView:116 -                Rank 1 : false
2024-01-24 01:00:12,668 [INFO] ADCParametersView:116 -                Rank 1 : false
2024-01-24 01:00:14,555 [INFO] UtilMem:75 - End SaveConfig() Used Memory: 898890032 Bytes (1073741824)
2024-01-24 01:00:15,870 [INFO] UtilMem:75 - End SaveConfig() Used Memory: 921958704 Bytes (1073741824)
2024-01-24 01:00:17,784 [INFO] UtilMem:75 - End SaveConfig() Used Memory: 631739392 Bytes (1073741824)
2024-01-24 01:00:18,195 [INFO] BlockDiagram:2759 - set Specific Code input for plugin: NVIC
2024-01-24 01:00:18,196 [INFO] BlockDiagram:2759 - set Specific Code input for plugin: USART
2024-01-24 01:00:18,196 [INFO] BlockDiagram:2759 - set Specific Code input for plugin: SYS
2024-01-24 01:00:18,196 [INFO] BlockDiagram:2759 - set Specific Code input for plugin: GPIO
2024-01-24 01:00:18,196 [INFO] BlockDiagram:2759 - set Specific Code input for plugin: ADC
2024-01-24 01:00:18,196 [INFO] BlockDiagram:2759 - set Specific Code input for plugin: RCC
2024-01-24 01:00:18,196 [INFO] BlockDiagram:2759 - set Specific Code input for plugin: I2C
2024-01-24 01:00:18,198 [INFO] CodeGenerator:807 - code generatio: config db path: C:\ST\STM32CubeIDE_1.14.0\STM32CubeIDE\plugins\com.st.stm32cube.common.mx_6.10.0.202311202037\\db\
2024-01-24 01:00:18,359 [INFO] CodeEngine:255 - oldGeneratedFile, C:\Users\salma\OneDrive\Desktop\Capstone\Code\bme680\bme680\MXTmpFiles\license.tmp_save
2024-01-24 01:00:18,521 [INFO] CodeEngine:279 - Generated code: C:\Users\salma\OneDrive\Desktop\Capstone\Code\bme680\bme680\MXTmpFiles\license.tmp
2024-01-24 01:00:18,565 [INFO] CodeEngine:255 - oldGeneratedFile, C:\Users\salma\OneDrive\Desktop\Capstone\Code\bme680\bme680\MXTmpFiles\gpio.tmp_save
2024-01-24 01:00:18,710 [INFO] CodeEngine:279 - Generated code: C:\Users\salma\OneDrive\Desktop\Capstone\Code\bme680\bme680\MXTmpFiles\gpio.tmp
2024-01-24 01:00:18,973 [INFO] CodeEngine:255 - oldGeneratedFile, C:\Users\salma\OneDrive\Desktop\Capstone\Code\bme680\bme680\Core\Src\stm32l4xx_it.c_save
2024-01-24 01:00:19,165 [INFO] CodeEngine:279 - Generated code: C:\Users\salma\OneDrive\Desktop\Capstone\Code\bme680\bme680\Core\Src\stm32l4xx_it.c
2024-01-24 01:00:19,174 [INFO] CodeEngine:255 - oldGeneratedFile, C:\Users\salma\OneDrive\Desktop\Capstone\Code\bme680\bme680\Core\Inc\stm32l4xx_it.h_save
2024-01-24 01:00:19,261 [INFO] CodeEngine:279 - Generated code: C:\Users\salma\OneDrive\Desktop\Capstone\Code\bme680\bme680\Core\Inc\stm32l4xx_it.h
2024-01-24 01:00:19,289 [INFO] CodeEngine:255 - oldGeneratedFile, C:\Users\salma\OneDrive\Desktop\Capstone\Code\bme680\bme680\Core\Src\stm32l4xx_hal_msp.c_save
2024-01-24 01:00:19,473 [INFO] CodeEngine:279 - Generated code: C:\Users\salma\OneDrive\Desktop\Capstone\Code\bme680\bme680\Core\Src\stm32l4xx_hal_msp.c
2024-01-24 01:00:19,482 [INFO] CodeEngine:255 - oldGeneratedFile, C:\Users\salma\OneDrive\Desktop\Capstone\Code\bme680\bme680\MXTmpFiles\system.tmp_save
2024-01-24 01:00:19,566 [INFO] CodeEngine:279 - Generated code: C:\Users\salma\OneDrive\Desktop\Capstone\Code\bme680\bme680\MXTmpFiles\system.tmp
2024-01-24 01:00:19,596 [INFO] CodeEngine:311 - oldGeneratedFile, C:\Users\salma\OneDrive\Desktop\Capstone\Code\bme680\bme680\Core\Inc\stm32l4xx_hal_conf.h_save
2024-01-24 01:00:19,726 [INFO] CodeEngine:335 - Generated code: C:\Users\salma\OneDrive\Desktop\Capstone\Code\bme680\bme680\Core\Inc\stm32l4xx_hal_conf.h
2024-01-24 01:00:19,790 [INFO] CodeEngine:255 - oldGeneratedFile, C:\Users\salma\OneDrive\Desktop\Capstone\Code\bme680\bme680\Core\Inc\main.h_save
2024-01-24 01:00:19,916 [INFO] CodeEngine:279 - Generated code: C:\Users\salma\OneDrive\Desktop\Capstone\Code\bme680\bme680\Core\Inc\main.h
2024-01-24 01:00:19,960 [INFO] CodeEngine:255 - oldGeneratedFile, C:\Users\salma\OneDrive\Desktop\Capstone\Code\bme680\bme680\Core\Src\main.c_save
2024-01-24 01:00:20,141 [INFO] CodeEngine:279 - Generated code: C:\Users\salma\OneDrive\Desktop\Capstone\Code\bme680\bme680\Core\Src\main.c
2024-01-24 01:00:20,887 [INFO] ProjectBuilder:3076 - Time for Copy HAL[1] : 234mS.
2024-01-24 01:00:20,891 [INFO] ProjectBuilder:4485 - Project Generator version: 4.2.0-B44
2024-01-24 01:00:21,169 [INFO] ConfigFileManager:1495 - The Die is : DIE435
2024-01-24 01:00:22,755 [INFO] ProjectBuilder:4747 - Time for Generating toolchain IDE Files: 1864mS.
2024-01-24 01:00:22,756 [INFO] ProjectBuilder:2947 - Time for Copy CMSIS : 0mS.
2024-01-24 01:00:22,759 [INFO] ProjectBuilder:2947 - Time for Copy CMSIS : 0mS.
2024-01-24 01:03:51,348 [INFO] ADCParametersView:116 -                Rank 1 : false
2024-01-24 01:03:51,348 [INFO] ADCParametersView:116 -                Rank 1 : false
2024-01-24 01:03:51,348 [INFO] ADCParametersView:116 -                Rank 1 : false
2024-01-24 01:03:51,348 [INFO] ADCParametersView:116 -                Rank 1 : false
2024-01-24 01:03:51,348 [INFO] ADCParametersView:116 -                Rank 1 : false
2024-01-24 01:03:51,348 [INFO] ADCParametersView:116 -                Rank 1 : false
2024-01-24 01:03:51,349 [INFO] ADCParametersView:116 -                Rank 1 : false
2024-01-24 01:03:51,349 [INFO] ADCParametersView:116 -                Rank 1 : false
2024-01-24 01:03:51,349 [INFO] ADCParametersView:116 -                Rank 1 : false
2024-01-24 01:03:51,349 [INFO] ADCParametersView:116 -                Rank 1 : false
2024-01-24 01:03:51,349 [INFO] ADCParametersView:116 -                Rank 1 : false
2024-01-24 01:03:51,349 [INFO] ADCParametersView:116 -                Rank 1 : false
2024-01-24 01:03:51,349 [INFO] ADCParametersView:116 -                Rank 1 : false
2024-01-24 01:03:51,349 [INFO] ADCParametersView:116 -                Rank 1 : false
2024-01-24 01:03:51,349 [INFO] ADCParametersView:116 -                Rank 1 : false
2024-01-24 01:03:51,349 [INFO] ADCParametersView:116 -                Rank 1 : false
2024-01-24 01:03:51,349 [INFO] ADCParametersView:116 -                Rank 1 : false
2024-01-24 01:03:51,349 [INFO] ADCParametersView:116 -                Rank 1 : false
2024-01-24 01:03:51,349 [INFO] ADCParametersView:116 -                Rank 1 : false
2024-01-24 01:03:51,393 [INFO] ADCParametersView:116 -                Rank 1 : false
2024-01-24 01:03:51,447 [INFO] ADCParametersView:116 -                Rank 1 : false
2024-01-24 01:03:51,447 [INFO] ADCParametersView:116 -                Rank 1 : false
2024-01-24 01:03:51,447 [INFO] ADCParametersView:116 -                Rank 1 : false
2024-01-24 01:03:51,447 [INFO] ADCParametersView:116 -                Rank 1 : false
2024-01-24 01:03:51,447 [INFO] ADCParametersView:116 -                Rank 1 : false
2024-01-24 01:03:51,447 [INFO] ADCParametersView:116 -                Rank 1 : false
2024-01-24 01:03:51,447 [INFO] ADCParametersView:116 -                Rank 1 : false
2024-01-24 01:03:51,447 [INFO] ADCParametersView:116 -                Rank 1 : false
2024-01-24 01:03:51,447 [INFO] ADCParametersView:116 -                Rank 1 : false
2024-01-24 01:03:51,447 [INFO] ADCParametersView:116 -                Rank 1 : false
2024-01-24 01:03:51,447 [INFO] ADCParametersView:116 -                Rank 1 : false
2024-01-24 01:03:51,447 [INFO] ADCParametersView:116 -                Rank 1 : false
2024-01-24 01:03:51,447 [INFO] ADCParametersView:116 -                Rank 1 : false
2024-01-24 01:03:51,447 [INFO] ADCParametersView:116 -                Rank 1 : false
2024-01-24 01:03:51,448 [INFO] ADCParametersView:116 -                Rank 1 : false
2024-01-24 01:03:51,448 [INFO] ADCParametersView:116 -                Rank 1 : false
2024-01-24 01:03:51,448 [INFO] ADCParametersView:116 -                Rank 1 : false
2024-01-24 01:03:51,448 [INFO] ADCParametersView:116 -                Rank 1 : false
2024-01-24 01:03:51,448 [INFO] ADCParametersView:116 -                Rank 1 : false
2024-01-24 01:03:51,490 [INFO] ADCParametersView:116 -                Rank 1 : false
2024-01-24 01:03:51,753 [INFO] ADCParametersView:116 -                Rank 1 : false
2024-01-24 01:03:51,753 [INFO] ADCParametersView:116 -                Rank 1 : false
2024-01-24 01:03:51,753 [INFO] ADCParametersView:116 -                Rank 1 : false
2024-01-24 01:03:51,753 [INFO] ADCParametersView:116 -                Rank 1 : false
2024-01-24 01:03:51,754 [INFO] ADCParametersView:116 -                Rank 1 : false
2024-01-24 01:03:51,754 [INFO] ADCParametersView:116 -                Rank 1 : false
2024-01-24 01:03:51,754 [INFO] ADCParametersView:116 -                Rank 1 : false
2024-01-24 01:03:51,754 [INFO] ADCParametersView:116 -                Rank 1 : false
2024-01-24 01:03:51,754 [INFO] ADCParametersView:116 -                Rank 1 : false
2024-01-24 01:03:51,754 [INFO] ADCParametersView:116 -                Rank 1 : false
2024-01-24 01:03:51,754 [INFO] ADCParametersView:116 -                Rank 1 : false
2024-01-24 01:03:51,754 [INFO] ADCParametersView:116 -                Rank 1 : false
2024-01-24 01:03:51,754 [INFO] ADCParametersView:116 -                Rank 1 : false
2024-01-24 01:03:51,754 [INFO] ADCParametersView:116 -                Rank 1 : false
2024-01-24 01:03:51,754 [INFO] ADCParametersView:116 -                Rank 1 : false
2024-01-24 01:03:51,754 [INFO] ADCParametersView:116 -                Rank 1 : false
2024-01-24 01:03:51,754 [INFO] ADCParametersView:116 -                Rank 1 : false
2024-01-24 01:03:51,754 [INFO] ADCParametersView:116 -                Rank 1 : false
2024-01-24 01:03:51,754 [INFO] ADCParametersView:116 -                Rank 1 : false
2024-01-24 01:03:51,788 [INFO] ADCParametersView:116 -                Rank 1 : false
2024-01-24 01:03:51,830 [INFO] ADCParametersView:116 -                Rank 1 : false
2024-01-24 01:03:51,831 [INFO] ADCParametersView:116 -                Rank 1 : false
2024-01-24 01:03:51,831 [INFO] ADCParametersView:116 -                Rank 1 : false
2024-01-24 01:03:51,831 [INFO] ADCParametersView:116 -                Rank 1 : false
2024-01-24 01:03:51,831 [INFO] ADCParametersView:116 -                Rank 1 : false
2024-01-24 01:03:51,831 [INFO] ADCParametersView:116 -                Rank 1 : false
2024-01-24 01:03:51,831 [INFO] ADCParametersView:116 -                Rank 1 : false
2024-01-24 01:03:51,831 [INFO] ADCParametersView:116 -                Rank 1 : false
2024-01-24 01:03:51,831 [INFO] ADCParametersView:116 -                Rank 1 : false
2024-01-24 01:03:51,831 [INFO] ADCParametersView:116 -                Rank 1 : false
2024-01-24 01:03:51,831 [INFO] ADCParametersView:116 -                Rank 1 : false
2024-01-24 01:03:51,831 [INFO] ADCParametersView:116 -                Rank 1 : false
2024-01-24 01:03:51,831 [INFO] ADCParametersView:116 -                Rank 1 : false
2024-01-24 01:03:51,831 [INFO] ADCParametersView:116 -                Rank 1 : false
2024-01-24 01:03:51,831 [INFO] ADCParametersView:116 -                Rank 1 : false
2024-01-24 01:03:51,831 [INFO] ADCParametersView:116 -                Rank 1 : false
2024-01-24 01:03:51,831 [INFO] ADCParametersView:116 -                Rank 1 : false
2024-01-24 01:03:51,831 [INFO] ADCParametersView:116 -                Rank 1 : false
2024-01-24 01:03:51,831 [INFO] ADCParametersView:116 -                Rank 1 : false
2024-01-24 01:03:51,863 [INFO] ADCParametersView:116 -                Rank 1 : false
2024-01-24 01:03:56,050 [INFO] ADCParametersView:116 -                Rank 1 : false
2024-01-24 01:03:56,051 [INFO] ADCParametersView:116 -                Rank 1 : false
2024-01-24 01:03:56,051 [INFO] ADCParametersView:116 -                Rank 1 : false
2024-01-24 01:03:56,051 [INFO] ADCParametersView:116 -                Rank 1 : false
2024-01-24 01:03:56,051 [INFO] ADCParametersView:116 -                Rank 1 : false
2024-01-24 01:03:56,051 [INFO] ADCParametersView:116 -                Rank 1 : false
2024-01-24 01:03:56,051 [INFO] ADCParametersView:116 -                Rank 1 : false
2024-01-24 01:03:56,051 [INFO] ADCParametersView:116 -                Rank 1 : false
2024-01-24 01:03:56,051 [INFO] ADCParametersView:116 -                Rank 1 : false
2024-01-24 01:03:56,051 [INFO] ADCParametersView:116 -                Rank 1 : false
2024-01-24 01:03:56,051 [INFO] ADCParametersView:116 -                Rank 1 : false
2024-01-24 01:03:56,051 [INFO] ADCParametersView:116 -                Rank 1 : false
2024-01-24 01:03:56,051 [INFO] ADCParametersView:116 -                Rank 1 : false
2024-01-24 01:03:56,051 [INFO] ADCParametersView:116 -                Rank 1 : false
2024-01-24 01:03:56,051 [INFO] ADCParametersView:116 -                Rank 1 : false
2024-01-24 01:03:56,051 [INFO] ADCParametersView:116 -                Rank 1 : false
2024-01-24 01:03:56,052 [INFO] ADCParametersView:116 -                Rank 1 : false
2024-01-24 01:03:56,052 [INFO] ADCParametersView:116 -                Rank 1 : false
2024-01-24 01:03:56,052 [INFO] ADCParametersView:116 -                Rank 1 : false
2024-01-24 01:03:56,080 [INFO] ADCParametersView:116 -                Rank 1 : false
2024-01-24 01:03:56,123 [INFO] ADCParametersView:116 -                Rank 1 : false
2024-01-24 01:03:56,124 [INFO] ADCParametersView:116 -                Rank 1 : false
2024-01-24 01:03:56,124 [INFO] ADCParametersView:116 -                Rank 1 : false
2024-01-24 01:03:56,124 [INFO] ADCParametersView:116 -                Rank 1 : false
2024-01-24 01:03:56,124 [INFO] ADCParametersView:116 -                Rank 1 : false
2024-01-24 01:03:56,124 [INFO] ADCParametersView:116 -                Rank 1 : false
2024-01-24 01:03:56,124 [INFO] ADCParametersView:116 -                Rank 1 : false
2024-01-24 01:03:56,124 [INFO] ADCParametersView:116 -                Rank 1 : false
2024-01-24 01:03:56,124 [INFO] ADCParametersView:116 -                Rank 1 : false
2024-01-24 01:03:56,124 [INFO] ADCParametersView:116 -                Rank 1 : false
2024-01-24 01:03:56,124 [INFO] ADCParametersView:116 -                Rank 1 : false
2024-01-24 01:03:56,124 [INFO] ADCParametersView:116 -                Rank 1 : false
2024-01-24 01:03:56,124 [INFO] ADCParametersView:116 -                Rank 1 : false
2024-01-24 01:03:56,124 [INFO] ADCParametersView:116 -                Rank 1 : false
2024-01-24 01:03:56,124 [INFO] ADCParametersView:116 -                Rank 1 : false
2024-01-24 01:03:56,124 [INFO] ADCParametersView:116 -                Rank 1 : false
2024-01-24 01:03:56,124 [INFO] ADCParametersView:116 -                Rank 1 : false
2024-01-24 01:03:56,124 [INFO] ADCParametersView:116 -                Rank 1 : false
2024-01-24 01:03:56,124 [INFO] ADCParametersView:116 -                Rank 1 : false
2024-01-24 01:03:56,159 [INFO] ADCParametersView:116 -                Rank 1 : false
2024-01-24 01:03:56,389 [INFO] ADCParametersView:116 -                Rank 1 : false
2024-01-24 01:03:56,390 [INFO] ADCParametersView:116 -                Rank 1 : false
2024-01-24 01:03:56,390 [INFO] ADCParametersView:116 -                Rank 1 : false
2024-01-24 01:03:56,390 [INFO] ADCParametersView:116 -                Rank 1 : false
2024-01-24 01:03:56,390 [INFO] ADCParametersView:116 -                Rank 1 : false
2024-01-24 01:03:56,390 [INFO] ADCParametersView:116 -                Rank 1 : false
2024-01-24 01:03:56,390 [INFO] ADCParametersView:116 -                Rank 1 : false
2024-01-24 01:03:56,390 [INFO] ADCParametersView:116 -                Rank 1 : false
2024-01-24 01:03:56,390 [INFO] ADCParametersView:116 -                Rank 1 : false
2024-01-24 01:03:56,390 [INFO] ADCParametersView:116 -                Rank 1 : false
2024-01-24 01:03:56,390 [INFO] ADCParametersView:116 -                Rank 1 : false
2024-01-24 01:03:56,390 [INFO] ADCParametersView:116 -                Rank 1 : false
2024-01-24 01:03:56,390 [INFO] ADCParametersView:116 -                Rank 1 : false
2024-01-24 01:03:56,390 [INFO] ADCParametersView:116 -                Rank 1 : false
2024-01-24 01:03:56,390 [INFO] ADCParametersView:116 -                Rank 1 : false
2024-01-24 01:03:56,390 [INFO] ADCParametersView:116 -                Rank 1 : false
2024-01-24 01:03:56,390 [INFO] ADCParametersView:116 -                Rank 1 : false
2024-01-24 01:03:56,390 [INFO] ADCParametersView:116 -                Rank 1 : false
2024-01-24 01:03:56,390 [INFO] ADCParametersView:116 -                Rank 1 : false
2024-01-24 01:03:56,425 [INFO] ADCParametersView:116 -                Rank 1 : false
2024-01-24 01:03:56,467 [INFO] ADCParametersView:116 -                Rank 1 : false
2024-01-24 01:03:56,467 [INFO] ADCParametersView:116 -                Rank 1 : false
2024-01-24 01:03:56,467 [INFO] ADCParametersView:116 -                Rank 1 : false
2024-01-24 01:03:56,467 [INFO] ADCParametersView:116 -                Rank 1 : false
2024-01-24 01:03:56,467 [INFO] ADCParametersView:116 -                Rank 1 : false
2024-01-24 01:03:56,467 [INFO] ADCParametersView:116 -                Rank 1 : false
2024-01-24 01:03:56,467 [INFO] ADCParametersView:116 -                Rank 1 : false
2024-01-24 01:03:56,467 [INFO] ADCParametersView:116 -                Rank 1 : false
2024-01-24 01:03:56,467 [INFO] ADCParametersView:116 -                Rank 1 : false
2024-01-24 01:03:56,467 [INFO] ADCParametersView:116 -                Rank 1 : false
2024-01-24 01:03:56,467 [INFO] ADCParametersView:116 -                Rank 1 : false
2024-01-24 01:03:56,467 [INFO] ADCParametersView:116 -                Rank 1 : false
2024-01-24 01:03:56,467 [INFO] ADCParametersView:116 -                Rank 1 : false
2024-01-24 01:03:56,467 [INFO] ADCParametersView:116 -                Rank 1 : false
2024-01-24 01:03:56,467 [INFO] ADCParametersView:116 -                Rank 1 : false
2024-01-24 01:03:56,468 [INFO] ADCParametersView:116 -                Rank 1 : false
2024-01-24 01:03:56,468 [INFO] ADCParametersView:116 -                Rank 1 : false
2024-01-24 01:03:56,468 [INFO] ADCParametersView:116 -                Rank 1 : false
2024-01-24 01:03:56,468 [INFO] ADCParametersView:116 -                Rank 1 : false
2024-01-24 01:03:56,521 [INFO] ADCParametersView:116 -                Rank 1 : false
2024-01-24 01:03:58,154 [INFO] UtilMem:75 - End SaveConfig() Used Memory: 611601920 Bytes (1073741824)
2024-01-24 01:03:59,284 [INFO] UtilMem:75 - End SaveConfig() Used Memory: 637294080 Bytes (1073741824)
2024-01-24 01:04:02,389 [INFO] UtilMem:75 - End SaveConfig() Used Memory: 643424728 Bytes (1073741824)
2024-01-24 01:04:02,781 [INFO] BlockDiagram:2759 - set Specific Code input for plugin: NVIC
2024-01-24 01:04:02,782 [INFO] BlockDiagram:2759 - set Specific Code input for plugin: USART
2024-01-24 01:04:02,782 [INFO] BlockDiagram:2759 - set Specific Code input for plugin: SYS
2024-01-24 01:04:02,782 [INFO] BlockDiagram:2759 - set Specific Code input for plugin: GPIO
2024-01-24 01:04:02,782 [INFO] BlockDiagram:2759 - set Specific Code input for plugin: ADC
2024-01-24 01:04:02,782 [INFO] BlockDiagram:2759 - set Specific Code input for plugin: RCC
2024-01-24 01:04:02,782 [INFO] BlockDiagram:2759 - set Specific Code input for plugin: I2C
2024-01-24 01:04:02,784 [INFO] CodeGenerator:807 - code generatio: config db path: C:\ST\STM32CubeIDE_1.14.0\STM32CubeIDE\plugins\com.st.stm32cube.common.mx_6.10.0.202311202037\\db\
2024-01-24 01:04:02,938 [INFO] CodeEngine:255 - oldGeneratedFile, C:\Users\salma\OneDrive\Desktop\Capstone\Code\bme680\bme680\MXTmpFiles\license.tmp_save
2024-01-24 01:04:03,084 [INFO] CodeEngine:279 - Generated code: C:\Users\salma\OneDrive\Desktop\Capstone\Code\bme680\bme680\MXTmpFiles\license.tmp
2024-01-24 01:04:03,136 [INFO] CodeEngine:255 - oldGeneratedFile, C:\Users\salma\OneDrive\Desktop\Capstone\Code\bme680\bme680\MXTmpFiles\gpio.tmp_save
2024-01-24 01:04:03,247 [INFO] CodeEngine:279 - Generated code: C:\Users\salma\OneDrive\Desktop\Capstone\Code\bme680\bme680\MXTmpFiles\gpio.tmp
2024-01-24 01:04:03,423 [INFO] CodeEngine:255 - oldGeneratedFile, C:\Users\salma\OneDrive\Desktop\Capstone\Code\bme680\bme680\Core\Src\stm32l4xx_it.c_save
2024-01-24 01:04:03,520 [INFO] CodeEngine:279 - Generated code: C:\Users\salma\OneDrive\Desktop\Capstone\Code\bme680\bme680\Core\Src\stm32l4xx_it.c
2024-01-24 01:04:03,528 [INFO] CodeEngine:255 - oldGeneratedFile, C:\Users\salma\OneDrive\Desktop\Capstone\Code\bme680\bme680\Core\Inc\stm32l4xx_it.h_save
2024-01-24 01:04:03,605 [INFO] CodeEngine:279 - Generated code: C:\Users\salma\OneDrive\Desktop\Capstone\Code\bme680\bme680\Core\Inc\stm32l4xx_it.h
2024-01-24 01:04:03,633 [INFO] CodeEngine:255 - oldGeneratedFile, C:\Users\salma\OneDrive\Desktop\Capstone\Code\bme680\bme680\Core\Src\stm32l4xx_hal_msp.c_save
2024-01-24 01:04:03,763 [INFO] CodeEngine:279 - Generated code: C:\Users\salma\OneDrive\Desktop\Capstone\Code\bme680\bme680\Core\Src\stm32l4xx_hal_msp.c
2024-01-24 01:04:03,768 [INFO] CodeEngine:255 - oldGeneratedFile, C:\Users\salma\OneDrive\Desktop\Capstone\Code\bme680\bme680\MXTmpFiles\system.tmp_save
2024-01-24 01:04:03,827 [INFO] CodeEngine:279 - Generated code: C:\Users\salma\OneDrive\Desktop\Capstone\Code\bme680\bme680\MXTmpFiles\system.tmp
2024-01-24 01:04:03,850 [INFO] CodeEngine:311 - oldGeneratedFile, C:\Users\salma\OneDrive\Desktop\Capstone\Code\bme680\bme680\Core\Inc\stm32l4xx_hal_conf.h_save
2024-01-24 01:04:03,957 [INFO] CodeEngine:335 - Generated code: C:\Users\salma\OneDrive\Desktop\Capstone\Code\bme680\bme680\Core\Inc\stm32l4xx_hal_conf.h
2024-01-24 01:04:04,049 [INFO] CodeEngine:255 - oldGeneratedFile, C:\Users\salma\OneDrive\Desktop\Capstone\Code\bme680\bme680\Core\Inc\main.h_save
2024-01-24 01:04:04,130 [INFO] CodeEngine:279 - Generated code: C:\Users\salma\OneDrive\Desktop\Capstone\Code\bme680\bme680\Core\Inc\main.h
2024-01-24 01:04:04,145 [INFO] CodeEngine:255 - oldGeneratedFile, C:\Users\salma\OneDrive\Desktop\Capstone\Code\bme680\bme680\Core\Src\main.c_save
2024-01-24 01:04:04,303 [INFO] CodeEngine:279 - Generated code: C:\Users\salma\OneDrive\Desktop\Capstone\Code\bme680\bme680\Core\Src\main.c
2024-01-24 01:04:05,025 [INFO] ProjectBuilder:3076 - Time for Copy HAL[1] : 270mS.
2024-01-24 01:04:05,031 [INFO] ProjectBuilder:4485 - Project Generator version: 4.2.0-B44
2024-01-24 01:04:05,318 [INFO] ConfigFileManager:1495 - The Die is : DIE435
2024-01-24 01:04:06,741 [INFO] ProjectBuilder:4747 - Time for Generating toolchain IDE Files: 1710mS.
2024-01-24 01:04:06,743 [INFO] ProjectBuilder:2947 - Time for Copy CMSIS : 0mS.
2024-01-24 01:04:06,745 [INFO] ProjectBuilder:2947 - Time for Copy CMSIS : 0mS.
