2024-02-02 08:43:46,625 [INFO] Activator:176 - 


2024-02-02 08:43:46,634 [INFO] Activator:177 - !SESSION log4j initialized
2024-02-02 08:43:55,319 [INFO] LogOutputStream:77 - [STDOUT_REDIRECT] 
2024-02-02 08:43:58,041 [INFO] ApplicationProperties:184 - Using Application install path: C:\ST\STM32CubeIDE_1.14.0\STM32CubeIDE\plugins\com.st.stm32cube.common.mx_6.10.0.202311202037
2024-02-02 08:43:58,071 [INFO] DbMcusXml:78 - Set database path to: C:\ST\STM32CubeIDE_1.14.0\STM32CubeIDE\plugins\com.st.stm32cube.common.mx_6.10.0.202311202037\\db\/mcu/
2024-02-02 08:43:58,071 [INFO] ApiDb:274 - Set plugin database path to: C:\ST\STM32CubeIDE_1.14.0\STM32CubeIDE\plugins\com.st.stm32cube.common.mx_6.10.0.202311202037\\db\/plugins/boardmanager/
2024-02-02 08:43:58,072 [WARN] ApiDb:259 - Overriding images path with different value:  => C:\ST\STM32CubeIDE_1.14.0\STM32CubeIDE\plugins\com.st.stm32cube.common.mx_6.10.0.202311202037\\db\/plugins/mcufinder/images/
2024-02-02 08:43:58,088 [INFO] ApiDb:250 - Set database path to: C:\Users\salma\.stmcufinder\plugins\mcufinder//mcu/
2024-02-02 08:43:58,090 [INFO] DbMcusAds:125 - Set database path to: C:\Users\salma\.stmcufinder\plugins\mcufinder//mcu/
2024-02-02 08:43:58,094 [INFO] CrossReferenceDbSqlite:203 - Set database path to: C:\Users\salma\.stmcufinder\plugins\mcufinder//mcu/cs/
2024-02-02 08:43:58,275 [INFO] RulesReader:64 - Compatibility file has been processed (297 Rules)
2024-02-02 08:43:58,397 [INFO] DbMcusXml:78 - Set database path to: C:\ST\STM32CubeIDE_1.14.0\STM32CubeIDE\plugins\com.st.stm32cube.common.mx_6.10.0.202311202037\\db\/mcu/
2024-02-02 08:43:58,397 [INFO] ApiDb:274 - Set plugin database path to: C:\ST\STM32CubeIDE_1.14.0\STM32CubeIDE\plugins\com.st.stm32cube.common.mx_6.10.0.202311202037\\db\/plugins/boardmanager/
2024-02-02 08:43:58,397 [INFO] ApiDb:261 - Set plugin images path to: C:\ST\STM32CubeIDE_1.14.0\STM32CubeIDE\plugins\com.st.stm32cube.common.mx_6.10.0.202311202037\\db\/plugins/mcufinder/images/
2024-02-02 08:43:58,397 [WARN] DbFile:41 - Overriding database path with different value: C:\Users\salma\.stmcufinder\plugins\mcufinder/ => C:\Users\salma\.stmcufinder\plugins\mcufinder
2024-02-02 08:43:58,398 [INFO] ApiDb:250 - Set database path to: C:\Users\salma\.stmcufinder\plugins\mcufinder//mcu/
2024-02-02 08:43:58,398 [WARN] DbFile:41 - Overriding database path with different value: C:\Users\salma\.stmcufinder\plugins\mcufinder/ => C:\Users\salma\.stmcufinder\plugins\mcufinder
2024-02-02 08:43:58,398 [INFO] DbMcusAds:125 - Set database path to: C:\Users\salma\.stmcufinder\plugins\mcufinder//mcu/
2024-02-02 08:43:58,398 [WARN] DbFile:41 - Overriding database path with different value: C:\Users\salma\.stmcufinder\plugins\mcufinder/ => C:\Users\salma\.stmcufinder\plugins\mcufinder
2024-02-02 08:43:58,398 [WARN] DbFile:41 - Overriding database path with different value: C:\Users\salma\.stmcufinder\plugins\mcufinder/ => C:\Users\salma\.stmcufinder\plugins\mcufinder
2024-02-02 08:43:58,398 [INFO] CrossReferenceDbSqlite:203 - Set database path to: C:\Users\salma\.stmcufinder\plugins\mcufinder//mcu/cs/
2024-02-02 08:43:58,520 [INFO] MainPanel:264 - HeapMemory: 268435456
2024-02-02 08:43:58,681 [INFO] DbMcusXml:78 - Set database path to: C:\ST\STM32CubeIDE_1.14.0\STM32CubeIDE\plugins\com.st.stm32cube.common.mx_6.10.0.202311202037\\db\/mcu/
2024-02-02 08:43:58,683 [INFO] ApiDb:274 - Set plugin database path to: C:\ST\STM32CubeIDE_1.14.0\STM32CubeIDE\plugins\com.st.stm32cube.common.mx_6.10.0.202311202037\\db\/plugins/boardmanager/
2024-02-02 08:43:58,683 [INFO] ApiDb:261 - Set plugin images path to: C:\ST\STM32CubeIDE_1.14.0\STM32CubeIDE\plugins\com.st.stm32cube.common.mx_6.10.0.202311202037\\db\/plugins/mcufinder/images/
2024-02-02 08:43:58,683 [WARN] DbFile:41 - Overriding database path with different value: C:\Users\salma\.stmcufinder\plugins\mcufinder/ => C:\Users\salma\.stmcufinder\plugins\mcufinder
2024-02-02 08:43:58,684 [INFO] ApiDb:250 - Set database path to: C:\Users\salma\.stmcufinder\plugins\mcufinder//mcu/
2024-02-02 08:43:58,684 [WARN] DbFile:41 - Overriding database path with different value: C:\Users\salma\.stmcufinder\plugins\mcufinder/ => C:\Users\salma\.stmcufinder\plugins\mcufinder
2024-02-02 08:43:58,684 [INFO] DbMcusAds:125 - Set database path to: C:\Users\salma\.stmcufinder\plugins\mcufinder//mcu/
2024-02-02 08:43:58,684 [WARN] DbFile:41 - Overriding database path with different value: C:\Users\salma\.stmcufinder\plugins\mcufinder/ => C:\Users\salma\.stmcufinder\plugins\mcufinder
2024-02-02 08:43:58,684 [WARN] DbFile:41 - Overriding database path with different value: C:\Users\salma\.stmcufinder\plugins\mcufinder/ => C:\Users\salma\.stmcufinder\plugins\mcufinder
2024-02-02 08:43:58,684 [INFO] CrossReferenceDbSqlite:203 - Set database path to: C:\Users\salma\.stmcufinder\plugins\mcufinder//mcu/cs/
2024-02-02 08:43:58,715 [INFO] ApplicationProperties:184 - Using Application install path: C:\ST\STM32CubeIDE_1.14.0\STM32CubeIDE\plugins\com.st.stm32cube.common.mx_6.10.0.202311202037
2024-02-02 08:43:58,718 [INFO] PluginManage:196 - Search for loadable plugins [exclusion list=, ]
2024-02-02 08:43:58,721 [INFO] PluginManage:310 - Check plugin analytics
2024-02-02 08:43:59,070 [INFO] AnalyticsPlugin:253 - Accepted Software Licenses: 
2024-02-02 08:43:59,071 [INFO] AnalyticsPlugin:255 - Accepted CMSIS Pack Licenses: 
2024-02-02 08:43:59,071 [INFO] AnalyticsPlugin:257 - Accepted Firmware Licenses: FW.L4.1.18.0
2024-02-02 08:43:59,077 [INFO] PluginManage:359 - Loaded plugin analytics (category:tool,tabindex:-1)
2024-02-02 08:43:59,078 [INFO] PluginManage:310 - Check plugin cadmodel
2024-02-02 08:43:59,103 [INFO] CADModel:105 - Init CAD model plugin
2024-02-02 08:43:59,103 [INFO] PluginManage:359 - Loaded plugin cadmodel (category:power,tabindex:5)
2024-02-02 08:43:59,104 [INFO] PluginManage:310 - Check plugin clock
2024-02-02 08:43:59,145 [INFO] PluginManage:359 - Loaded plugin clock (category:base,tabindex:2)
2024-02-02 08:43:59,146 [INFO] PluginManage:310 - Check plugin ddr
2024-02-02 08:43:59,151 [INFO] PluginManage:359 - Loaded plugin ddr (category:tool,tabindex:6)
2024-02-02 08:43:59,151 [INFO] PluginManage:310 - Check plugin filemanager
2024-02-02 08:43:59,382 [INFO] PluginManage:359 - Loaded plugin filemanager (category:base,tabindex:10)
2024-02-02 08:43:59,382 [INFO] PluginManage:310 - Check plugin ipmanager
2024-02-02 08:43:59,394 [INFO] PluginManage:359 - Loaded plugin ipmanager (category:base,tabindex:5)
2024-02-02 08:43:59,394 [INFO] PluginManage:310 - Check plugin lpbam
2024-02-02 08:43:59,421 [INFO] PluginManage:359 - Loaded plugin lpbam (category:base,tabindex:0)
2024-02-02 08:43:59,422 [INFO] PluginManage:310 - Check plugin memorymap
2024-02-02 08:43:59,454 [INFO] PluginManage:359 - Loaded plugin memorymap (category:base,tabindex:4)
2024-02-02 08:43:59,454 [INFO] PluginManage:310 - Check plugin pinoutandconfiguration
2024-02-02 08:43:59,474 [INFO] PluginManage:359 - Loaded plugin pinoutandconfiguration (category:base,tabindex:1)
2024-02-02 08:43:59,475 [INFO] PluginManage:310 - Check plugin pinoutconfig
2024-02-02 08:43:59,631 [WARN] SupportedApi:132 - Cannot load RTOS API schema: s4s-elt-must-match.1: The content of 'definitions' must match (annotation?, (simpleType | complexType)?, (unique | key | keyref)*)). A problem was found starting at: attribute.
2024-02-02 08:43:59,843 [INFO] PluginManage:359 - Loaded plugin pinoutconfig (category:base,tabindex:0)
2024-02-02 08:43:59,844 [INFO] PluginManage:310 - Check plugin power
2024-02-02 08:43:59,869 [INFO] PluginManage:359 - Loaded plugin power (category:power,tabindex:4)
2024-02-02 08:43:59,869 [INFO] PluginManage:310 - Check plugin projectmanager
2024-02-02 08:43:59,895 [INFO] PluginManage:359 - Loaded plugin projectmanager (category:projectmanager,tabindex:3)
2024-02-02 08:43:59,896 [INFO] PluginManage:310 - Check plugin thirdparty
2024-02-02 08:44:00,284 [INFO] PluginManage:359 - Loaded plugin thirdparty (category:base,tabindex:-1)
2024-02-02 08:44:00,284 [WARN] IntegrityCheckThread:84 - waiting for thirdparty lock release [integrity check]
2024-02-02 08:44:00,284 [INFO] PluginManage:310 - Check plugin tools
2024-02-02 08:44:00,284 [INFO] IntegrityCheckThread:86 - entering critical section [integrity check]
2024-02-02 08:44:00,285 [INFO] ThirdPartyUpdaterWithRetryManager:70 - Updater plugin not ready yet. [1/15]
2024-02-02 08:44:00,328 [INFO] PluginManage:359 - Loaded plugin tools (category:base,tabindex:7)
2024-02-02 08:44:00,328 [INFO] PluginManage:310 - Check plugin tutovideos
2024-02-02 08:44:00,638 [INFO] PluginManage:359 - Loaded plugin tutovideos (category:base,tabindex:-1)
2024-02-02 08:44:00,638 [INFO] PluginManage:310 - Check plugin updater
2024-02-02 08:44:00,658 [INFO] PluginManage:359 - Loaded plugin updater (category:base,tabindex:12)
2024-02-02 08:44:00,658 [INFO] PluginManage:310 - Check plugin userauth
2024-02-02 08:44:00,667 [INFO] UserAuth:114 - Init User Auth plugin
2024-02-02 08:44:00,667 [INFO] PluginManage:359 - Loaded plugin userauth (category:base,tabindex:14)
2024-02-02 08:44:00,667 [INFO] PluginManage:283 - PluginManage : Loaded plugins [17]
2024-02-02 08:44:01,001 [INFO] PinOutPanel:1499 - setPackage(No Configuration,No Configuration)
2024-02-02 08:44:01,101 [INFO] CADModel:165 - CPN selected for project level
2024-02-02 08:44:01,102 [INFO] CADModel:114 - Register for checkConnection events
2024-02-02 08:44:01,137 [INFO] IPUIPlugin:80 - create IPUIPlugin
2024-02-02 08:44:01,138 [INFO] PluginManager:220 - loadIPPluginJar : add adc
2024-02-02 08:44:01,178 [INFO] IPUIPlugin:80 - create IPUIPlugin
2024-02-02 08:44:01,178 [INFO] PluginManager:220 - loadIPPluginJar : add aes
2024-02-02 08:44:01,222 [INFO] IPUIPlugin:80 - create IPUIPlugin
2024-02-02 08:44:01,222 [INFO] PluginManager:220 - loadIPPluginJar : add can
2024-02-02 08:44:01,249 [INFO] IPUIPlugin:80 - create IPUIPlugin
2024-02-02 08:44:01,250 [INFO] PluginManager:220 - loadIPPluginJar : add comp
2024-02-02 08:44:01,284 [INFO] IPUIPlugin:80 - create IPUIPlugin
2024-02-02 08:44:01,284 [INFO] PluginManager:220 - loadIPPluginJar : add cryp
2024-02-02 08:44:01,316 [INFO] IPUIPlugin:80 - create IPUIPlugin
2024-02-02 08:44:01,316 [INFO] PluginManager:220 - loadIPPluginJar : add dfsdm
2024-02-02 08:44:01,336 [INFO] IPUIPlugin:80 - create IPUIPlugin
2024-02-02 08:44:01,336 [INFO] PluginManager:220 - loadIPPluginJar : add dma
2024-02-02 08:44:01,390 [INFO] IPUIPlugin:80 - create IPUIPlugin
2024-02-02 08:44:01,391 [INFO] PluginManager:220 - loadIPPluginJar : add dma3
2024-02-02 08:44:01,412 [INFO] IPUIPlugin:80 - create IPUIPlugin
2024-02-02 08:44:01,413 [INFO] PluginManager:220 - loadIPPluginJar : add fatfs
2024-02-02 08:44:01,462 [INFO] IPUIPlugin:80 - create IPUIPlugin
2024-02-02 08:44:01,462 [INFO] PluginManager:220 - loadIPPluginJar : add fmc
2024-02-02 08:44:01,486 [INFO] IPUIPlugin:80 - create IPUIPlugin
2024-02-02 08:44:01,486 [INFO] PluginManager:220 - loadIPPluginJar : add freertos
2024-02-02 08:44:01,513 [INFO] IPUIPlugin:80 - create IPUIPlugin
2024-02-02 08:44:01,513 [INFO] PluginManager:220 - loadIPPluginJar : add genericplugin
2024-02-02 08:44:01,615 [INFO] IPUIPlugin:80 - create IPUIPlugin
2024-02-02 08:44:01,615 [INFO] PluginManager:220 - loadIPPluginJar : add gfxmmu
2024-02-02 08:44:01,839 [INFO] IPUIPlugin:80 - create IPUIPlugin
2024-02-02 08:44:01,840 [INFO] PluginManager:220 - loadIPPluginJar : add gic
2024-02-02 08:44:01,867 [INFO] IPUIPlugin:80 - create IPUIPlugin
2024-02-02 08:44:01,868 [INFO] PluginManager:220 - loadIPPluginJar : add gpio
2024-02-02 08:44:01,973 [INFO] IPUIPlugin:80 - create IPUIPlugin
2024-02-02 08:44:01,973 [INFO] PluginManager:220 - loadIPPluginJar : add gtzc
2024-02-02 08:44:02,011 [INFO] IPUIPlugin:80 - create IPUIPlugin
2024-02-02 08:44:02,011 [INFO] PluginManager:220 - loadIPPluginJar : add hash
2024-02-02 08:44:02,074 [INFO] IPUIPlugin:80 - create IPUIPlugin
2024-02-02 08:44:02,074 [INFO] PluginManager:220 - loadIPPluginJar : add i2c
2024-02-02 08:44:02,125 [INFO] IPUIPlugin:80 - create IPUIPlugin
2024-02-02 08:44:02,125 [INFO] PluginManager:220 - loadIPPluginJar : add i2s
2024-02-02 08:44:02,171 [INFO] IPUIPlugin:80 - create IPUIPlugin
2024-02-02 08:44:02,171 [INFO] PluginManager:220 - loadIPPluginJar : add i3c
2024-02-02 08:44:02,296 [INFO] IPUIPlugin:80 - create IPUIPlugin
2024-02-02 08:44:02,297 [INFO] PluginManager:220 - loadIPPluginJar : add ipddr
2024-02-02 08:44:02,406 [INFO] IPUIPlugin:80 - create IPUIPlugin
2024-02-02 08:44:02,406 [INFO] PluginManager:220 - loadIPPluginJar : add linkedlist
2024-02-02 08:44:02,445 [INFO] IPUIPlugin:80 - create IPUIPlugin
2024-02-02 08:44:02,445 [INFO] PluginManager:220 - loadIPPluginJar : add lorawan
2024-02-02 08:44:02,485 [INFO] IPUIPlugin:80 - create IPUIPlugin
2024-02-02 08:44:02,485 [INFO] PluginManager:220 - loadIPPluginJar : add ltdc
2024-02-02 08:44:02,505 [INFO] IPUIPlugin:80 - create IPUIPlugin
2024-02-02 08:44:02,505 [INFO] PluginManager:220 - loadIPPluginJar : add mdma
2024-02-02 08:44:02,521 [INFO] IPUIPlugin:80 - create IPUIPlugin
2024-02-02 08:44:02,521 [INFO] PluginManager:220 - loadIPPluginJar : add nvic
2024-02-02 08:44:02,562 [INFO] IPUIPlugin:80 - create IPUIPlugin
2024-02-02 08:44:02,563 [INFO] PluginManager:220 - loadIPPluginJar : add opamp
2024-02-02 08:44:02,633 [INFO] IPUIPlugin:80 - create IPUIPlugin
2024-02-02 08:44:02,633 [INFO] PluginManager:220 - loadIPPluginJar : add openamp
2024-02-02 08:44:02,681 [INFO] IPUIPlugin:80 - create IPUIPlugin
2024-02-02 08:44:02,681 [INFO] PluginManager:220 - loadIPPluginJar : add pdm2pcm
2024-02-02 08:44:02,699 [INFO] IPUIPlugin:80 - create IPUIPlugin
2024-02-02 08:44:02,702 [INFO] PluginManager:220 - loadIPPluginJar : add plateformsettings
2024-02-02 08:44:02,728 [INFO] IPUIPlugin:80 - create IPUIPlugin
2024-02-02 08:44:02,729 [INFO] PluginManager:220 - loadIPPluginJar : add quadspi
2024-02-02 08:44:02,744 [INFO] IPUIPlugin:80 - create IPUIPlugin
2024-02-02 08:44:02,744 [INFO] PluginManager:220 - loadIPPluginJar : add resmgrutility
2024-02-02 08:44:02,799 [INFO] IPUIPlugin:80 - create IPUIPlugin
2024-02-02 08:44:02,799 [INFO] PluginManager:220 - loadIPPluginJar : add sai
2024-02-02 08:44:02,845 [INFO] IPUIPlugin:80 - create IPUIPlugin
2024-02-02 08:44:02,845 [INFO] PluginManager:220 - loadIPPluginJar : add spi
2024-02-02 08:44:02,937 [INFO] IPUIPlugin:80 - create IPUIPlugin
2024-02-02 08:44:02,937 [INFO] PluginManager:220 - loadIPPluginJar : add stm32_wpan
2024-02-02 08:44:02,962 [INFO] IPUIPlugin:80 - create IPUIPlugin
2024-02-02 08:44:02,962 [INFO] PluginManager:220 - loadIPPluginJar : add tim
2024-02-02 08:44:03,025 [INFO] IPUIPlugin:80 - create IPUIPlugin
2024-02-02 08:44:03,025 [INFO] PluginManager:220 - loadIPPluginJar : add touchsensing
2024-02-02 08:44:03,049 [INFO] IPUIPlugin:80 - create IPUIPlugin
2024-02-02 08:44:03,049 [INFO] PluginManager:220 - loadIPPluginJar : add tracer_emb
2024-02-02 08:44:03,074 [INFO] IPUIPlugin:80 - create IPUIPlugin
2024-02-02 08:44:03,074 [INFO] PluginManager:220 - loadIPPluginJar : add ts
2024-02-02 08:44:03,098 [INFO] IPUIPlugin:80 - create IPUIPlugin
2024-02-02 08:44:03,098 [INFO] PluginManager:220 - loadIPPluginJar : add tsc
2024-02-02 08:44:03,122 [INFO] IPUIPlugin:80 - create IPUIPlugin
2024-02-02 08:44:03,122 [INFO] PluginManager:220 - loadIPPluginJar : add ucpd
2024-02-02 08:44:03,169 [INFO] IPUIPlugin:80 - create IPUIPlugin
2024-02-02 08:44:03,169 [INFO] PluginManager:220 - loadIPPluginJar : add usart
2024-02-02 08:44:03,218 [INFO] IPUIPlugin:80 - create IPUIPlugin
2024-02-02 08:44:03,219 [INFO] PluginManager:220 - loadIPPluginJar : add usbx
2024-02-02 08:44:03,286 [INFO] ThirdPartyUpdaterWithRetryManager:70 - Updater plugin not ready yet. [2/15]
2024-02-02 08:44:03,368 [INFO] CADModel:165 - CPN selected for project level
2024-02-02 08:44:03,368 [INFO] CADModel:114 - Register for checkConnection events
2024-02-02 08:44:03,368 [FATAL] Updater:308 - Updater called before beeing initialized
2024-02-02 08:44:03,368 [ERROR] CADModel:125 - Updater not yet initialized, retry later 
2024-02-02 08:44:03,567 [INFO] CADModel:165 - CPN selected for project level
2024-02-02 08:44:03,567 [INFO] CADModel:114 - Register for checkConnection events
2024-02-02 08:44:03,567 [FATAL] Updater:308 - Updater called before beeing initialized
2024-02-02 08:44:03,567 [ERROR] CADModel:125 - Updater not yet initialized, retry later 
2024-02-02 08:44:03,572 [FATAL] Updater:308 - Updater called before beeing initialized
2024-02-02 08:44:03,729 [FATAL] Updater:308 - Updater called before beeing initialized
2024-02-02 08:44:03,740 [INFO] DbMcusAds:53 - JSON generation date=Wed Nov 29 04:52:27 CST 2023 (1701255147200)
2024-02-02 08:44:03,740 [FATAL] Updater:308 - Updater called before beeing initialized
2024-02-02 08:44:03,826 [WARN] DetailPanel:346 - Failed to get advertising image, set to default
2024-02-02 08:44:03,925 [FATAL] Updater:308 - Updater called before beeing initialized
2024-02-02 08:44:03,927 [FATAL] Updater:308 - Updater called before beeing initialized
2024-02-02 08:44:03,928 [FATAL] Updater:308 - Updater called before beeing initialized
2024-02-02 08:44:03,928 [WARN] DetailPanel:346 - Failed to get advertising image, set to default
2024-02-02 08:44:03,929 [FATAL] Updater:308 - Updater called before beeing initialized
2024-02-02 08:44:04,007 [ERROR] Updater:1120 - MainUpdater not yet initialized. External WinMGr cannot be set.
2024-02-02 08:44:04,019 [INFO] Updater:1056 - Updater Version found : 6.10.0
2024-02-02 08:44:04,043 [INFO] ApplicationProperties:184 - Using Application install path: C:\ST\STM32CubeIDE_1.14.0\STM32CubeIDE\plugins\com.st.stm32cube.common.mx_6.10.0.202311202037
2024-02-02 08:44:05,639 [ERROR] LogOutputStream:75 - [STDERR_REDIRECT] Feb 02, 2024 8:44:05 AM java.util.prefs.WindowsPreferences <init>
2024-02-02 08:44:05,643 [ERROR] LogOutputStream:75 - [STDERR_REDIRECT] WARNING: Could not open/create prefs root node Software\JavaSoft\Prefs at root 0xffffffff80000002. Windows RegCreateKeyEx(...) returned error code 5.
2024-02-02 08:44:05,643 [ERROR] LogOutputStream:75 - [STDERR_REDIRECT] 
2024-02-02 08:44:06,288 [FATAL] Updater:308 - Updater called before beeing initialized
2024-02-02 08:44:06,288 [ERROR] IntegrityCheckThread:130 - Cannot retrieve database content from updater: error 21
2024-02-02 08:44:06,288 [INFO] ThirdParty:978 - Integrity check success = false
2024-02-02 08:44:06,289 [INFO] IntegrityCheckThread:100 - exiting critical section [integrity check]
2024-02-02 08:44:06,289 [INFO] IntegrityCheckThread:103 - End integrity checks thread
2024-02-02 08:44:06,332 [INFO] MainUpdater:2873 - connection check result : 10
2024-02-02 08:44:06,334 [INFO] MainUpdater:290 - Updater Check For Update Now.
2024-02-02 08:44:06,335 [INFO] MicroXplorer:498 - Change Database Version : DB.6.0.100
2024-02-02 08:44:06,399 [INFO] McuFinderGlobals:63 - Set McuFinder mode to 2 (CubeIDE integrated)
2024-02-02 08:44:06,678 [INFO] CheckServerUpdateThread:120 - End of CheckServer Thread
2024-02-02 08:44:07,052 [INFO] UserAuth:404 - Internet connection configuration mode: 1
2024-02-02 08:44:07,104 [INFO] JxBrowserEngine:152 - Initiate JxBrowser Engine with user profile folder
2024-02-02 08:44:12,363 [INFO] WebApp:161 - Instantiating new browser for Auth
2024-02-02 08:44:13,360 [INFO] WebApp:780 - Register for checkConnection events
2024-02-02 08:44:13,360 [INFO] WebApp:414 - Apply proxy settings
2024-02-02 08:44:13,360 [INFO] WebApp:499 - Chromium requires no authentication
2024-02-02 08:44:13,377 [INFO] WebApp:442 - Direct internet connection detected
2024-02-02 08:44:13,680 [INFO] WebApp:192 - Starting web application
2024-02-02 08:44:13,680 [INFO] WebApp:544 - Web application path used C:\ST\STM32CubeIDE_1.14.0\STM32CubeIDE\plugins\com.st.stm32cube.common.mx_6.10.0.202311202037\db\plugins\mcufinder\reactClient1\index.html
2024-02-02 08:44:35,512 [ERROR] LogOutputStream:75 - [STDERR_REDIRECT] SLF4J: Failed to load class "org.slf4j.impl.StaticLoggerBinder".
2024-02-02 08:44:35,515 [ERROR] LogOutputStream:75 - [STDERR_REDIRECT] SLF4J: Defaulting to no-operation (NOP) logger implementation
2024-02-02 08:44:35,519 [ERROR] LogOutputStream:75 - [STDERR_REDIRECT] SLF4J: See http://www.slf4j.org/codes.html#StaticLoggerBinder for further details.
2024-02-02 10:02:27,638 [INFO] McuFinderGlobals:63 - Set McuFinder mode to 2 (CubeIDE integrated)
2024-02-02 10:02:27,674 [INFO] MainUpdater:2873 - connection check result : 10
2024-02-02 10:02:27,682 [INFO] MainUpdater:2873 - connection check result : 10
2024-02-02 10:02:27,920 [INFO] MicroXplorer:468 - Change Database Path : 
2024-02-02 10:02:27,921 [INFO] MicroXplorer:498 - Change Database Version : DB.6.0.100
2024-02-02 10:02:27,930 [WARN] ThirdParty:871 - waiting for thirdparty lock release [close project]
2024-02-02 10:02:27,930 [INFO] ThirdParty:873 - entering critical section [close project]
2024-02-02 10:02:27,952 [INFO] ThirdParty:883 - exiting critical section [close project]
2024-02-02 10:02:27,957 [INFO] PinOutPanel:1499 - setPackage(No Configuration,No Configuration)
2024-02-02 10:02:27,967 [INFO] UtilMem:75 - Begin LoadConfig() Used Memory: 743047976 Bytes (995098624)
2024-02-02 10:02:27,971 [INFO] MicroXplorer:468 - Change Database Path : 
2024-02-02 10:02:27,971 [INFO] MicroXplorer:498 - Change Database Version : DB.6.0.100
2024-02-02 10:02:27,972 [INFO] OpenFileManager:312 - Change cursor
2024-02-02 10:02:28,009 [WARN] IntegrityCheckThread:84 - waiting for thirdparty lock release [integrity check]
2024-02-02 10:02:28,009 [INFO] IntegrityCheckThread:86 - entering critical section [integrity check]
2024-02-02 10:02:28,304 [WARN] PackLoader:240 - Cannot read IP mode file for STMicroelectronics.X-CUBE-SMBUS.2.1.0
2024-02-02 10:02:28,329 [WARN] PackLoader:240 - Cannot read IP mode file for STMicroelectronics.X-CUBE-TOUCHGFX.4.23.0
2024-02-02 10:02:28,403 [WARN] PackLoader:240 - Cannot read IP mode file for STMicroelectronics.X-CUBE-AZRTOS-F7.1.1.0
2024-02-02 10:02:28,437 [WARN] PackLoader:240 - Cannot read IP mode file for STMicroelectronics.FP-SNS-MOTENV1.4.3.2
2024-02-02 10:02:28,471 [WARN] PackLoader:240 - Cannot read IP mode file for STMicroelectronics.FP-SNS-FLIGHT1.5.0.2
2024-02-02 10:02:28,498 [WARN] PackLoader:240 - Cannot read IP mode file for STMicroelectronics.X-CUBE-DISPLAY.3.0.0
2024-02-02 10:02:28,528 [WARN] PackLoader:240 - Cannot read IP mode file for STMicroelectronics.X-CUBE-BLE1.7.0.0
2024-02-02 10:02:28,552 [WARN] PackLoader:240 - Cannot read IP mode file for emotas.I-CUBE-CANOPEN.1.3.0
2024-02-02 10:02:28,581 [WARN] PackLoader:240 - Cannot read IP mode file for STMicroelectronics.FP-SNS-SMARTAG2.1.2.0
2024-02-02 10:02:28,614 [INFO] LogOutputStream:77 - [STDOUT_REDIRECT] 1 : Invalid condition id : UX_CORESTACK_Condition cause : null
2024-02-02 10:02:28,615 [INFO] LogOutputStream:77 - [STDOUT_REDIRECT] 1 : Invalid condition id : UX_CORESTACK_Condition cause : null
2024-02-02 10:02:28,617 [INFO] LogOutputStream:77 - [STDOUT_REDIRECT] 1 : Invalid condition id : UX_CORESTACK_Condition cause : null
2024-02-02 10:02:28,620 [INFO] LogOutputStream:77 - [STDOUT_REDIRECT] 1 : Invalid condition id : UX_CORESTACK_Condition cause : null
2024-02-02 10:02:28,621 [INFO] LogOutputStream:77 - [STDOUT_REDIRECT] 1 : Invalid condition id : UX_CORESTACK_Condition cause : null
2024-02-02 10:02:28,634 [WARN] PackLoader:240 - Cannot read IP mode file for STMicroelectronics.X-CUBE-AZRTOS-WL.2.0.0
2024-02-02 10:02:28,665 [WARN] PackLoader:240 - Cannot read IP mode file for WES.I-CUBE-Cesium.1.3.0
2024-02-02 10:02:28,691 [WARN] PackLoader:240 - Cannot read IP mode file for STMicroelectronics.X-CUBE-BLE2.3.3.0
2024-02-02 10:02:28,715 [WARN] PackLoader:240 - Cannot read IP mode file for STMicroelectronics.X-CUBE-ALGOBUILD.1.3.0
2024-02-02 10:02:28,778 [WARN] PackLoader:240 - Cannot read IP mode file for STMicroelectronics.X-CUBE-AZRTOS-G0.1.1.0
2024-02-02 10:02:28,801 [WARN] PackLoader:240 - Cannot read IP mode file for STMicroelectronics.X-CUBE-NFC4.3.0.0
2024-02-02 10:02:28,833 [WARN] PackLoader:240 - Cannot read IP mode file for STMicroelectronics.X-CUBE-BLEMGR.3.0.0
2024-02-02 10:02:28,851 [WARN] PackLoader:240 - Cannot read IP mode file for STMicroelectronics.FP-ATR-SIGFOX1.3.2.0
2024-02-02 10:02:28,866 [WARN] PackLoader:240 - Cannot read IP mode file for STMicroelectronics.X-CUBE-EEPRMA1.5.1.0
2024-02-02 10:02:28,937 [WARN] PackLoader:240 - Cannot read IP mode file for SEGGER.I-CUBE-embOS.1.3.1
2024-02-02 10:02:29,008 [WARN] PackLoader:240 - Cannot read IP mode file for STMicroelectronics.X-CUBE-GNSS1.6.0.0
2024-02-02 10:02:29,050 [WARN] PackLoader:240 - Cannot read IP mode file for STMicroelectronics.X-CUBE-AZRTOS-F4.1.1.0
2024-02-02 10:02:29,075 [WARN] PackLoader:240 - Cannot read IP mode file for wolfSSL.I-CUBE-wolfSSL.5.6.6
2024-02-02 10:02:29,116 [WARN] PackLoader:240 - Cannot read IP mode file for STMicroelectronics.X-CUBE-AZRTOS-L5.2.0.0
2024-02-02 10:02:29,140 [WARN] PackLoader:240 - Cannot read IP mode file for STMicroelectronics.X-CUBE-EEPRMA1.4.2.0
2024-02-02 10:02:29,162 [WARN] PackLoader:240 - Cannot read IP mode file for ITTIA_DB.I-CUBE-ITTIADB.8.8.0
2024-02-02 10:02:29,182 [WARN] PackLoader:240 - Cannot read IP mode file for STMicroelectronics.X-CUBE-NFC7.1.0.1
2024-02-02 10:02:29,204 [WARN] PackLoader:240 - Cannot read IP mode file for STMicroelectronics.X-CUBE-NFC6.3.0.0
2024-02-02 10:02:29,228 [WARN] PackLoader:240 - Cannot read IP mode file for STMicroelectronics.X-CUBE-AI.8.1.0
2024-02-02 10:02:29,270 [WARN] ConditionMgr:438 - getConditionDescription Invalid condition id : LAN8742 Phy interface Condition cause : null
2024-02-02 10:02:29,272 [WARN] PackLoader:240 - Cannot read IP mode file for STMicroelectronics.X-CUBE-AZRTOS-L4.2.0.0
2024-02-02 10:02:29,275 [WARN] ConditionMgr:1039 - genDependencies : Invalid condition id : LAN8742 Phy interface Condition cause : null
2024-02-02 10:02:29,275 [WARN] ConditionMgr:1039 - genDependencies : Invalid condition id : LAN8742 Phy interface Condition cause : null
2024-02-02 10:02:29,276 [WARN] ConditionMgr:1039 - genDependencies : Invalid condition id : LAN8742 Phy interface Condition cause : null
2024-02-02 10:02:29,299 [WARN] PackLoader:240 - Cannot read IP mode file for STMicroelectronics.X-CUBE-SFXS2LP1.4.0.0
2024-02-02 10:02:29,335 [WARN] ConditionMgr:438 - getConditionDescription Invalid condition id : UX DEVICE CLASS RTOS Condition cause : null
2024-02-02 10:02:29,335 [WARN] ConditionMgr:438 - getConditionDescription Invalid condition id : UX DEVICE CLASS RTOS Condition cause : null
2024-02-02 10:02:29,338 [WARN] PackLoader:240 - Cannot read IP mode file for STMicroelectronics.X-CUBE-AZRTOS-WB.2.0.0
2024-02-02 10:02:29,339 [WARN] ConditionMgr:1039 - genDependencies : Invalid condition id : UX DEVICE CLASS RTOS Condition cause : null
2024-02-02 10:02:29,340 [WARN] ConditionMgr:1039 - genDependencies : Invalid condition id : UX DEVICE CLASS RTOS Condition cause : null
2024-02-02 10:02:29,341 [WARN] ConditionMgr:1039 - genDependencies : Invalid condition id : UX DEVICE CLASS RTOS Condition cause : null
2024-02-02 10:02:29,341 [WARN] ConditionMgr:1039 - genDependencies : Invalid condition id : UX DEVICE CLASS RTOS Condition cause : null
2024-02-02 10:02:29,342 [WARN] ConditionMgr:1039 - genDependencies : Invalid condition id : UX DEVICE CLASS RTOS Condition cause : null
2024-02-02 10:02:29,371 [WARN] PackLoader:240 - Cannot read IP mode file for STMicroelectronics.X-CUBE-SUBG2.5.0.0
2024-02-02 10:02:29,413 [WARN] PackLoader:240 - Cannot read IP mode file for STMicroelectronics.X-CUBE-AZRTOS-G4.2.0.0
2024-02-02 10:02:29,444 [WARN] PackLoader:240 - Cannot read IP mode file for Infineon.AIROC-Wi-Fi-Bluetooth-STM32.1.5.1
2024-02-02 10:02:29,466 [WARN] PackLoader:240 - Cannot read IP mode file for STMicroelectronics.FP-SNS-MOTENVWB1.1.3.1
2024-02-02 10:02:29,486 [WARN] PackLoader:240 - Cannot read IP mode file for STMicroelectronics.X-CUBE-ISPU.2.0.0
2024-02-02 10:02:29,552 [WARN] PackLoader:240 - Cannot read IP mode file for STMicroelectronics.X-CUBE-MEMS1.10.0.0
2024-02-02 10:02:29,700 [WARN] PackLoader:240 - Cannot read IP mode file for STMicroelectronics.X-CUBE-FREERTOS.1.1.0
2024-02-02 10:02:29,723 [WARN] PackLoader:240 - Cannot read IP mode file for portGmbH.I-Cube-SoM-uGOAL.1.1.0
2024-02-02 10:02:29,742 [WARN] PackLoader:240 - Cannot read IP mode file for STMicroelectronics.X-CUBE-ALS.1.0.1
2024-02-02 10:02:29,762 [WARN] PackLoader:240 - Cannot read IP mode file for STMicroelectronics.FP-ATR-ASTRA1.2.0.0
2024-02-02 10:02:29,787 [WARN] PackLoader:240 - Cannot read IP mode file for STMicroelectronics.X-CUBE-TOF1.3.4.0
2024-02-02 10:02:29,837 [WARN] PackLoader:240 - Cannot read IP mode file for STMicroelectronics.X-CUBE-AZRTOS-H7.3.2.0
2024-02-02 10:02:29,841 [INFO] ThirdParty:978 - Integrity check success = true
2024-02-02 10:02:29,841 [INFO] IntegrityCheckThread:100 - exiting critical section [integrity check]
2024-02-02 10:02:29,841 [INFO] IntegrityCheckThread:103 - End integrity checks thread
2024-02-02 10:02:29,882 [INFO] Mcu:2016 - Initializing MCU STM32L432K(B-C)Ux STM32L432KCUx STM32L432KCU3
2024-02-02 10:02:32,197 [INFO] Context:659 - Trying to add GPIOservice into a context  which must be forbidden
2024-02-02 10:02:32,876 [INFO] RtosManager:555 - Registered RTOS mode: class=CMSIS, group=RTOS, mode=CMSIS_V1, owner=FREERTOS
2024-02-02 10:02:32,876 [INFO] RtosManager:555 - Registered RTOS mode: class=CMSIS, group=RTOS2, mode=CMSIS_V2, owner=FREERTOS
2024-02-02 10:02:32,877 [INFO] RtosManager:555 - Registered RTOS mode: class=RTOS, group=Core, mode=CMSIS_V1, owner=FREERTOS
2024-02-02 10:02:32,877 [INFO] RtosManager:555 - Registered RTOS mode: class=RTOS, group=Core, mode=CMSIS_V2, owner=FREERTOS
2024-02-02 10:02:32,877 [WARN] ModelIntegratedComponent:184 - Missing modes for component STMicroelectronics:FreeRTOS:0.0.1:STMicroelectronics:RTOS:FreeRTOS:Core:::10.2.0:
2024-02-02 10:02:32,902 [WARN] ModelIntegratedComponent:63 - No mode defined for component null
2024-02-02 10:02:32,902 [WARN] ModelIntegratedComponent:63 - No mode defined for component null
2024-02-02 10:02:32,902 [WARN] ModelIntegratedComponent:63 - No mode defined for component null
2024-02-02 10:02:32,902 [WARN] ModelIntegratedComponent:63 - No mode defined for component null
2024-02-02 10:02:32,902 [WARN] ModelIntegratedComponent:63 - No mode defined for component null
2024-02-02 10:02:32,902 [WARN] ModelIntegratedComponent:63 - No mode defined for component null
2024-02-02 10:02:32,902 [WARN] ModelIntegratedComponent:63 - No mode defined for component null
2024-02-02 10:02:32,902 [WARN] ModelIntegratedComponent:63 - No mode defined for component null
2024-02-02 10:02:32,903 [WARN] ModelIntegratedComponent:63 - No mode defined for component null
2024-02-02 10:02:32,903 [WARN] ModelIntegratedComponent:63 - No mode defined for component null
2024-02-02 10:02:32,903 [WARN] ModelIntegratedComponent:63 - No mode defined for component null
2024-02-02 10:02:32,903 [WARN] ModelIntegratedComponent:63 - No mode defined for component null
2024-02-02 10:02:32,903 [WARN] ModelIntegratedComponent:63 - No mode defined for component null
2024-02-02 10:02:32,903 [WARN] ModelIntegratedComponent:63 - No mode defined for component null
2024-02-02 10:02:32,903 [WARN] ModelIntegratedComponent:63 - No mode defined for component null
2024-02-02 10:02:32,903 [WARN] ModelIntegratedComponent:63 - No mode defined for component null
2024-02-02 10:02:32,903 [WARN] ModelIntegratedComponent:63 - No mode defined for component null
2024-02-02 10:02:32,903 [WARN] ModelIntegratedComponent:63 - No mode defined for component null
2024-02-02 10:02:32,903 [WARN] ModelIntegratedComponent:63 - No mode defined for component null
2024-02-02 10:02:32,903 [WARN] ModelIntegratedComponent:63 - No mode defined for component null
2024-02-02 10:02:32,903 [WARN] ModelIntegratedComponent:63 - No mode defined for component null
2024-02-02 10:02:32,903 [WARN] ModelIntegratedComponent:63 - No mode defined for component null
2024-02-02 10:02:32,903 [WARN] ModelIntegratedComponent:63 - No mode defined for component null
2024-02-02 10:02:32,903 [WARN] ModelIntegratedComponent:63 - No mode defined for component null
2024-02-02 10:02:32,903 [WARN] ModelIntegratedComponent:63 - No mode defined for component null
2024-02-02 10:02:32,903 [WARN] ModelIntegratedComponent:63 - No mode defined for component null
2024-02-02 10:02:32,903 [WARN] ModelIntegratedComponent:63 - No mode defined for component null
2024-02-02 10:02:32,904 [WARN] ModelIntegratedComponent:63 - No mode defined for component null
2024-02-02 10:02:32,904 [WARN] ModelIntegratedComponent:63 - No mode defined for component null
2024-02-02 10:02:32,904 [WARN] ModelIntegratedComponent:63 - No mode defined for component null
2024-02-02 10:02:32,904 [WARN] ModelIntegratedComponent:63 - No mode defined for component null
2024-02-02 10:02:32,904 [WARN] ModelIntegratedComponent:63 - No mode defined for component null
2024-02-02 10:02:32,904 [WARN] ModelIntegratedComponent:63 - No mode defined for component null
2024-02-02 10:02:33,124 [INFO] ThirdPartyModel:298 - Start build external matchings
2024-02-02 10:02:33,337 [INFO] ThirdPartyModel:316 - End build external matchings
2024-02-02 10:02:33,353 [INFO] ImportTextPane:194 - (OptionalMessage_ERROR) IP (RCC) : Invalid parameter (48CLKFreq_Value)
2024-02-02 10:02:33,353 [INFO] ImportTextPane:194 - (OptionalMessage_ERROR) IP (RCC) : Invalid parameter (FamilyName)
2024-02-02 10:02:33,354 [INFO] ImportTextPane:194 - (OptionalMessage_ERROR) IP (RCC) : Invalid parameter (HSI16_VALUE)
2024-02-02 10:02:33,354 [INFO] ImportTextPane:194 - (OptionalMessage_ERROR) IP (RCC) : Invalid parameter (LPTIMFreq_Value)
2024-02-02 10:02:33,355 [INFO] ImportTextPane:194 - (OptionalMessage_ERROR) IP (RCC) : Invalid parameter (LPUARTFreq_Value)
2024-02-02 10:02:33,355 [INFO] ImportTextPane:194 - (OptionalMessage_ERROR) IP (RCC) : Invalid parameter (MCOPinFreq_Value)
2024-02-02 10:02:33,355 [INFO] ImportTextPane:194 - (OptionalMessage_ERROR) IP (RCC) : Invalid parameter (PLLCLKFreq_Value)
2024-02-02 10:02:33,355 [INFO] ImportTextPane:194 - (OptionalMessage_ERROR) IP (RCC) : Invalid parameter (PLLMUL)
2024-02-02 10:02:33,357 [INFO] ImportTextPane:194 - (OptionalMessage_ERROR) IP (RCC) : Invalid parameter (RTCHSEDivFreq_Value)
2024-02-02 10:02:33,357 [INFO] ImportTextPane:194 - (OptionalMessage_ERROR) IP (RCC) : Invalid parameter (TIMFreq_Value)
2024-02-02 10:02:33,358 [INFO] ImportTextPane:194 - (OptionalMessage_ERROR) IP (RCC) : Invalid parameter (TimerFreq_Value)
2024-02-02 10:02:33,655 [INFO] UtilMem:75 - End LoadConfig() Used Memory: 756146576 Bytes (1073741824)
2024-02-02 10:02:33,847 [INFO] ApiDb:581 - Connected to CubeFinder SQLite database (C:\Users\salma\.stmcufinder\plugins\mcufinder\mcu\cube-finder-db.db)
2024-02-02 10:02:33,934 [INFO] ApiDb:668 - CubeFinder database Data Model version=2.1
2024-02-02 10:02:33,934 [INFO] ApiDb:669 - CubeFinder database Configuration version=3.0.39
2024-02-02 10:02:33,935 [INFO] ApiDb:670 - CubeFinder database generation date=2024-01-11 (1704964531)
2024-02-02 10:02:33,935 [INFO] ApiDb:671 - CubeFinder database FW Pack versions=[FP-ATR-ASTRA1_V2.0.0, FP-SNS-FLIGHT1_V5.0.1, FP-SNS-FLIGHT1_V5.0.2, FP-SNS-MOTENV1_V4.3.1, FP-SNS-MOTENV1_V4.3.2, FP-SNS-MOTENVWB1_V1.3.1, FP-SNS-SMARTAG2_V1.2.0, STM32Cube_FW_C0_V1.1.0, STM32Cube_FW_F4_V1.28.0, STM32Cube_FW_F7_V1.17.0, STM32Cube_FW_G0_V1.6.2, STM32Cube_FW_G4_V1.5.2, STM32Cube_FW_H5_V0.5.1, STM32Cube_FW_H5_V1.1.1, STM32Cube_FW_H5_V1.2.0RC2, STM32Cube_FW_H7_V1.11.0, STM32Cube_FW_L0_V1.12.2, STM32Cube_FW_L5_V1.5.0, STM32Cube_FW_U5_V1.3.0RC4, STM32Cube_FW_U5_V1.4.0, STM32Cube_FW_WBA_V1.0.0RC1, STM32Cube_FW_WBA_V1.1.0RC1, STM32Cube_FW_WBA_V1.2.0, STM32Cube_FW_WBA_V1.2.0RC2, STM32Cube_FW_WB_V1.15.0RC1, STM32Cube_FW_WB_V1.16.0, STM32Cube_FW_WB_V1.16.0RC2, STM32Cube_FW_WB_V1.18.0, STM32Cube_FW_WL_V1.3.0, X-CUBE-ALGOBUILD_V1.3.0, X-CUBE-ALS_V1.0.1, X-CUBE-AZRTOS-F4_V1.1.0, X-CUBE-AZRTOS-F7_V1.1.0, X-CUBE-AZRTOS-G0_V1.1.0, X-CUBE-AZRTOS-G4_V2.0.0, X-CUBE-AZRTOS-H7_V3.2.0, X-CUBE-AZRTOS-L4_V1.0.0, X-CUBE-AZRTOS-L4_V2.0.0, X-CUBE-AZRTOS-L5_V1.1.0, X-CUBE-AZRTOS-WB_V2.0.0, X-CUBE-AZRTOS-WL_V2.0.0, X-CUBE-BLE1_V7.0.0, X-CUBE-BLE2_V3.3.0, X-CUBE-BLEMGR_V3.0.0, X-CUBE-EEPRMA1_V4.1.0, X-CUBE-EEPRMA1_V4.2.0, X-CUBE-FREERTOS_V1.1.0, X-CUBE-GNSS1_V6.0.0, X-CUBE-MEMS1_V10.0.0, X-CUBE-MEMS1_V9.1.0, X-CUBE-MEMS1_V9.4.0, X-CUBE-MEMS1_V9.6.0, X-CUBE-NFC4_V3.0.0, X-CUBE-NFC7_V1.0.1, X-CUBE-SFXS2LP1_V4.0.0, X-CUBE-SUBG2_V5.0.0, X-CUBE-TOF1_V3.4.0]
2024-02-02 10:02:36,758 [INFO] ApiDb:240 - Found 371 in-development CPN: [B-G473E-ZEST1S, B-WB1M-WPAN1, B-WL5M-SUBG1, NUCLEO-C031C6, NUCLEO-H503RB, NUCLEO-H563ZI, NUCLEO-U545RE-Q, NUCLEO-U5A5ZJ-Q, NUCLEO-WBA52CG, NUCLEO-WBA55CG, STEVAL-MKBOXPRO, STEVAL-PROTEUS1, STEVAL-STWINBX1, STM320518-EVAL, STM32C0116-DK, STM32C011D6Y3TR, STM32C011D6Y6TR, STM32C011F4P3, STM32C011F4P6, STM32C011F4U3, STM32C011F4U6TR, STM32C011F6P3, STM32C011F6P6, STM32C011F6U3, STM32C011F6U6TR, STM32C011J4M3, STM32C011J4M6, STM32C011J6M3, STM32C011J6M6, STM32C0316-DK, STM32C031C4T3, STM32C031C4T6, STM32C031C4U3, STM32C031C4U6, STM32C031C6T3, STM32C031C6T6, STM32C031C6U3, STM32C031C6U6, STM32C031F4P3, STM32C031F4P6, STM32C031F6P3, STM32C031F6P6, STM32C031G4U3, STM32C031G4U6, STM32C031G6U3, STM32C031G6U6, STM32C031K4T3, STM32C031K4T6, STM32C031K4U3, STM32C031K4U6, STM32C031K6T3, STM32C031K6T6, STM32C031K6U3, STM32C031K6U6, STM32G071K8TXN, STM32G071K8UXN, STM32G081GBU6N, STM32G081KBT6N, STM32G081KBUXN, STM32G0B1CCT6N, STM32G0B1KCT6, STM32G0B1NEY6TR, STM32G0B1RCT6N, STM32G0C1CCT6, STM32G0C1CCT6N, STM32G0C1CCU6N, STM32G0C1CET6N, STM32G0C1CEU6N, STM32G0C1KCT6, STM32G0C1NEY6TR, STM32G0C1RCI6N, STM32G0C1RCT6N, STM32G0C1REI6N, STM32G0C1RET6N, STM32G0C1VCI6, STM32G0C1VEI6, STM32G471CCT6, STM32G471CCU6, STM32G471CET3, STM32G471CET6, STM32G471CEU3, STM32G471CEU6, STM32G471MCT6, STM32G471MET3, STM32G471MET6, STM32G471MEY6TR, STM32G471QCT6, STM32G471QET3, STM32G471RCT6, STM32G471RET3, STM32G471RET6, STM32G471VCH6, STM32G471VCI6, STM32G471VCT6, STM32G471VEH3, STM32G471VEH6, STM32G471VEI3, STM32G471VEI6, STM32G471VET3, STM32G471VET6, STM32G474CCT6, STM32H503CBT6, STM32H503CBU6, STM32H503EBY6TR, STM32H503KBU6, STM32H503RBT6, STM32H562AGI6, STM32H562AII6, STM32H562IGK6, STM32H562IGT6, STM32H562IIK6, STM32H562IIT6, STM32H562RGT6, STM32H562RGV6, STM32H562RIT6, STM32H562RIV6, STM32H562VGT6, STM32H562VIT6, STM32H562ZGT6, STM32H562ZIT6, STM32H563AGI6, STM32H563AII3Q, STM32H563AII6, STM32H563IGK6, STM32H563IGT6, STM32H563IIK3Q, STM32H563IIK6, STM32H563IIT3Q, STM32H563IIT6, STM32H563MIY3QTR, STM32H563RGT6, STM32H563RGV6, STM32H563RIT6, STM32H563RIV6, STM32H563VGT6, STM32H563VIT3Q, STM32H563VIT6, STM32H563ZGT6, STM32H563ZIT3Q, STM32H563ZIT6, STM32H573AII3Q, STM32H573AII6, STM32H573I-DK, STM32H573IIK3Q, STM32H573IIK6, STM32H573IIT3Q, STM32H573IIT6, STM32H573MIY3QTR, STM32H573RIT6, STM32H573RIV6, STM32H573VIT3Q, STM32H573VIT6, STM32H573ZIT3Q, STM32H573ZIT6, STM32L4R5QGI6STR, STM32MP131AAE3, STM32MP131AAF3, STM32MP131AAG3, STM32MP131CAE3, STM32MP131CAF3, STM32MP131CAG3, STM32MP131DAE7, STM32MP131DAF7, STM32MP131DAG7, STM32MP131FAE7, STM32MP131FAF7, STM32MP131FAG7, STM32MP133AAE3, STM32MP133AAF3, STM32MP133AAG3, STM32MP133CAE3, STM32MP133CAF3, STM32MP133CAG3, STM32MP133DAE7, STM32MP133DAF7, STM32MP133DAG7, STM32MP133FAE7, STM32MP133FAF7, STM32MP133FAG7, STM32MP135AAE3, STM32MP135AAF3, STM32MP135AAG3, STM32MP135CAE3, STM32MP135CAF3, STM32MP135CAG3, STM32MP135DAE7, STM32MP135DAF7, STM32MP135DAG7, STM32MP135F-DK, STM32MP135FAE7, STM32MP135FAF7, STM32MP135FAF7T, STM32MP135FAF7U, STM32MP135FAG7, STM32U535CBT6, STM32U535CBT6Q, STM32U535CBU6, STM32U535CBU6Q, STM32U535CCT6, STM32U535CCT6Q, STM32U535CCU6, STM32U535CCU6Q, STM32U535CET6, STM32U535CET6Q, STM32U535CEU6, STM32U535CEU6Q, STM32U535JEY6QTR, STM32U535NCY6QTR, STM32U535NEY6QTR, STM32U535RBI6, STM32U535RBI6Q, STM32U535RBT6, STM32U535RBT6Q, STM32U535RCI6, STM32U535RCI6Q, STM32U535RCT6, STM32U535RCT6Q, STM32U535REI6, STM32U535REI6Q, STM32U535RET6, STM32U535RET6Q, STM32U535VCI6, STM32U535VCI6Q, STM32U535VCT6, STM32U535VCT6Q, STM32U535VEI6, STM32U535VEI6Q, STM32U535VET6, STM32U535VET6Q, STM32U545CET6, STM32U545CET6Q, STM32U545CEU6, STM32U545CEU6Q, STM32U545JEY6QTR, STM32U545NEY6QTR, STM32U545REI6, STM32U545REI6Q, STM32U545RET6, STM32U545RET6Q, STM32U545VEI6, STM32U545VEI6Q, STM32U545VET6, STM32U545VET6Q, STM32U595AIH6, STM32U595AIH6Q, STM32U595AJH6, STM32U595AJH6Q, STM32U595QII6, STM32U595QII6Q, STM32U595QJI6, STM32U595QJI6Q, STM32U595RIT6, STM32U595RIT6Q, STM32U595RJT6, STM32U595RJT6Q, STM32U595VIT6, STM32U595VIT6Q, STM32U595VJT6, STM32U595VJT6Q, STM32U595ZIT6, STM32U595ZIT6Q, STM32U595ZIY6QTR, STM32U595ZJT6, STM32U595ZJT6Q, STM32U595ZJY6QTR, STM32U599BJY6QTR, STM32U599NIH6Q, STM32U599NJH6Q, STM32U599VIT6Q, STM32U599VJT6, STM32U599VJT6Q, STM32U599ZIT6Q, STM32U599ZIY6QTR, STM32U599ZJT6Q, STM32U599ZJY6QTR, STM32U5A5AJH6, STM32U5A5AJH6Q, STM32U5A5QJI6, STM32U5A5QJI6Q, STM32U5A5RJT6, STM32U5A5RJT6Q, STM32U5A5VJT6, STM32U5A5VJT6Q, STM32U5A5ZJT6, STM32U5A5ZJT6Q, STM32U5A5ZJY6QTR, STM32U5A9BJY6QTR, STM32U5A9J-DK, STM32U5A9NJH6Q, STM32U5A9VJT6Q, STM32U5A9ZJT6Q, STM32U5A9ZJY6QTR, STM32U5F7VIT6, STM32U5F7VIT6Q, STM32U5F7VJT6, STM32U5F7VJT6Q, STM32U5F9BJY6QTR, STM32U5F9NJH6Q, STM32U5F9VIT6Q, STM32U5F9VJT6Q, STM32U5F9ZIJ6QTR, STM32U5F9ZIT6Q, STM32U5F9ZJJ6QTR, STM32U5F9ZJT6Q, STM32U5G7VJT6, STM32U5G7VJT6Q, STM32U5G9BJY6QTR, STM32U5G9J-DK1, STM32U5G9J-DK2, STM32U5G9NJH6Q, STM32U5G9VJT6Q, STM32U5G9ZJJ6QTR, STM32U5G9ZJT6Q, STM32WB1MMCH6, STM32WBA50KEU6, STM32WBA50KEU6TR, STM32WBA50KGU6, STM32WBA50KGU6TR, STM32WBA52CEU6, STM32WBA52CEU6TR, STM32WBA52CEU7, STM32WBA52CEU7TR, STM32WBA52CGU6, STM32WBA52CGU6TR, STM32WBA52CGU6U, STM32WBA52CGU7, STM32WBA52CGU7TR, STM32WBA52KEU6, STM32WBA52KEU6TR, STM32WBA52KGU6, STM32WBA52KGU6TR, STM32WBA54CEU6, STM32WBA54CEU6TR, STM32WBA54CEU7, STM32WBA54CEU7TR, STM32WBA54CGU6, STM32WBA54CGU6TR, STM32WBA54CGU7, STM32WBA54CGU7TR, STM32WBA54KEU6, STM32WBA54KEU6TR, STM32WBA54KEU7, STM32WBA54KEU7TR, STM32WBA54KGU6, STM32WBA54KGU6TR, STM32WBA54KGU7, STM32WBA54KGU7TR, STM32WBA55CEU6, STM32WBA55CEU6TR, STM32WBA55CEU7, STM32WBA55CEU7TR, STM32WBA55CGU6, STM32WBA55CGU6TR, STM32WBA55CGU6U, STM32WBA55CGU7, STM32WBA55CGU7TR, STM32WBA55G-DK1, STM32WBA55HEF6, STM32WBA55HEF7, STM32WBA55HGF6, STM32WBA55HGF7, STM32WBA55UEI6, STM32WBA55UEI6TR, STM32WBA55UEI7, STM32WBA55UEI7TR, STM32WBA55UGI6, STM32WBA55UGI6TR, STM32WBA55UGI7, STM32WBA55UGI7TR, STM32WL5MOCH6, STM32WL5MOCH6TR]
2024-02-02 10:02:36,762 [INFO] DbMcus:218 - Found 3930 MCUs, 3930 are supported
2024-02-02 10:02:36,763 [INFO] ApiDb:423 - Load user favorites file C:\Users\salma/.stm32cubeide/favorites.mcus.txt: 0 item(s)
2024-02-02 10:02:36,763 [INFO] ApiDb:427 - User favorites MCUs=[]
2024-02-02 10:02:36,764 [INFO] DbMcus:224 - Set 0 / 0 favorites MCUs
2024-02-02 10:02:37,233 [INFO] MicroXplorer:468 - Change Database Path : 
2024-02-02 10:02:37,233 [INFO] MicroXplorer:498 - Change Database Version : DB.6.0.100
2024-02-02 10:02:37,234 [WARN] ThirdParty:833 - waiting for thirdparty lock release [change project]
2024-02-02 10:02:37,234 [INFO] ThirdParty:835 - entering critical section [change project]
2024-02-02 10:02:37,234 [INFO] ThirdParty:1030 - CMSIS Pack Vendor :STMicroelectronics USBPD 4.1
2024-02-02 10:02:37,234 [INFO] ThirdParty:1030 - CMSIS Pack Vendor :STMicroelectronics X-CUBE-GNSS1 6.0.0
2024-02-02 10:02:37,234 [INFO] ThirdParty:1030 - CMSIS Pack Vendor :STMicroelectronics USB_HOST 2.0.0
2024-02-02 10:02:37,234 [INFO] ThirdParty:1030 - CMSIS Pack Vendor :STMicroelectronics X-CUBE-AZRTOS-F4 1.1.0
2024-02-02 10:02:37,234 [INFO] ThirdParty:1030 - CMSIS Pack Vendor :STMicroelectronics LIBJPEG 8.0.0
2024-02-02 10:02:37,234 [INFO] ThirdParty:1030 - CMSIS Pack Vendor :STMicroelectronics X-CUBE-SMBUS 2.1.0
2024-02-02 10:02:37,234 [INFO] ThirdParty:1030 - CMSIS Pack Vendor :STMicroelectronics USB_DEVICE 3.0.0
2024-02-02 10:02:37,234 [INFO] ThirdParty:1030 - CMSIS Pack Vendor :STMicroelectronics X-CUBE-AZRTOS-WB 2.0.0
2024-02-02 10:02:37,234 [INFO] ThirdParty:1030 - CMSIS Pack Vendor :wolfSSL I-CUBE-wolfSSL 5.6.6
2024-02-02 10:02:37,234 [INFO] ThirdParty:1030 - CMSIS Pack Vendor :STMicroelectronics X-CUBE-TOUCHGFX 4.23.0
2024-02-02 10:02:37,234 [INFO] ThirdParty:1030 - CMSIS Pack Vendor :STMicroelectronics X-CUBE-AZRTOS-F7 1.1.0
2024-02-02 10:02:37,235 [INFO] ThirdParty:1030 - CMSIS Pack Vendor :STMicroelectronics X-CUBE-AZRTOS-L5 2.0.0
2024-02-02 10:02:37,235 [INFO] ThirdParty:1030 - CMSIS Pack Vendor :STMicroelectronics USB_DEVICE 2.0.0
2024-02-02 10:02:37,235 [INFO] ThirdParty:1030 - CMSIS Pack Vendor :STMicroelectronics X-CUBE-EEPRMA1 4.2.0
2024-02-02 10:02:37,235 [INFO] ThirdParty:1030 - CMSIS Pack Vendor :ITTIA_DB I-CUBE-ITTIADB 8.8.0
2024-02-02 10:02:37,235 [INFO] ThirdParty:1030 - CMSIS Pack Vendor :STMicroelectronics FP-SNS-MOTENV1 4.3.2
2024-02-02 10:02:37,235 [INFO] ThirdParty:1030 - CMSIS Pack Vendor :STMicroelectronics X-CUBE-ALGOBUILD 1.3.0
2024-02-02 10:02:37,235 [INFO] ThirdParty:1030 - CMSIS Pack Vendor :STMicroelectronics FreeRTOS 0.0.1
2024-02-02 10:02:37,235 [INFO] ThirdParty:1030 - CMSIS Pack Vendor :STMicroelectronics X-CUBE-AZRTOS-G0 1.1.0
2024-02-02 10:02:37,235 [INFO] ThirdParty:1030 - CMSIS Pack Vendor :STMicroelectronics X-CUBE-NFC4 3.0.0
2024-02-02 10:02:37,235 [INFO] ThirdParty:1030 - CMSIS Pack Vendor :STMicroelectronics X-CUBE-SUBG2 5.0.0
2024-02-02 10:02:37,235 [INFO] ThirdParty:1030 - CMSIS Pack Vendor :STMicroelectronics STM32_WPAN 1.0.0
2024-02-02 10:02:37,235 [INFO] ThirdParty:1030 - CMSIS Pack Vendor :STMicroelectronics lwIP 2.0.3
2024-02-02 10:02:37,235 [INFO] ThirdParty:1030 - CMSIS Pack Vendor :STMicroelectronics FP-SNS-FLIGHT1 5.0.2
2024-02-02 10:02:37,235 [INFO] ThirdParty:1030 - CMSIS Pack Vendor :STMicroelectronics USB_HOST 1.0.0
2024-02-02 10:02:37,235 [INFO] ThirdParty:1030 - CMSIS Pack Vendor :STMicroelectronics X-CUBE-AZRTOS-G4 2.0.0
2024-02-02 10:02:37,235 [INFO] ThirdParty:1030 - CMSIS Pack Vendor :STMicroelectronics PDM2PCM 3.1.0
2024-02-02 10:02:37,235 [INFO] ThirdParty:1030 - CMSIS Pack Vendor :Infineon AIROC-Wi-Fi-Bluetooth-STM32 1.5.1
2024-02-02 10:02:37,235 [INFO] ThirdParty:1030 - CMSIS Pack Vendor :STMicroelectronics X-CUBE-BLEMGR 3.0.0
2024-02-02 10:02:37,235 [INFO] ThirdParty:1030 - CMSIS Pack Vendor :STMicroelectronics PDM2PCM 3.3.0
2024-02-02 10:02:37,235 [INFO] ThirdParty:1030 - CMSIS Pack Vendor :STMicroelectronics X-CUBE-DISPLAY 3.0.0
2024-02-02 10:02:37,235 [INFO] ThirdParty:1030 - CMSIS Pack Vendor :STMicroelectronics FP-SNS-MOTENVWB1 1.3.1
2024-02-02 10:02:37,235 [INFO] ThirdParty:1030 - CMSIS Pack Vendor :STMicroelectronics X-CUBE-BLE1 7.0.0
2024-02-02 10:02:37,235 [INFO] ThirdParty:1030 - CMSIS Pack Vendor :STMicroelectronics FP-ATR-SIGFOX1 3.2.0
2024-02-02 10:02:37,235 [INFO] ThirdParty:1030 - CMSIS Pack Vendor :STMicroelectronics X-CUBE-ISPU 2.0.0
2024-02-02 10:02:37,235 [INFO] ThirdParty:1030 - CMSIS Pack Vendor :STMicroelectronics X-CUBE-EEPRMA1 5.1.0
2024-02-02 10:02:37,236 [INFO] ThirdParty:1030 - CMSIS Pack Vendor :STMicroelectronics HAL Drivers 0.0.0
2024-02-02 10:02:37,236 [INFO] ThirdParty:1030 - CMSIS Pack Vendor :STMicroelectronics MBEDTLS 2.16.2
2024-02-02 10:02:37,236 [INFO] ThirdParty:1030 - CMSIS Pack Vendor :emotas I-CUBE-CANOPEN 1.3.0
2024-02-02 10:02:37,236 [INFO] ThirdParty:1030 - CMSIS Pack Vendor :STMicroelectronics X-CUBE-MEMS1 10.0.0
2024-02-02 10:02:37,236 [INFO] ThirdParty:1030 - CMSIS Pack Vendor :STMicroelectronics X-CUBE-FREERTOS 1.1.0
2024-02-02 10:02:37,236 [INFO] ThirdParty:1030 - CMSIS Pack Vendor :STMicroelectronics X-CUBE-NFC7 1.0.1
2024-02-02 10:02:37,236 [INFO] ThirdParty:1030 - CMSIS Pack Vendor :STMicroelectronics MBEDTLS 2.14.1
2024-02-02 10:02:37,236 [INFO] ThirdParty:1030 - CMSIS Pack Vendor :STMicroelectronics X-CUBE-NFC6 3.0.0
2024-02-02 10:02:37,236 [INFO] ThirdParty:1030 - CMSIS Pack Vendor :portGmbH I-Cube-SoM-uGOAL 1.1.0
2024-02-02 10:02:37,236 [INFO] ThirdParty:1030 - CMSIS Pack Vendor :STMicroelectronics X-CUBE-ALS 1.0.1
2024-02-02 10:02:37,236 [INFO] ThirdParty:1030 - CMSIS Pack Vendor :STMicroelectronics ThreadX 1.0.0
2024-02-02 10:02:37,236 [INFO] ThirdParty:1030 - CMSIS Pack Vendor :STMicroelectronics FP-SNS-SMARTAG2 1.2.0
2024-02-02 10:02:37,236 [INFO] ThirdParty:1030 - CMSIS Pack Vendor :STMicroelectronics X-CUBE-AZRTOS-WL 2.0.0
2024-02-02 10:02:37,236 [INFO] ThirdParty:1030 - CMSIS Pack Vendor :SEGGER I-CUBE-embOS 1.3.1
2024-02-02 10:02:37,236 [INFO] ThirdParty:1030 - CMSIS Pack Vendor :STMicroelectronics USB_DEVICE 1.0.0
2024-02-02 10:02:37,236 [INFO] ThirdParty:1030 - CMSIS Pack Vendor :STMicroelectronics X-CUBE-AI 8.1.0
2024-02-02 10:02:37,236 [INFO] ThirdParty:1030 - CMSIS Pack Vendor :STMicroelectronics X-CUBE-AZRTOS-L4 2.0.0
2024-02-02 10:02:37,236 [INFO] ThirdParty:1030 - CMSIS Pack Vendor :STMicroelectronics ThreadX 0.0.2
2024-02-02 10:02:37,236 [INFO] ThirdParty:1030 - CMSIS Pack Vendor :WES I-CUBE-Cesium 1.3.0
2024-02-02 10:02:37,236 [INFO] ThirdParty:1030 - CMSIS Pack Vendor :STMicroelectronics FP-ATR-ASTRA1 2.0.0
2024-02-02 10:02:37,236 [INFO] ThirdParty:1030 - CMSIS Pack Vendor :STMicroelectronics lwIP 2.1.2
2024-02-02 10:02:37,236 [INFO] ThirdParty:1030 - CMSIS Pack Vendor :STMicroelectronics X-CUBE-SFXS2LP1 4.0.0
2024-02-02 10:02:37,236 [INFO] ThirdParty:1030 - CMSIS Pack Vendor :STMicroelectronics X-CUBE-BLE2 3.3.0
2024-02-02 10:02:37,236 [INFO] ThirdParty:1030 - CMSIS Pack Vendor :STMicroelectronics X-CUBE-TOF1 3.4.0
2024-02-02 10:02:37,236 [INFO] ThirdParty:1030 - CMSIS Pack Vendor :STMicroelectronics X-CUBE-AZRTOS-H7 3.2.0
2024-02-02 10:02:37,236 [INFO] ThirdParty:1030 - CMSIS Pack Vendor :STMicroelectronics PDM2PCM 3.2.0
2024-02-02 10:02:37,237 [INFO] ThirdParty:841 - exiting critical section [change project]
2024-02-02 10:02:37,729 [INFO] PinOutPanel:1499 - setPackage(No Configuration,No Configuration)
2024-02-02 10:02:37,733 [INFO] PinOutPanel:1499 - setPackage(STM32L432KCUx,UFQFPN32)
2024-02-02 10:02:38,579 [INFO] UtilMem:75 - Before build in PCC Used Memory: 579289888 Bytes (1073741824)
2024-02-02 10:02:40,111 [INFO] UtilMem:75 - After build in PCC Used Memory: 730290992 Bytes (1073741824)
2024-02-02 10:02:40,148 [INFO] IPUIPlugin:80 - create IPUIPlugin
2024-02-02 10:02:40,148 [INFO] IPUIPlugin:80 - create IPUIPlugin
2024-02-02 10:02:40,148 [INFO] IPUIPlugin:80 - create IPUIPlugin
2024-02-02 10:02:40,148 [INFO] IPUIPlugin:80 - create IPUIPlugin
2024-02-02 10:02:40,149 [INFO] IPUIPlugin:80 - create IPUIPlugin
2024-02-02 10:02:40,149 [INFO] IPUIPlugin:80 - create IPUIPlugin
2024-02-02 10:02:40,149 [INFO] IPUIPlugin:80 - create IPUIPlugin
2024-02-02 10:02:40,149 [INFO] IPUIPlugin:80 - create IPUIPlugin
2024-02-02 10:02:40,151 [INFO] IPUIPlugin:80 - create IPUIPlugin
2024-02-02 10:02:40,151 [INFO] IPUIPlugin:80 - create IPUIPlugin
2024-02-02 10:02:40,151 [INFO] IPUIPlugin:80 - create IPUIPlugin
2024-02-02 10:02:40,152 [INFO] IPUIPlugin:80 - create IPUIPlugin
2024-02-02 10:02:40,152 [INFO] IPUIPlugin:80 - create IPUIPlugin
2024-02-02 10:02:40,152 [INFO] IPUIPlugin:80 - create IPUIPlugin
2024-02-02 10:02:40,152 [INFO] IPUIPlugin:80 - create IPUIPlugin
2024-02-02 10:02:40,153 [INFO] IPUIPlugin:80 - create IPUIPlugin
2024-02-02 10:02:40,153 [INFO] IPUIPlugin:80 - create IPUIPlugin
2024-02-02 10:02:40,154 [INFO] IPUIPlugin:80 - create IPUIPlugin
2024-02-02 10:02:40,154 [INFO] IPUIPlugin:80 - create IPUIPlugin
2024-02-02 10:02:40,154 [INFO] IPUIPlugin:80 - create IPUIPlugin
2024-02-02 10:02:40,155 [INFO] IPUIPlugin:80 - create IPUIPlugin
2024-02-02 10:02:40,155 [INFO] IPUIPlugin:80 - create IPUIPlugin
2024-02-02 10:02:40,156 [INFO] IPUIPlugin:80 - create IPUIPlugin
2024-02-02 10:02:40,156 [INFO] IPUIPlugin:80 - create IPUIPlugin
2024-02-02 10:02:40,157 [INFO] IPUIPlugin:80 - create IPUIPlugin
2024-02-02 10:02:40,157 [INFO] IPUIPlugin:80 - create IPUIPlugin
2024-02-02 10:02:40,158 [INFO] IPUIPlugin:80 - create IPUIPlugin
2024-02-02 10:02:40,158 [INFO] IPUIPlugin:80 - create IPUIPlugin
2024-02-02 10:02:40,159 [INFO] IPUIPlugin:80 - create IPUIPlugin
2024-02-02 10:02:40,159 [INFO] IPUIPlugin:80 - create IPUIPlugin
2024-02-02 10:02:40,160 [INFO] IPUIPlugin:80 - create IPUIPlugin
2024-02-02 10:02:40,160 [INFO] IPUIPlugin:80 - create IPUIPlugin
2024-02-02 10:02:40,160 [INFO] IPUIPlugin:80 - create IPUIPlugin
2024-02-02 10:02:40,161 [INFO] IPUIPlugin:80 - create IPUIPlugin
2024-02-02 10:02:40,161 [INFO] IPUIPlugin:80 - create IPUIPlugin
2024-02-02 10:02:40,161 [INFO] IPUIPlugin:80 - create IPUIPlugin
2024-02-02 10:02:40,161 [INFO] IPUIPlugin:80 - create IPUIPlugin
2024-02-02 10:02:40,162 [INFO] IPUIPlugin:80 - create IPUIPlugin
2024-02-02 10:02:40,162 [INFO] IPUIPlugin:80 - create IPUIPlugin
2024-02-02 10:02:40,162 [INFO] IPUIPlugin:80 - create IPUIPlugin
2024-02-02 10:02:40,162 [INFO] IPUIPlugin:80 - create IPUIPlugin
2024-02-02 10:02:40,515 [INFO] CADModel:165 - CPN selected for project levelSTM32L432KCU3
2024-02-02 10:02:40,515 [INFO] CADModel:114 - Register for checkConnection events
2024-02-02 10:02:40,586 [INFO] OpenFileManager:343 - Restore cursor
2024-02-02 10:02:55,907 [INFO] NvicIntPanel:101 - NVIC parent = com.st.microxplorer.plugins.ip.nvic.MultiNvicIntPanel[,0,0,450x161,layout=javax.swing.BoxLayout,alignmentX=0.0,alignmentY=0.0,border=,flags=9,maximumSize=,minimumSize=,preferredSize=]
2024-02-02 10:02:57,179 [INFO] NvicIntPanel:101 - NVIC parent = com.st.microxplorer.plugins.ip.nvic.MultiNvicIntPanel[,0,0,0x0,invalid,layout=javax.swing.BoxLayout,alignmentX=0.0,alignmentY=0.0,border=,flags=9,maximumSize=,minimumSize=,preferredSize=]
2024-02-02 10:02:59,135 [INFO] UtilMem:75 - End SaveConfig() Used Memory: 630037064 Bytes (1073741824)
2024-02-02 10:03:00,444 [INFO] UtilMem:75 - End SaveConfig() Used Memory: 645765704 Bytes (1073741824)
2024-02-02 10:03:19,648 [INFO] UtilMem:75 - End SaveConfig() Used Memory: 740137544 Bytes (1073741824)
2024-02-02 10:03:20,218 [INFO] BlockDiagram:2759 - set Specific Code input for plugin: SPI
2024-02-02 10:03:20,219 [INFO] BlockDiagram:2759 - set Specific Code input for plugin: NVIC
2024-02-02 10:03:20,219 [INFO] BlockDiagram:2759 - set Specific Code input for plugin: USART
2024-02-02 10:03:20,219 [INFO] BlockDiagram:2759 - set Specific Code input for plugin: SYS
2024-02-02 10:03:20,220 [INFO] BlockDiagram:2759 - set Specific Code input for plugin: GPIO
2024-02-02 10:03:20,220 [INFO] BlockDiagram:2759 - set Specific Code input for plugin: RCC
2024-02-02 10:03:20,222 [INFO] CodeGenerator:807 - code generatio: config db path: C:\ST\STM32CubeIDE_1.14.0\STM32CubeIDE\plugins\com.st.stm32cube.common.mx_6.10.0.202311202037\\db\
2024-02-02 10:03:20,647 [INFO] CodeEngine:255 - oldGeneratedFile, C:\Users\salma\OneDrive\Desktop\Capstone\Code\LORA\MXTmpFiles\license.tmp_save
2024-02-02 10:03:21,316 [INFO] CodeEngine:279 - Generated code: C:\Users\salma\OneDrive\Desktop\Capstone\Code\LORA\MXTmpFiles\license.tmp
2024-02-02 10:03:21,631 [INFO] CodeEngine:255 - oldGeneratedFile, C:\Users\salma\OneDrive\Desktop\Capstone\Code\LORA\MXTmpFiles\gpio.tmp_save
2024-02-02 10:03:21,871 [INFO] CodeEngine:279 - Generated code: C:\Users\salma\OneDrive\Desktop\Capstone\Code\LORA\MXTmpFiles\gpio.tmp
2024-02-02 10:03:22,230 [INFO] CodeEngine:255 - oldGeneratedFile, C:\Users\salma\OneDrive\Desktop\Capstone\Code\LORA\Core\Src\stm32l4xx_it.c_save
2024-02-02 10:03:22,412 [INFO] CodeEngine:279 - Generated code: C:\Users\salma\OneDrive\Desktop\Capstone\Code\LORA\Core\Src\stm32l4xx_it.c
2024-02-02 10:03:22,445 [INFO] CodeEngine:255 - oldGeneratedFile, C:\Users\salma\OneDrive\Desktop\Capstone\Code\LORA\Core\Inc\stm32l4xx_it.h_save
2024-02-02 10:03:22,592 [INFO] CodeEngine:279 - Generated code: C:\Users\salma\OneDrive\Desktop\Capstone\Code\LORA\Core\Inc\stm32l4xx_it.h
2024-02-02 10:03:22,644 [INFO] CodeEngine:255 - oldGeneratedFile, C:\Users\salma\OneDrive\Desktop\Capstone\Code\LORA\Core\Src\stm32l4xx_hal_msp.c_save
2024-02-02 10:03:22,871 [INFO] CodeEngine:279 - Generated code: C:\Users\salma\OneDrive\Desktop\Capstone\Code\LORA\Core\Src\stm32l4xx_hal_msp.c
2024-02-02 10:03:22,886 [INFO] CodeEngine:255 - oldGeneratedFile, C:\Users\salma\OneDrive\Desktop\Capstone\Code\LORA\MXTmpFiles\system.tmp_save
2024-02-02 10:03:22,982 [INFO] CodeEngine:279 - Generated code: C:\Users\salma\OneDrive\Desktop\Capstone\Code\LORA\MXTmpFiles\system.tmp
2024-02-02 10:03:23,020 [INFO] CodeEngine:311 - oldGeneratedFile, C:\Users\salma\OneDrive\Desktop\Capstone\Code\LORA\Core\Inc\stm32l4xx_hal_conf.h_save
2024-02-02 10:03:23,139 [INFO] CodeEngine:335 - Generated code: C:\Users\salma\OneDrive\Desktop\Capstone\Code\LORA\Core\Inc\stm32l4xx_hal_conf.h
2024-02-02 10:03:23,234 [INFO] CodeEngine:255 - oldGeneratedFile, C:\Users\salma\OneDrive\Desktop\Capstone\Code\LORA\Core\Inc\main.h_save
2024-02-02 10:03:23,361 [INFO] CodeEngine:279 - Generated code: C:\Users\salma\OneDrive\Desktop\Capstone\Code\LORA\Core\Inc\main.h
2024-02-02 10:03:23,389 [INFO] CodeEngine:255 - oldGeneratedFile, C:\Users\salma\OneDrive\Desktop\Capstone\Code\LORA\Core\Src\main.c_save
2024-02-02 10:03:23,619 [INFO] CodeEngine:279 - Generated code: C:\Users\salma\OneDrive\Desktop\Capstone\Code\LORA\Core\Src\main.c
2024-02-02 10:03:24,451 [INFO] ProjectBuilder:3076 - Time for Copy HAL[1] : 259mS.
2024-02-02 10:03:24,460 [INFO] ProjectBuilder:4485 - Project Generator version: 4.2.0-B44
2024-02-02 10:03:24,771 [INFO] ConfigFileManager:1495 - The Die is : DIE435
2024-02-02 10:03:24,808 [INFO] ApiDbMcu:508 - Load IP Config File for FATFS
2024-02-02 10:03:24,823 [INFO] ApiDbMcu:508 - Load IP Config File for FREERTOS
2024-02-02 10:03:24,852 [INFO] ApiDbMcu:508 - Load IP Config File for TOUCHSENSING
2024-02-02 10:03:24,876 [INFO] ApiDbMcu:508 - Load IP Config File for USB_DEVICE
2024-02-02 10:03:26,237 [INFO] LogOutputStream:77 - [STDOUT_REDIRECT] 
2024-02-02 10:03:29,093 [INFO] ProjectBuilder:4747 - Time for Generating toolchain IDE Files: 4633mS.
2024-02-02 10:03:29,094 [INFO] ProjectBuilder:2947 - Time for Copy CMSIS : 1mS.
2024-02-02 10:03:29,097 [INFO] ProjectBuilder:2947 - Time for Copy CMSIS : 0mS.
2024-02-02 11:13:26,673 [ERROR] LogOutputStream:75 - [STDERR_REDIRECT] 
2024-02-02 11:13:26,674 [ERROR] LogOutputStream:75 - [STDERR_REDIRECT] 
